ARM GAS  C:\Users\Administrator\AppData\Local\Temp\ccqdUEiG.s 			page 1


   1              		.cpu cortex-m4
   2              		.arch armv7e-m
   3              		.fpu fpv4-sp-d16
   4              		.eabi_attribute 27, 1
   5              		.eabi_attribute 28, 1
   6              		.eabi_attribute 20, 1
   7              		.eabi_attribute 21, 1
   8              		.eabi_attribute 23, 3
   9              		.eabi_attribute 24, 1
  10              		.eabi_attribute 25, 1
  11              		.eabi_attribute 26, 1
  12              		.eabi_attribute 30, 1
  13              		.eabi_attribute 34, 1
  14              		.eabi_attribute 18, 4
  15              		.file	"bsp_dwt.c"
  16              		.text
  17              	.Ltext0:
  18              		.cfi_sections	.debug_frame
  19              		.file 1 "bsp/dwt/bsp_dwt.c"
  20              		.section	.text.DWT_CNT_Update,"ax",%progbits
  21              		.align	1
  22              		.syntax unified
  23              		.thumb
  24              		.thumb_func
  26              	DWT_CNT_Update:
  27              	.LFB243:
   1:bsp/dwt/bsp_dwt.c **** /**
   2:bsp/dwt/bsp_dwt.c ****  ******************************************************************************
   3:bsp/dwt/bsp_dwt.c ****  * @file	bsp_dwt.c
   4:bsp/dwt/bsp_dwt.c ****  * @author  Wang Hongxi
   5:bsp/dwt/bsp_dwt.c ****  * @author modified by Neo with annotation
   6:bsp/dwt/bsp_dwt.c ****  * @version V1.1.0
   7:bsp/dwt/bsp_dwt.c ****  * @date    2022/3/8
   8:bsp/dwt/bsp_dwt.c ****  * @brief
   9:bsp/dwt/bsp_dwt.c ****  */
  10:bsp/dwt/bsp_dwt.c **** 
  11:bsp/dwt/bsp_dwt.c **** #include "bsp_dwt.h"
  12:bsp/dwt/bsp_dwt.c **** #include "cmsis_os.h"
  13:bsp/dwt/bsp_dwt.c **** 
  14:bsp/dwt/bsp_dwt.c **** static DWT_Time_t SysTime;
  15:bsp/dwt/bsp_dwt.c **** static uint32_t CPU_FREQ_Hz, CPU_FREQ_Hz_ms, CPU_FREQ_Hz_us;
  16:bsp/dwt/bsp_dwt.c **** static uint32_t CYCCNT_RountCount;
  17:bsp/dwt/bsp_dwt.c **** static uint32_t CYCCNT_LAST;
  18:bsp/dwt/bsp_dwt.c **** static uint64_t CYCCNT64;
  19:bsp/dwt/bsp_dwt.c **** 
  20:bsp/dwt/bsp_dwt.c **** /**
  21:bsp/dwt/bsp_dwt.c ****  * @brief 私有函数,用于检查DWT CYCCNT寄存器是否溢出,并更新CYCCNT_RountCount
  22:bsp/dwt/bsp_dwt.c ****  * @attention 此函数假设两次调用之间的时间间隔不超过一次溢出
  23:bsp/dwt/bsp_dwt.c ****  *
  24:bsp/dwt/bsp_dwt.c ****  * @todo 更好的方案是为dwt的时间更新单独设置一个任务?
  25:bsp/dwt/bsp_dwt.c ****  *       不过,使用dwt的初衷是定时不被中断/任务等因素影响,因此该实现仍然
  26:bsp/dwt/bsp_dwt.c ****  *
  27:bsp/dwt/bsp_dwt.c ****  */
  28:bsp/dwt/bsp_dwt.c **** static void DWT_CNT_Update(void)
  29:bsp/dwt/bsp_dwt.c **** {
  28              		.loc 1 29 1 view -0
  29              		.cfi_startproc
ARM GAS  C:\Users\Administrator\AppData\Local\Temp\ccqdUEiG.s 			page 2


  30              		@ args = 0, pretend = 0, frame = 8
  31              		@ frame_needed = 0, uses_anonymous_args = 0
  32              		@ link register save eliminated.
  30:bsp/dwt/bsp_dwt.c ****     static volatile uint8_t bit_locker = 0;
  33              		.loc 1 30 5 view .LVU1
  31:bsp/dwt/bsp_dwt.c ****     if (!bit_locker)
  34              		.loc 1 31 5 view .LVU2
  35              		.loc 1 31 9 is_stmt 0 view .LVU3
  36 0000 0E4B     		ldr	r3, .L8
  37 0002 1B78     		ldrb	r3, [r3]	@ zero_extendqisi2
  38              		.loc 1 31 8 view .LVU4
  39 0004 C3B9     		cbnz	r3, .L5
  29:bsp/dwt/bsp_dwt.c ****     static volatile uint8_t bit_locker = 0;
  40              		.loc 1 29 1 view .LVU5
  41 0006 82B0     		sub	sp, sp, #8
  42              		.cfi_def_cfa_offset 8
  43              	.LBB2:
  32:bsp/dwt/bsp_dwt.c ****     {
  33:bsp/dwt/bsp_dwt.c ****         bit_locker = 1;
  44              		.loc 1 33 9 is_stmt 1 view .LVU6
  45              		.loc 1 33 20 is_stmt 0 view .LVU7
  46 0008 0C4B     		ldr	r3, .L8
  47 000a 0122     		movs	r2, #1
  48 000c 1A70     		strb	r2, [r3]
  34:bsp/dwt/bsp_dwt.c ****         volatile uint32_t cnt_now = DWT->CYCCNT;
  49              		.loc 1 34 9 is_stmt 1 view .LVU8
  50              		.loc 1 34 40 is_stmt 0 view .LVU9
  51 000e 0C4B     		ldr	r3, .L8+4
  52 0010 5B68     		ldr	r3, [r3, #4]
  53              		.loc 1 34 27 view .LVU10
  54 0012 0193     		str	r3, [sp, #4]
  35:bsp/dwt/bsp_dwt.c ****         if (cnt_now < CYCCNT_LAST)
  55              		.loc 1 35 9 is_stmt 1 view .LVU11
  56              		.loc 1 35 21 is_stmt 0 view .LVU12
  57 0014 019A     		ldr	r2, [sp, #4]
  58 0016 0B4B     		ldr	r3, .L8+8
  59 0018 1B68     		ldr	r3, [r3]
  60              		.loc 1 35 12 view .LVU13
  61 001a 9A42     		cmp	r2, r3
  62 001c 03D2     		bcs	.L3
  36:bsp/dwt/bsp_dwt.c ****             CYCCNT_RountCount++;
  63              		.loc 1 36 13 is_stmt 1 view .LVU14
  64              		.loc 1 36 30 is_stmt 0 view .LVU15
  65 001e 0A4A     		ldr	r2, .L8+12
  66 0020 1368     		ldr	r3, [r2]
  67 0022 0133     		adds	r3, r3, #1
  68 0024 1360     		str	r3, [r2]
  69              	.L3:
  37:bsp/dwt/bsp_dwt.c **** 
  38:bsp/dwt/bsp_dwt.c ****         CYCCNT_LAST = DWT->CYCCNT;
  70              		.loc 1 38 9 is_stmt 1 view .LVU16
  71              		.loc 1 38 26 is_stmt 0 view .LVU17
  72 0026 064B     		ldr	r3, .L8+4
  73 0028 5A68     		ldr	r2, [r3, #4]
  74              		.loc 1 38 21 view .LVU18
  75 002a 064B     		ldr	r3, .L8+8
  76 002c 1A60     		str	r2, [r3]
ARM GAS  C:\Users\Administrator\AppData\Local\Temp\ccqdUEiG.s 			page 3


  39:bsp/dwt/bsp_dwt.c ****         bit_locker = 0;
  77              		.loc 1 39 9 is_stmt 1 view .LVU19
  78              		.loc 1 39 20 is_stmt 0 view .LVU20
  79 002e 034B     		ldr	r3, .L8
  80 0030 0022     		movs	r2, #0
  81 0032 1A70     		strb	r2, [r3]
  82              	.LBE2:
  40:bsp/dwt/bsp_dwt.c ****     }
  41:bsp/dwt/bsp_dwt.c **** }
  83              		.loc 1 41 1 view .LVU21
  84 0034 02B0     		add	sp, sp, #8
  85              		.cfi_def_cfa_offset 0
  86              		@ sp needed
  87 0036 7047     		bx	lr
  88              	.L5:
  89 0038 7047     		bx	lr
  90              	.L9:
  91 003a 00BF     		.align	2
  92              	.L8:
  93 003c 00000000 		.word	bit_locker.3
  94 0040 001000E0 		.word	-536866816
  95 0044 00000000 		.word	CYCCNT_LAST
  96 0048 00000000 		.word	CYCCNT_RountCount
  97              		.cfi_endproc
  98              	.LFE243:
 100              		.section	.text.DWT_Init,"ax",%progbits
 101              		.align	1
 102              		.global	DWT_Init
 103              		.syntax unified
 104              		.thumb
 105              		.thumb_func
 107              	DWT_Init:
 108              	.LVL0:
 109              	.LFB244:
  42:bsp/dwt/bsp_dwt.c **** 
  43:bsp/dwt/bsp_dwt.c **** void DWT_Init(uint32_t CPU_Freq_mHz)
  44:bsp/dwt/bsp_dwt.c **** {
 110              		.loc 1 44 1 is_stmt 1 view -0
 111              		.cfi_startproc
 112              		@ args = 0, pretend = 0, frame = 0
 113              		@ frame_needed = 0, uses_anonymous_args = 0
 114              		.loc 1 44 1 is_stmt 0 view .LVU23
 115 0000 08B5     		push	{r3, lr}
 116              		.cfi_def_cfa_offset 8
 117              		.cfi_offset 3, -8
 118              		.cfi_offset 14, -4
  45:bsp/dwt/bsp_dwt.c ****     /* 使能DWT外设 */
  46:bsp/dwt/bsp_dwt.c ****     CoreDebug->DEMCR |= CoreDebug_DEMCR_TRCENA_Msk;
 119              		.loc 1 46 5 is_stmt 1 view .LVU24
 120              		.loc 1 46 14 is_stmt 0 view .LVU25
 121 0002 124A     		ldr	r2, .L12
 122 0004 D2F8FC30 		ldr	r3, [r2, #252]
 123              		.loc 1 46 22 view .LVU26
 124 0008 43F08073 		orr	r3, r3, #16777216
 125 000c C2F8FC30 		str	r3, [r2, #252]
  47:bsp/dwt/bsp_dwt.c **** 
  48:bsp/dwt/bsp_dwt.c ****     /* DWT CYCCNT寄存器计数清0 */
ARM GAS  C:\Users\Administrator\AppData\Local\Temp\ccqdUEiG.s 			page 4


  49:bsp/dwt/bsp_dwt.c ****     DWT->CYCCNT = (uint32_t)0u;
 126              		.loc 1 49 5 is_stmt 1 view .LVU27
 127              		.loc 1 49 17 is_stmt 0 view .LVU28
 128 0010 0F4B     		ldr	r3, .L12+4
 129 0012 0021     		movs	r1, #0
 130 0014 5960     		str	r1, [r3, #4]
  50:bsp/dwt/bsp_dwt.c **** 
  51:bsp/dwt/bsp_dwt.c ****     /* 使能Cortex-M DWT CYCCNT寄存器 */
  52:bsp/dwt/bsp_dwt.c ****     DWT->CTRL |= DWT_CTRL_CYCCNTENA_Msk;
 131              		.loc 1 52 5 is_stmt 1 view .LVU29
 132              		.loc 1 52 8 is_stmt 0 view .LVU30
 133 0016 1A68     		ldr	r2, [r3]
 134              		.loc 1 52 15 view .LVU31
 135 0018 42F00102 		orr	r2, r2, #1
 136 001c 1A60     		str	r2, [r3]
  53:bsp/dwt/bsp_dwt.c **** 
  54:bsp/dwt/bsp_dwt.c ****     CPU_FREQ_Hz = CPU_Freq_mHz * 1000000;
 137              		.loc 1 54 5 is_stmt 1 view .LVU32
 138              		.loc 1 54 32 is_stmt 0 view .LVU33
 139 001e 0D4B     		ldr	r3, .L12+8
 140 0020 03FB00F0 		mul	r0, r3, r0
 141              	.LVL1:
 142              		.loc 1 54 17 view .LVU34
 143 0024 0C4B     		ldr	r3, .L12+12
 144 0026 1860     		str	r0, [r3]
  55:bsp/dwt/bsp_dwt.c ****     CPU_FREQ_Hz_ms = CPU_FREQ_Hz / 1000;
 145              		.loc 1 55 5 is_stmt 1 view .LVU35
 146              		.loc 1 55 34 is_stmt 0 view .LVU36
 147 0028 0C4B     		ldr	r3, .L12+16
 148 002a A3FB0023 		umull	r2, r3, r3, r0
 149 002e 9B09     		lsrs	r3, r3, #6
 150              		.loc 1 55 20 view .LVU37
 151 0030 0B4A     		ldr	r2, .L12+20
 152 0032 1360     		str	r3, [r2]
  56:bsp/dwt/bsp_dwt.c ****     CPU_FREQ_Hz_us = CPU_FREQ_Hz / 1000000;
 153              		.loc 1 56 5 is_stmt 1 view .LVU38
 154              		.loc 1 56 34 is_stmt 0 view .LVU39
 155 0034 0B4B     		ldr	r3, .L12+24
 156 0036 A3FB0030 		umull	r3, r0, r3, r0
 157 003a 800C     		lsrs	r0, r0, #18
 158              		.loc 1 56 20 view .LVU40
 159 003c 0A4B     		ldr	r3, .L12+28
 160 003e 1860     		str	r0, [r3]
  57:bsp/dwt/bsp_dwt.c ****     CYCCNT_RountCount = 0;
 161              		.loc 1 57 5 is_stmt 1 view .LVU41
 162              		.loc 1 57 23 is_stmt 0 view .LVU42
 163 0040 0A4B     		ldr	r3, .L12+32
 164 0042 1960     		str	r1, [r3]
  58:bsp/dwt/bsp_dwt.c **** 
  59:bsp/dwt/bsp_dwt.c ****     DWT_CNT_Update();
 165              		.loc 1 59 5 is_stmt 1 view .LVU43
 166 0044 FFF7FEFF 		bl	DWT_CNT_Update
 167              	.LVL2:
  60:bsp/dwt/bsp_dwt.c **** }
 168              		.loc 1 60 1 is_stmt 0 view .LVU44
 169 0048 08BD     		pop	{r3, pc}
 170              	.L13:
ARM GAS  C:\Users\Administrator\AppData\Local\Temp\ccqdUEiG.s 			page 5


 171 004a 00BF     		.align	2
 172              	.L12:
 173 004c 00ED00E0 		.word	-536810240
 174 0050 001000E0 		.word	-536866816
 175 0054 40420F00 		.word	1000000
 176 0058 00000000 		.word	CPU_FREQ_Hz
 177 005c D34D6210 		.word	274877907
 178 0060 00000000 		.word	CPU_FREQ_Hz_ms
 179 0064 83DE1B43 		.word	1125899907
 180 0068 00000000 		.word	CPU_FREQ_Hz_us
 181 006c 00000000 		.word	CYCCNT_RountCount
 182              		.cfi_endproc
 183              	.LFE244:
 185              		.section	.text.DWT_GetDeltaT,"ax",%progbits
 186              		.align	1
 187              		.global	DWT_GetDeltaT
 188              		.syntax unified
 189              		.thumb
 190              		.thumb_func
 192              	DWT_GetDeltaT:
 193              	.LVL3:
 194              	.LFB245:
  61:bsp/dwt/bsp_dwt.c **** 
  62:bsp/dwt/bsp_dwt.c **** float DWT_GetDeltaT(uint32_t *cnt_last)
  63:bsp/dwt/bsp_dwt.c **** {
 195              		.loc 1 63 1 is_stmt 1 view -0
 196              		.cfi_startproc
 197              		@ args = 0, pretend = 0, frame = 8
 198              		@ frame_needed = 0, uses_anonymous_args = 0
 199              		.loc 1 63 1 is_stmt 0 view .LVU46
 200 0000 00B5     		push	{lr}
 201              		.cfi_def_cfa_offset 4
 202              		.cfi_offset 14, -4
 203 0002 2DED028B 		vpush.64	{d8}
 204              		.cfi_def_cfa_offset 12
 205              		.cfi_offset 80, -12
 206              		.cfi_offset 81, -8
 207 0006 83B0     		sub	sp, sp, #12
 208              		.cfi_def_cfa_offset 24
  64:bsp/dwt/bsp_dwt.c ****     volatile uint32_t cnt_now = DWT->CYCCNT;
 209              		.loc 1 64 5 is_stmt 1 view .LVU47
 210              		.loc 1 64 36 is_stmt 0 view .LVU48
 211 0008 0E4B     		ldr	r3, .L16
 212 000a 5B68     		ldr	r3, [r3, #4]
 213              		.loc 1 64 23 view .LVU49
 214 000c 0193     		str	r3, [sp, #4]
  65:bsp/dwt/bsp_dwt.c ****     float dt = ((uint32_t)(cnt_now - *cnt_last)) / ((float)(CPU_FREQ_Hz));
 215              		.loc 1 65 5 is_stmt 1 view .LVU50
 216              		.loc 1 65 36 is_stmt 0 view .LVU51
 217 000e 019B     		ldr	r3, [sp, #4]
 218              		.loc 1 65 38 view .LVU52
 219 0010 0268     		ldr	r2, [r0]
 220              		.loc 1 65 36 view .LVU53
 221 0012 9B1A     		subs	r3, r3, r2
 222              		.loc 1 65 50 view .LVU54
 223 0014 07EE903A 		vmov	s15, r3	@ int
 224 0018 F8EE677A 		vcvt.f32.u32	s15, s15
ARM GAS  C:\Users\Administrator\AppData\Local\Temp\ccqdUEiG.s 			page 6


 225              		.loc 1 65 53 view .LVU55
 226 001c 0A4B     		ldr	r3, .L16+4
 227 001e 93ED007A 		vldr.32	s14, [r3]	@ int
 228 0022 B8EE477A 		vcvt.f32.u32	s14, s14
 229              		.loc 1 65 11 view .LVU56
 230 0026 C7EE877A 		vdiv.f32	s15, s15, s14
 231 002a B0EE678A 		vmov.f32	s16, s15
 232              	.LVL4:
  66:bsp/dwt/bsp_dwt.c ****     *cnt_last = cnt_now;
 233              		.loc 1 66 5 is_stmt 1 view .LVU57
 234              		.loc 1 66 15 is_stmt 0 view .LVU58
 235 002e 019B     		ldr	r3, [sp, #4]
 236 0030 0360     		str	r3, [r0]
  67:bsp/dwt/bsp_dwt.c **** 
  68:bsp/dwt/bsp_dwt.c ****     DWT_CNT_Update();
 237              		.loc 1 68 5 is_stmt 1 view .LVU59
 238 0032 FFF7FEFF 		bl	DWT_CNT_Update
 239              	.LVL5:
  69:bsp/dwt/bsp_dwt.c **** 
  70:bsp/dwt/bsp_dwt.c ****     return dt;
 240              		.loc 1 70 5 view .LVU60
  71:bsp/dwt/bsp_dwt.c **** }
 241              		.loc 1 71 1 is_stmt 0 view .LVU61
 242 0036 B0EE480A 		vmov.f32	s0, s16
 243 003a 03B0     		add	sp, sp, #12
 244              		.cfi_def_cfa_offset 12
 245              		@ sp needed
 246 003c BDEC028B 		vldm	sp!, {d8}
 247              		.cfi_restore 80
 248              		.cfi_restore 81
 249              		.cfi_def_cfa_offset 4
 250              	.LVL6:
 251              		.loc 1 71 1 view .LVU62
 252 0040 00BD     		pop	{pc}
 253              	.L17:
 254 0042 00BF     		.align	2
 255              	.L16:
 256 0044 001000E0 		.word	-536866816
 257 0048 00000000 		.word	CPU_FREQ_Hz
 258              		.cfi_endproc
 259              	.LFE245:
 261              		.section	.text.DWT_GetDeltaT64,"ax",%progbits
 262              		.align	1
 263              		.global	DWT_GetDeltaT64
 264              		.syntax unified
 265              		.thumb
 266              		.thumb_func
 268              	DWT_GetDeltaT64:
 269              	.LVL7:
 270              	.LFB246:
  72:bsp/dwt/bsp_dwt.c **** 
  73:bsp/dwt/bsp_dwt.c **** double DWT_GetDeltaT64(uint32_t *cnt_last)
  74:bsp/dwt/bsp_dwt.c **** {
 271              		.loc 1 74 1 is_stmt 1 view -0
 272              		.cfi_startproc
 273              		@ args = 0, pretend = 0, frame = 8
 274              		@ frame_needed = 0, uses_anonymous_args = 0
ARM GAS  C:\Users\Administrator\AppData\Local\Temp\ccqdUEiG.s 			page 7


 275              		.loc 1 74 1 is_stmt 0 view .LVU64
 276 0000 70B5     		push	{r4, r5, r6, lr}
 277              		.cfi_def_cfa_offset 16
 278              		.cfi_offset 4, -16
 279              		.cfi_offset 5, -12
 280              		.cfi_offset 6, -8
 281              		.cfi_offset 14, -4
 282 0002 2DED028B 		vpush.64	{d8}
 283              		.cfi_def_cfa_offset 24
 284              		.cfi_offset 80, -24
 285              		.cfi_offset 81, -20
 286 0006 82B0     		sub	sp, sp, #8
 287              		.cfi_def_cfa_offset 32
 288 0008 0446     		mov	r4, r0
  75:bsp/dwt/bsp_dwt.c ****     volatile uint32_t cnt_now = DWT->CYCCNT;
 289              		.loc 1 75 5 is_stmt 1 view .LVU65
 290              		.loc 1 75 36 is_stmt 0 view .LVU66
 291 000a 114B     		ldr	r3, .L20
 292 000c 5B68     		ldr	r3, [r3, #4]
 293              		.loc 1 75 23 view .LVU67
 294 000e 0193     		str	r3, [sp, #4]
  76:bsp/dwt/bsp_dwt.c ****     double dt = ((uint32_t)(cnt_now - *cnt_last)) / ((double)(CPU_FREQ_Hz));
 295              		.loc 1 76 5 is_stmt 1 view .LVU68
 296              		.loc 1 76 37 is_stmt 0 view .LVU69
 297 0010 0198     		ldr	r0, [sp, #4]
 298              	.LVL8:
 299              		.loc 1 76 39 view .LVU70
 300 0012 2368     		ldr	r3, [r4]
 301              		.loc 1 76 51 view .LVU71
 302 0014 C01A     		subs	r0, r0, r3
 303 0016 FFF7FEFF 		bl	__aeabi_ui2d
 304              	.LVL9:
 305 001a 0546     		mov	r5, r0
 306 001c 0E46     		mov	r6, r1
 307              		.loc 1 76 54 view .LVU72
 308 001e 0D4B     		ldr	r3, .L20+4
 309 0020 1868     		ldr	r0, [r3]
 310 0022 FFF7FEFF 		bl	__aeabi_ui2d
 311              	.LVL10:
 312 0026 0246     		mov	r2, r0
 313 0028 0B46     		mov	r3, r1
 314              		.loc 1 76 12 view .LVU73
 315 002a 2846     		mov	r0, r5
 316 002c 3146     		mov	r1, r6
 317 002e FFF7FEFF 		bl	__aeabi_ddiv
 318              	.LVL11:
 319 0032 41EC180B 		vmov	d8, r0, r1
 320              	.LVL12:
  77:bsp/dwt/bsp_dwt.c ****     *cnt_last = cnt_now;
 321              		.loc 1 77 5 is_stmt 1 view .LVU74
 322              		.loc 1 77 15 is_stmt 0 view .LVU75
 323 0036 019B     		ldr	r3, [sp, #4]
 324 0038 2360     		str	r3, [r4]
  78:bsp/dwt/bsp_dwt.c **** 
  79:bsp/dwt/bsp_dwt.c ****     DWT_CNT_Update();
 325              		.loc 1 79 5 is_stmt 1 view .LVU76
 326 003a FFF7FEFF 		bl	DWT_CNT_Update
ARM GAS  C:\Users\Administrator\AppData\Local\Temp\ccqdUEiG.s 			page 8


 327              	.LVL13:
  80:bsp/dwt/bsp_dwt.c **** 
  81:bsp/dwt/bsp_dwt.c ****     return dt;
 328              		.loc 1 81 5 view .LVU77
  82:bsp/dwt/bsp_dwt.c **** }
 329              		.loc 1 82 1 is_stmt 0 view .LVU78
 330 003e B0EE480A 		vmov.f32	s0, s16
 331 0042 F0EE680A 		vmov.f32	s1, s17
 332 0046 02B0     		add	sp, sp, #8
 333              		.cfi_def_cfa_offset 24
 334              		@ sp needed
 335 0048 BDEC028B 		vldm	sp!, {d8}
 336              		.cfi_restore 80
 337              		.cfi_restore 81
 338              		.cfi_def_cfa_offset 16
 339              	.LVL14:
 340              		.loc 1 82 1 view .LVU79
 341 004c 70BD     		pop	{r4, r5, r6, pc}
 342              	.LVL15:
 343              	.L21:
 344              		.loc 1 82 1 view .LVU80
 345 004e 00BF     		.align	2
 346              	.L20:
 347 0050 001000E0 		.word	-536866816
 348 0054 00000000 		.word	CPU_FREQ_Hz
 349              		.cfi_endproc
 350              	.LFE246:
 352              		.section	.text.DWT_SysTimeUpdate,"ax",%progbits
 353              		.align	1
 354              		.global	DWT_SysTimeUpdate
 355              		.syntax unified
 356              		.thumb
 357              		.thumb_func
 359              	DWT_SysTimeUpdate:
 360              	.LFB247:
  83:bsp/dwt/bsp_dwt.c **** 
  84:bsp/dwt/bsp_dwt.c **** void DWT_SysTimeUpdate(void)
  85:bsp/dwt/bsp_dwt.c **** {
 361              		.loc 1 85 1 is_stmt 1 view -0
 362              		.cfi_startproc
 363              		@ args = 0, pretend = 0, frame = 8
 364              		@ frame_needed = 0, uses_anonymous_args = 0
 365 0000 2DE9F041 		push	{r4, r5, r6, r7, r8, lr}
 366              		.cfi_def_cfa_offset 24
 367              		.cfi_offset 4, -24
 368              		.cfi_offset 5, -20
 369              		.cfi_offset 6, -16
 370              		.cfi_offset 7, -12
 371              		.cfi_offset 8, -8
 372              		.cfi_offset 14, -4
 373 0004 82B0     		sub	sp, sp, #8
 374              		.cfi_def_cfa_offset 32
  86:bsp/dwt/bsp_dwt.c ****     volatile uint32_t cnt_now = DWT->CYCCNT;
 375              		.loc 1 86 5 view .LVU82
 376              		.loc 1 86 36 is_stmt 0 view .LVU83
 377 0006 294B     		ldr	r3, .L24
 378 0008 5B68     		ldr	r3, [r3, #4]
ARM GAS  C:\Users\Administrator\AppData\Local\Temp\ccqdUEiG.s 			page 9


 379              		.loc 1 86 23 view .LVU84
 380 000a 0193     		str	r3, [sp, #4]
  87:bsp/dwt/bsp_dwt.c ****     static uint64_t CNT_TEMP1, CNT_TEMP2, CNT_TEMP3;
 381              		.loc 1 87 5 is_stmt 1 view .LVU85
  88:bsp/dwt/bsp_dwt.c **** 
  89:bsp/dwt/bsp_dwt.c ****     DWT_CNT_Update();
 382              		.loc 1 89 5 view .LVU86
 383 000c FFF7FEFF 		bl	DWT_CNT_Update
 384              	.LVL16:
  90:bsp/dwt/bsp_dwt.c **** 
  91:bsp/dwt/bsp_dwt.c ****     CYCCNT64 = (uint64_t)CYCCNT_RountCount * (uint64_t)UINT32_MAX + (uint64_t)cnt_now;
 385              		.loc 1 91 5 view .LVU87
 386              		.loc 1 91 16 is_stmt 0 view .LVU88
 387 0010 274B     		ldr	r3, .L24+4
 388 0012 1C68     		ldr	r4, [r3]
 389 0014 0026     		movs	r6, #0
 390              		.loc 1 91 44 view .LVU89
 391 0016 6508     		lsrs	r5, r4, #1
 392 0018 E307     		lsls	r3, r4, #31
 393 001a 1B1B     		subs	r3, r3, r4
 394 001c 65F10005 		sbc	r5, r5, #0
 395 0020 DB18     		adds	r3, r3, r3
 396 0022 6D41     		adcs	r5, r5, r5
 397 0024 1C19     		adds	r4, r3, r4
 398 0026 45F10005 		adc	r5, r5, #0
 399              		.loc 1 91 69 view .LVU90
 400 002a 019B     		ldr	r3, [sp, #4]
 401              		.loc 1 91 67 view .LVU91
 402 002c E418     		adds	r4, r4, r3
 403 002e 45F10005 		adc	r5, r5, #0
 404              		.loc 1 91 14 view .LVU92
 405 0032 204B     		ldr	r3, .L24+8
 406 0034 1C60     		str	r4, [r3]
 407 0036 5D60     		str	r5, [r3, #4]
  92:bsp/dwt/bsp_dwt.c ****     CNT_TEMP1 = CYCCNT64 / CPU_FREQ_Hz;
 408              		.loc 1 92 5 is_stmt 1 view .LVU93
 409              		.loc 1 92 26 is_stmt 0 view .LVU94
 410 0038 1F4B     		ldr	r3, .L24+12
 411 003a D3F80080 		ldr	r8, [r3]
 412 003e 4246     		mov	r2, r8
 413 0040 3346     		mov	r3, r6
 414 0042 2046     		mov	r0, r4
 415 0044 2946     		mov	r1, r5
 416 0046 FFF7FEFF 		bl	__aeabi_uldivmod
 417              	.LVL17:
 418 004a 0746     		mov	r7, r0
 419              		.loc 1 92 15 view .LVU95
 420 004c 1B4B     		ldr	r3, .L24+16
 421 004e 1860     		str	r0, [r3]
 422 0050 5960     		str	r1, [r3, #4]
  93:bsp/dwt/bsp_dwt.c ****     CNT_TEMP2 = CYCCNT64 - CNT_TEMP1 * CPU_FREQ_Hz;
 423              		.loc 1 93 5 is_stmt 1 view .LVU96
 424 0052 4246     		mov	r2, r8
 425 0054 3346     		mov	r3, r6
 426 0056 2046     		mov	r0, r4
 427 0058 2946     		mov	r1, r5
 428 005a FFF7FEFF 		bl	__aeabi_uldivmod
ARM GAS  C:\Users\Administrator\AppData\Local\Temp\ccqdUEiG.s 			page 10


 429              	.LVL18:
 430 005e 1046     		mov	r0, r2
 431 0060 1C46     		mov	r4, r3
 432 0062 1546     		mov	r5, r2
 433              		.loc 1 93 15 is_stmt 0 view .LVU97
 434 0064 164B     		ldr	r3, .L24+20
 435 0066 1A60     		str	r2, [r3]
 436 0068 5C60     		str	r4, [r3, #4]
  94:bsp/dwt/bsp_dwt.c ****     SysTime.s = CNT_TEMP1;
 437              		.loc 1 94 5 is_stmt 1 view .LVU98
 438              		.loc 1 94 15 is_stmt 0 view .LVU99
 439 006a DFF86480 		ldr	r8, .L24+36
 440 006e C8F80070 		str	r7, [r8]
  95:bsp/dwt/bsp_dwt.c ****     SysTime.ms = CNT_TEMP2 / CPU_FREQ_Hz_ms;
 441              		.loc 1 95 5 is_stmt 1 view .LVU100
 442              		.loc 1 95 28 is_stmt 0 view .LVU101
 443 0072 144B     		ldr	r3, .L24+24
 444 0074 1F68     		ldr	r7, [r3]
 445 0076 3A46     		mov	r2, r7
 446 0078 3346     		mov	r3, r6
 447 007a 2146     		mov	r1, r4
 448 007c FFF7FEFF 		bl	__aeabi_uldivmod
 449              	.LVL19:
 450              		.loc 1 95 16 view .LVU102
 451 0080 80B2     		uxth	r0, r0
 452 0082 A8F80400 		strh	r0, [r8, #4]	@ movhi
  96:bsp/dwt/bsp_dwt.c ****     CNT_TEMP3 = CNT_TEMP2 - SysTime.ms * CPU_FREQ_Hz_ms;
 453              		.loc 1 96 5 is_stmt 1 view .LVU103
 454              		.loc 1 96 40 is_stmt 0 view .LVU104
 455 0086 00FB07F7 		mul	r7, r0, r7
 456              		.loc 1 96 27 view .LVU105
 457 008a E81B     		subs	r0, r5, r7
 458 008c 64F10001 		sbc	r1, r4, #0
 459              		.loc 1 96 15 view .LVU106
 460 0090 0D4B     		ldr	r3, .L24+28
 461 0092 1860     		str	r0, [r3]
 462 0094 5960     		str	r1, [r3, #4]
  97:bsp/dwt/bsp_dwt.c ****     SysTime.us = CNT_TEMP3 / CPU_FREQ_Hz_us;
 463              		.loc 1 97 5 is_stmt 1 view .LVU107
 464              		.loc 1 97 28 is_stmt 0 view .LVU108
 465 0096 0D4B     		ldr	r3, .L24+32
 466 0098 1A68     		ldr	r2, [r3]
 467 009a 3346     		mov	r3, r6
 468 009c FFF7FEFF 		bl	__aeabi_uldivmod
 469              	.LVL20:
 470              		.loc 1 97 16 view .LVU109
 471 00a0 A8F80600 		strh	r0, [r8, #6]	@ movhi
  98:bsp/dwt/bsp_dwt.c **** }
 472              		.loc 1 98 1 view .LVU110
 473 00a4 02B0     		add	sp, sp, #8
 474              		.cfi_def_cfa_offset 24
 475              		@ sp needed
 476 00a6 BDE8F081 		pop	{r4, r5, r6, r7, r8, pc}
 477              	.L25:
 478 00aa 00BF     		.align	2
 479              	.L24:
 480 00ac 001000E0 		.word	-536866816
ARM GAS  C:\Users\Administrator\AppData\Local\Temp\ccqdUEiG.s 			page 11


 481 00b0 00000000 		.word	CYCCNT_RountCount
 482 00b4 00000000 		.word	CYCCNT64
 483 00b8 00000000 		.word	CPU_FREQ_Hz
 484 00bc 00000000 		.word	CNT_TEMP1.2
 485 00c0 00000000 		.word	CNT_TEMP2.1
 486 00c4 00000000 		.word	CPU_FREQ_Hz_ms
 487 00c8 00000000 		.word	CNT_TEMP3.0
 488 00cc 00000000 		.word	CPU_FREQ_Hz_us
 489 00d0 00000000 		.word	SysTime
 490              		.cfi_endproc
 491              	.LFE247:
 493              		.section	.text.DWT_GetTimeline_s,"ax",%progbits
 494              		.align	1
 495              		.global	DWT_GetTimeline_s
 496              		.syntax unified
 497              		.thumb
 498              		.thumb_func
 500              	DWT_GetTimeline_s:
 501              	.LFB248:
  99:bsp/dwt/bsp_dwt.c **** 
 100:bsp/dwt/bsp_dwt.c **** float DWT_GetTimeline_s(void)
 101:bsp/dwt/bsp_dwt.c **** {
 502              		.loc 1 101 1 is_stmt 1 view -0
 503              		.cfi_startproc
 504              		@ args = 0, pretend = 0, frame = 0
 505              		@ frame_needed = 0, uses_anonymous_args = 0
 506 0000 08B5     		push	{r3, lr}
 507              		.cfi_def_cfa_offset 8
 508              		.cfi_offset 3, -8
 509              		.cfi_offset 14, -4
 102:bsp/dwt/bsp_dwt.c ****     DWT_SysTimeUpdate();
 510              		.loc 1 102 5 view .LVU112
 511 0002 FFF7FEFF 		bl	DWT_SysTimeUpdate
 512              	.LVL21:
 103:bsp/dwt/bsp_dwt.c **** 
 104:bsp/dwt/bsp_dwt.c ****     float DWT_Timelinef32 = SysTime.s + SysTime.ms * 0.001f + SysTime.us * 0.000001f;
 513              		.loc 1 104 5 view .LVU113
 514              		.loc 1 104 36 is_stmt 0 view .LVU114
 515 0006 0E4B     		ldr	r3, .L28
 516              		.loc 1 104 48 view .LVU115
 517 0008 9A88     		ldrh	r2, [r3, #4]
 518 000a 07EE902A 		vmov	s15, r2	@ int
 519              		.loc 1 104 52 view .LVU116
 520 000e F8EEE77A 		vcvt.f32.s32	s15, s15
 521 0012 9FED0C7A 		vldr.32	s14, .L28+4
 522 0016 67EE877A 		vmul.f32	s15, s15, s14
 523              		.loc 1 104 39 view .LVU117
 524 001a 93ED007A 		vldr.32	s14, [r3]	@ int
 525 001e B8EE470A 		vcvt.f32.u32	s0, s14
 526 0022 30EE270A 		vadd.f32	s0, s0, s15
 527              		.loc 1 104 70 view .LVU118
 528 0026 DB88     		ldrh	r3, [r3, #6]
 529 0028 07EE903A 		vmov	s15, r3	@ int
 530              		.loc 1 104 74 view .LVU119
 531 002c F8EEE77A 		vcvt.f32.s32	s15, s15
 532 0030 9FED057A 		vldr.32	s14, .L28+8
 533 0034 67EE877A 		vmul.f32	s15, s15, s14
ARM GAS  C:\Users\Administrator\AppData\Local\Temp\ccqdUEiG.s 			page 12


 534              	.LVL22:
 105:bsp/dwt/bsp_dwt.c **** 
 106:bsp/dwt/bsp_dwt.c ****     return DWT_Timelinef32;
 535              		.loc 1 106 5 is_stmt 1 view .LVU120
 107:bsp/dwt/bsp_dwt.c **** }
 536              		.loc 1 107 1 is_stmt 0 view .LVU121
 537 0038 30EE270A 		vadd.f32	s0, s0, s15
 538              	.LVL23:
 539              		.loc 1 107 1 view .LVU122
 540 003c 08BD     		pop	{r3, pc}
 541              	.L29:
 542 003e 00BF     		.align	2
 543              	.L28:
 544 0040 00000000 		.word	SysTime
 545 0044 6F12833A 		.word	981668463
 546 0048 BD378635 		.word	897988541
 547              		.cfi_endproc
 548              	.LFE248:
 550              		.section	.text.DWT_GetTimeline_ms,"ax",%progbits
 551              		.align	1
 552              		.global	DWT_GetTimeline_ms
 553              		.syntax unified
 554              		.thumb
 555              		.thumb_func
 557              	DWT_GetTimeline_ms:
 558              	.LFB249:
 108:bsp/dwt/bsp_dwt.c **** 
 109:bsp/dwt/bsp_dwt.c **** float DWT_GetTimeline_ms(void)
 110:bsp/dwt/bsp_dwt.c **** {
 559              		.loc 1 110 1 is_stmt 1 view -0
 560              		.cfi_startproc
 561              		@ args = 0, pretend = 0, frame = 0
 562              		@ frame_needed = 0, uses_anonymous_args = 0
 563 0000 08B5     		push	{r3, lr}
 564              		.cfi_def_cfa_offset 8
 565              		.cfi_offset 3, -8
 566              		.cfi_offset 14, -4
 111:bsp/dwt/bsp_dwt.c ****     DWT_SysTimeUpdate();
 567              		.loc 1 111 5 view .LVU124
 568 0002 FFF7FEFF 		bl	DWT_SysTimeUpdate
 569              	.LVL24:
 112:bsp/dwt/bsp_dwt.c **** 
 113:bsp/dwt/bsp_dwt.c ****     float DWT_Timelinef32 = SysTime.s * 1000 + SysTime.ms + SysTime.us * 0.001f;
 570              		.loc 1 113 5 view .LVU125
 571              		.loc 1 113 36 is_stmt 0 view .LVU126
 572 0006 0B4A     		ldr	r2, .L32
 573 0008 1168     		ldr	r1, [r2]
 574              		.loc 1 113 55 view .LVU127
 575 000a 9388     		ldrh	r3, [r2, #4]
 576              		.loc 1 113 46 view .LVU128
 577 000c 4FF47A70 		mov	r0, #1000
 578 0010 00FB0133 		mla	r3, r0, r1, r3
 579 0014 00EE103A 		vmov	s0, r3	@ int
 580              		.loc 1 113 59 view .LVU129
 581 0018 B8EE400A 		vcvt.f32.u32	s0, s0
 582              		.loc 1 113 68 view .LVU130
 583 001c D388     		ldrh	r3, [r2, #6]
ARM GAS  C:\Users\Administrator\AppData\Local\Temp\ccqdUEiG.s 			page 13


 584 001e 07EE903A 		vmov	s15, r3	@ int
 585              		.loc 1 113 72 view .LVU131
 586 0022 F8EEE77A 		vcvt.f32.s32	s15, s15
 587 0026 9FED047A 		vldr.32	s14, .L32+4
 588 002a 67EE877A 		vmul.f32	s15, s15, s14
 589              	.LVL25:
 114:bsp/dwt/bsp_dwt.c **** 
 115:bsp/dwt/bsp_dwt.c ****     return DWT_Timelinef32;
 590              		.loc 1 115 5 is_stmt 1 view .LVU132
 116:bsp/dwt/bsp_dwt.c **** }
 591              		.loc 1 116 1 is_stmt 0 view .LVU133
 592 002e 30EE270A 		vadd.f32	s0, s0, s15
 593              	.LVL26:
 594              		.loc 1 116 1 view .LVU134
 595 0032 08BD     		pop	{r3, pc}
 596              	.L33:
 597              		.align	2
 598              	.L32:
 599 0034 00000000 		.word	SysTime
 600 0038 6F12833A 		.word	981668463
 601              		.cfi_endproc
 602              	.LFE249:
 604              		.section	.text.DWT_GetTimeline_us,"ax",%progbits
 605              		.align	1
 606              		.global	DWT_GetTimeline_us
 607              		.syntax unified
 608              		.thumb
 609              		.thumb_func
 611              	DWT_GetTimeline_us:
 612              	.LFB250:
 117:bsp/dwt/bsp_dwt.c **** 
 118:bsp/dwt/bsp_dwt.c **** uint64_t DWT_GetTimeline_us(void)
 119:bsp/dwt/bsp_dwt.c **** {
 613              		.loc 1 119 1 is_stmt 1 view -0
 614              		.cfi_startproc
 615              		@ args = 0, pretend = 0, frame = 0
 616              		@ frame_needed = 0, uses_anonymous_args = 0
 617 0000 08B5     		push	{r3, lr}
 618              		.cfi_def_cfa_offset 8
 619              		.cfi_offset 3, -8
 620              		.cfi_offset 14, -4
 120:bsp/dwt/bsp_dwt.c ****     DWT_SysTimeUpdate();
 621              		.loc 1 120 5 view .LVU136
 622 0002 FFF7FEFF 		bl	DWT_SysTimeUpdate
 623              	.LVL27:
 121:bsp/dwt/bsp_dwt.c **** 
 122:bsp/dwt/bsp_dwt.c ****     uint64_t DWT_Timelinef32 = SysTime.s * 1000000 + SysTime.ms * 1000 + SysTime.us;
 624              		.loc 1 122 5 view .LVU137
 625              		.loc 1 122 39 is_stmt 0 view .LVU138
 626 0006 074A     		ldr	r2, .L36
 627 0008 1168     		ldr	r1, [r2]
 628              		.loc 1 122 61 view .LVU139
 629 000a 9388     		ldrh	r3, [r2, #4]
 630              		.loc 1 122 65 view .LVU140
 631 000c 4FF47A70 		mov	r0, #1000
 632 0010 00FB03F3 		mul	r3, r0, r3
 633              		.loc 1 122 52 view .LVU141
ARM GAS  C:\Users\Administrator\AppData\Local\Temp\ccqdUEiG.s 			page 14


 634 0014 0448     		ldr	r0, .L36+4
 635 0016 00FB0133 		mla	r3, r0, r1, r3
 636              		.loc 1 122 81 view .LVU142
 637 001a D088     		ldrh	r0, [r2, #6]
 638              	.LVL28:
 123:bsp/dwt/bsp_dwt.c **** 
 124:bsp/dwt/bsp_dwt.c ****     return DWT_Timelinef32;
 639              		.loc 1 124 5 is_stmt 1 view .LVU143
 125:bsp/dwt/bsp_dwt.c **** }
 640              		.loc 1 125 1 is_stmt 0 view .LVU144
 641 001c 1844     		add	r0, r0, r3
 642              	.LVL29:
 643              		.loc 1 125 1 view .LVU145
 644 001e 0021     		movs	r1, #0
 645 0020 08BD     		pop	{r3, pc}
 646              	.L37:
 647 0022 00BF     		.align	2
 648              	.L36:
 649 0024 00000000 		.word	SysTime
 650 0028 40420F00 		.word	1000000
 651              		.cfi_endproc
 652              	.LFE250:
 654              		.section	.text.DWT_Delay,"ax",%progbits
 655              		.align	1
 656              		.global	DWT_Delay
 657              		.syntax unified
 658              		.thumb
 659              		.thumb_func
 661              	DWT_Delay:
 662              	.LVL30:
 663              	.LFB251:
 126:bsp/dwt/bsp_dwt.c **** 
 127:bsp/dwt/bsp_dwt.c **** void DWT_Delay(float Delay)
 128:bsp/dwt/bsp_dwt.c **** {
 664              		.loc 1 128 1 is_stmt 1 view -0
 665              		.cfi_startproc
 666              		@ args = 0, pretend = 0, frame = 0
 667              		@ frame_needed = 0, uses_anonymous_args = 0
 668              		@ link register save eliminated.
 129:bsp/dwt/bsp_dwt.c ****     uint32_t tickstart = DWT->CYCCNT;
 669              		.loc 1 129 5 view .LVU147
 670              		.loc 1 129 14 is_stmt 0 view .LVU148
 671 0000 0A4B     		ldr	r3, .L40
 672 0002 5968     		ldr	r1, [r3, #4]
 673              	.LVL31:
 130:bsp/dwt/bsp_dwt.c ****     float wait = Delay;
 674              		.loc 1 130 5 is_stmt 1 view .LVU149
 131:bsp/dwt/bsp_dwt.c **** 
 132:bsp/dwt/bsp_dwt.c ****     while ((DWT->CYCCNT - tickstart) < wait * (float)CPU_FREQ_Hz)
 675              		.loc 1 132 5 view .LVU150
 676              	.L39:
 677              		.loc 1 132 38 discriminator 1 view .LVU151
 678              		.loc 1 132 16 is_stmt 0 discriminator 1 view .LVU152
 679 0004 094B     		ldr	r3, .L40
 680 0006 5B68     		ldr	r3, [r3, #4]
 681              		.loc 1 132 25 discriminator 1 view .LVU153
 682 0008 5B1A     		subs	r3, r3, r1
ARM GAS  C:\Users\Administrator\AppData\Local\Temp\ccqdUEiG.s 			page 15


 683              		.loc 1 132 47 discriminator 1 view .LVU154
 684 000a 094A     		ldr	r2, .L40+4
 685 000c D2ED007A 		vldr.32	s15, [r2]	@ int
 686 0010 F8EE677A 		vcvt.f32.u32	s15, s15
 687              		.loc 1 132 45 discriminator 1 view .LVU155
 688 0014 67EE807A 		vmul.f32	s15, s15, s0
 689              		.loc 1 132 38 discriminator 1 view .LVU156
 690 0018 07EE103A 		vmov	s14, r3	@ int
 691 001c B8EE477A 		vcvt.f32.u32	s14, s14
 692 0020 B4EEE77A 		vcmpe.f32	s14, s15
 693 0024 F1EE10FA 		vmrs	APSR_nzcv, FPSCR
 694 0028 ECD4     		bmi	.L39
 133:bsp/dwt/bsp_dwt.c ****         ;
 134:bsp/dwt/bsp_dwt.c **** }
 695              		.loc 1 134 1 view .LVU157
 696 002a 7047     		bx	lr
 697              	.L41:
 698              		.align	2
 699              	.L40:
 700 002c 001000E0 		.word	-536866816
 701 0030 00000000 		.word	CPU_FREQ_Hz
 702              		.cfi_endproc
 703              	.LFE251:
 705              		.section	.bss.CNT_TEMP3.0,"aw",%nobits
 706              		.align	3
 709              	CNT_TEMP3.0:
 710 0000 00000000 		.space	8
 710      00000000 
 711              		.section	.bss.CNT_TEMP2.1,"aw",%nobits
 712              		.align	3
 715              	CNT_TEMP2.1:
 716 0000 00000000 		.space	8
 716      00000000 
 717              		.section	.bss.CNT_TEMP1.2,"aw",%nobits
 718              		.align	3
 721              	CNT_TEMP1.2:
 722 0000 00000000 		.space	8
 722      00000000 
 723              		.section	.bss.bit_locker.3,"aw",%nobits
 726              	bit_locker.3:
 727 0000 00       		.space	1
 728              		.section	.bss.CYCCNT64,"aw",%nobits
 729              		.align	3
 732              	CYCCNT64:
 733 0000 00000000 		.space	8
 733      00000000 
 734              		.section	.bss.CYCCNT_LAST,"aw",%nobits
 735              		.align	2
 738              	CYCCNT_LAST:
 739 0000 00000000 		.space	4
 740              		.section	.bss.CYCCNT_RountCount,"aw",%nobits
 741              		.align	2
 744              	CYCCNT_RountCount:
 745 0000 00000000 		.space	4
 746              		.section	.bss.CPU_FREQ_Hz_us,"aw",%nobits
 747              		.align	2
 750              	CPU_FREQ_Hz_us:
ARM GAS  C:\Users\Administrator\AppData\Local\Temp\ccqdUEiG.s 			page 16


 751 0000 00000000 		.space	4
 752              		.section	.bss.CPU_FREQ_Hz_ms,"aw",%nobits
 753              		.align	2
 756              	CPU_FREQ_Hz_ms:
 757 0000 00000000 		.space	4
 758              		.section	.bss.CPU_FREQ_Hz,"aw",%nobits
 759              		.align	2
 762              	CPU_FREQ_Hz:
 763 0000 00000000 		.space	4
 764              		.section	.bss.SysTime,"aw",%nobits
 765              		.align	2
 768              	SysTime:
 769 0000 00000000 		.space	8
 769      00000000 
 770              		.text
 771              	.Letext0:
 772              		.file 2 "C:/Users/Administrator/AppData/Roaming/Code/User/globalStorage/bmd.stm32-for-vscode/@xpac
 773              		.file 3 "C:/Users/Administrator/AppData/Roaming/Code/User/globalStorage/bmd.stm32-for-vscode/@xpac
 774              		.file 4 "Drivers/CMSIS/Include/core_cm4.h"
 775              		.file 5 "bsp/dwt/bsp_dwt.h"
ARM GAS  C:\Users\Administrator\AppData\Local\Temp\ccqdUEiG.s 			page 17


DEFINED SYMBOLS
                            *ABS*:00000000 bsp_dwt.c
C:\Users\Administrator\AppData\Local\Temp\ccqdUEiG.s:21     .text.DWT_CNT_Update:00000000 $t
C:\Users\Administrator\AppData\Local\Temp\ccqdUEiG.s:26     .text.DWT_CNT_Update:00000000 DWT_CNT_Update
C:\Users\Administrator\AppData\Local\Temp\ccqdUEiG.s:93     .text.DWT_CNT_Update:0000003c $d
C:\Users\Administrator\AppData\Local\Temp\ccqdUEiG.s:726    .bss.bit_locker.3:00000000 bit_locker.3
C:\Users\Administrator\AppData\Local\Temp\ccqdUEiG.s:738    .bss.CYCCNT_LAST:00000000 CYCCNT_LAST
C:\Users\Administrator\AppData\Local\Temp\ccqdUEiG.s:744    .bss.CYCCNT_RountCount:00000000 CYCCNT_RountCount
C:\Users\Administrator\AppData\Local\Temp\ccqdUEiG.s:101    .text.DWT_Init:00000000 $t
C:\Users\Administrator\AppData\Local\Temp\ccqdUEiG.s:107    .text.DWT_Init:00000000 DWT_Init
C:\Users\Administrator\AppData\Local\Temp\ccqdUEiG.s:173    .text.DWT_Init:0000004c $d
C:\Users\Administrator\AppData\Local\Temp\ccqdUEiG.s:762    .bss.CPU_FREQ_Hz:00000000 CPU_FREQ_Hz
C:\Users\Administrator\AppData\Local\Temp\ccqdUEiG.s:756    .bss.CPU_FREQ_Hz_ms:00000000 CPU_FREQ_Hz_ms
C:\Users\Administrator\AppData\Local\Temp\ccqdUEiG.s:750    .bss.CPU_FREQ_Hz_us:00000000 CPU_FREQ_Hz_us
C:\Users\Administrator\AppData\Local\Temp\ccqdUEiG.s:186    .text.DWT_GetDeltaT:00000000 $t
C:\Users\Administrator\AppData\Local\Temp\ccqdUEiG.s:192    .text.DWT_GetDeltaT:00000000 DWT_GetDeltaT
C:\Users\Administrator\AppData\Local\Temp\ccqdUEiG.s:256    .text.DWT_GetDeltaT:00000044 $d
C:\Users\Administrator\AppData\Local\Temp\ccqdUEiG.s:262    .text.DWT_GetDeltaT64:00000000 $t
C:\Users\Administrator\AppData\Local\Temp\ccqdUEiG.s:268    .text.DWT_GetDeltaT64:00000000 DWT_GetDeltaT64
C:\Users\Administrator\AppData\Local\Temp\ccqdUEiG.s:347    .text.DWT_GetDeltaT64:00000050 $d
C:\Users\Administrator\AppData\Local\Temp\ccqdUEiG.s:353    .text.DWT_SysTimeUpdate:00000000 $t
C:\Users\Administrator\AppData\Local\Temp\ccqdUEiG.s:359    .text.DWT_SysTimeUpdate:00000000 DWT_SysTimeUpdate
C:\Users\Administrator\AppData\Local\Temp\ccqdUEiG.s:480    .text.DWT_SysTimeUpdate:000000ac $d
C:\Users\Administrator\AppData\Local\Temp\ccqdUEiG.s:732    .bss.CYCCNT64:00000000 CYCCNT64
C:\Users\Administrator\AppData\Local\Temp\ccqdUEiG.s:721    .bss.CNT_TEMP1.2:00000000 CNT_TEMP1.2
C:\Users\Administrator\AppData\Local\Temp\ccqdUEiG.s:715    .bss.CNT_TEMP2.1:00000000 CNT_TEMP2.1
C:\Users\Administrator\AppData\Local\Temp\ccqdUEiG.s:709    .bss.CNT_TEMP3.0:00000000 CNT_TEMP3.0
C:\Users\Administrator\AppData\Local\Temp\ccqdUEiG.s:768    .bss.SysTime:00000000 SysTime
C:\Users\Administrator\AppData\Local\Temp\ccqdUEiG.s:494    .text.DWT_GetTimeline_s:00000000 $t
C:\Users\Administrator\AppData\Local\Temp\ccqdUEiG.s:500    .text.DWT_GetTimeline_s:00000000 DWT_GetTimeline_s
C:\Users\Administrator\AppData\Local\Temp\ccqdUEiG.s:544    .text.DWT_GetTimeline_s:00000040 $d
C:\Users\Administrator\AppData\Local\Temp\ccqdUEiG.s:551    .text.DWT_GetTimeline_ms:00000000 $t
C:\Users\Administrator\AppData\Local\Temp\ccqdUEiG.s:557    .text.DWT_GetTimeline_ms:00000000 DWT_GetTimeline_ms
C:\Users\Administrator\AppData\Local\Temp\ccqdUEiG.s:599    .text.DWT_GetTimeline_ms:00000034 $d
C:\Users\Administrator\AppData\Local\Temp\ccqdUEiG.s:605    .text.DWT_GetTimeline_us:00000000 $t
C:\Users\Administrator\AppData\Local\Temp\ccqdUEiG.s:611    .text.DWT_GetTimeline_us:00000000 DWT_GetTimeline_us
C:\Users\Administrator\AppData\Local\Temp\ccqdUEiG.s:649    .text.DWT_GetTimeline_us:00000024 $d
C:\Users\Administrator\AppData\Local\Temp\ccqdUEiG.s:655    .text.DWT_Delay:00000000 $t
C:\Users\Administrator\AppData\Local\Temp\ccqdUEiG.s:661    .text.DWT_Delay:00000000 DWT_Delay
C:\Users\Administrator\AppData\Local\Temp\ccqdUEiG.s:700    .text.DWT_Delay:0000002c $d
C:\Users\Administrator\AppData\Local\Temp\ccqdUEiG.s:706    .bss.CNT_TEMP3.0:00000000 $d
C:\Users\Administrator\AppData\Local\Temp\ccqdUEiG.s:712    .bss.CNT_TEMP2.1:00000000 $d
C:\Users\Administrator\AppData\Local\Temp\ccqdUEiG.s:718    .bss.CNT_TEMP1.2:00000000 $d
C:\Users\Administrator\AppData\Local\Temp\ccqdUEiG.s:727    .bss.bit_locker.3:00000000 $d
C:\Users\Administrator\AppData\Local\Temp\ccqdUEiG.s:729    .bss.CYCCNT64:00000000 $d
C:\Users\Administrator\AppData\Local\Temp\ccqdUEiG.s:735    .bss.CYCCNT_LAST:00000000 $d
C:\Users\Administrator\AppData\Local\Temp\ccqdUEiG.s:741    .bss.CYCCNT_RountCount:00000000 $d
C:\Users\Administrator\AppData\Local\Temp\ccqdUEiG.s:747    .bss.CPU_FREQ_Hz_us:00000000 $d
C:\Users\Administrator\AppData\Local\Temp\ccqdUEiG.s:753    .bss.CPU_FREQ_Hz_ms:00000000 $d
C:\Users\Administrator\AppData\Local\Temp\ccqdUEiG.s:759    .bss.CPU_FREQ_Hz:00000000 $d
C:\Users\Administrator\AppData\Local\Temp\ccqdUEiG.s:765    .bss.SysTime:00000000 $d

UNDEFINED SYMBOLS
__aeabi_ui2d
__aeabi_ddiv
__aeabi_uldivmod
