ARM GAS  C:\Users\Administrator\AppData\Local\Temp\ccaPwGHY.s 			page 1


   1              		.cpu cortex-m4
   2              		.arch armv7e-m
   3              		.fpu fpv4-sp-d16
   4              		.eabi_attribute 27, 1
   5              		.eabi_attribute 28, 1
   6              		.eabi_attribute 20, 1
   7              		.eabi_attribute 21, 1
   8              		.eabi_attribute 23, 3
   9              		.eabi_attribute 24, 1
  10              		.eabi_attribute 25, 1
  11              		.eabi_attribute 26, 1
  12              		.eabi_attribute 30, 1
  13              		.eabi_attribute 34, 1
  14              		.eabi_attribute 18, 4
  15              		.file	"bsp_pwm.c"
  16              		.text
  17              	.Ltext0:
  18              		.cfi_sections	.debug_frame
  19              		.file 1 "bsp/pwm/bsp_pwm.c"
  20              		.section	.text.PWMSelectTclk,"ax",%progbits
  21              		.align	1
  22              		.syntax unified
  23              		.thumb
  24              		.thumb_func
  26              	PWMSelectTclk:
  27              	.LVL0:
  28              	.LFB242:
   1:bsp/pwm/bsp_pwm.c **** #include "bsp_pwm.h"
   2:bsp/pwm/bsp_pwm.c **** #include "stdlib.h"
   3:bsp/pwm/bsp_pwm.c **** #include "memory.h"
   4:bsp/pwm/bsp_pwm.c **** 
   5:bsp/pwm/bsp_pwm.c **** // 配合中断以及初始化
   6:bsp/pwm/bsp_pwm.c **** static uint8_t idx;
   7:bsp/pwm/bsp_pwm.c **** static PWMInstance *pwm_instance[PWM_DEVICE_CNT] = {NULL}; // 所有的pwm instance保存于此,用
   8:bsp/pwm/bsp_pwm.c **** static uint32_t PWMSelectTclk(TIM_HandleTypeDef *htim );
   9:bsp/pwm/bsp_pwm.c **** /**
  10:bsp/pwm/bsp_pwm.c ****  * @brief pwm dma传输完成回调函数
  11:bsp/pwm/bsp_pwm.c ****  *
  12:bsp/pwm/bsp_pwm.c ****  * @param htim 发生中断的定时器句柄
  13:bsp/pwm/bsp_pwm.c ****  */
  14:bsp/pwm/bsp_pwm.c **** void HAL_TIM_PWM_PulseFinishedCallback(TIM_HandleTypeDef *htim)
  15:bsp/pwm/bsp_pwm.c **** {
  16:bsp/pwm/bsp_pwm.c ****     for (uint8_t i = 0; i < idx; i++)
  17:bsp/pwm/bsp_pwm.c ****     { // 来自同一个定时器的中断且通道相同
  18:bsp/pwm/bsp_pwm.c ****         if (pwm_instance[i]->htim == htim && htim->Channel == (1<<(pwm_instance[i]->channel/4)))
  19:bsp/pwm/bsp_pwm.c ****         {
  20:bsp/pwm/bsp_pwm.c ****             if (pwm_instance[i]->callback) // 如果有回调函数
  21:bsp/pwm/bsp_pwm.c ****                 pwm_instance[i]->callback(pwm_instance[i]);
  22:bsp/pwm/bsp_pwm.c ****             return; // 一次只能有一个通道的中断,所以直接返回
  23:bsp/pwm/bsp_pwm.c ****         }
  24:bsp/pwm/bsp_pwm.c ****     }
  25:bsp/pwm/bsp_pwm.c **** }
  26:bsp/pwm/bsp_pwm.c **** 
  27:bsp/pwm/bsp_pwm.c **** PWMInstance *PWMRegister(PWM_Init_Config_s *config)
  28:bsp/pwm/bsp_pwm.c **** {
  29:bsp/pwm/bsp_pwm.c ****     if (idx >= PWM_DEVICE_CNT) // 超过最大实例数,考虑增加或查看是否有内存泄漏
  30:bsp/pwm/bsp_pwm.c ****         while (1)
ARM GAS  C:\Users\Administrator\AppData\Local\Temp\ccaPwGHY.s 			page 2


  31:bsp/pwm/bsp_pwm.c ****             ;
  32:bsp/pwm/bsp_pwm.c ****     PWMInstance *pwm = (PWMInstance *)malloc(sizeof(PWMInstance));
  33:bsp/pwm/bsp_pwm.c ****     memset(pwm, 0, sizeof(PWMInstance));
  34:bsp/pwm/bsp_pwm.c **** 
  35:bsp/pwm/bsp_pwm.c ****     pwm->htim = config->htim;
  36:bsp/pwm/bsp_pwm.c ****     pwm->channel = config->channel;
  37:bsp/pwm/bsp_pwm.c ****     pwm->period = config->period;
  38:bsp/pwm/bsp_pwm.c ****     pwm->dutyratio = config->dutyratio;
  39:bsp/pwm/bsp_pwm.c ****     pwm->callback = config->callback;
  40:bsp/pwm/bsp_pwm.c ****     pwm->id = config->id;
  41:bsp/pwm/bsp_pwm.c ****     pwm->tclk = PWMSelectTclk(pwm->htim);
  42:bsp/pwm/bsp_pwm.c ****     // 启动PWM
  43:bsp/pwm/bsp_pwm.c ****     HAL_TIM_PWM_Start(pwm->htim, pwm->channel);
  44:bsp/pwm/bsp_pwm.c ****     PWMSetPeriod(pwm, pwm->period);
  45:bsp/pwm/bsp_pwm.c ****     PWMSetDutyRatio(pwm, pwm->dutyratio);
  46:bsp/pwm/bsp_pwm.c ****     pwm_instance[idx++] = pwm;
  47:bsp/pwm/bsp_pwm.c ****     return pwm;
  48:bsp/pwm/bsp_pwm.c **** }
  49:bsp/pwm/bsp_pwm.c **** 
  50:bsp/pwm/bsp_pwm.c **** /* 只是对HAL的函数进行了形式上的封装 */
  51:bsp/pwm/bsp_pwm.c **** void PWMStart(PWMInstance *pwm)
  52:bsp/pwm/bsp_pwm.c **** {
  53:bsp/pwm/bsp_pwm.c ****     HAL_TIM_PWM_Start(pwm->htim, pwm->channel);
  54:bsp/pwm/bsp_pwm.c **** }
  55:bsp/pwm/bsp_pwm.c **** 
  56:bsp/pwm/bsp_pwm.c **** /* 只是对HAL的函数进行了形式上的封装 */
  57:bsp/pwm/bsp_pwm.c **** void PWMStop(PWMInstance *pwm)
  58:bsp/pwm/bsp_pwm.c **** {
  59:bsp/pwm/bsp_pwm.c ****     HAL_TIM_PWM_Stop(pwm->htim, pwm->channel);
  60:bsp/pwm/bsp_pwm.c **** }
  61:bsp/pwm/bsp_pwm.c **** 
  62:bsp/pwm/bsp_pwm.c **** /*
  63:bsp/pwm/bsp_pwm.c ****  * @brief 设置pwm周期
  64:bsp/pwm/bsp_pwm.c ****  *
  65:bsp/pwm/bsp_pwm.c ****  * @param pwm pwm实例
  66:bsp/pwm/bsp_pwm.c ****  * @param period 周期 单位 s
  67:bsp/pwm/bsp_pwm.c ****  */
  68:bsp/pwm/bsp_pwm.c **** void PWMSetPeriod(PWMInstance *pwm, float period)
  69:bsp/pwm/bsp_pwm.c **** {
  70:bsp/pwm/bsp_pwm.c ****     __HAL_TIM_SetAutoreload(pwm->htim, period*((pwm->tclk)/(pwm->htim->Init.Prescaler+1)));
  71:bsp/pwm/bsp_pwm.c **** }
  72:bsp/pwm/bsp_pwm.c **** /*
  73:bsp/pwm/bsp_pwm.c ****     * @brief 设置pwm占空比
  74:bsp/pwm/bsp_pwm.c ****     *
  75:bsp/pwm/bsp_pwm.c ****     * @param pwm pwm实例
  76:bsp/pwm/bsp_pwm.c ****     * @param dutyratio 占空比 0~1
  77:bsp/pwm/bsp_pwm.c **** */
  78:bsp/pwm/bsp_pwm.c **** void PWMSetDutyRatio(PWMInstance *pwm, float dutyratio)
  79:bsp/pwm/bsp_pwm.c **** {
  80:bsp/pwm/bsp_pwm.c ****     __HAL_TIM_SetCompare(pwm->htim, pwm->channel, dutyratio * (pwm->htim->Instance->ARR));
  81:bsp/pwm/bsp_pwm.c **** }
  82:bsp/pwm/bsp_pwm.c **** 
  83:bsp/pwm/bsp_pwm.c **** /* 只是对HAL的函数进行了形式上的封装 */
  84:bsp/pwm/bsp_pwm.c **** void PWMStartDMA(PWMInstance *pwm, uint32_t *pData, uint32_t Size)
  85:bsp/pwm/bsp_pwm.c **** {
  86:bsp/pwm/bsp_pwm.c ****     HAL_TIM_PWM_Start_DMA(pwm->htim, pwm->channel, pData, Size);
  87:bsp/pwm/bsp_pwm.c **** }
ARM GAS  C:\Users\Administrator\AppData\Local\Temp\ccaPwGHY.s 			page 3


  88:bsp/pwm/bsp_pwm.c **** 
  89:bsp/pwm/bsp_pwm.c **** // 设置pwm对应定时器时钟源频率
  90:bsp/pwm/bsp_pwm.c **** //tim2~7,12~14:APB1  tim1,8~11:APB2
  91:bsp/pwm/bsp_pwm.c **** static uint32_t PWMSelectTclk(TIM_HandleTypeDef *htim )
  92:bsp/pwm/bsp_pwm.c **** {
  29              		.loc 1 92 1 view -0
  30              		.cfi_startproc
  31              		@ args = 0, pretend = 0, frame = 0
  32              		@ frame_needed = 0, uses_anonymous_args = 0
  33              		.loc 1 92 1 is_stmt 0 view .LVU1
  34 0000 08B5     		push	{r3, lr}
  35              		.cfi_def_cfa_offset 8
  36              		.cfi_offset 3, -8
  37              		.cfi_offset 14, -4
  93:bsp/pwm/bsp_pwm.c ****     uintptr_t tclk_temp  = ((uintptr_t)((htim)->Instance));
  38              		.loc 1 93 5 is_stmt 1 view .LVU2
  39              		.loc 1 93 47 is_stmt 0 view .LVU3
  40 0002 0368     		ldr	r3, [r0]
  41              	.LVL1:
  94:bsp/pwm/bsp_pwm.c ****     if (
  42              		.loc 1 94 5 is_stmt 1 view .LVU4
  95:bsp/pwm/bsp_pwm.c ****             (tclk_temp <= (APB1PERIPH_BASE + 0x2000UL)) &&
  43              		.loc 1 95 57 is_stmt 0 view .LVU5
  44 0004 03F14042 		add	r2, r3, #-1073741824
  94:bsp/pwm/bsp_pwm.c ****     if (
  45              		.loc 1 94 8 view .LVU6
  46 0008 B2F5005F 		cmp	r2, #8192
  47 000c 0FD9     		bls	.L11
  96:bsp/pwm/bsp_pwm.c ****             (tclk_temp >= (APB1PERIPH_BASE + 0x0000UL)))
  97:bsp/pwm/bsp_pwm.c ****     {
  98:bsp/pwm/bsp_pwm.c ****         return (HAL_RCC_GetPCLK1Freq() * (APBPrescTable[(RCC->CFGR & RCC_CFGR_PPRE1)>> RCC_CFGR_PPR
  99:bsp/pwm/bsp_pwm.c ****     }
 100:bsp/pwm/bsp_pwm.c ****     else if (
  48              		.loc 1 100 10 is_stmt 1 view .LVU7
 101:bsp/pwm/bsp_pwm.c ****             ((tclk_temp <= (APB2PERIPH_BASE + 0x0400UL)) &&
  49              		.loc 1 101 58 is_stmt 0 view .LVU8
  50 000e 03F13F42 		add	r2, r3, #-1090519040
  51 0012 02F57F02 		add	r2, r2, #16711680
 100:bsp/pwm/bsp_pwm.c ****             ((tclk_temp <= (APB2PERIPH_BASE + 0x0400UL)) &&
  52              		.loc 1 100 13 view .LVU9
  53 0016 B2F5806F 		cmp	r2, #1024
  54 001a 17D9     		bls	.L5
 102:bsp/pwm/bsp_pwm.c ****              (tclk_temp >= (APB2PERIPH_BASE + 0x0000UL))) ||
 103:bsp/pwm/bsp_pwm.c ****             ((tclk_temp <= (APB2PERIPH_BASE + 0x4800UL)) &&
  55              		.loc 1 103 58 view .LVU10
  56 001c A3F14023 		sub	r3, r3, #1073758208
  57              	.LVL2:
  58              		.loc 1 103 58 view .LVU11
  59 0020 A3F58033 		sub	r3, r3, #65536
 102:bsp/pwm/bsp_pwm.c ****              (tclk_temp >= (APB2PERIPH_BASE + 0x0000UL))) ||
  60              		.loc 1 102 59 view .LVU12
  61 0024 B3F5006F 		cmp	r3, #2048
  62 0028 10D9     		bls	.L5
 104:bsp/pwm/bsp_pwm.c ****              (tclk_temp >= (APB2PERIPH_BASE + 0x4000UL))))
 105:bsp/pwm/bsp_pwm.c ****     {
 106:bsp/pwm/bsp_pwm.c ****         return (HAL_RCC_GetPCLK2Freq() * (APBPrescTable[(RCC->CFGR & RCC_CFGR_PPRE1)>> RCC_CFGR_PPR
 107:bsp/pwm/bsp_pwm.c ****     }
ARM GAS  C:\Users\Administrator\AppData\Local\Temp\ccaPwGHY.s 			page 4


 108:bsp/pwm/bsp_pwm.c ****     return 0;
  63              		.loc 1 108 12 view .LVU13
  64 002a 0020     		movs	r0, #0
  65              	.LVL3:
  66              	.L1:
 109:bsp/pwm/bsp_pwm.c **** }...
  67              		.loc 1 109 1 view .LVU14
  68 002c 08BD     		pop	{r3, pc}
  69              	.LVL4:
  70              	.L11:
  98:bsp/pwm/bsp_pwm.c ****         return (HAL_RCC_GetPCLK1Freq() * (APBPrescTable[(RCC->CFGR & RCC_CFGR_PPRE1)>> RCC_CFGR_PPR
  71              		.loc 1 98 9 is_stmt 1 view .LVU15
  98:bsp/pwm/bsp_pwm.c ****         return (HAL_RCC_GetPCLK1Freq() * (APBPrescTable[(RCC->CFGR & RCC_CFGR_PPRE1)>> RCC_CFGR_PPR
  72              		.loc 1 98 17 is_stmt 0 view .LVU16
  73 002e FFF7FEFF 		bl	HAL_RCC_GetPCLK1Freq
  74              	.LVL5:
  98:bsp/pwm/bsp_pwm.c ****         return (HAL_RCC_GetPCLK1Freq() * (APBPrescTable[(RCC->CFGR & RCC_CFGR_PPRE1)>> RCC_CFGR_PPR
  75              		.loc 1 98 61 discriminator 1 view .LVU17
  76 0032 0E4B     		ldr	r3, .L12
  77 0034 9B68     		ldr	r3, [r3, #8]
  98:bsp/pwm/bsp_pwm.c ****         return (HAL_RCC_GetPCLK1Freq() * (APBPrescTable[(RCC->CFGR & RCC_CFGR_PPRE1)>> RCC_CFGR_PPR
  78              		.loc 1 98 85 discriminator 1 view .LVU18
  79 0036 C3F38223 		ubfx	r3, r3, #10, #3
  98:bsp/pwm/bsp_pwm.c ****         return (HAL_RCC_GetPCLK1Freq() * (APBPrescTable[(RCC->CFGR & RCC_CFGR_PPRE1)>> RCC_CFGR_PPR
  80              		.loc 1 98 56 discriminator 1 view .LVU19
  81 003a 0D4A     		ldr	r2, .L12+4
  82 003c D35C     		ldrb	r3, [r2, r3]	@ zero_extendqisi2
  98:bsp/pwm/bsp_pwm.c ****         return (HAL_RCC_GetPCLK1Freq() * (APBPrescTable[(RCC->CFGR & RCC_CFGR_PPRE1)>> RCC_CFGR_PPR
  83              		.loc 1 98 117 discriminator 1 view .LVU20
  84 003e 1BB9     		cbnz	r3, .L7
  98:bsp/pwm/bsp_pwm.c ****         return (HAL_RCC_GetPCLK1Freq() * (APBPrescTable[(RCC->CFGR & RCC_CFGR_PPRE1)>> RCC_CFGR_PPR
  85              		.loc 1 98 117 discriminator 2 view .LVU21
  86 0040 0123     		movs	r3, #1
  87              	.L3:
  98:bsp/pwm/bsp_pwm.c ****         return (HAL_RCC_GetPCLK1Freq() * (APBPrescTable[(RCC->CFGR & RCC_CFGR_PPRE1)>> RCC_CFGR_PPR
  88              		.loc 1 98 40 discriminator 5 view .LVU22
  89 0042 03FB00F0 		mul	r0, r3, r0
  98:bsp/pwm/bsp_pwm.c ****         return (HAL_RCC_GetPCLK1Freq() * (APBPrescTable[(RCC->CFGR & RCC_CFGR_PPRE1)>> RCC_CFGR_PPR
  90              		.loc 1 98 40 view .LVU23
  91 0046 F1E7     		b	.L1
  92              	.L7:
  98:bsp/pwm/bsp_pwm.c ****         return (HAL_RCC_GetPCLK1Freq() * (APBPrescTable[(RCC->CFGR & RCC_CFGR_PPRE1)>> RCC_CFGR_PPR
  93              		.loc 1 98 117 discriminator 3 view .LVU24
  94 0048 0223     		movs	r3, #2
  95 004a FAE7     		b	.L3
  96              	.LVL6:
  97              	.L5:
 106:bsp/pwm/bsp_pwm.c ****         return (HAL_RCC_GetPCLK2Freq() * (APBPrescTable[(RCC->CFGR & RCC_CFGR_PPRE1)>> RCC_CFGR_PPR
  98              		.loc 1 106 9 is_stmt 1 view .LVU25
 106:bsp/pwm/bsp_pwm.c ****         return (HAL_RCC_GetPCLK2Freq() * (APBPrescTable[(RCC->CFGR & RCC_CFGR_PPRE1)>> RCC_CFGR_PPR
  99              		.loc 1 106 17 is_stmt 0 view .LVU26
 100 004c FFF7FEFF 		bl	HAL_RCC_GetPCLK2Freq
 101              	.LVL7:
 106:bsp/pwm/bsp_pwm.c ****         return (HAL_RCC_GetPCLK2Freq() * (APBPrescTable[(RCC->CFGR & RCC_CFGR_PPRE1)>> RCC_CFGR_PPR
 102              		.loc 1 106 61 discriminator 1 view .LVU27
 103 0050 064B     		ldr	r3, .L12
 104 0052 9B68     		ldr	r3, [r3, #8]
ARM GAS  C:\Users\Administrator\AppData\Local\Temp\ccaPwGHY.s 			page 5


 106:bsp/pwm/bsp_pwm.c ****         return (HAL_RCC_GetPCLK2Freq() * (APBPrescTable[(RCC->CFGR & RCC_CFGR_PPRE1)>> RCC_CFGR_PPR
 105              		.loc 1 106 85 discriminator 1 view .LVU28
 106 0054 C3F38223 		ubfx	r3, r3, #10, #3
 106:bsp/pwm/bsp_pwm.c ****         return (HAL_RCC_GetPCLK2Freq() * (APBPrescTable[(RCC->CFGR & RCC_CFGR_PPRE1)>> RCC_CFGR_PPR
 107              		.loc 1 106 56 discriminator 1 view .LVU29
 108 0058 054A     		ldr	r2, .L12+4
 109 005a D35C     		ldrb	r3, [r2, r3]	@ zero_extendqisi2
 106:bsp/pwm/bsp_pwm.c ****         return (HAL_RCC_GetPCLK2Freq() * (APBPrescTable[(RCC->CFGR & RCC_CFGR_PPRE1)>> RCC_CFGR_PPR
 110              		.loc 1 106 117 discriminator 1 view .LVU30
 111 005c 1BB9     		cbnz	r3, .L9
 106:bsp/pwm/bsp_pwm.c ****         return (HAL_RCC_GetPCLK2Freq() * (APBPrescTable[(RCC->CFGR & RCC_CFGR_PPRE1)>> RCC_CFGR_PPR
 112              		.loc 1 106 117 discriminator 2 view .LVU31
 113 005e 0123     		movs	r3, #1
 114              	.L6:
 106:bsp/pwm/bsp_pwm.c ****         return (HAL_RCC_GetPCLK2Freq() * (APBPrescTable[(RCC->CFGR & RCC_CFGR_PPRE1)>> RCC_CFGR_PPR
 115              		.loc 1 106 40 discriminator 5 view .LVU32
 116 0060 03FB00F0 		mul	r0, r3, r0
 106:bsp/pwm/bsp_pwm.c ****         return (HAL_RCC_GetPCLK2Freq() * (APBPrescTable[(RCC->CFGR & RCC_CFGR_PPRE1)>> RCC_CFGR_PPR
 117              		.loc 1 106 40 view .LVU33
 118 0064 E2E7     		b	.L1
 119              	.L9:
 106:bsp/pwm/bsp_pwm.c ****         return (HAL_RCC_GetPCLK2Freq() * (APBPrescTable[(RCC->CFGR & RCC_CFGR_PPRE1)>> RCC_CFGR_PPR
 120              		.loc 1 106 117 discriminator 3 view .LVU34
 121 0066 0223     		movs	r3, #2
 122 0068 FAE7     		b	.L6
 123              	.L13:
 124 006a 00BF     		.align	2
 125              	.L12:
 126 006c 00380240 		.word	1073887232
 127 0070 00000000 		.word	APBPrescTable
 128              		.cfi_endproc
 129              	.LFE242:
 131              		.section	.text.HAL_TIM_PWM_PulseFinishedCallback,"ax",%progbits
 132              		.align	1
 133              		.global	HAL_TIM_PWM_PulseFinishedCallback
 134              		.syntax unified
 135              		.thumb
 136              		.thumb_func
 138              	HAL_TIM_PWM_PulseFinishedCallback:
 139              	.LVL8:
 140              	.LFB235:
  15:bsp/pwm/bsp_pwm.c **** {
 141              		.loc 1 15 1 is_stmt 1 view -0
 142              		.cfi_startproc
 143              		@ args = 0, pretend = 0, frame = 0
 144              		@ frame_needed = 0, uses_anonymous_args = 0
  15:bsp/pwm/bsp_pwm.c **** {
 145              		.loc 1 15 1 is_stmt 0 view .LVU36
 146 0000 08B5     		push	{r3, lr}
 147              		.cfi_def_cfa_offset 8
 148              		.cfi_offset 3, -8
 149              		.cfi_offset 14, -4
  16:bsp/pwm/bsp_pwm.c ****     for (uint8_t i = 0; i < idx; i++)
 150              		.loc 1 16 5 is_stmt 1 view .LVU37
 151              	.LBB2:
  16:bsp/pwm/bsp_pwm.c ****     for (uint8_t i = 0; i < idx; i++)
 152              		.loc 1 16 10 view .LVU38
ARM GAS  C:\Users\Administrator\AppData\Local\Temp\ccaPwGHY.s 			page 6


 153              	.LVL9:
  16:bsp/pwm/bsp_pwm.c ****     for (uint8_t i = 0; i < idx; i++)
 154              		.loc 1 16 18 is_stmt 0 view .LVU39
 155 0002 0023     		movs	r3, #0
  16:bsp/pwm/bsp_pwm.c ****     for (uint8_t i = 0; i < idx; i++)
 156              		.loc 1 16 5 view .LVU40
 157 0004 01E0     		b	.L15
 158              	.LVL10:
 159              	.L16:
  16:bsp/pwm/bsp_pwm.c ****     for (uint8_t i = 0; i < idx; i++)
 160              		.loc 1 16 35 is_stmt 1 discriminator 2 view .LVU41
 161 0006 0133     		adds	r3, r3, #1
 162              	.LVL11:
  16:bsp/pwm/bsp_pwm.c ****     for (uint8_t i = 0; i < idx; i++)
 163              		.loc 1 16 35 is_stmt 0 discriminator 2 view .LVU42
 164 0008 DBB2     		uxtb	r3, r3
 165              	.LVL12:
 166              	.L15:
  16:bsp/pwm/bsp_pwm.c ****     for (uint8_t i = 0; i < idx; i++)
 167              		.loc 1 16 27 is_stmt 1 discriminator 1 view .LVU43
 168 000a 0C4A     		ldr	r2, .L21
 169 000c 1278     		ldrb	r2, [r2]	@ zero_extendqisi2
 170 000e 9A42     		cmp	r2, r3
 171 0010 13D9     		bls	.L14
  18:bsp/pwm/bsp_pwm.c ****         if (pwm_instance[i]->htim == htim && htim->Channel == (1<<(pwm_instance[i]->channel/4)))
 172              		.loc 1 18 9 view .LVU44
  18:bsp/pwm/bsp_pwm.c ****         if (pwm_instance[i]->htim == htim && htim->Channel == (1<<(pwm_instance[i]->channel/4)))
 173              		.loc 1 18 25 is_stmt 0 view .LVU45
 174 0012 0B4A     		ldr	r2, .L21+4
 175 0014 52F82320 		ldr	r2, [r2, r3, lsl #2]
  18:bsp/pwm/bsp_pwm.c ****         if (pwm_instance[i]->htim == htim && htim->Channel == (1<<(pwm_instance[i]->channel/4)))
 176              		.loc 1 18 28 view .LVU46
 177 0018 1168     		ldr	r1, [r2]
  18:bsp/pwm/bsp_pwm.c ****         if (pwm_instance[i]->htim == htim && htim->Channel == (1<<(pwm_instance[i]->channel/4)))
 178              		.loc 1 18 12 view .LVU47
 179 001a 8142     		cmp	r1, r0
 180 001c F3D1     		bne	.L16
  18:bsp/pwm/bsp_pwm.c ****         if (pwm_instance[i]->htim == htim && htim->Channel == (1<<(pwm_instance[i]->channel/4)))
 181              		.loc 1 18 50 discriminator 1 view .LVU48
 182 001e 90F81CE0 		ldrb	lr, [r0, #28]	@ zero_extendqisi2
  18:bsp/pwm/bsp_pwm.c ****         if (pwm_instance[i]->htim == htim && htim->Channel == (1<<(pwm_instance[i]->channel/4)))
 183              		.loc 1 18 83 discriminator 1 view .LVU49
 184 0022 5168     		ldr	r1, [r2, #4]
  18:bsp/pwm/bsp_pwm.c ****         if (pwm_instance[i]->htim == htim && htim->Channel == (1<<(pwm_instance[i]->channel/4)))
 185              		.loc 1 18 92 discriminator 1 view .LVU50
 186 0024 4FEA910C 		lsr	ip, r1, #2
  18:bsp/pwm/bsp_pwm.c ****         if (pwm_instance[i]->htim == htim && htim->Channel == (1<<(pwm_instance[i]->channel/4)))
 187              		.loc 1 18 65 discriminator 1 view .LVU51
 188 0028 0121     		movs	r1, #1
 189 002a 01FA0CF1 		lsl	r1, r1, ip
  18:bsp/pwm/bsp_pwm.c ****         if (pwm_instance[i]->htim == htim && htim->Channel == (1<<(pwm_instance[i]->channel/4)))
 190              		.loc 1 18 43 discriminator 1 view .LVU52
 191 002e 8E45     		cmp	lr, r1
 192 0030 E9D1     		bne	.L16
  20:bsp/pwm/bsp_pwm.c ****             if (pwm_instance[i]->callback) // 如果有回调函数
 193              		.loc 1 20 13 is_stmt 1 view .LVU53
  20:bsp/pwm/bsp_pwm.c ****             if (pwm_instance[i]->callback) // 如果有回调函数
ARM GAS  C:\Users\Administrator\AppData\Local\Temp\ccaPwGHY.s 			page 7


 194              		.loc 1 20 32 is_stmt 0 view .LVU54
 195 0032 5369     		ldr	r3, [r2, #20]
 196              	.LVL13:
  20:bsp/pwm/bsp_pwm.c ****             if (pwm_instance[i]->callback) // 如果有回调函数
 197              		.loc 1 20 16 view .LVU55
 198 0034 0BB1     		cbz	r3, .L14
  21:bsp/pwm/bsp_pwm.c ****                 pwm_instance[i]->callback(pwm_instance[i]);
 199              		.loc 1 21 17 is_stmt 1 view .LVU56
 200 0036 1046     		mov	r0, r2
 201              	.LVL14:
  21:bsp/pwm/bsp_pwm.c ****                 pwm_instance[i]->callback(pwm_instance[i]);
 202              		.loc 1 21 17 is_stmt 0 view .LVU57
 203 0038 9847     		blx	r3
 204              	.LVL15:
  22:bsp/pwm/bsp_pwm.c ****             return; // 一次只能有一个通道的中断,所以直接返回
 205              		.loc 1 22 13 is_stmt 1 view .LVU58
 206              	.L14:
  22:bsp/pwm/bsp_pwm.c ****             return; // 一次只能有一个通道的中断,所以直接返回
 207              		.loc 1 22 13 is_stmt 0 view .LVU59
 208              	.LBE2:
  25:bsp/pwm/bsp_pwm.c **** }
 209              		.loc 1 25 1 view .LVU60
 210 003a 08BD     		pop	{r3, pc}
 211              	.L22:
 212              		.align	2
 213              	.L21:
 214 003c 00000000 		.word	idx
 215 0040 00000000 		.word	pwm_instance
 216              		.cfi_endproc
 217              	.LFE235:
 219              		.section	.text.PWMStart,"ax",%progbits
 220              		.align	1
 221              		.global	PWMStart
 222              		.syntax unified
 223              		.thumb
 224              		.thumb_func
 226              	PWMStart:
 227              	.LVL16:
 228              	.LFB237:
  52:bsp/pwm/bsp_pwm.c **** {
 229              		.loc 1 52 1 is_stmt 1 view -0
 230              		.cfi_startproc
 231              		@ args = 0, pretend = 0, frame = 0
 232              		@ frame_needed = 0, uses_anonymous_args = 0
  52:bsp/pwm/bsp_pwm.c **** {
 233              		.loc 1 52 1 is_stmt 0 view .LVU62
 234 0000 08B5     		push	{r3, lr}
 235              		.cfi_def_cfa_offset 8
 236              		.cfi_offset 3, -8
 237              		.cfi_offset 14, -4
  53:bsp/pwm/bsp_pwm.c ****     HAL_TIM_PWM_Start(pwm->htim, pwm->channel);
 238              		.loc 1 53 5 is_stmt 1 view .LVU63
 239 0002 4168     		ldr	r1, [r0, #4]
 240 0004 0068     		ldr	r0, [r0]
 241              	.LVL17:
  53:bsp/pwm/bsp_pwm.c ****     HAL_TIM_PWM_Start(pwm->htim, pwm->channel);
 242              		.loc 1 53 5 is_stmt 0 view .LVU64
ARM GAS  C:\Users\Administrator\AppData\Local\Temp\ccaPwGHY.s 			page 8


 243 0006 FFF7FEFF 		bl	HAL_TIM_PWM_Start
 244              	.LVL18:
  54:bsp/pwm/bsp_pwm.c **** }
 245              		.loc 1 54 1 view .LVU65
 246 000a 08BD     		pop	{r3, pc}
 247              		.cfi_endproc
 248              	.LFE237:
 250              		.section	.text.PWMStop,"ax",%progbits
 251              		.align	1
 252              		.global	PWMStop
 253              		.syntax unified
 254              		.thumb
 255              		.thumb_func
 257              	PWMStop:
 258              	.LVL19:
 259              	.LFB238:
  58:bsp/pwm/bsp_pwm.c **** {
 260              		.loc 1 58 1 is_stmt 1 view -0
 261              		.cfi_startproc
 262              		@ args = 0, pretend = 0, frame = 0
 263              		@ frame_needed = 0, uses_anonymous_args = 0
  58:bsp/pwm/bsp_pwm.c **** {
 264              		.loc 1 58 1 is_stmt 0 view .LVU67
 265 0000 08B5     		push	{r3, lr}
 266              		.cfi_def_cfa_offset 8
 267              		.cfi_offset 3, -8
 268              		.cfi_offset 14, -4
  59:bsp/pwm/bsp_pwm.c ****     HAL_TIM_PWM_Stop(pwm->htim, pwm->channel);
 269              		.loc 1 59 5 is_stmt 1 view .LVU68
 270 0002 4168     		ldr	r1, [r0, #4]
 271 0004 0068     		ldr	r0, [r0]
 272              	.LVL20:
  59:bsp/pwm/bsp_pwm.c ****     HAL_TIM_PWM_Stop(pwm->htim, pwm->channel);
 273              		.loc 1 59 5 is_stmt 0 view .LVU69
 274 0006 FFF7FEFF 		bl	HAL_TIM_PWM_Stop
 275              	.LVL21:
  60:bsp/pwm/bsp_pwm.c **** }
 276              		.loc 1 60 1 view .LVU70
 277 000a 08BD     		pop	{r3, pc}
 278              		.cfi_endproc
 279              	.LFE238:
 281              		.section	.text.PWMSetPeriod,"ax",%progbits
 282              		.align	1
 283              		.global	PWMSetPeriod
 284              		.syntax unified
 285              		.thumb
 286              		.thumb_func
 288              	PWMSetPeriod:
 289              	.LVL22:
 290              	.LFB239:
  69:bsp/pwm/bsp_pwm.c **** {
 291              		.loc 1 69 1 is_stmt 1 view -0
 292              		.cfi_startproc
 293              		@ args = 0, pretend = 0, frame = 0
 294              		@ frame_needed = 0, uses_anonymous_args = 0
 295              		@ link register save eliminated.
  70:bsp/pwm/bsp_pwm.c ****     __HAL_TIM_SetAutoreload(pwm->htim, period*((pwm->tclk)/(pwm->htim->Init.Prescaler+1)));
ARM GAS  C:\Users\Administrator\AppData\Local\Temp\ccaPwGHY.s 			page 9


 296              		.loc 1 70 5 view .LVU72
  70:bsp/pwm/bsp_pwm.c ****     __HAL_TIM_SetAutoreload(pwm->htim, period*((pwm->tclk)/(pwm->htim->Init.Prescaler+1)));
 297              		.loc 1 70 5 view .LVU73
 298 0000 8368     		ldr	r3, [r0, #8]
 299 0002 0168     		ldr	r1, [r0]
 300 0004 4A68     		ldr	r2, [r1, #4]
 301 0006 0132     		adds	r2, r2, #1
 302 0008 B3FBF2F3 		udiv	r3, r3, r2
 303 000c 07EE903A 		vmov	s15, r3	@ int
 304 0010 F8EE677A 		vcvt.f32.u32	s15, s15
 305 0014 67EE807A 		vmul.f32	s15, s15, s0
 306 0018 0B68     		ldr	r3, [r1]
 307 001a FCEEE77A 		vcvt.u32.f32	s15, s15
 308 001e C3ED0B7A 		vstr.32	s15, [r3, #44]	@ int
  70:bsp/pwm/bsp_pwm.c ****     __HAL_TIM_SetAutoreload(pwm->htim, period*((pwm->tclk)/(pwm->htim->Init.Prescaler+1)));
 309              		.loc 1 70 5 view .LVU74
 310 0022 8368     		ldr	r3, [r0, #8]
 311 0024 0168     		ldr	r1, [r0]
 312 0026 4A68     		ldr	r2, [r1, #4]
 313 0028 0132     		adds	r2, r2, #1
 314 002a B3FBF2F3 		udiv	r3, r3, r2
 315 002e 07EE903A 		vmov	s15, r3	@ int
 316 0032 F8EE677A 		vcvt.f32.u32	s15, s15
 317 0036 27EE800A 		vmul.f32	s0, s15, s0
 318              	.LVL23:
  70:bsp/pwm/bsp_pwm.c ****     __HAL_TIM_SetAutoreload(pwm->htim, period*((pwm->tclk)/(pwm->htim->Init.Prescaler+1)));
 319              		.loc 1 70 5 is_stmt 0 view .LVU75
 320 003a BCEEC00A 		vcvt.u32.f32	s0, s0
 321 003e 81ED030A 		vstr.32	s0, [r1, #12]	@ int
  70:bsp/pwm/bsp_pwm.c ****     __HAL_TIM_SetAutoreload(pwm->htim, period*((pwm->tclk)/(pwm->htim->Init.Prescaler+1)));
 322              		.loc 1 70 5 is_stmt 1 view .LVU76
  71:bsp/pwm/bsp_pwm.c **** }
 323              		.loc 1 71 1 is_stmt 0 view .LVU77
 324 0042 7047     		bx	lr
 325              		.cfi_endproc
 326              	.LFE239:
 328              		.section	.text.PWMSetDutyRatio,"ax",%progbits
 329              		.align	1
 330              		.global	PWMSetDutyRatio
 331              		.syntax unified
 332              		.thumb
 333              		.thumb_func
 335              	PWMSetDutyRatio:
 336              	.LVL24:
 337              	.LFB240:
  79:bsp/pwm/bsp_pwm.c **** {
 338              		.loc 1 79 1 is_stmt 1 view -0
 339              		.cfi_startproc
 340              		@ args = 0, pretend = 0, frame = 0
 341              		@ frame_needed = 0, uses_anonymous_args = 0
 342              		@ link register save eliminated.
  80:bsp/pwm/bsp_pwm.c ****     __HAL_TIM_SetCompare(pwm->htim, pwm->channel, dutyratio * (pwm->htim->Instance->ARR));
 343              		.loc 1 80 5 view .LVU79
 344 0000 4368     		ldr	r3, [r0, #4]
 345 0002 63B9     		cbnz	r3, .L29
  80:bsp/pwm/bsp_pwm.c ****     __HAL_TIM_SetCompare(pwm->htim, pwm->channel, dutyratio * (pwm->htim->Instance->ARR));
 346              		.loc 1 80 5 is_stmt 0 discriminator 1 view .LVU80
ARM GAS  C:\Users\Administrator\AppData\Local\Temp\ccaPwGHY.s 			page 10


 347 0004 0368     		ldr	r3, [r0]
 348 0006 1B68     		ldr	r3, [r3]
 349 0008 D3ED0B7A 		vldr.32	s15, [r3, #44]	@ int
 350 000c F8EE677A 		vcvt.f32.u32	s15, s15
 351 0010 27EE800A 		vmul.f32	s0, s15, s0
 352              	.LVL25:
  80:bsp/pwm/bsp_pwm.c ****     __HAL_TIM_SetCompare(pwm->htim, pwm->channel, dutyratio * (pwm->htim->Instance->ARR));
 353              		.loc 1 80 5 discriminator 1 view .LVU81
 354 0014 BCEEC00A 		vcvt.u32.f32	s0, s0
 355 0018 83ED0D0A 		vstr.32	s0, [r3, #52]	@ int
 356 001c 7047     		bx	lr
 357              	.LVL26:
 358              	.L29:
  80:bsp/pwm/bsp_pwm.c ****     __HAL_TIM_SetCompare(pwm->htim, pwm->channel, dutyratio * (pwm->htim->Instance->ARR));
 359              		.loc 1 80 5 discriminator 2 view .LVU82
 360 001e 042B     		cmp	r3, #4
 361 0020 0ED0     		beq	.L33
  80:bsp/pwm/bsp_pwm.c ****     __HAL_TIM_SetCompare(pwm->htim, pwm->channel, dutyratio * (pwm->htim->Instance->ARR));
 362              		.loc 1 80 5 discriminator 4 view .LVU83
 363 0022 082B     		cmp	r3, #8
 364 0024 19D0     		beq	.L34
  80:bsp/pwm/bsp_pwm.c ****     __HAL_TIM_SetCompare(pwm->htim, pwm->channel, dutyratio * (pwm->htim->Instance->ARR));
 365              		.loc 1 80 5 discriminator 6 view .LVU84
 366 0026 0368     		ldr	r3, [r0]
 367 0028 1B68     		ldr	r3, [r3]
 368 002a D3ED0B7A 		vldr.32	s15, [r3, #44]	@ int
 369 002e F8EE677A 		vcvt.f32.u32	s15, s15
 370 0032 67EE807A 		vmul.f32	s15, s15, s0
 371 0036 FCEEE77A 		vcvt.u32.f32	s15, s15
 372 003a C3ED107A 		vstr.32	s15, [r3, #64]	@ int
  81:bsp/pwm/bsp_pwm.c **** }
 373              		.loc 1 81 1 view .LVU85
 374 003e 7047     		bx	lr
 375              	.L33:
  80:bsp/pwm/bsp_pwm.c ****     __HAL_TIM_SetCompare(pwm->htim, pwm->channel, dutyratio * (pwm->htim->Instance->ARR));
 376              		.loc 1 80 5 discriminator 3 view .LVU86
 377 0040 0368     		ldr	r3, [r0]
 378 0042 1B68     		ldr	r3, [r3]
 379 0044 D3ED0B7A 		vldr.32	s15, [r3, #44]	@ int
 380 0048 F8EE677A 		vcvt.f32.u32	s15, s15
 381 004c 67EE807A 		vmul.f32	s15, s15, s0
 382 0050 FCEEE77A 		vcvt.u32.f32	s15, s15
 383 0054 C3ED0E7A 		vstr.32	s15, [r3, #56]	@ int
 384 0058 7047     		bx	lr
 385              	.L34:
  80:bsp/pwm/bsp_pwm.c ****     __HAL_TIM_SetCompare(pwm->htim, pwm->channel, dutyratio * (pwm->htim->Instance->ARR));
 386              		.loc 1 80 5 discriminator 5 view .LVU87
 387 005a 0368     		ldr	r3, [r0]
 388 005c 1B68     		ldr	r3, [r3]
 389 005e D3ED0B7A 		vldr.32	s15, [r3, #44]	@ int
 390 0062 F8EE677A 		vcvt.f32.u32	s15, s15
 391 0066 67EE807A 		vmul.f32	s15, s15, s0
 392 006a FCEEE77A 		vcvt.u32.f32	s15, s15
 393 006e C3ED0F7A 		vstr.32	s15, [r3, #60]	@ int
 394 0072 7047     		bx	lr
 395              		.cfi_endproc
 396              	.LFE240:
ARM GAS  C:\Users\Administrator\AppData\Local\Temp\ccaPwGHY.s 			page 11


 398              		.section	.text.PWMRegister,"ax",%progbits
 399              		.align	1
 400              		.global	PWMRegister
 401              		.syntax unified
 402              		.thumb
 403              		.thumb_func
 405              	PWMRegister:
 406              	.LVL27:
 407              	.LFB236:
  28:bsp/pwm/bsp_pwm.c **** {
 408              		.loc 1 28 1 is_stmt 1 view -0
 409              		.cfi_startproc
 410              		@ args = 0, pretend = 0, frame = 0
 411              		@ frame_needed = 0, uses_anonymous_args = 0
  28:bsp/pwm/bsp_pwm.c **** {
 412              		.loc 1 28 1 is_stmt 0 view .LVU89
 413 0000 38B5     		push	{r3, r4, r5, lr}
 414              		.cfi_def_cfa_offset 16
 415              		.cfi_offset 3, -16
 416              		.cfi_offset 4, -12
 417              		.cfi_offset 5, -8
 418              		.cfi_offset 14, -4
  29:bsp/pwm/bsp_pwm.c ****     if (idx >= PWM_DEVICE_CNT) // 超过最大实例数,考虑增加或查看是否有内存泄漏
 419              		.loc 1 29 5 is_stmt 1 view .LVU90
  29:bsp/pwm/bsp_pwm.c ****     if (idx >= PWM_DEVICE_CNT) // 超过最大实例数,考虑增加或查看是否有内存泄漏
 420              		.loc 1 29 13 is_stmt 0 view .LVU91
 421 0002 1C4B     		ldr	r3, .L39
 422 0004 1B78     		ldrb	r3, [r3]	@ zero_extendqisi2
  29:bsp/pwm/bsp_pwm.c ****     if (idx >= PWM_DEVICE_CNT) // 超过最大实例数,考虑增加或查看是否有内存泄漏
 423              		.loc 1 29 8 view .LVU92
 424 0006 0F2B     		cmp	r3, #15
 425 0008 00D9     		bls	.L36
 426              	.L37:
  30:bsp/pwm/bsp_pwm.c ****         while (1)
 427              		.loc 1 30 9 is_stmt 1 view .LVU93
  30:bsp/pwm/bsp_pwm.c ****         while (1)
 428              		.loc 1 30 15 view .LVU94
 429 000a FEE7     		b	.L37
 430              	.L36:
 431 000c 0546     		mov	r5, r0
  32:bsp/pwm/bsp_pwm.c ****     PWMInstance *pwm = (PWMInstance *)malloc(sizeof(PWMInstance));
 432              		.loc 1 32 5 view .LVU95
  32:bsp/pwm/bsp_pwm.c ****     PWMInstance *pwm = (PWMInstance *)malloc(sizeof(PWMInstance));
 433              		.loc 1 32 39 is_stmt 0 view .LVU96
 434 000e 1C20     		movs	r0, #28
 435              	.LVL28:
  32:bsp/pwm/bsp_pwm.c ****     PWMInstance *pwm = (PWMInstance *)malloc(sizeof(PWMInstance));
 436              		.loc 1 32 39 view .LVU97
 437 0010 FFF7FEFF 		bl	malloc
 438              	.LVL29:
 439 0014 0446     		mov	r4, r0
 440              	.LVL30:
  33:bsp/pwm/bsp_pwm.c ****     memset(pwm, 0, sizeof(PWMInstance));
 441              		.loc 1 33 5 is_stmt 1 view .LVU98
 442 0016 0023     		movs	r3, #0
 443 0018 0360     		str	r3, [r0]	@ unaligned
 444 001a 4360     		str	r3, [r0, #4]	@ unaligned
ARM GAS  C:\Users\Administrator\AppData\Local\Temp\ccaPwGHY.s 			page 12


 445 001c 8360     		str	r3, [r0, #8]	@ unaligned
 446 001e C360     		str	r3, [r0, #12]	@ unaligned
 447 0020 0361     		str	r3, [r0, #16]	@ unaligned
 448 0022 4361     		str	r3, [r0, #20]	@ unaligned
 449 0024 8361     		str	r3, [r0, #24]	@ unaligned
  35:bsp/pwm/bsp_pwm.c ****     pwm->htim = config->htim;
 450              		.loc 1 35 5 view .LVU99
  35:bsp/pwm/bsp_pwm.c ****     pwm->htim = config->htim;
 451              		.loc 1 35 23 is_stmt 0 view .LVU100
 452 0026 2868     		ldr	r0, [r5]
 453              	.LVL31:
  35:bsp/pwm/bsp_pwm.c ****     pwm->htim = config->htim;
 454              		.loc 1 35 15 view .LVU101
 455 0028 2060     		str	r0, [r4]
  36:bsp/pwm/bsp_pwm.c ****     pwm->channel = config->channel;
 456              		.loc 1 36 5 is_stmt 1 view .LVU102
  36:bsp/pwm/bsp_pwm.c ****     pwm->channel = config->channel;
 457              		.loc 1 36 26 is_stmt 0 view .LVU103
 458 002a 6B68     		ldr	r3, [r5, #4]
  36:bsp/pwm/bsp_pwm.c ****     pwm->channel = config->channel;
 459              		.loc 1 36 18 view .LVU104
 460 002c 6360     		str	r3, [r4, #4]
  37:bsp/pwm/bsp_pwm.c ****     pwm->period = config->period;
 461              		.loc 1 37 5 is_stmt 1 view .LVU105
  37:bsp/pwm/bsp_pwm.c ****     pwm->period = config->period;
 462              		.loc 1 37 25 is_stmt 0 view .LVU106
 463 002e AB68     		ldr	r3, [r5, #8]	@ float
  37:bsp/pwm/bsp_pwm.c ****     pwm->period = config->period;
 464              		.loc 1 37 17 view .LVU107
 465 0030 E360     		str	r3, [r4, #12]	@ float
  38:bsp/pwm/bsp_pwm.c ****     pwm->dutyratio = config->dutyratio;
 466              		.loc 1 38 5 is_stmt 1 view .LVU108
  38:bsp/pwm/bsp_pwm.c ****     pwm->dutyratio = config->dutyratio;
 467              		.loc 1 38 28 is_stmt 0 view .LVU109
 468 0032 EB68     		ldr	r3, [r5, #12]	@ float
  38:bsp/pwm/bsp_pwm.c ****     pwm->dutyratio = config->dutyratio;
 469              		.loc 1 38 20 view .LVU110
 470 0034 2361     		str	r3, [r4, #16]	@ float
  39:bsp/pwm/bsp_pwm.c ****     pwm->callback = config->callback;
 471              		.loc 1 39 5 is_stmt 1 view .LVU111
  39:bsp/pwm/bsp_pwm.c ****     pwm->callback = config->callback;
 472              		.loc 1 39 27 is_stmt 0 view .LVU112
 473 0036 2B69     		ldr	r3, [r5, #16]
  39:bsp/pwm/bsp_pwm.c ****     pwm->callback = config->callback;
 474              		.loc 1 39 19 view .LVU113
 475 0038 6361     		str	r3, [r4, #20]
  40:bsp/pwm/bsp_pwm.c ****     pwm->id = config->id;
 476              		.loc 1 40 5 is_stmt 1 view .LVU114
  40:bsp/pwm/bsp_pwm.c ****     pwm->id = config->id;
 477              		.loc 1 40 21 is_stmt 0 view .LVU115
 478 003a 6B69     		ldr	r3, [r5, #20]
  40:bsp/pwm/bsp_pwm.c ****     pwm->id = config->id;
 479              		.loc 1 40 13 view .LVU116
 480 003c A361     		str	r3, [r4, #24]
  41:bsp/pwm/bsp_pwm.c ****     pwm->tclk = PWMSelectTclk(pwm->htim);
 481              		.loc 1 41 5 is_stmt 1 view .LVU117
  41:bsp/pwm/bsp_pwm.c ****     pwm->tclk = PWMSelectTclk(pwm->htim);
ARM GAS  C:\Users\Administrator\AppData\Local\Temp\ccaPwGHY.s 			page 13


 482              		.loc 1 41 17 is_stmt 0 view .LVU118
 483 003e FFF7FEFF 		bl	PWMSelectTclk
 484              	.LVL32:
  41:bsp/pwm/bsp_pwm.c ****     pwm->tclk = PWMSelectTclk(pwm->htim);
 485              		.loc 1 41 15 discriminator 1 view .LVU119
 486 0042 A060     		str	r0, [r4, #8]
  43:bsp/pwm/bsp_pwm.c ****     HAL_TIM_PWM_Start(pwm->htim, pwm->channel);
 487              		.loc 1 43 5 is_stmt 1 view .LVU120
 488 0044 6168     		ldr	r1, [r4, #4]
 489 0046 2068     		ldr	r0, [r4]
 490 0048 FFF7FEFF 		bl	HAL_TIM_PWM_Start
 491              	.LVL33:
  44:bsp/pwm/bsp_pwm.c ****     PWMSetPeriod(pwm, pwm->period);
 492              		.loc 1 44 5 view .LVU121
 493 004c 94ED030A 		vldr.32	s0, [r4, #12]
 494 0050 2046     		mov	r0, r4
 495 0052 FFF7FEFF 		bl	PWMSetPeriod
 496              	.LVL34:
  45:bsp/pwm/bsp_pwm.c ****     PWMSetDutyRatio(pwm, pwm->dutyratio);
 497              		.loc 1 45 5 view .LVU122
 498 0056 94ED040A 		vldr.32	s0, [r4, #16]
 499 005a 2046     		mov	r0, r4
 500 005c FFF7FEFF 		bl	PWMSetDutyRatio
 501              	.LVL35:
  46:bsp/pwm/bsp_pwm.c ****     pwm_instance[idx++] = pwm;
 502              		.loc 1 46 5 view .LVU123
  46:bsp/pwm/bsp_pwm.c ****     pwm_instance[idx++] = pwm;
 503              		.loc 1 46 21 is_stmt 0 view .LVU124
 504 0060 044A     		ldr	r2, .L39
 505 0062 1378     		ldrb	r3, [r2]	@ zero_extendqisi2
 506 0064 591C     		adds	r1, r3, #1
 507 0066 1170     		strb	r1, [r2]
  46:bsp/pwm/bsp_pwm.c ****     pwm_instance[idx++] = pwm;
 508              		.loc 1 46 25 view .LVU125
 509 0068 034A     		ldr	r2, .L39+4
 510 006a 42F82340 		str	r4, [r2, r3, lsl #2]
  47:bsp/pwm/bsp_pwm.c ****     return pwm;
 511              		.loc 1 47 5 is_stmt 1 view .LVU126
  48:bsp/pwm/bsp_pwm.c **** }
 512              		.loc 1 48 1 is_stmt 0 view .LVU127
 513 006e 2046     		mov	r0, r4
 514 0070 38BD     		pop	{r3, r4, r5, pc}
 515              	.LVL36:
 516              	.L40:
  48:bsp/pwm/bsp_pwm.c **** }
 517              		.loc 1 48 1 view .LVU128
 518 0072 00BF     		.align	2
 519              	.L39:
 520 0074 00000000 		.word	idx
 521 0078 00000000 		.word	pwm_instance
 522              		.cfi_endproc
 523              	.LFE236:
 525              		.section	.text.PWMStartDMA,"ax",%progbits
 526              		.align	1
 527              		.global	PWMStartDMA
 528              		.syntax unified
 529              		.thumb
ARM GAS  C:\Users\Administrator\AppData\Local\Temp\ccaPwGHY.s 			page 14


 530              		.thumb_func
 532              	PWMStartDMA:
 533              	.LVL37:
 534              	.LFB241:
  85:bsp/pwm/bsp_pwm.c **** {
 535              		.loc 1 85 1 is_stmt 1 view -0
 536              		.cfi_startproc
 537              		@ args = 0, pretend = 0, frame = 0
 538              		@ frame_needed = 0, uses_anonymous_args = 0
  85:bsp/pwm/bsp_pwm.c **** {
 539              		.loc 1 85 1 is_stmt 0 view .LVU130
 540 0000 08B5     		push	{r3, lr}
 541              		.cfi_def_cfa_offset 8
 542              		.cfi_offset 3, -8
 543              		.cfi_offset 14, -4
  86:bsp/pwm/bsp_pwm.c ****     HAL_TIM_PWM_Start_DMA(pwm->htim, pwm->channel, pData, Size);
 544              		.loc 1 86 5 is_stmt 1 view .LVU131
 545 0002 93B2     		uxth	r3, r2
 546 0004 0A46     		mov	r2, r1
 547              	.LVL38:
  86:bsp/pwm/bsp_pwm.c ****     HAL_TIM_PWM_Start_DMA(pwm->htim, pwm->channel, pData, Size);
 548              		.loc 1 86 5 is_stmt 0 view .LVU132
 549 0006 4168     		ldr	r1, [r0, #4]
 550              	.LVL39:
  86:bsp/pwm/bsp_pwm.c ****     HAL_TIM_PWM_Start_DMA(pwm->htim, pwm->channel, pData, Size);
 551              		.loc 1 86 5 view .LVU133
 552 0008 0068     		ldr	r0, [r0]
 553              	.LVL40:
  86:bsp/pwm/bsp_pwm.c ****     HAL_TIM_PWM_Start_DMA(pwm->htim, pwm->channel, pData, Size);
 554              		.loc 1 86 5 view .LVU134
 555 000a FFF7FEFF 		bl	HAL_TIM_PWM_Start_DMA
 556              	.LVL41:
  87:bsp/pwm/bsp_pwm.c **** }
 557              		.loc 1 87 1 view .LVU135
 558 000e 08BD     		pop	{r3, pc}
 559              		.cfi_endproc
 560              	.LFE241:
 562              		.section	.bss.pwm_instance,"aw",%nobits
 563              		.align	2
 566              	pwm_instance:
 567 0000 00000000 		.space	64
 567      00000000 
 567      00000000 
 567      00000000 
 567      00000000 
 568              		.section	.bss.idx,"aw",%nobits
 571              	idx:
 572 0000 00       		.space	1
 573              		.text
 574              	.Letext0:
 575              		.file 2 "C:/Users/Administrator/AppData/Roaming/Code/User/globalStorage/bmd.stm32-for-vscode/@xpac
 576              		.file 3 "C:/Users/Administrator/AppData/Roaming/Code/User/globalStorage/bmd.stm32-for-vscode/@xpac
 577              		.file 4 "Drivers/CMSIS/Device/ST/STM32F4xx/Include/stm32f407xx.h"
 578              		.file 5 "Drivers/STM32F4xx_HAL_Driver/Inc/stm32f4xx_hal_def.h"
 579              		.file 6 "Drivers/STM32F4xx_HAL_Driver/Inc/stm32f4xx_hal_dma.h"
 580              		.file 7 "Drivers/STM32F4xx_HAL_Driver/Inc/stm32f4xx_hal_tim.h"
 581              		.file 8 "bsp/pwm/bsp_pwm.h"
ARM GAS  C:\Users\Administrator\AppData\Local\Temp\ccaPwGHY.s 			page 15


 582              		.file 9 "Drivers/STM32F4xx_HAL_Driver/Inc/stm32f4xx_hal_rcc.h"
 583              		.file 10 "C:/Users/Administrator/AppData/Roaming/Code/User/globalStorage/bmd.stm32-for-vscode/@xpa
 584              		.file 11 "C:/Users/Administrator/AppData/Roaming/Code/User/globalStorage/bmd.stm32-for-vscode/@xpa
 585              		.file 12 "Drivers/CMSIS/Device/ST/STM32F4xx/Include/system_stm32f4xx.h"
ARM GAS  C:\Users\Administrator\AppData\Local\Temp\ccaPwGHY.s 			page 16


DEFINED SYMBOLS
                            *ABS*:00000000 bsp_pwm.c
C:\Users\Administrator\AppData\Local\Temp\ccaPwGHY.s:21     .text.PWMSelectTclk:00000000 $t
C:\Users\Administrator\AppData\Local\Temp\ccaPwGHY.s:26     .text.PWMSelectTclk:00000000 PWMSelectTclk
C:\Users\Administrator\AppData\Local\Temp\ccaPwGHY.s:126    .text.PWMSelectTclk:0000006c $d
C:\Users\Administrator\AppData\Local\Temp\ccaPwGHY.s:132    .text.HAL_TIM_PWM_PulseFinishedCallback:00000000 $t
C:\Users\Administrator\AppData\Local\Temp\ccaPwGHY.s:138    .text.HAL_TIM_PWM_PulseFinishedCallback:00000000 HAL_TIM_PWM_PulseFinishedCallback
C:\Users\Administrator\AppData\Local\Temp\ccaPwGHY.s:214    .text.HAL_TIM_PWM_PulseFinishedCallback:0000003c $d
C:\Users\Administrator\AppData\Local\Temp\ccaPwGHY.s:571    .bss.idx:00000000 idx
C:\Users\Administrator\AppData\Local\Temp\ccaPwGHY.s:566    .bss.pwm_instance:00000000 pwm_instance
C:\Users\Administrator\AppData\Local\Temp\ccaPwGHY.s:220    .text.PWMStart:00000000 $t
C:\Users\Administrator\AppData\Local\Temp\ccaPwGHY.s:226    .text.PWMStart:00000000 PWMStart
C:\Users\Administrator\AppData\Local\Temp\ccaPwGHY.s:251    .text.PWMStop:00000000 $t
C:\Users\Administrator\AppData\Local\Temp\ccaPwGHY.s:257    .text.PWMStop:00000000 PWMStop
C:\Users\Administrator\AppData\Local\Temp\ccaPwGHY.s:282    .text.PWMSetPeriod:00000000 $t
C:\Users\Administrator\AppData\Local\Temp\ccaPwGHY.s:288    .text.PWMSetPeriod:00000000 PWMSetPeriod
C:\Users\Administrator\AppData\Local\Temp\ccaPwGHY.s:329    .text.PWMSetDutyRatio:00000000 $t
C:\Users\Administrator\AppData\Local\Temp\ccaPwGHY.s:335    .text.PWMSetDutyRatio:00000000 PWMSetDutyRatio
C:\Users\Administrator\AppData\Local\Temp\ccaPwGHY.s:399    .text.PWMRegister:00000000 $t
C:\Users\Administrator\AppData\Local\Temp\ccaPwGHY.s:405    .text.PWMRegister:00000000 PWMRegister
C:\Users\Administrator\AppData\Local\Temp\ccaPwGHY.s:520    .text.PWMRegister:00000074 $d
C:\Users\Administrator\AppData\Local\Temp\ccaPwGHY.s:526    .text.PWMStartDMA:00000000 $t
C:\Users\Administrator\AppData\Local\Temp\ccaPwGHY.s:532    .text.PWMStartDMA:00000000 PWMStartDMA
C:\Users\Administrator\AppData\Local\Temp\ccaPwGHY.s:563    .bss.pwm_instance:00000000 $d
C:\Users\Administrator\AppData\Local\Temp\ccaPwGHY.s:572    .bss.idx:00000000 $d

UNDEFINED SYMBOLS
HAL_RCC_GetPCLK1Freq
HAL_RCC_GetPCLK2Freq
APBPrescTable
HAL_TIM_PWM_Start
HAL_TIM_PWM_Stop
malloc
HAL_TIM_PWM_Start_DMA
