ARM GAS  C:\Users\Administrator\AppData\Local\Temp\cc6Yhwy5.s 			page 1


   1              		.cpu cortex-m4
   2              		.arch armv7e-m
   3              		.fpu fpv4-sp-d16
   4              		.eabi_attribute 27, 1
   5              		.eabi_attribute 28, 1
   6              		.eabi_attribute 20, 1
   7              		.eabi_attribute 21, 1
   8              		.eabi_attribute 23, 3
   9              		.eabi_attribute 24, 1
  10              		.eabi_attribute 25, 1
  11              		.eabi_attribute 26, 1
  12              		.eabi_attribute 30, 1
  13              		.eabi_attribute 34, 1
  14              		.eabi_attribute 18, 4
  15              		.file	"bsp_tools.c"
  16              		.text
  17              	.Ltext0:
  18              		.cfi_sections	.debug_frame
  19              		.file 1 "bsp/bsp_tools.c"
  20              		.section	.text.CallbackTaskBase,"ax",%progbits
  21              		.align	1
  22              		.syntax unified
  23              		.thumb
  24              		.thumb_func
  26              	CallbackTaskBase:
  27              	.LVL0:
  28              	.LFB8:
   1:bsp/bsp_tools.c **** #include <stdarg.h>
   2:bsp/bsp_tools.c **** 
   3:bsp/bsp_tools.c **** #include "cmsis_os.h"
   4:bsp/bsp_tools.c **** #include "bsp_log.h"
   5:bsp/bsp_tools.c **** #include "bsp_tools.h"
   6:bsp/bsp_tools.c **** 
   7:bsp/bsp_tools.c **** #define MX_SIG_LIST_SIZE 32 // 不可修改,最大信号量数量
   8:bsp/bsp_tools.c **** 
   9:bsp/bsp_tools.c **** typedef struct
  10:bsp/bsp_tools.c **** {
  11:bsp/bsp_tools.c ****     void *callback;
  12:bsp/bsp_tools.c ****     uint32_t sig;
  13:bsp/bsp_tools.c ****     void *ins;
  14:bsp/bsp_tools.c **** } CallbackTask_t;
  15:bsp/bsp_tools.c **** 
  16:bsp/bsp_tools.c **** // 递增记录全局信号量的数组,最大32个信号量
  17:bsp/bsp_tools.c **** static uint8_t sig_idx = 0;
  18:bsp/bsp_tools.c **** static uint32_t tmp_sig = 1; // tmp_sing << sig_idx从而生成对应信号量
  19:bsp/bsp_tools.c **** 
  20:bsp/bsp_tools.c **** static osThreadId cbkid_list[MX_SIG_LIST_SIZE];
  21:bsp/bsp_tools.c **** static CallbackTask_t cbkinfo_list[MX_SIG_LIST_SIZE];
  22:bsp/bsp_tools.c **** 
  23:bsp/bsp_tools.c **** // 死循环任务,执行cbk函数指针,每次执行完毕后等待sig信号
  24:bsp/bsp_tools.c **** __attribute__((noreturn)) static void CallbackTaskBase(void const *cbk)
  25:bsp/bsp_tools.c **** {
  29              		.loc 1 25 1 view -0
  30              		.cfi_startproc
  31              		@ Volatile: function does not return.
  32              		@ args = 0, pretend = 0, frame = 16
  33              		@ frame_needed = 0, uses_anonymous_args = 0
ARM GAS  C:\Users\Administrator\AppData\Local\Temp\cc6Yhwy5.s 			page 2


  34              		.loc 1 25 1 is_stmt 0 view .LVU1
  35 0000 00B5     		push	{lr}
  36              		.cfi_def_cfa_offset 4
  37              		.cfi_offset 14, -4
  38 0002 85B0     		sub	sp, sp, #20
  39              		.cfi_def_cfa_offset 24
  26:bsp/bsp_tools.c ****     void (*cbk_func)(void const *) = (void (*)(void const *))((CallbackTask_t const *)cbk)->callbac
  40              		.loc 1 26 5 is_stmt 1 view .LVU2
  41              		.loc 1 26 91 is_stmt 0 view .LVU3
  42 0004 0668     		ldr	r6, [r0]
  43              	.LVL1:
  27:bsp/bsp_tools.c ****     void const *ins = ((CallbackTask_t const *)cbk)->ins;
  44              		.loc 1 27 5 is_stmt 1 view .LVU4
  45              		.loc 1 27 17 is_stmt 0 view .LVU5
  46 0006 8568     		ldr	r5, [r0, #8]
  47              	.LVL2:
  28:bsp/bsp_tools.c ****     uint32_t sig = ((CallbackTask_t const *)cbk)->sig;
  48              		.loc 1 28 5 is_stmt 1 view .LVU6
  49              		.loc 1 28 14 is_stmt 0 view .LVU7
  50 0008 4468     		ldr	r4, [r0, #4]
  51              	.LVL3:
  52              	.L2:
  29:bsp/bsp_tools.c **** 
  30:bsp/bsp_tools.c ****     for (;;)
  53              		.loc 1 30 5 is_stmt 1 view .LVU8
  31:bsp/bsp_tools.c ****     {
  32:bsp/bsp_tools.c ****         cbk_func(ins);
  54              		.loc 1 32 9 view .LVU9
  55 000a 2846     		mov	r0, r5
  56 000c B047     		blx	r6
  57              	.LVL4:
  33:bsp/bsp_tools.c ****         osSignalWait(sig, osWaitForever);
  58              		.loc 1 33 9 discriminator 2 view .LVU10
  59 000e 4FF0FF32 		mov	r2, #-1
  60 0012 2146     		mov	r1, r4
  61 0014 6846     		mov	r0, sp
  62 0016 FFF7FEFF 		bl	osSignalWait
  63              	.LVL5:
  30:bsp/bsp_tools.c ****     {
  64              		.loc 1 30 5 view .LVU11
  65 001a F6E7     		b	.L2
  66              		.cfi_endproc
  67              	.LFE8:
  69              		.section	.text.CreateCallbackTask,"ax",%progbits
  70              		.align	1
  71              		.global	CreateCallbackTask
  72              		.syntax unified
  73              		.thumb
  74              		.thumb_func
  76              	CreateCallbackTask:
  77              	.LVL6:
  78              	.LFB9:
  34:bsp/bsp_tools.c ****     }
  35:bsp/bsp_tools.c **** }
  36:bsp/bsp_tools.c **** 
  37:bsp/bsp_tools.c **** uint32_t CreateCallbackTask(char *name, void *cbk, void *ins, osPriority priority)
  38:bsp/bsp_tools.c **** {
ARM GAS  C:\Users\Administrator\AppData\Local\Temp\cc6Yhwy5.s 			page 3


  79              		.loc 1 38 1 view -0
  80              		.cfi_startproc
  81              		@ args = 0, pretend = 0, frame = 32
  82              		@ frame_needed = 0, uses_anonymous_args = 0
  83              		.loc 1 38 1 is_stmt 0 view .LVU13
  84 0000 30B5     		push	{r4, r5, lr}
  85              		.cfi_def_cfa_offset 12
  86              		.cfi_offset 4, -12
  87              		.cfi_offset 5, -8
  88              		.cfi_offset 14, -4
  89 0002 89B0     		sub	sp, sp, #36
  90              		.cfi_def_cfa_offset 48
  39:bsp/bsp_tools.c ****     if (sig_idx >= MX_SIG_LIST_SIZE)
  91              		.loc 1 39 5 is_stmt 1 view .LVU14
  92              		.loc 1 39 17 is_stmt 0 view .LVU15
  93 0004 164C     		ldr	r4, .L8
  94 0006 2478     		ldrb	r4, [r4]	@ zero_extendqisi2
  95              		.loc 1 39 8 view .LVU16
  96 0008 1F2C     		cmp	r4, #31
  97 000a 00D9     		bls	.L5
  98              	.L6:
  40:bsp/bsp_tools.c ****         while (1)
  99              		.loc 1 40 9 is_stmt 1 view .LVU17
 100              		.loc 1 40 15 view .LVU18
 101 000c FEE7     		b	.L6
 102              	.L5:
  41:bsp/bsp_tools.c ****             LOGERROR("[rtos:cbk_register] CreateCallbackTask: sig_idx >= MX_SIG_LIST_SIZE");
  42:bsp/bsp_tools.c **** 
  43:bsp/bsp_tools.c ****     cbkinfo_list[sig_idx].callback = cbk;
 103              		.loc 1 43 5 view .LVU19
 104              		.loc 1 43 36 is_stmt 0 view .LVU20
 105 000e 04EB440E 		add	lr, r4, r4, lsl #1
 106 0012 144D     		ldr	r5, .L8+4
 107 0014 05EB8E0C 		add	ip, r5, lr, lsl #2
 108 0018 45F82E10 		str	r1, [r5, lr, lsl #2]
  44:bsp/bsp_tools.c ****     cbkinfo_list[sig_idx].sig = tmp_sig << sig_idx;
 109              		.loc 1 44 5 is_stmt 1 view .LVU21
 110              		.loc 1 44 41 is_stmt 0 view .LVU22
 111 001c 0121     		movs	r1, #1
 112              	.LVL7:
 113              		.loc 1 44 41 view .LVU23
 114 001e A140     		lsls	r1, r1, r4
 115              		.loc 1 44 31 view .LVU24
 116 0020 CCF80410 		str	r1, [ip, #4]
  45:bsp/bsp_tools.c ****     cbkinfo_list[sig_idx].ins = ins;
 117              		.loc 1 45 5 is_stmt 1 view .LVU25
 118              		.loc 1 45 31 is_stmt 0 view .LVU26
 119 0024 CCF80820 		str	r2, [ip, #8]
  46:bsp/bsp_tools.c **** 
  47:bsp/bsp_tools.c ****     osThreadDef_t threadDef;
 120              		.loc 1 47 5 is_stmt 1 view .LVU27
  48:bsp/bsp_tools.c ****     threadDef.name = name;
 121              		.loc 1 48 5 view .LVU28
 122              		.loc 1 48 20 is_stmt 0 view .LVU29
 123 0028 0190     		str	r0, [sp, #4]
  49:bsp/bsp_tools.c ****     threadDef.pthread = &CallbackTaskBase;
 124              		.loc 1 49 5 is_stmt 1 view .LVU30
ARM GAS  C:\Users\Administrator\AppData\Local\Temp\cc6Yhwy5.s 			page 4


 125              		.loc 1 49 23 is_stmt 0 view .LVU31
 126 002a 0F4A     		ldr	r2, .L8+8
 127              	.LVL8:
 128              		.loc 1 49 23 view .LVU32
 129 002c 0292     		str	r2, [sp, #8]
  50:bsp/bsp_tools.c ****     threadDef.tpriority = priority;
 130              		.loc 1 50 5 is_stmt 1 view .LVU33
 131              		.loc 1 50 25 is_stmt 0 view .LVU34
 132 002e ADF80C30 		strh	r3, [sp, #12]	@ movhi
  51:bsp/bsp_tools.c ****     threadDef.instances = 0;
 133              		.loc 1 51 5 is_stmt 1 view .LVU35
 134              		.loc 1 51 25 is_stmt 0 view .LVU36
 135 0032 0023     		movs	r3, #0
 136              	.LVL9:
 137              		.loc 1 51 25 view .LVU37
 138 0034 0493     		str	r3, [sp, #16]
  52:bsp/bsp_tools.c ****     threadDef.stacksize = 128;
 139              		.loc 1 52 5 is_stmt 1 view .LVU38
 140              		.loc 1 52 25 is_stmt 0 view .LVU39
 141 0036 8023     		movs	r3, #128
 142 0038 0593     		str	r3, [sp, #20]
  53:bsp/bsp_tools.c ****     cbkid_list[sig_idx] = osThreadCreate(&threadDef, (void *)&cbkinfo_list[sig_idx]);
 143              		.loc 1 53 5 is_stmt 1 view .LVU40
 144              		.loc 1 53 27 is_stmt 0 view .LVU41
 145 003a 6146     		mov	r1, ip
 146 003c 01A8     		add	r0, sp, #4
 147              	.LVL10:
 148              		.loc 1 53 27 view .LVU42
 149 003e FFF7FEFF 		bl	osThreadCreate
 150              	.LVL11:
 151              		.loc 1 53 25 discriminator 1 view .LVU43
 152 0042 0A4B     		ldr	r3, .L8+12
 153 0044 43F82400 		str	r0, [r3, r4, lsl #2]
  54:bsp/bsp_tools.c **** 
  55:bsp/bsp_tools.c ****     return cbkinfo_list[sig_idx++].sig; // 返回信号量,同时增加索引
 154              		.loc 1 55 5 is_stmt 1 view .LVU44
 155              		.loc 1 55 32 is_stmt 0 view .LVU45
 156 0048 054A     		ldr	r2, .L8
 157 004a 1378     		ldrb	r3, [r2]	@ zero_extendqisi2
 158 004c 591C     		adds	r1, r3, #1
 159 004e 1170     		strb	r1, [r2]
 160              		.loc 1 55 35 view .LVU46
 161 0050 03EB4303 		add	r3, r3, r3, lsl #1
 162 0054 05EB8303 		add	r3, r5, r3, lsl #2
  56:bsp/bsp_tools.c **** }...
 163              		.loc 1 56 1 view .LVU47
 164 0058 5868     		ldr	r0, [r3, #4]
 165 005a 09B0     		add	sp, sp, #36
 166              		.cfi_def_cfa_offset 12
 167              		@ sp needed
 168 005c 30BD     		pop	{r4, r5, pc}
 169              	.L9:
 170 005e 00BF     		.align	2
 171              	.L8:
 172 0060 00000000 		.word	sig_idx
 173 0064 00000000 		.word	cbkinfo_list
 174 0068 00000000 		.word	CallbackTaskBase
ARM GAS  C:\Users\Administrator\AppData\Local\Temp\cc6Yhwy5.s 			page 5


 175 006c 00000000 		.word	cbkid_list
 176              		.cfi_endproc
 177              	.LFE9:
 179              		.section	.bss.cbkinfo_list,"aw",%nobits
 180              		.align	2
 183              	cbkinfo_list:
 184 0000 00000000 		.space	384
 184      00000000 
 184      00000000 
 184      00000000 
 184      00000000 
 185              		.section	.bss.cbkid_list,"aw",%nobits
 186              		.align	2
 189              	cbkid_list:
 190 0000 00000000 		.space	128
 190      00000000 
 190      00000000 
 190      00000000 
 190      00000000 
 191              		.section	.bss.sig_idx,"aw",%nobits
 194              	sig_idx:
 195 0000 00       		.space	1
 196              		.text
 197              	.Letext0:
 198              		.file 2 "C:/Users/Administrator/AppData/Roaming/Code/User/globalStorage/bmd.stm32-for-vscode/@xpac
 199              		.file 3 "C:/Users/Administrator/AppData/Roaming/Code/User/globalStorage/bmd.stm32-for-vscode/@xpac
 200              		.file 4 "Middlewares/Third_Party/FreeRTOS/Source/portable/GCC/ARM_CM4F/portmacro.h"
 201              		.file 5 "Middlewares/Third_Party/FreeRTOS/Source/include/FreeRTOS.h"
 202              		.file 6 "Middlewares/Third_Party/FreeRTOS/Source/include/task.h"
 203              		.file 7 "Middlewares/Third_Party/FreeRTOS/Source/include/queue.h"
 204              		.file 8 "Middlewares/Third_Party/FreeRTOS/Source/CMSIS_RTOS/cmsis_os.h"
ARM GAS  C:\Users\Administrator\AppData\Local\Temp\cc6Yhwy5.s 			page 6


DEFINED SYMBOLS
                            *ABS*:00000000 bsp_tools.c
C:\Users\Administrator\AppData\Local\Temp\cc6Yhwy5.s:21     .text.CallbackTaskBase:00000000 $t
C:\Users\Administrator\AppData\Local\Temp\cc6Yhwy5.s:26     .text.CallbackTaskBase:00000000 CallbackTaskBase
C:\Users\Administrator\AppData\Local\Temp\cc6Yhwy5.s:70     .text.CreateCallbackTask:00000000 $t
C:\Users\Administrator\AppData\Local\Temp\cc6Yhwy5.s:76     .text.CreateCallbackTask:00000000 CreateCallbackTask
C:\Users\Administrator\AppData\Local\Temp\cc6Yhwy5.s:172    .text.CreateCallbackTask:00000060 $d
C:\Users\Administrator\AppData\Local\Temp\cc6Yhwy5.s:194    .bss.sig_idx:00000000 sig_idx
C:\Users\Administrator\AppData\Local\Temp\cc6Yhwy5.s:183    .bss.cbkinfo_list:00000000 cbkinfo_list
C:\Users\Administrator\AppData\Local\Temp\cc6Yhwy5.s:189    .bss.cbkid_list:00000000 cbkid_list
C:\Users\Administrator\AppData\Local\Temp\cc6Yhwy5.s:180    .bss.cbkinfo_list:00000000 $d
C:\Users\Administrator\AppData\Local\Temp\cc6Yhwy5.s:186    .bss.cbkid_list:00000000 $d
C:\Users\Administrator\AppData\Local\Temp\cc6Yhwy5.s:195    .bss.sig_idx:00000000 $d

UNDEFINED SYMBOLS
osSignalWait
osThreadCreate
