ARM GAS  C:\Users\Administrator\AppData\Local\Temp\cc87eiMb.s 			page 1


   1              		.cpu cortex-m4
   2              		.arch armv7e-m
   3              		.fpu fpv4-sp-d16
   4              		.eabi_attribute 27, 1
   5              		.eabi_attribute 28, 1
   6              		.eabi_attribute 20, 1
   7              		.eabi_attribute 21, 1
   8              		.eabi_attribute 23, 3
   9              		.eabi_attribute 24, 1
  10              		.eabi_attribute 25, 1
  11              		.eabi_attribute 26, 1
  12              		.eabi_attribute 30, 1
  13              		.eabi_attribute 34, 1
  14              		.eabi_attribute 18, 4
  15              		.file	"bsp_usb.c"
  16              		.text
  17              	.Ltext0:
  18              		.cfi_sections	.debug_frame
  19              		.file 1 "bsp/usb/bsp_usb.c"
  20              		.section	.text.USBInit,"ax",%progbits
  21              		.align	1
  22              		.global	USBInit
  23              		.syntax unified
  24              		.thumb
  25              		.thumb_func
  27              	USBInit:
  28              	.LFB239:
   1:bsp/usb/bsp_usb.c **** /**
   2:bsp/usb/bsp_usb.c ****  * @file bsp_usb.c
   3:bsp/usb/bsp_usb.c ****  * @author your name (you@domain.com)
   4:bsp/usb/bsp_usb.c ****  * @brief usb是单例bsp,因此不保存实例
   5:bsp/usb/bsp_usb.c ****  * @version 0.1
   6:bsp/usb/bsp_usb.c ****  * @date 2023-02-09
   7:bsp/usb/bsp_usb.c ****  *
   8:bsp/usb/bsp_usb.c ****  * @copyright Copyright (c) 2023
   9:bsp/usb/bsp_usb.c ****  *
  10:bsp/usb/bsp_usb.c ****  */
  11:bsp/usb/bsp_usb.c **** 
  12:bsp/usb/bsp_usb.c **** #include "bsp_usb.h"
  13:bsp/usb/bsp_usb.c **** #include "bsp_log.h"
  14:bsp/usb/bsp_usb.c **** #include "bsp_dwt.h"
  15:bsp/usb/bsp_usb.c **** 
  16:bsp/usb/bsp_usb.c **** static uint8_t *bsp_usb_rx_buffer; // 接收到的数据会被放在这里,buffer size为2048
  17:bsp/usb/bsp_usb.c **** // 注意usb单个数据包(Full speed模式下)最大为64byte,超出可能会出现丢包情况
  18:bsp/usb/bsp_usb.c **** 
  19:bsp/usb/bsp_usb.c **** uint8_t *USBInit(USB_Init_Config_s usb_conf)
  20:bsp/usb/bsp_usb.c **** {
  29              		.loc 1 20 1 view -0
  30              		.cfi_startproc
  31              		@ args = 0, pretend = 0, frame = 8
  32              		@ frame_needed = 0, uses_anonymous_args = 0
  33 0000 00B5     		push	{lr}
  34              		.cfi_def_cfa_offset 4
  35              		.cfi_offset 14, -4
  36 0002 83B0     		sub	sp, sp, #12
  37              		.cfi_def_cfa_offset 16
  38 0004 02AB     		add	r3, sp, #8
ARM GAS  C:\Users\Administrator\AppData\Local\Temp\cc87eiMb.s 			page 2


  39 0006 03E90300 		stmdb	r3, {r0, r1}
  21:bsp/usb/bsp_usb.c ****     // usb的软件复位(模拟拔插)在usbd_conf.c中的HAL_PCD_MspInit()中
  22:bsp/usb/bsp_usb.c ****     bsp_usb_rx_buffer = CDCInitRxbufferNcallback(usb_conf.tx_cbk, usb_conf.rx_cbk); // 获取接收
  40              		.loc 1 22 5 view .LVU1
  41              		.loc 1 22 25 is_stmt 0 view .LVU2
  42 000a FFF7FEFF 		bl	CDCInitRxbufferNcallback
  43              	.LVL0:
  44              		.loc 1 22 23 discriminator 1 view .LVU3
  45 000e 024B     		ldr	r3, .L3
  46 0010 1860     		str	r0, [r3]
  23:bsp/usb/bsp_usb.c ****     // usb的接收回调函数会在这里被设置,并将数据保存在bsp_usb_rx_buffer中
  24:bsp/usb/bsp_usb.c ****     LOGINFO("USB init success");
  47              		.loc 1 24 32 is_stmt 1 view .LVU4
  25:bsp/usb/bsp_usb.c ****     return bsp_usb_rx_buffer;
  48              		.loc 1 25 5 view .LVU5
  26:bsp/usb/bsp_usb.c **** }
  49              		.loc 1 26 1 is_stmt 0 view .LVU6
  50 0012 03B0     		add	sp, sp, #12
  51              		.cfi_def_cfa_offset 4
  52              		@ sp needed
  53 0014 00BD     		pop	{pc}
  54              	.L4:
  55 0016 00BF     		.align	2
  56              	.L3:
  57 0018 00000000 		.word	bsp_usb_rx_buffer
  58              		.cfi_endproc
  59              	.LFE239:
  61              		.section	.text.USBTransmit,"ax",%progbits
  62              		.align	1
  63              		.global	USBTransmit
  64              		.syntax unified
  65              		.thumb
  66              		.thumb_func
  68              	USBTransmit:
  69              	.LVL1:
  70              	.LFB240:
  27:bsp/usb/bsp_usb.c **** 
  28:bsp/usb/bsp_usb.c **** void USBTransmit(uint8_t *buffer, uint16_t len)
  29:bsp/usb/bsp_usb.c **** {
  71              		.loc 1 29 1 is_stmt 1 view -0
  72              		.cfi_startproc
  73              		@ args = 0, pretend = 0, frame = 0
  74              		@ frame_needed = 0, uses_anonymous_args = 0
  75              		.loc 1 29 1 is_stmt 0 view .LVU8
  76 0000 08B5     		push	{r3, lr}
  77              		.cfi_def_cfa_offset 8
  78              		.cfi_offset 3, -8
  79              		.cfi_offset 14, -4
  30:bsp/usb/bsp_usb.c ****     CDC_Transmit_FS(buffer, len); // 发送
  80              		.loc 1 30 5 is_stmt 1 view .LVU9
  81 0002 FFF7FEFF 		bl	CDC_Transmit_FS
  82              	.LVL2:
  31:bsp/usb/bsp_usb.c **** }
  83              		.loc 1 31 1 is_stmt 0 view .LVU10
  84 0006 08BD     		pop	{r3, pc}
  85              		.cfi_endproc
  86              	.LFE240:
ARM GAS  C:\Users\Administrator\AppData\Local\Temp\cc87eiMb.s 			page 3


  88              		.section	.bss.bsp_usb_rx_buffer,"aw",%nobits
  89              		.align	2
  92              	bsp_usb_rx_buffer:
  93 0000 00000000 		.space	4
  94              		.text
  95              	.Letext0:
  96              		.file 2 "C:/Users/Administrator/AppData/Roaming/Code/User/globalStorage/bmd.stm32-for-vscode/@xpac
  97              		.file 3 "C:/Users/Administrator/AppData/Roaming/Code/User/globalStorage/bmd.stm32-for-vscode/@xpac
  98              		.file 4 "Inc/usbd_cdc_if.h"
  99              		.file 5 "bsp/usb/bsp_usb.h"
ARM GAS  C:\Users\Administrator\AppData\Local\Temp\cc87eiMb.s 			page 4


DEFINED SYMBOLS
                            *ABS*:00000000 bsp_usb.c
C:\Users\Administrator\AppData\Local\Temp\cc87eiMb.s:21     .text.USBInit:00000000 $t
C:\Users\Administrator\AppData\Local\Temp\cc87eiMb.s:27     .text.USBInit:00000000 USBInit
C:\Users\Administrator\AppData\Local\Temp\cc87eiMb.s:57     .text.USBInit:00000018 $d
C:\Users\Administrator\AppData\Local\Temp\cc87eiMb.s:92     .bss.bsp_usb_rx_buffer:00000000 bsp_usb_rx_buffer
C:\Users\Administrator\AppData\Local\Temp\cc87eiMb.s:62     .text.USBTransmit:00000000 $t
C:\Users\Administrator\AppData\Local\Temp\cc87eiMb.s:68     .text.USBTransmit:00000000 USBTransmit
C:\Users\Administrator\AppData\Local\Temp\cc87eiMb.s:89     .bss.bsp_usb_rx_buffer:00000000 $d

UNDEFINED SYMBOLS
CDCInitRxbufferNcallback
CDC_Transmit_FS
