ARM GAS  C:\Users\Administrator\AppData\Local\Temp\cclwjkit.s 			page 1


   1              		.cpu cortex-m4
   2              		.arch armv7e-m
   3              		.fpu fpv4-sp-d16
   4              		.eabi_attribute 27, 1
   5              		.eabi_attribute 28, 1
   6              		.eabi_attribute 20, 1
   7              		.eabi_attribute 21, 1
   8              		.eabi_attribute 23, 3
   9              		.eabi_attribute 24, 1
  10              		.eabi_attribute 25, 1
  11              		.eabi_attribute 26, 1
  12              		.eabi_attribute 30, 1
  13              		.eabi_attribute 34, 1
  14              		.eabi_attribute 18, 4
  15              		.file	"crc.c"
  16              		.text
  17              	.Ltext0:
  18              		.cfi_sections	.debug_frame
  19              		.file 1 "Src/crc.c"
  20              		.section	.text.MX_CRC_Init,"ax",%progbits
  21              		.align	1
  22              		.global	MX_CRC_Init
  23              		.syntax unified
  24              		.thumb
  25              		.thumb_func
  27              	MX_CRC_Init:
  28              	.LFB235:
   1:Src/crc.c     **** /* USER CODE BEGIN Header */
   2:Src/crc.c     **** /**
   3:Src/crc.c     ****   ******************************************************************************
   4:Src/crc.c     ****   * @file    crc.c
   5:Src/crc.c     ****   * @brief   This file provides code for the configuration
   6:Src/crc.c     ****   *          of the CRC instances.
   7:Src/crc.c     ****   ******************************************************************************
   8:Src/crc.c     ****   * @attention
   9:Src/crc.c     ****   *
  10:Src/crc.c     ****   * Copyright (c) 2023 STMicroelectronics.
  11:Src/crc.c     ****   * All rights reserved.
  12:Src/crc.c     ****   *
  13:Src/crc.c     ****   * This software is licensed under terms that can be found in the LICENSE file
  14:Src/crc.c     ****   * in the root directory of this software component.
  15:Src/crc.c     ****   * If no LICENSE file comes with this software, it is provided AS-IS.
  16:Src/crc.c     ****   *
  17:Src/crc.c     ****   ******************************************************************************
  18:Src/crc.c     ****   */
  19:Src/crc.c     **** /* USER CODE END Header */
  20:Src/crc.c     **** /* Includes ------------------------------------------------------------------*/
  21:Src/crc.c     **** #include "crc.h"
  22:Src/crc.c     **** 
  23:Src/crc.c     **** /* USER CODE BEGIN 0 */
  24:Src/crc.c     **** 
  25:Src/crc.c     **** /* USER CODE END 0 */
  26:Src/crc.c     **** 
  27:Src/crc.c     **** CRC_HandleTypeDef hcrc;
  28:Src/crc.c     **** 
  29:Src/crc.c     **** /* CRC init function */
  30:Src/crc.c     **** void MX_CRC_Init(void)
ARM GAS  C:\Users\Administrator\AppData\Local\Temp\cclwjkit.s 			page 2


  31:Src/crc.c     **** {
  29              		.loc 1 31 1 view -0
  30              		.cfi_startproc
  31              		@ args = 0, pretend = 0, frame = 0
  32              		@ frame_needed = 0, uses_anonymous_args = 0
  33 0000 08B5     		push	{r3, lr}
  34              		.cfi_def_cfa_offset 8
  35              		.cfi_offset 3, -8
  36              		.cfi_offset 14, -4
  32:Src/crc.c     **** 
  33:Src/crc.c     ****   /* USER CODE BEGIN CRC_Init 0 */
  34:Src/crc.c     **** 
  35:Src/crc.c     ****   /* USER CODE END CRC_Init 0 */
  36:Src/crc.c     **** 
  37:Src/crc.c     ****   /* USER CODE BEGIN CRC_Init 1 */
  38:Src/crc.c     **** 
  39:Src/crc.c     ****   /* USER CODE END CRC_Init 1 */
  40:Src/crc.c     ****   hcrc.Instance = CRC;
  37              		.loc 1 40 3 view .LVU1
  38              		.loc 1 40 17 is_stmt 0 view .LVU2
  39 0002 0548     		ldr	r0, .L5
  40 0004 054B     		ldr	r3, .L5+4
  41 0006 0360     		str	r3, [r0]
  41:Src/crc.c     ****   if (HAL_CRC_Init(&hcrc) != HAL_OK)
  42              		.loc 1 41 3 is_stmt 1 view .LVU3
  43              		.loc 1 41 7 is_stmt 0 view .LVU4
  44 0008 FFF7FEFF 		bl	HAL_CRC_Init
  45              	.LVL0:
  46              		.loc 1 41 6 discriminator 1 view .LVU5
  47 000c 00B9     		cbnz	r0, .L4
  48              	.L1:
  42:Src/crc.c     ****   {
  43:Src/crc.c     ****     Error_Handler();
  44:Src/crc.c     ****   }
  45:Src/crc.c     ****   /* USER CODE BEGIN CRC_Init 2 */
  46:Src/crc.c     **** 
  47:Src/crc.c     ****   /* USER CODE END CRC_Init 2 */
  48:Src/crc.c     **** 
  49:Src/crc.c     **** }
  49              		.loc 1 49 1 view .LVU6
  50 000e 08BD     		pop	{r3, pc}
  51              	.L4:
  43:Src/crc.c     ****   }
  52              		.loc 1 43 5 is_stmt 1 view .LVU7
  53 0010 FFF7FEFF 		bl	Error_Handler
  54              	.LVL1:
  55              		.loc 1 49 1 is_stmt 0 view .LVU8
  56 0014 FBE7     		b	.L1
  57              	.L6:
  58 0016 00BF     		.align	2
  59              	.L5:
  60 0018 00000000 		.word	hcrc
  61 001c 00300240 		.word	1073885184
  62              		.cfi_endproc
  63              	.LFE235:
  65              		.section	.text.HAL_CRC_MspInit,"ax",%progbits
  66              		.align	1
ARM GAS  C:\Users\Administrator\AppData\Local\Temp\cclwjkit.s 			page 3


  67              		.global	HAL_CRC_MspInit
  68              		.syntax unified
  69              		.thumb
  70              		.thumb_func
  72              	HAL_CRC_MspInit:
  73              	.LVL2:
  74              	.LFB236:
  50:Src/crc.c     **** 
  51:Src/crc.c     **** void HAL_CRC_MspInit(CRC_HandleTypeDef* crcHandle)
  52:Src/crc.c     **** {
  75              		.loc 1 52 1 is_stmt 1 view -0
  76              		.cfi_startproc
  77              		@ args = 0, pretend = 0, frame = 8
  78              		@ frame_needed = 0, uses_anonymous_args = 0
  79              		@ link register save eliminated.
  53:Src/crc.c     **** 
  54:Src/crc.c     ****   if(crcHandle->Instance==CRC)
  80              		.loc 1 54 3 view .LVU10
  81              		.loc 1 54 15 is_stmt 0 view .LVU11
  82 0000 0268     		ldr	r2, [r0]
  83              		.loc 1 54 5 view .LVU12
  84 0002 094B     		ldr	r3, .L14
  85 0004 9A42     		cmp	r2, r3
  86 0006 00D0     		beq	.L13
  87 0008 7047     		bx	lr
  88              	.L13:
  52:Src/crc.c     **** 
  89              		.loc 1 52 1 view .LVU13
  90 000a 82B0     		sub	sp, sp, #8
  91              		.cfi_def_cfa_offset 8
  55:Src/crc.c     ****   {
  56:Src/crc.c     ****   /* USER CODE BEGIN CRC_MspInit 0 */
  57:Src/crc.c     **** 
  58:Src/crc.c     ****   /* USER CODE END CRC_MspInit 0 */
  59:Src/crc.c     ****     /* CRC clock enable */
  60:Src/crc.c     ****     __HAL_RCC_CRC_CLK_ENABLE();
  92              		.loc 1 60 5 is_stmt 1 view .LVU14
  93              	.LBB2:
  94              		.loc 1 60 5 view .LVU15
  95 000c 0023     		movs	r3, #0
  96 000e 0193     		str	r3, [sp, #4]
  97              		.loc 1 60 5 view .LVU16
  98 0010 064B     		ldr	r3, .L14+4
  99 0012 1A6B     		ldr	r2, [r3, #48]
 100 0014 42F48052 		orr	r2, r2, #4096
 101 0018 1A63     		str	r2, [r3, #48]
 102              		.loc 1 60 5 view .LVU17
 103 001a 1B6B     		ldr	r3, [r3, #48]
 104 001c 03F48053 		and	r3, r3, #4096
 105 0020 0193     		str	r3, [sp, #4]
 106              		.loc 1 60 5 view .LVU18
 107 0022 019B     		ldr	r3, [sp, #4]
 108              	.LBE2:
 109              		.loc 1 60 5 view .LVU19
  61:Src/crc.c     ****   /* USER CODE BEGIN CRC_MspInit 1 */
  62:Src/crc.c     **** 
  63:Src/crc.c     ****   /* USER CODE END CRC_MspInit 1 */
ARM GAS  C:\Users\Administrator\AppData\Local\Temp\cclwjkit.s 			page 4


  64:Src/crc.c     ****   }
  65:Src/crc.c     **** }
 110              		.loc 1 65 1 is_stmt 0 view .LVU20
 111 0024 02B0     		add	sp, sp, #8
 112              		.cfi_def_cfa_offset 0
 113              		@ sp needed
 114 0026 7047     		bx	lr
 115              	.L15:
 116              		.align	2
 117              	.L14:
 118 0028 00300240 		.word	1073885184
 119 002c 00380240 		.word	1073887232
 120              		.cfi_endproc
 121              	.LFE236:
 123              		.section	.text.HAL_CRC_MspDeInit,"ax",%progbits
 124              		.align	1
 125              		.global	HAL_CRC_MspDeInit
 126              		.syntax unified
 127              		.thumb
 128              		.thumb_func
 130              	HAL_CRC_MspDeInit:
 131              	.LVL3:
 132              	.LFB237:
  66:Src/crc.c     **** 
  67:Src/crc.c     **** void HAL_CRC_MspDeInit(CRC_HandleTypeDef* crcHandle)
  68:Src/crc.c     **** {
 133              		.loc 1 68 1 is_stmt 1 view -0
 134              		.cfi_startproc
 135              		@ args = 0, pretend = 0, frame = 0
 136              		@ frame_needed = 0, uses_anonymous_args = 0
 137              		@ link register save eliminated.
  69:Src/crc.c     **** 
  70:Src/crc.c     ****   if(crcHandle->Instance==CRC)
 138              		.loc 1 70 3 view .LVU22
 139              		.loc 1 70 15 is_stmt 0 view .LVU23
 140 0000 0268     		ldr	r2, [r0]
 141              		.loc 1 70 5 view .LVU24
 142 0002 054B     		ldr	r3, .L19
 143 0004 9A42     		cmp	r2, r3
 144 0006 00D0     		beq	.L18
 145              	.L16:
  71:Src/crc.c     ****   {
  72:Src/crc.c     ****   /* USER CODE BEGIN CRC_MspDeInit 0 */
  73:Src/crc.c     **** 
  74:Src/crc.c     ****   /* USER CODE END CRC_MspDeInit 0 */
  75:Src/crc.c     ****     /* Peripheral clock disable */
  76:Src/crc.c     ****     __HAL_RCC_CRC_CLK_DISABLE();
  77:Src/crc.c     ****   /* USER CODE BEGIN CRC_MspDeInit 1 */
  78:Src/crc.c     **** 
  79:Src/crc.c     ****   /* USER CODE END CRC_MspDeInit 1 */
  80:Src/crc.c     ****   }
  81:Src/crc.c     **** }
 146              		.loc 1 81 1 view .LVU25
 147 0008 7047     		bx	lr
 148              	.L18:
  76:Src/crc.c     ****   /* USER CODE BEGIN CRC_MspDeInit 1 */
 149              		.loc 1 76 5 is_stmt 1 view .LVU26
ARM GAS  C:\Users\Administrator\AppData\Local\Temp\cclwjkit.s 			page 5


 150 000a 044A     		ldr	r2, .L19+4
 151 000c 136B     		ldr	r3, [r2, #48]
 152 000e 23F48053 		bic	r3, r3, #4096
 153 0012 1363     		str	r3, [r2, #48]
 154              		.loc 1 81 1 is_stmt 0 view .LVU27
 155 0014 F8E7     		b	.L16
 156              	.L20:
 157 0016 00BF     		.align	2
 158              	.L19:
 159 0018 00300240 		.word	1073885184
 160 001c 00380240 		.word	1073887232
 161              		.cfi_endproc
 162              	.LFE237:
 164              		.global	hcrc
 165              		.section	.bss.hcrc,"aw",%nobits
 166              		.align	2
 169              	hcrc:
 170 0000 00000000 		.space	8
 170      00000000 
 171              		.text
 172              	.Letext0:
 173              		.file 2 "C:/Users/Administrator/AppData/Roaming/Code/User/globalStorage/bmd.stm32-for-vscode/@xpac
 174              		.file 3 "C:/Users/Administrator/AppData/Roaming/Code/User/globalStorage/bmd.stm32-for-vscode/@xpac
 175              		.file 4 "Drivers/CMSIS/Device/ST/STM32F4xx/Include/stm32f407xx.h"
 176              		.file 5 "Drivers/STM32F4xx_HAL_Driver/Inc/stm32f4xx_hal_def.h"
 177              		.file 6 "Drivers/STM32F4xx_HAL_Driver/Inc/stm32f4xx_hal_crc.h"
 178              		.file 7 "Inc/crc.h"
 179              		.file 8 "Inc/main.h"
ARM GAS  C:\Users\Administrator\AppData\Local\Temp\cclwjkit.s 			page 6


DEFINED SYMBOLS
                            *ABS*:00000000 crc.c
C:\Users\Administrator\AppData\Local\Temp\cclwjkit.s:21     .text.MX_CRC_Init:00000000 $t
C:\Users\Administrator\AppData\Local\Temp\cclwjkit.s:27     .text.MX_CRC_Init:00000000 MX_CRC_Init
C:\Users\Administrator\AppData\Local\Temp\cclwjkit.s:60     .text.MX_CRC_Init:00000018 $d
C:\Users\Administrator\AppData\Local\Temp\cclwjkit.s:169    .bss.hcrc:00000000 hcrc
C:\Users\Administrator\AppData\Local\Temp\cclwjkit.s:66     .text.HAL_CRC_MspInit:00000000 $t
C:\Users\Administrator\AppData\Local\Temp\cclwjkit.s:72     .text.HAL_CRC_MspInit:00000000 HAL_CRC_MspInit
C:\Users\Administrator\AppData\Local\Temp\cclwjkit.s:118    .text.HAL_CRC_MspInit:00000028 $d
C:\Users\Administrator\AppData\Local\Temp\cclwjkit.s:124    .text.HAL_CRC_MspDeInit:00000000 $t
C:\Users\Administrator\AppData\Local\Temp\cclwjkit.s:130    .text.HAL_CRC_MspDeInit:00000000 HAL_CRC_MspDeInit
C:\Users\Administrator\AppData\Local\Temp\cclwjkit.s:159    .text.HAL_CRC_MspDeInit:00000018 $d
C:\Users\Administrator\AppData\Local\Temp\cclwjkit.s:166    .bss.hcrc:00000000 $d

UNDEFINED SYMBOLS
HAL_CRC_Init
Error_Handler
