ARM GAS  C:\Users\Administrator\AppData\Local\Temp\ccZimQrI.s 			page 1


   1              		.cpu cortex-m4
   2              		.arch armv7e-m
   3              		.fpu fpv4-sp-d16
   4              		.eabi_attribute 27, 1
   5              		.eabi_attribute 28, 1
   6              		.eabi_attribute 20, 1
   7              		.eabi_attribute 21, 1
   8              		.eabi_attribute 23, 3
   9              		.eabi_attribute 24, 1
  10              		.eabi_attribute 25, 1
  11              		.eabi_attribute 26, 1
  12              		.eabi_attribute 30, 1
  13              		.eabi_attribute 34, 1
  14              		.eabi_attribute 18, 4
  15              		.file	"crc_ref.c"
  16              		.text
  17              	.Ltext0:
  18              		.cfi_sections	.debug_frame
  19              		.file 1 "modules/referee/crc_ref.c"
  20              		.section	.text.Get_CRC8_Check_Sum,"ax",%progbits
  21              		.align	1
  22              		.global	Get_CRC8_Check_Sum
  23              		.syntax unified
  24              		.thumb
  25              		.thumb_func
  27              	Get_CRC8_Check_Sum:
  28              	.LVL0:
  29              	.LFB3:
   1:modules/referee/crc_ref.c **** #include "crc_ref.h"
   2:modules/referee/crc_ref.c **** #include <stdio.h>
   3:modules/referee/crc_ref.c **** 
   4:modules/referee/crc_ref.c **** 
   5:modules/referee/crc_ref.c **** const uint8_t CRC8_INIT = 0xff;
   6:modules/referee/crc_ref.c **** const uint8_t CRC8_TAB[256] =
   7:modules/referee/crc_ref.c **** {
   8:modules/referee/crc_ref.c **** 		0x00, 0x5e, 0xbc, 0xe2, 0x61, 0x3f, 0xdd, 0x83, 0xc2, 0x9c, 0x7e, 0x20, 0xa3, 0xfd, 0x1f, 0x41,
   9:modules/referee/crc_ref.c **** 		0x9d, 0xc3, 0x21, 0x7f, 0xfc, 0xa2, 0x40, 0x1e, 0x5f, 0x01, 0xe3, 0xbd, 0x3e, 0x60, 0x82, 0xdc,
  10:modules/referee/crc_ref.c **** 		0x23, 0x7d, 0x9f, 0xc1, 0x42, 0x1c, 0xfe, 0xa0, 0xe1, 0xbf, 0x5d, 0x03, 0x80, 0xde, 0x3c, 0x62,
  11:modules/referee/crc_ref.c **** 		0xbe, 0xe0, 0x02, 0x5c, 0xdf, 0x81, 0x63, 0x3d, 0x7c, 0x22, 0xc0, 0x9e, 0x1d, 0x43, 0xa1, 0xff,
  12:modules/referee/crc_ref.c **** 		0x46, 0x18, 0xfa, 0xa4, 0x27, 0x79, 0x9b, 0xc5, 0x84, 0xda, 0x38, 0x66, 0xe5, 0xbb, 0x59, 0x07,
  13:modules/referee/crc_ref.c **** 		0xdb, 0x85, 0x67, 0x39, 0xba, 0xe4, 0x06, 0x58, 0x19, 0x47, 0xa5, 0xfb, 0x78, 0x26, 0xc4, 0x9a,
  14:modules/referee/crc_ref.c **** 		0x65, 0x3b, 0xd9, 0x87, 0x04, 0x5a, 0xb8, 0xe6, 0xa7, 0xf9, 0x1b, 0x45, 0xc6, 0x98, 0x7a, 0x24,
  15:modules/referee/crc_ref.c **** 		0xf8, 0xa6, 0x44, 0x1a, 0x99, 0xc7, 0x25, 0x7b, 0x3a, 0x64, 0x86, 0xd8, 0x5b, 0x05, 0xe7, 0xb9,
  16:modules/referee/crc_ref.c **** 		0x8c, 0xd2, 0x30, 0x6e, 0xed, 0xb3, 0x51, 0x0f, 0x4e, 0x10, 0xf2, 0xac, 0x2f, 0x71, 0x93, 0xcd,
  17:modules/referee/crc_ref.c **** 		0x11, 0x4f, 0xad, 0xf3, 0x70, 0x2e, 0xcc, 0x92, 0xd3, 0x8d, 0x6f, 0x31, 0xb2, 0xec, 0x0e, 0x50,
  18:modules/referee/crc_ref.c **** 		0xaf, 0xf1, 0x13, 0x4d, 0xce, 0x90, 0x72, 0x2c, 0x6d, 0x33, 0xd1, 0x8f, 0x0c, 0x52, 0xb0, 0xee,
  19:modules/referee/crc_ref.c **** 		0x32, 0x6c, 0x8e, 0xd0, 0x53, 0x0d, 0xef, 0xb1, 0xf0, 0xae, 0x4c, 0x12, 0x91, 0xcf, 0x2d, 0x73,
  20:modules/referee/crc_ref.c **** 		0xca, 0x94, 0x76, 0x28, 0xab, 0xf5, 0x17, 0x49, 0x08, 0x56, 0xb4, 0xea, 0x69, 0x37, 0xd5, 0x8b,
  21:modules/referee/crc_ref.c **** 		0x57, 0x09, 0xeb, 0xb5, 0x36, 0x68, 0x8a, 0xd4, 0x95, 0xcb, 0x29, 0x77, 0xf4, 0xaa, 0x48, 0x16,
  22:modules/referee/crc_ref.c **** 		0xe9, 0xb7, 0x55, 0x0b, 0x88, 0xd6, 0x34, 0x6a, 0x2b, 0x75, 0x97, 0xc9, 0x4a, 0x14, 0xf6, 0xa8,
  23:modules/referee/crc_ref.c **** 		0x74, 0x2a, 0xc8, 0x96, 0x15, 0x4b, 0xa9, 0xf7, 0xb6, 0xe8, 0x0a, 0x54, 0xd7, 0x89, 0x6b, 0x35,
  24:modules/referee/crc_ref.c **** };
  25:modules/referee/crc_ref.c **** 
  26:modules/referee/crc_ref.c **** 
  27:modules/referee/crc_ref.c **** uint16_t CRC_INIT = 0xffff;
  28:modules/referee/crc_ref.c **** const uint16_t wCRC_Table[256] =
  29:modules/referee/crc_ref.c **** {
ARM GAS  C:\Users\Administrator\AppData\Local\Temp\ccZimQrI.s 			page 2


  30:modules/referee/crc_ref.c **** 		0x0000, 0x1189, 0x2312, 0x329b, 0x4624, 0x57ad, 0x6536, 0x74bf,
  31:modules/referee/crc_ref.c **** 		0x8c48, 0x9dc1, 0xaf5a, 0xbed3, 0xca6c, 0xdbe5, 0xe97e, 0xf8f7,
  32:modules/referee/crc_ref.c **** 		0x1081, 0x0108, 0x3393, 0x221a, 0x56a5, 0x472c, 0x75b7, 0x643e,
  33:modules/referee/crc_ref.c **** 		0x9cc9, 0x8d40, 0xbfdb, 0xae52, 0xdaed, 0xcb64, 0xf9ff, 0xe876,
  34:modules/referee/crc_ref.c **** 		0x2102, 0x308b, 0x0210, 0x1399, 0x6726, 0x76af, 0x4434, 0x55bd,
  35:modules/referee/crc_ref.c **** 		0xad4a, 0xbcc3, 0x8e58, 0x9fd1, 0xeb6e, 0xfae7, 0xc87c, 0xd9f5,
  36:modules/referee/crc_ref.c **** 		0x3183, 0x200a, 0x1291, 0x0318, 0x77a7, 0x662e, 0x54b5, 0x453c,
  37:modules/referee/crc_ref.c **** 		0xbdcb, 0xac42, 0x9ed9, 0x8f50, 0xfbef, 0xea66, 0xd8fd, 0xc974,
  38:modules/referee/crc_ref.c **** 		0x4204, 0x538d, 0x6116, 0x709f, 0x0420, 0x15a9, 0x2732, 0x36bb,
  39:modules/referee/crc_ref.c **** 		0xce4c, 0xdfc5, 0xed5e, 0xfcd7, 0x8868, 0x99e1, 0xab7a, 0xbaf3,
  40:modules/referee/crc_ref.c **** 		0x5285, 0x430c, 0x7197, 0x601e, 0x14a1, 0x0528, 0x37b3, 0x263a,
  41:modules/referee/crc_ref.c **** 		0xdecd, 0xcf44, 0xfddf, 0xec56, 0x98e9, 0x8960, 0xbbfb, 0xaa72,
  42:modules/referee/crc_ref.c **** 		0x6306, 0x728f, 0x4014, 0x519d, 0x2522, 0x34ab, 0x0630, 0x17b9,
  43:modules/referee/crc_ref.c **** 		0xef4e, 0xfec7, 0xcc5c, 0xddd5, 0xa96a, 0xb8e3, 0x8a78, 0x9bf1,
  44:modules/referee/crc_ref.c **** 		0x7387, 0x620e, 0x5095, 0x411c, 0x35a3, 0x242a, 0x16b1, 0x0738,
  45:modules/referee/crc_ref.c **** 		0xffcf, 0xee46, 0xdcdd, 0xcd54, 0xb9eb, 0xa862, 0x9af9, 0x8b70,
  46:modules/referee/crc_ref.c **** 		0x8408, 0x9581, 0xa71a, 0xb693, 0xc22c, 0xd3a5, 0xe13e, 0xf0b7,
  47:modules/referee/crc_ref.c **** 		0x0840, 0x19c9, 0x2b52, 0x3adb, 0x4e64, 0x5fed, 0x6d76, 0x7cff,
  48:modules/referee/crc_ref.c **** 		0x9489, 0x8500, 0xb79b, 0xa612, 0xd2ad, 0xc324, 0xf1bf, 0xe036,
  49:modules/referee/crc_ref.c **** 		0x18c1, 0x0948, 0x3bd3, 0x2a5a, 0x5ee5, 0x4f6c, 0x7df7, 0x6c7e,
  50:modules/referee/crc_ref.c **** 		0xa50a, 0xb483, 0x8618, 0x9791, 0xe32e, 0xf2a7, 0xc03c, 0xd1b5,
  51:modules/referee/crc_ref.c **** 		0x2942, 0x38cb, 0x0a50, 0x1bd9, 0x6f66, 0x7eef, 0x4c74, 0x5dfd,
  52:modules/referee/crc_ref.c **** 		0xb58b, 0xa402, 0x9699, 0x8710, 0xf3af, 0xe226, 0xd0bd, 0xc134,
  53:modules/referee/crc_ref.c **** 		0x39c3, 0x284a, 0x1ad1, 0x0b58, 0x7fe7, 0x6e6e, 0x5cf5, 0x4d7c,
  54:modules/referee/crc_ref.c **** 		0xc60c, 0xd785, 0xe51e, 0xf497, 0x8028, 0x91a1, 0xa33a, 0xb2b3,
  55:modules/referee/crc_ref.c **** 		0x4a44, 0x5bcd, 0x6956, 0x78df, 0x0c60, 0x1de9, 0x2f72, 0x3efb,
  56:modules/referee/crc_ref.c **** 		0xd68d, 0xc704, 0xf59f, 0xe416, 0x90a9, 0x8120, 0xb3bb, 0xa232,
  57:modules/referee/crc_ref.c **** 		0x5ac5, 0x4b4c, 0x79d7, 0x685e, 0x1ce1, 0x0d68, 0x3ff3, 0x2e7a,
  58:modules/referee/crc_ref.c **** 		0xe70e, 0xf687, 0xc41c, 0xd595, 0xa12a, 0xb0a3, 0x8238, 0x93b1,
  59:modules/referee/crc_ref.c **** 		0x6b46, 0x7acf, 0x4854, 0x59dd, 0x2d62, 0x3ceb, 0x0e70, 0x1ff9,
  60:modules/referee/crc_ref.c **** 		0xf78f, 0xe606, 0xd49d, 0xc514, 0xb1ab, 0xa022, 0x92b9, 0x8330,
  61:modules/referee/crc_ref.c **** 		0x7bc7, 0x6a4e, 0x58d5, 0x495c, 0x3de3, 0x2c6a, 0x1ef1, 0x0f78
  62:modules/referee/crc_ref.c **** };
  63:modules/referee/crc_ref.c **** 
  64:modules/referee/crc_ref.c **** // CRC8
  65:modules/referee/crc_ref.c **** void Append_CRC8_Check_Sum( uint8_t *pchMessage, uint16_t dwLength);
  66:modules/referee/crc_ref.c **** uint32_t Verify_CRC8_Check_Sum( uint8_t *pchMessage, uint16_t dwLength);
  67:modules/referee/crc_ref.c **** uint8_t Get_CRC8_Check_Sum( uint8_t *pchMessage, uint16_t dwLength, uint8_t ucCRC8 );
  68:modules/referee/crc_ref.c **** 
  69:modules/referee/crc_ref.c **** // CRC16
  70:modules/referee/crc_ref.c **** void Append_CRC16_Check_Sum(uint8_t * pchMessage,uint32_t dwLength);
  71:modules/referee/crc_ref.c **** uint32_t Verify_CRC16_Check_Sum(uint8_t *pchMessage, uint32_t dwLength);
  72:modules/referee/crc_ref.c **** uint16_t Get_CRC16_Check_Sum(uint8_t *pchMessage,uint32_t dwLength,uint16_t wCRC);
  73:modules/referee/crc_ref.c **** 
  74:modules/referee/crc_ref.c **** 
  75:modules/referee/crc_ref.c **** 
  76:modules/referee/crc_ref.c **** 
  77:modules/referee/crc_ref.c **** /* CRC校验 */
  78:modules/referee/crc_ref.c **** 
  79:modules/referee/crc_ref.c **** uint8_t Get_CRC8_Check_Sum( uint8_t *pchMessage, uint16_t dwLength, uint8_t ucCRC8 )
  80:modules/referee/crc_ref.c **** {
  30              		.loc 1 80 1 view -0
  31              		.cfi_startproc
  32              		@ args = 0, pretend = 0, frame = 0
  33              		@ frame_needed = 0, uses_anonymous_args = 0
  34              		@ link register save eliminated.
  35              		.loc 1 80 1 is_stmt 0 view .LVU1
ARM GAS  C:\Users\Administrator\AppData\Local\Temp\ccZimQrI.s 			page 3


  36 0000 0346     		mov	r3, r0
  37 0002 1046     		mov	r0, r2
  38              	.LVL1:
  81:modules/referee/crc_ref.c **** 		uint8_t ucIndex;
  39              		.loc 1 81 3 is_stmt 1 view .LVU2
  82:modules/referee/crc_ref.c **** 	
  83:modules/referee/crc_ref.c **** 		while (dwLength--)
  40              		.loc 1 83 3 view .LVU3
  41              		.loc 1 83 9 is_stmt 0 view .LVU4
  42 0004 05E0     		b	.L2
  43              	.LVL2:
  44              	.L3:
  84:modules/referee/crc_ref.c **** 		{
  85:modules/referee/crc_ref.c **** 				ucIndex = ucCRC8^(*pchMessage++);
  45              		.loc 1 85 5 is_stmt 1 view .LVU5
  46              		.loc 1 85 23 is_stmt 0 view .LVU6
  47 0006 13F8011B 		ldrb	r1, [r3], #1	@ zero_extendqisi2
  48              	.LVL3:
  49              		.loc 1 85 13 view .LVU7
  50 000a 4140     		eors	r1, r1, r0
  51              	.LVL4:
  86:modules/referee/crc_ref.c **** 				ucCRC8 = CRC8_TAB[ucIndex];
  52              		.loc 1 86 5 is_stmt 1 view .LVU8
  53              		.loc 1 86 12 is_stmt 0 view .LVU9
  54 000c 044A     		ldr	r2, .L4
  55 000e 505C     		ldrb	r0, [r2, r1]	@ zero_extendqisi2
  56              	.LVL5:
  83:modules/referee/crc_ref.c **** 		{
  57              		.loc 1 83 18 view .LVU10
  58 0010 6146     		mov	r1, ip
  59              	.LVL6:
  60              	.L2:
  83:modules/referee/crc_ref.c **** 		{
  61              		.loc 1 83 10 is_stmt 1 view .LVU11
  83:modules/referee/crc_ref.c **** 		{
  62              		.loc 1 83 18 is_stmt 0 view .LVU12
  63 0012 01F1FF3C 		add	ip, r1, #-1
  64 0016 1FFA8CFC 		uxth	ip, ip
  65              	.LVL7:
  83:modules/referee/crc_ref.c **** 		{
  66              		.loc 1 83 10 view .LVU13
  67 001a 0029     		cmp	r1, #0
  68 001c F3D1     		bne	.L3
  87:modules/referee/crc_ref.c **** 		}
  88:modules/referee/crc_ref.c **** 		return ucCRC8;
  69              		.loc 1 88 3 is_stmt 1 view .LVU14
  89:modules/referee/crc_ref.c **** }
  70              		.loc 1 89 1 is_stmt 0 view .LVU15
  71 001e 7047     		bx	lr
  72              	.L5:
  73              		.align	2
  74              	.L4:
  75 0020 00000000 		.word	CRC8_TAB
  76              		.cfi_endproc
  77              	.LFE3:
  79              		.section	.text.Verify_CRC8_Check_Sum,"ax",%progbits
  80              		.align	1
ARM GAS  C:\Users\Administrator\AppData\Local\Temp\ccZimQrI.s 			page 4


  81              		.global	Verify_CRC8_Check_Sum
  82              		.syntax unified
  83              		.thumb
  84              		.thumb_func
  86              	Verify_CRC8_Check_Sum:
  87              	.LVL8:
  88              	.LFB4:
  90:modules/referee/crc_ref.c **** 
  91:modules/referee/crc_ref.c **** 
  92:modules/referee/crc_ref.c **** /*
  93:modules/referee/crc_ref.c **** ** Descriptions: CRC8 Verify function
  94:modules/referee/crc_ref.c **** ** Input: Data to Verify,Stream length = Data + checksum
  95:modules/referee/crc_ref.c **** ** Output: True or False (CRC Verify Result)
  96:modules/referee/crc_ref.c **** */
  97:modules/referee/crc_ref.c **** uint32_t Verify_CRC8_Check_Sum( uint8_t *pchMessage, uint16_t dwLength)
  98:modules/referee/crc_ref.c **** {
  89              		.loc 1 98 1 is_stmt 1 view -0
  90              		.cfi_startproc
  91              		@ args = 0, pretend = 0, frame = 0
  92              		@ frame_needed = 0, uses_anonymous_args = 0
  99:modules/referee/crc_ref.c **** 		uint8_t ucExpected = 0;
  93              		.loc 1 99 3 view .LVU17
 100:modules/referee/crc_ref.c **** 	
 101:modules/referee/crc_ref.c **** 		if (pchMessage == 0 || dwLength <= 2)
  94              		.loc 1 101 3 view .LVU18
  95              		.loc 1 101 6 is_stmt 0 view .LVU19
  96 0000 88B1     		cbz	r0, .L11
  98:modules/referee/crc_ref.c **** 		uint8_t ucExpected = 0;
  97              		.loc 1 98 1 view .LVU20
  98 0002 38B5     		push	{r3, r4, r5, lr}
  99              		.cfi_def_cfa_offset 16
 100              		.cfi_offset 3, -16
 101              		.cfi_offset 4, -12
 102              		.cfi_offset 5, -8
 103              		.cfi_offset 14, -4
 104 0004 0446     		mov	r4, r0
 105              		.loc 1 101 23 discriminator 1 view .LVU21
 106 0006 0229     		cmp	r1, #2
 107 0008 0BD9     		bls	.L9
 102:modules/referee/crc_ref.c **** 		{
 103:modules/referee/crc_ref.c **** 			  return 0;
 104:modules/referee/crc_ref.c **** 		}
 105:modules/referee/crc_ref.c **** 		
 106:modules/referee/crc_ref.c **** 		ucExpected = Get_CRC8_Check_Sum( pchMessage, dwLength-1, CRC8_INIT);
 108              		.loc 1 106 3 is_stmt 1 view .LVU22
 109              		.loc 1 106 16 is_stmt 0 view .LVU23
 110 000a 4B1E     		subs	r3, r1, #1
 111 000c 1D46     		mov	r5, r3
 112 000e FF22     		movs	r2, #255
 113 0010 99B2     		uxth	r1, r3
 114              	.LVL9:
 115              		.loc 1 106 16 view .LVU24
 116 0012 FFF7FEFF 		bl	Get_CRC8_Check_Sum
 117              	.LVL10:
 107:modules/referee/crc_ref.c **** 		
 108:modules/referee/crc_ref.c **** 		return ( ucExpected == pchMessage[dwLength-1] );
 118              		.loc 1 108 3 is_stmt 1 view .LVU25
ARM GAS  C:\Users\Administrator\AppData\Local\Temp\ccZimQrI.s 			page 5


 119              		.loc 1 108 36 is_stmt 0 view .LVU26
 120 0016 635D     		ldrb	r3, [r4, r5]	@ zero_extendqisi2
 121              		.loc 1 108 23 view .LVU27
 122 0018 8342     		cmp	r3, r0
 123 001a 14BF     		ite	ne
 124 001c 0020     		movne	r0, #0
 125              	.LVL11:
 126              		.loc 1 108 23 view .LVU28
 127 001e 0120     		moveq	r0, #1
 128              	.LVL12:
 129              	.L6:
 109:modules/referee/crc_ref.c **** }
 130              		.loc 1 109 1 view .LVU29
 131 0020 38BD     		pop	{r3, r4, r5, pc}
 132              	.LVL13:
 133              	.L9:
 103:modules/referee/crc_ref.c **** 		}
 134              		.loc 1 103 13 view .LVU30
 135 0022 0020     		movs	r0, #0
 136              	.LVL14:
 103:modules/referee/crc_ref.c **** 		}
 137              		.loc 1 103 13 view .LVU31
 138 0024 FCE7     		b	.L6
 139              	.LVL15:
 140              	.L11:
 141              		.cfi_def_cfa_offset 0
 142              		.cfi_restore 3
 143              		.cfi_restore 4
 144              		.cfi_restore 5
 145              		.cfi_restore 14
 146              		.loc 1 109 1 view .LVU32
 147 0026 7047     		bx	lr
 148              		.cfi_endproc
 149              	.LFE4:
 151              		.section	.text.Append_CRC8_Check_Sum,"ax",%progbits
 152              		.align	1
 153              		.global	Append_CRC8_Check_Sum
 154              		.syntax unified
 155              		.thumb
 156              		.thumb_func
 158              	Append_CRC8_Check_Sum:
 159              	.LVL16:
 160              	.LFB5:
 110:modules/referee/crc_ref.c **** 
 111:modules/referee/crc_ref.c **** 
 112:modules/referee/crc_ref.c **** /*
 113:modules/referee/crc_ref.c **** ** Descriptions: append CRC8 to the end of data
 114:modules/referee/crc_ref.c **** ** Input: Data to CRC and append,Stream length = Data + checksum
 115:modules/referee/crc_ref.c **** ** Output: True or False (CRC Verify Result)
 116:modules/referee/crc_ref.c **** */
 117:modules/referee/crc_ref.c **** void Append_CRC8_Check_Sum( uint8_t *pchMessage, uint16_t dwLength)
 118:modules/referee/crc_ref.c **** {
 161              		.loc 1 118 1 is_stmt 1 view -0
 162              		.cfi_startproc
 163              		@ args = 0, pretend = 0, frame = 0
 164              		@ frame_needed = 0, uses_anonymous_args = 0
 119:modules/referee/crc_ref.c **** 		uint8_t ucCRC = 0;
ARM GAS  C:\Users\Administrator\AppData\Local\Temp\ccZimQrI.s 			page 6


 165              		.loc 1 119 3 view .LVU34
 120:modules/referee/crc_ref.c **** 	
 121:modules/referee/crc_ref.c **** 		if (pchMessage == 0 || dwLength <= 2)
 166              		.loc 1 121 3 view .LVU35
 167              		.loc 1 121 6 is_stmt 0 view .LVU36
 168 0000 58B1     		cbz	r0, .L17
 118:modules/referee/crc_ref.c **** 		uint8_t ucCRC = 0;
 169              		.loc 1 118 1 view .LVU37
 170 0002 38B5     		push	{r3, r4, r5, lr}
 171              		.cfi_def_cfa_offset 16
 172              		.cfi_offset 3, -16
 173              		.cfi_offset 4, -12
 174              		.cfi_offset 5, -8
 175              		.cfi_offset 14, -4
 176 0004 0446     		mov	r4, r0
 177              		.loc 1 121 23 discriminator 1 view .LVU38
 178 0006 0229     		cmp	r1, #2
 179 0008 06D9     		bls	.L14
 122:modules/referee/crc_ref.c **** 		{
 123:modules/referee/crc_ref.c **** 			  return;
 124:modules/referee/crc_ref.c **** 		}
 125:modules/referee/crc_ref.c **** 		
 126:modules/referee/crc_ref.c **** 		ucCRC = Get_CRC8_Check_Sum( (uint8_t *)pchMessage, dwLength-1, CRC8_INIT);
 180              		.loc 1 126 3 is_stmt 1 view .LVU39
 181              		.loc 1 126 11 is_stmt 0 view .LVU40
 182 000a 4B1E     		subs	r3, r1, #1
 183 000c 1D46     		mov	r5, r3
 184 000e FF22     		movs	r2, #255
 185 0010 99B2     		uxth	r1, r3
 186              	.LVL17:
 187              		.loc 1 126 11 view .LVU41
 188 0012 FFF7FEFF 		bl	Get_CRC8_Check_Sum
 189              	.LVL18:
 127:modules/referee/crc_ref.c **** 		
 128:modules/referee/crc_ref.c **** 		pchMessage[dwLength-1] = ucCRC;
 190              		.loc 1 128 3 is_stmt 1 view .LVU42
 191              		.loc 1 128 26 is_stmt 0 view .LVU43
 192 0016 6055     		strb	r0, [r4, r5]
 193              	.LVL19:
 194              	.L14:
 129:modules/referee/crc_ref.c **** }
 195              		.loc 1 129 1 view .LVU44
 196 0018 38BD     		pop	{r3, r4, r5, pc}
 197              	.LVL20:
 198              	.L17:
 199              		.cfi_def_cfa_offset 0
 200              		.cfi_restore 3
 201              		.cfi_restore 4
 202              		.cfi_restore 5
 203              		.cfi_restore 14
 204              		.loc 1 129 1 view .LVU45
 205 001a 7047     		bx	lr
 206              		.cfi_endproc
 207              	.LFE5:
 209              		.section	.text.Get_CRC16_Check_Sum,"ax",%progbits
 210              		.align	1
 211              		.global	Get_CRC16_Check_Sum
ARM GAS  C:\Users\Administrator\AppData\Local\Temp\ccZimQrI.s 			page 7


 212              		.syntax unified
 213              		.thumb
 214              		.thumb_func
 216              	Get_CRC16_Check_Sum:
 217              	.LVL21:
 218              	.LFB6:
 130:modules/referee/crc_ref.c **** 
 131:modules/referee/crc_ref.c **** 
 132:modules/referee/crc_ref.c **** /*
 133:modules/referee/crc_ref.c **** ** Descriptions: CRC16 checksum function
 134:modules/referee/crc_ref.c **** ** Input: Data to check,Stream length, initialized checksum
 135:modules/referee/crc_ref.c **** ** Output: CRC checksum
 136:modules/referee/crc_ref.c **** */
 137:modules/referee/crc_ref.c **** uint16_t Get_CRC16_Check_Sum(uint8_t *pchMessage,uint32_t dwLength,uint16_t wCRC)
 138:modules/referee/crc_ref.c **** {
 219              		.loc 1 138 1 is_stmt 1 view -0
 220              		.cfi_startproc
 221              		@ args = 0, pretend = 0, frame = 0
 222              		@ frame_needed = 0, uses_anonymous_args = 0
 223              		@ link register save eliminated.
 139:modules/referee/crc_ref.c ****     uint8_t chData;	
 224              		.loc 1 139 5 view .LVU47
 140:modules/referee/crc_ref.c **** 	if (pchMessage == NULL)
 225              		.loc 1 140 2 view .LVU48
 226              		.loc 1 140 5 is_stmt 0 view .LVU49
 227 0000 0346     		mov	r3, r0
 228 0002 68B9     		cbnz	r0, .L22
 141:modules/referee/crc_ref.c **** 	{
 142:modules/referee/crc_ref.c **** 		return 0xFFFF;
 229              		.loc 1 142 10 view .LVU50
 230 0004 4FF6FF72 		movw	r2, #65535
 231              	.LVL22:
 232              		.loc 1 142 10 view .LVU51
 233 0008 0DE0     		b	.L21
 234              	.LVL23:
 235              	.L23:
 143:modules/referee/crc_ref.c **** 	}
 144:modules/referee/crc_ref.c **** 	while(dwLength--)
 145:modules/referee/crc_ref.c **** 	{
 146:modules/referee/crc_ref.c **** 		chData = *pchMessage++;
 236              		.loc 1 146 3 is_stmt 1 view .LVU52
 237              		.loc 1 146 10 is_stmt 0 view .LVU53
 238 000a 13F8011B 		ldrb	r1, [r3], #1	@ zero_extendqisi2
 239              	.LVL24:
 147:modules/referee/crc_ref.c **** 		(wCRC) = ((uint16_t)(wCRC) >> 8) ^ 
 240              		.loc 1 147 3 is_stmt 1 view .LVU54
 148:modules/referee/crc_ref.c **** 		wCRC_Table[((uint16_t)(wCRC) ^ (uint16_t)(chData)) & 0x00ff];
 241              		.loc 1 148 32 is_stmt 0 view .LVU55
 242 000e 5140     		eors	r1, r1, r2
 243              	.LVL25:
 244              		.loc 1 148 54 view .LVU56
 245 0010 C9B2     		uxtb	r1, r1
 246              		.loc 1 148 13 view .LVU57
 247 0012 DFF818C0 		ldr	ip, .L25
 248 0016 3CF81110 		ldrh	r1, [ip, r1, lsl #1]
 147:modules/referee/crc_ref.c **** 		(wCRC) = ((uint16_t)(wCRC) >> 8) ^ 
 249              		.loc 1 147 10 view .LVU58
ARM GAS  C:\Users\Administrator\AppData\Local\Temp\ccZimQrI.s 			page 8


 250 001a 81EA1222 		eor	r2, r1, r2, lsr #8
 251              	.LVL26:
 144:modules/referee/crc_ref.c **** 	{
 252              		.loc 1 144 16 view .LVU59
 253 001e 0146     		mov	r1, r0
 254              	.LVL27:
 255              	.L22:
 144:modules/referee/crc_ref.c **** 	{
 256              		.loc 1 144 8 is_stmt 1 view .LVU60
 144:modules/referee/crc_ref.c **** 	{
 257              		.loc 1 144 16 is_stmt 0 view .LVU61
 258 0020 481E     		subs	r0, r1, #1
 259              	.LVL28:
 144:modules/referee/crc_ref.c **** 	{
 260              		.loc 1 144 8 view .LVU62
 261 0022 0029     		cmp	r1, #0
 262 0024 F1D1     		bne	.L23
 263              	.LVL29:
 264              	.L21:
 149:modules/referee/crc_ref.c **** 	}		
 150:modules/referee/crc_ref.c **** 	return wCRC;
 151:modules/referee/crc_ref.c **** }
 265              		.loc 1 151 1 view .LVU63
 266 0026 1046     		mov	r0, r2
 267 0028 7047     		bx	lr
 268              	.L26:
 269 002a 00BF     		.align	2
 270              	.L25:
 271 002c 00000000 		.word	wCRC_Table
 272              		.cfi_endproc
 273              	.LFE6:
 275              		.section	.text.Verify_CRC16_Check_Sum,"ax",%progbits
 276              		.align	1
 277              		.global	Verify_CRC16_Check_Sum
 278              		.syntax unified
 279              		.thumb
 280              		.thumb_func
 282              	Verify_CRC16_Check_Sum:
 283              	.LVL30:
 284              	.LFB7:
 152:modules/referee/crc_ref.c **** 
 153:modules/referee/crc_ref.c **** 
 154:modules/referee/crc_ref.c **** /*
 155:modules/referee/crc_ref.c **** ** Descriptions: CRC16 Verify function
 156:modules/referee/crc_ref.c **** ** Input: Data to Verify,Stream length = Data + checksum
 157:modules/referee/crc_ref.c **** ** Output: True or False (CRC Verify Result)
 158:modules/referee/crc_ref.c **** */
 159:modules/referee/crc_ref.c **** uint32_t Verify_CRC16_Check_Sum(uint8_t *pchMessage, uint32_t dwLength)
 160:modules/referee/crc_ref.c **** {
 285              		.loc 1 160 1 is_stmt 1 view -0
 286              		.cfi_startproc
 287              		@ args = 0, pretend = 0, frame = 0
 288              		@ frame_needed = 0, uses_anonymous_args = 0
 161:modules/referee/crc_ref.c **** 		uint16_t wExpected = 0;
 289              		.loc 1 161 3 view .LVU65
 162:modules/referee/crc_ref.c **** 	
 163:modules/referee/crc_ref.c **** 		if ((pchMessage == NULL) || (dwLength <= 2))
ARM GAS  C:\Users\Administrator\AppData\Local\Temp\ccZimQrI.s 			page 9


 290              		.loc 1 163 3 view .LVU66
 291              		.loc 1 163 6 is_stmt 0 view .LVU67
 292 0000 E8B1     		cbz	r0, .L35
 160:modules/referee/crc_ref.c **** 		uint16_t wExpected = 0;
 293              		.loc 1 160 1 view .LVU68
 294 0002 70B5     		push	{r4, r5, r6, lr}
 295              		.cfi_def_cfa_offset 16
 296              		.cfi_offset 4, -16
 297              		.cfi_offset 5, -12
 298              		.cfi_offset 6, -8
 299              		.cfi_offset 14, -4
 300 0004 0E46     		mov	r6, r1
 301 0006 0446     		mov	r4, r0
 302              		.loc 1 163 28 discriminator 1 view .LVU69
 303 0008 0229     		cmp	r1, #2
 304 000a 16D9     		bls	.L31
 164:modules/referee/crc_ref.c **** 		{
 165:modules/referee/crc_ref.c ****         	return FALSE;
 166:modules/referee/crc_ref.c **** 		}
 167:modules/referee/crc_ref.c **** 		
 168:modules/referee/crc_ref.c **** 		wExpected = Get_CRC16_Check_Sum ( pchMessage, dwLength - 2, CRC_INIT);
 305              		.loc 1 168 3 is_stmt 1 view .LVU70
 306              		.loc 1 168 58 is_stmt 0 view .LVU71
 307 000c 8B1E     		subs	r3, r1, #2
 308              		.loc 1 168 15 view .LVU72
 309 000e 0C4A     		ldr	r2, .L39
 310 0010 1288     		ldrh	r2, [r2]
 311 0012 1D46     		mov	r5, r3
 312 0014 1946     		mov	r1, r3
 313              	.LVL31:
 314              		.loc 1 168 15 view .LVU73
 315 0016 FFF7FEFF 		bl	Get_CRC16_Check_Sum
 316              	.LVL32:
 169:modules/referee/crc_ref.c **** 		return ( (wExpected & 0xff) == pchMessage[dwLength - 2] 
 317              		.loc 1 169 3 is_stmt 1 view .LVU74
 318              		.loc 1 169 44 is_stmt 0 view .LVU75
 319 001a 625D     		ldrb	r2, [r4, r5]	@ zero_extendqisi2
 170:modules/referee/crc_ref.c **** 			     && ((wExpected >> 8) & 0xff) == pchMessage[dwLength - 1]);
 320              		.loc 1 170 9 view .LVU76
 321 001c C3B2     		uxtb	r3, r0
 322 001e 9A42     		cmp	r2, r3
 323 0020 01D0     		beq	.L38
 324              		.loc 1 170 9 discriminator 4 view .LVU77
 325 0022 0020     		movs	r0, #0
 326              	.LVL33:
 327              	.L27:
 171:modules/referee/crc_ref.c **** }
 328              		.loc 1 171 1 view .LVU78
 329 0024 70BD     		pop	{r4, r5, r6, pc}
 330              	.LVL34:
 331              	.L38:
 170:modules/referee/crc_ref.c **** 			     && ((wExpected >> 8) & 0xff) == pchMessage[dwLength - 1]);
 332              		.loc 1 170 30 discriminator 1 view .LVU79
 333 0026 C0F30F20 		ubfx	r0, r0, #8, #16
 334              	.LVL35:
 170:modules/referee/crc_ref.c **** 			     && ((wExpected >> 8) & 0xff) == pchMessage[dwLength - 1]);
 335              		.loc 1 170 61 discriminator 1 view .LVU80
ARM GAS  C:\Users\Administrator\AppData\Local\Temp\ccZimQrI.s 			page 10


 336 002a 731E     		subs	r3, r6, #1
 170:modules/referee/crc_ref.c **** 			     && ((wExpected >> 8) & 0xff) == pchMessage[dwLength - 1]);
 337              		.loc 1 170 51 discriminator 1 view .LVU81
 338 002c E35C     		ldrb	r3, [r4, r3]	@ zero_extendqisi2
 170:modules/referee/crc_ref.c **** 			     && ((wExpected >> 8) & 0xff) == pchMessage[dwLength - 1]);
 339              		.loc 1 170 9 discriminator 1 view .LVU82
 340 002e 9842     		cmp	r0, r3
 341 0030 01D0     		beq	.L33
 170:modules/referee/crc_ref.c **** 			     && ((wExpected >> 8) & 0xff) == pchMessage[dwLength - 1]);
 342              		.loc 1 170 9 discriminator 4 view .LVU83
 343 0032 0020     		movs	r0, #0
 344 0034 F6E7     		b	.L27
 345              	.L33:
 170:modules/referee/crc_ref.c **** 			     && ((wExpected >> 8) & 0xff) == pchMessage[dwLength - 1]);
 346              		.loc 1 170 9 discriminator 3 view .LVU84
 347 0036 0120     		movs	r0, #1
 170:modules/referee/crc_ref.c **** 			     && ((wExpected >> 8) & 0xff) == pchMessage[dwLength - 1]);
 348              		.loc 1 170 9 view .LVU85
 349 0038 F4E7     		b	.L27
 350              	.LVL36:
 351              	.L31:
 165:modules/referee/crc_ref.c **** 		}
 352              		.loc 1 165 17 view .LVU86
 353 003a 0020     		movs	r0, #0
 354              	.LVL37:
 165:modules/referee/crc_ref.c **** 		}
 355              		.loc 1 165 17 view .LVU87
 356 003c F2E7     		b	.L27
 357              	.LVL38:
 358              	.L35:
 359              		.cfi_def_cfa_offset 0
 360              		.cfi_restore 4
 361              		.cfi_restore 5
 362              		.cfi_restore 6
 363              		.cfi_restore 14
 364              		.loc 1 171 1 view .LVU88
 365 003e 7047     		bx	lr
 366              	.L40:
 367              		.align	2
 368              	.L39:
 369 0040 00000000 		.word	CRC_INIT
 370              		.cfi_endproc
 371              	.LFE7:
 373              		.section	.text.Append_CRC16_Check_Sum,"ax",%progbits
 374              		.align	1
 375              		.global	Append_CRC16_Check_Sum
 376              		.syntax unified
 377              		.thumb
 378              		.thumb_func
 380              	Append_CRC16_Check_Sum:
 381              	.LVL39:
 382              	.LFB8:
 172:modules/referee/crc_ref.c **** 
 173:modules/referee/crc_ref.c **** 
 174:modules/referee/crc_ref.c **** /*
 175:modules/referee/crc_ref.c **** ** Descriptions: append CRC16 to the end of data
 176:modules/referee/crc_ref.c **** ** Input: Data to CRC and append,Stream length = Data + checksum
ARM GAS  C:\Users\Administrator\AppData\Local\Temp\ccZimQrI.s 			page 11


 177:modules/referee/crc_ref.c **** ** Output: True or False (CRC Verify Result)
 178:modules/referee/crc_ref.c **** */
 179:modules/referee/crc_ref.c **** void Append_CRC16_Check_Sum(uint8_t * pchMessage,uint32_t dwLength)
 180:modules/referee/crc_ref.c **** {
 383              		.loc 1 180 1 is_stmt 1 view -0
 384              		.cfi_startproc
 385              		@ args = 0, pretend = 0, frame = 0
 386              		@ frame_needed = 0, uses_anonymous_args = 0
 181:modules/referee/crc_ref.c **** 		uint16_t wCRC = 0;
 387              		.loc 1 181 3 view .LVU90
 182:modules/referee/crc_ref.c **** 	
 183:modules/referee/crc_ref.c **** 		if ((pchMessage == NULL) || (dwLength <= 2))
 388              		.loc 1 183 3 view .LVU91
 389              		.loc 1 183 6 is_stmt 0 view .LVU92
 390 0000 88B1     		cbz	r0, .L44
 180:modules/referee/crc_ref.c **** 		uint16_t wCRC = 0;
 391              		.loc 1 180 1 view .LVU93
 392 0002 70B5     		push	{r4, r5, r6, lr}
 393              		.cfi_def_cfa_offset 16
 394              		.cfi_offset 4, -16
 395              		.cfi_offset 5, -12
 396              		.cfi_offset 6, -8
 397              		.cfi_offset 14, -4
 398 0004 0C46     		mov	r4, r1
 399 0006 0546     		mov	r5, r0
 400              		.loc 1 183 28 discriminator 1 view .LVU94
 401 0008 0229     		cmp	r1, #2
 402 000a 0BD9     		bls	.L41
 184:modules/referee/crc_ref.c **** 		{
 185:modules/referee/crc_ref.c **** 				return;
 186:modules/referee/crc_ref.c **** 		}
 187:modules/referee/crc_ref.c **** 		
 188:modules/referee/crc_ref.c **** 		wCRC = Get_CRC16_Check_Sum ( (uint8_t *)pchMessage, dwLength-2, CRC_INIT );
 403              		.loc 1 188 3 is_stmt 1 view .LVU95
 404              		.loc 1 188 63 is_stmt 0 view .LVU96
 405 000c 8A1E     		subs	r2, r1, #2
 406 000e 1646     		mov	r6, r2
 407              		.loc 1 188 10 view .LVU97
 408 0010 054B     		ldr	r3, .L47
 409 0012 1A88     		ldrh	r2, [r3]
 410 0014 3146     		mov	r1, r6
 411              	.LVL40:
 412              		.loc 1 188 10 view .LVU98
 413 0016 FFF7FEFF 		bl	Get_CRC16_Check_Sum
 414              	.LVL41:
 189:modules/referee/crc_ref.c **** 		
 190:modules/referee/crc_ref.c **** 		pchMessage[dwLength-2] = (uint8_t)(wCRC & 0x00ff);
 415              		.loc 1 190 3 is_stmt 1 view .LVU99
 416              		.loc 1 190 26 is_stmt 0 view .LVU100
 417 001a A855     		strb	r0, [r5, r6]
 191:modules/referee/crc_ref.c **** 		pchMessage[dwLength-1] = (uint8_t)((wCRC >> 8)& 0x00ff);
 418              		.loc 1 191 3 is_stmt 1 view .LVU101
 419              		.loc 1 191 22 is_stmt 0 view .LVU102
 420 001c 013C     		subs	r4, r4, #1
 421              	.LVL42:
 422              		.loc 1 191 28 view .LVU103
 423 001e C0F30720 		ubfx	r0, r0, #8, #8
ARM GAS  C:\Users\Administrator\AppData\Local\Temp\ccZimQrI.s 			page 12


 424              	.LVL43:
 425              		.loc 1 191 26 view .LVU104
 426 0022 2855     		strb	r0, [r5, r4]
 427              	.LVL44:
 428              	.L41:
 192:modules/referee/crc_ref.c **** }
 429              		.loc 1 192 1 view .LVU105
 430 0024 70BD     		pop	{r4, r5, r6, pc}
 431              	.LVL45:
 432              	.L44:
 433              		.cfi_def_cfa_offset 0
 434              		.cfi_restore 4
 435              		.cfi_restore 5
 436              		.cfi_restore 6
 437              		.cfi_restore 14
 438              		.loc 1 192 1 view .LVU106
 439 0026 7047     		bx	lr
 440              	.L48:
 441              		.align	2
 442              	.L47:
 443 0028 00000000 		.word	CRC_INIT
 444              		.cfi_endproc
 445              	.LFE8:
 447              		.global	wCRC_Table
 448              		.section	.rodata.wCRC_Table,"a"
 449              		.align	2
 452              	wCRC_Table:
 453 0000 0000     		.short	0
 454 0002 8911     		.short	4489
 455 0004 1223     		.short	8978
 456 0006 9B32     		.short	12955
 457 0008 2446     		.short	17956
 458 000a AD57     		.short	22445
 459 000c 3665     		.short	25910
 460 000e BF74     		.short	29887
 461 0010 488C     		.short	-29624
 462 0012 C19D     		.short	-25151
 463 0014 5AAF     		.short	-20646
 464 0016 D3BE     		.short	-16685
 465 0018 6CCA     		.short	-13716
 466 001a E5DB     		.short	-9243
 467 001c 7EE9     		.short	-5762
 468 001e F7F8     		.short	-1801
 469 0020 8110     		.short	4225
 470 0022 0801     		.short	264
 471 0024 9333     		.short	13203
 472 0026 1A22     		.short	8730
 473 0028 A556     		.short	22181
 474 002a 2C47     		.short	18220
 475 002c B775     		.short	30135
 476 002e 3E64     		.short	25662
 477 0030 C99C     		.short	-25399
 478 0032 408D     		.short	-29376
 479 0034 DBBF     		.short	-16421
 480 0036 52AE     		.short	-20910
 481 0038 EDDA     		.short	-9491
 482 003a 64CB     		.short	-13468
ARM GAS  C:\Users\Administrator\AppData\Local\Temp\ccZimQrI.s 			page 13


 483 003c FFF9     		.short	-1537
 484 003e 76E8     		.short	-6026
 485 0040 0221     		.short	8450
 486 0042 8B30     		.short	12427
 487 0044 1002     		.short	528
 488 0046 9913     		.short	5017
 489 0048 2667     		.short	26406
 490 004a AF76     		.short	30383
 491 004c 3444     		.short	17460
 492 004e BD55     		.short	21949
 493 0050 4AAD     		.short	-21174
 494 0052 C3BC     		.short	-17213
 495 0054 588E     		.short	-29096
 496 0056 D19F     		.short	-24623
 497 0058 6EEB     		.short	-5266
 498 005a E7FA     		.short	-1305
 499 005c 7CC8     		.short	-14212
 500 005e F5D9     		.short	-9739
 501 0060 8331     		.short	12675
 502 0062 0A20     		.short	8202
 503 0064 9112     		.short	4753
 504 0066 1803     		.short	792
 505 0068 A777     		.short	30631
 506 006a 2E66     		.short	26158
 507 006c B554     		.short	21685
 508 006e 3C45     		.short	17724
 509 0070 CBBD     		.short	-16949
 510 0072 42AC     		.short	-21438
 511 0074 D99E     		.short	-24871
 512 0076 508F     		.short	-28848
 513 0078 EFFB     		.short	-1041
 514 007a 66EA     		.short	-5530
 515 007c FDD8     		.short	-9987
 516 007e 74C9     		.short	-13964
 517 0080 0442     		.short	16900
 518 0082 8D53     		.short	21389
 519 0084 1661     		.short	24854
 520 0086 9F70     		.short	28831
 521 0088 2004     		.short	1056
 522 008a A915     		.short	5545
 523 008c 3227     		.short	10034
 524 008e BB36     		.short	14011
 525 0090 4CCE     		.short	-12724
 526 0092 C5DF     		.short	-8251
 527 0094 5EED     		.short	-4770
 528 0096 D7FC     		.short	-809
 529 0098 6888     		.short	-30616
 530 009a E199     		.short	-26143
 531 009c 7AAB     		.short	-21638
 532 009e F3BA     		.short	-17677
 533 00a0 8552     		.short	21125
 534 00a2 0C43     		.short	17164
 535 00a4 9771     		.short	29079
 536 00a6 1E60     		.short	24606
 537 00a8 A114     		.short	5281
 538 00aa 2805     		.short	1320
 539 00ac B337     		.short	14259
ARM GAS  C:\Users\Administrator\AppData\Local\Temp\ccZimQrI.s 			page 14


 540 00ae 3A26     		.short	9786
 541 00b0 CDDE     		.short	-8499
 542 00b2 44CF     		.short	-12476
 543 00b4 DFFD     		.short	-545
 544 00b6 56EC     		.short	-5034
 545 00b8 E998     		.short	-26391
 546 00ba 6089     		.short	-30368
 547 00bc FBBB     		.short	-17413
 548 00be 72AA     		.short	-21902
 549 00c0 0663     		.short	25350
 550 00c2 8F72     		.short	29327
 551 00c4 1440     		.short	16404
 552 00c6 9D51     		.short	20893
 553 00c8 2225     		.short	9506
 554 00ca AB34     		.short	13483
 555 00cc 3006     		.short	1584
 556 00ce B917     		.short	6073
 557 00d0 4EEF     		.short	-4274
 558 00d2 C7FE     		.short	-313
 559 00d4 5CCC     		.short	-13220
 560 00d6 D5DD     		.short	-8747
 561 00d8 6AA9     		.short	-22166
 562 00da E3B8     		.short	-18205
 563 00dc 788A     		.short	-30088
 564 00de F19B     		.short	-25615
 565 00e0 8773     		.short	29575
 566 00e2 0E62     		.short	25102
 567 00e4 9550     		.short	20629
 568 00e6 1C41     		.short	16668
 569 00e8 A335     		.short	13731
 570 00ea 2A24     		.short	9258
 571 00ec B116     		.short	5809
 572 00ee 3807     		.short	1848
 573 00f0 CFFF     		.short	-49
 574 00f2 46EE     		.short	-4538
 575 00f4 DDDC     		.short	-8995
 576 00f6 54CD     		.short	-12972
 577 00f8 EBB9     		.short	-17941
 578 00fa 62A8     		.short	-22430
 579 00fc F99A     		.short	-25863
 580 00fe 708B     		.short	-29840
 581 0100 0884     		.short	-31736
 582 0102 8195     		.short	-27263
 583 0104 1AA7     		.short	-22758
 584 0106 93B6     		.short	-18797
 585 0108 2CC2     		.short	-15828
 586 010a A5D3     		.short	-11355
 587 010c 3EE1     		.short	-7874
 588 010e B7F0     		.short	-3913
 589 0110 4008     		.short	2112
 590 0112 C919     		.short	6601
 591 0114 522B     		.short	11090
 592 0116 DB3A     		.short	15067
 593 0118 644E     		.short	20068
 594 011a ED5F     		.short	24557
 595 011c 766D     		.short	28022
 596 011e FF7C     		.short	31999
ARM GAS  C:\Users\Administrator\AppData\Local\Temp\ccZimQrI.s 			page 15


 597 0120 8994     		.short	-27511
 598 0122 0085     		.short	-31488
 599 0124 9BB7     		.short	-18533
 600 0126 12A6     		.short	-23022
 601 0128 ADD2     		.short	-11603
 602 012a 24C3     		.short	-15580
 603 012c BFF1     		.short	-3649
 604 012e 36E0     		.short	-8138
 605 0130 C118     		.short	6337
 606 0132 4809     		.short	2376
 607 0134 D33B     		.short	15315
 608 0136 5A2A     		.short	10842
 609 0138 E55E     		.short	24293
 610 013a 6C4F     		.short	20332
 611 013c F77D     		.short	32247
 612 013e 7E6C     		.short	27774
 613 0140 0AA5     		.short	-23286
 614 0142 83B4     		.short	-19325
 615 0144 1886     		.short	-31208
 616 0146 9197     		.short	-26735
 617 0148 2EE3     		.short	-7378
 618 014a A7F2     		.short	-3417
 619 014c 3CC0     		.short	-16324
 620 014e B5D1     		.short	-11851
 621 0150 4229     		.short	10562
 622 0152 CB38     		.short	14539
 623 0154 500A     		.short	2640
 624 0156 D91B     		.short	7129
 625 0158 666F     		.short	28518
 626 015a EF7E     		.short	32495
 627 015c 744C     		.short	19572
 628 015e FD5D     		.short	24061
 629 0160 8BB5     		.short	-19061
 630 0162 02A4     		.short	-23550
 631 0164 9996     		.short	-26983
 632 0166 1087     		.short	-30960
 633 0168 AFF3     		.short	-3153
 634 016a 26E2     		.short	-7642
 635 016c BDD0     		.short	-12099
 636 016e 34C1     		.short	-16076
 637 0170 C339     		.short	14787
 638 0172 4A28     		.short	10314
 639 0174 D11A     		.short	6865
 640 0176 580B     		.short	2904
 641 0178 E77F     		.short	32743
 642 017a 6E6E     		.short	28270
 643 017c F55C     		.short	23797
 644 017e 7C4D     		.short	19836
 645 0180 0CC6     		.short	-14836
 646 0182 85D7     		.short	-10363
 647 0184 1EE5     		.short	-6882
 648 0186 97F4     		.short	-2921
 649 0188 2880     		.short	-32728
 650 018a A191     		.short	-28255
 651 018c 3AA3     		.short	-23750
 652 018e B3B2     		.short	-19789
 653 0190 444A     		.short	19012
ARM GAS  C:\Users\Administrator\AppData\Local\Temp\ccZimQrI.s 			page 16


 654 0192 CD5B     		.short	23501
 655 0194 5669     		.short	26966
 656 0196 DF78     		.short	30943
 657 0198 600C     		.short	3168
 658 019a E91D     		.short	7657
 659 019c 722F     		.short	12146
 660 019e FB3E     		.short	16123
 661 01a0 8DD6     		.short	-10611
 662 01a2 04C7     		.short	-14588
 663 01a4 9FF5     		.short	-2657
 664 01a6 16E4     		.short	-7146
 665 01a8 A990     		.short	-28503
 666 01aa 2081     		.short	-32480
 667 01ac BBB3     		.short	-19525
 668 01ae 32A2     		.short	-24014
 669 01b0 C55A     		.short	23237
 670 01b2 4C4B     		.short	19276
 671 01b4 D779     		.short	31191
 672 01b6 5E68     		.short	26718
 673 01b8 E11C     		.short	7393
 674 01ba 680D     		.short	3432
 675 01bc F33F     		.short	16371
 676 01be 7A2E     		.short	11898
 677 01c0 0EE7     		.short	-6386
 678 01c2 87F6     		.short	-2425
 679 01c4 1CC4     		.short	-15332
 680 01c6 95D5     		.short	-10859
 681 01c8 2AA1     		.short	-24278
 682 01ca A3B0     		.short	-20317
 683 01cc 3882     		.short	-32200
 684 01ce B193     		.short	-27727
 685 01d0 466B     		.short	27462
 686 01d2 CF7A     		.short	31439
 687 01d4 5448     		.short	18516
 688 01d6 DD59     		.short	23005
 689 01d8 622D     		.short	11618
 690 01da EB3C     		.short	15595
 691 01dc 700E     		.short	3696
 692 01de F91F     		.short	8185
 693 01e0 8FF7     		.short	-2161
 694 01e2 06E6     		.short	-6650
 695 01e4 9DD4     		.short	-11107
 696 01e6 14C5     		.short	-15084
 697 01e8 ABB1     		.short	-20053
 698 01ea 22A0     		.short	-24542
 699 01ec B992     		.short	-27975
 700 01ee 3083     		.short	-31952
 701 01f0 C77B     		.short	31687
 702 01f2 4E6A     		.short	27214
 703 01f4 D558     		.short	22741
 704 01f6 5C49     		.short	18780
 705 01f8 E33D     		.short	15843
 706 01fa 6A2C     		.short	11370
 707 01fc F11E     		.short	7921
 708 01fe 780F     		.short	3960
 709              		.global	CRC_INIT
 710              		.section	.data.CRC_INIT,"aw"
ARM GAS  C:\Users\Administrator\AppData\Local\Temp\ccZimQrI.s 			page 17


 711              		.align	1
 714              	CRC_INIT:
 715 0000 FFFF     		.short	-1
 716              		.global	CRC8_TAB
 717              		.section	.rodata.CRC8_TAB,"a"
 718              		.align	2
 721              	CRC8_TAB:
 722 0000 005EBCE2 		.ascii	"\000^\274\342a?\335\203\302\234~ \243\375\037A\235\303"
 722      613FDD83 
 722      C29C7E20 
 722      A3FD1F41 
 722      9DC3
 723 0012 217FFCA2 		.ascii	"!\177\374\242@\036_\001\343\275>`\202\334#}\237\301"
 723      401E5F01 
 723      E3BD3E60 
 723      82DC237D 
 723      9FC1
 724 0024 421CFEA0 		.ascii	"B\034\376\240\341\277]\003\200\336<b\276\340\002\\\337"
 724      E1BF5D03 
 724      80DE3C62 
 724      BEE0025C 
 724      DF
 725 0035 81633D7C 		.ascii	"\201c=|\"\300\236\035C\241\377F\030\372\244'y\233\305"
 725      22C09E1D 
 725      43A1FF46 
 725      18FAA427 
 725      799BC5
 726 0048 84DA3866 		.ascii	"\204\3328f\345\273Y\007\333\205g9\272\344\006X\031G"
 726      E5BB5907 
 726      DB856739 
 726      BAE40658 
 726      1947
 727 005a A5FB7826 		.ascii	"\245\373x&\304\232e;\331\207\004Z\270\346\247\371\033"
 727      C49A653B 
 727      D987045A 
 727      B8E6A7F9 
 727      1B
 728 006b 45C6987A 		.ascii	"E\306\230z$\370\246D\032\231\307%{:d\206\330[\005\347"
 728      24F8A644 
 728      1A99C725 
 728      7B3A6486 
 728      D85B05E7 
 729 007f B98CD230 		.ascii	"\271\214\3220n\355\263Q\017N\020\362\254/q\223\315\021"
 729      6EEDB351 
 729      0F4E10F2 
 729      AC2F7193 
 729      CD11
 730 0091 4FADF370 		.ascii	"O\255\363p.\314\222\323\215o1\262\354\016P\257\361\023"
 730      2ECC92D3 
 730      8D6F31B2 
 730      EC0E50AF 
 730      F113
 731 00a3 4DCE9072 		.ascii	"M\316\220r,m3\321\217\014R\260\3562l\216\320S\015\357"
 731      2C6D33D1 
 731      8F0C52B0 
 731      EE326C8E 
 731      D0530DEF 
ARM GAS  C:\Users\Administrator\AppData\Local\Temp\ccZimQrI.s 			page 18


 732 00b7 B1F0AE4C 		.ascii	"\261\360\256L\022\221\317-s\312\224v(\253\365\027I\010"
 732      1291CF2D 
 732      73CA9476 
 732      28ABF517 
 732      4908
 733 00c9 56B4EA69 		.ascii	"V\264\352i7\325\213W\011\353\2656h\212\324\225\313)"
 733      37D58B57 
 733      09EBB536 
 733      688AD495 
 733      CB29
 734 00db 77F4AA48 		.ascii	"w\364\252H\026\351\267U\013\210\3264j+u\227\311J\024"
 734      16E9B755 
 734      0B88D634 
 734      6A2B7597 
 734      C94A14
 735 00ee F6A8742A 		.ascii	"\366\250t*\310\226\025K\251\367\266\350\012T\327\211"
 735      C896154B 
 735      A9F7B6E8 
 735      0A54D789 
 736 00fe 6B35     		.ascii	"k5"
 737              		.global	CRC8_INIT
 738              		.section	.rodata.CRC8_INIT,"a"
 741              	CRC8_INIT:
 742 0000 FF       		.byte	-1
 743              		.text
 744              	.Letext0:
 745              		.file 2 "C:/Users/Administrator/AppData/Roaming/Code/User/globalStorage/bmd.stm32-for-vscode/@xpac
 746              		.file 3 "C:/Users/Administrator/AppData/Roaming/Code/User/globalStorage/bmd.stm32-for-vscode/@xpac
ARM GAS  C:\Users\Administrator\AppData\Local\Temp\ccZimQrI.s 			page 19


DEFINED SYMBOLS
                            *ABS*:00000000 crc_ref.c
C:\Users\Administrator\AppData\Local\Temp\ccZimQrI.s:21     .text.Get_CRC8_Check_Sum:00000000 $t
C:\Users\Administrator\AppData\Local\Temp\ccZimQrI.s:27     .text.Get_CRC8_Check_Sum:00000000 Get_CRC8_Check_Sum
C:\Users\Administrator\AppData\Local\Temp\ccZimQrI.s:75     .text.Get_CRC8_Check_Sum:00000020 $d
C:\Users\Administrator\AppData\Local\Temp\ccZimQrI.s:721    .rodata.CRC8_TAB:00000000 CRC8_TAB
C:\Users\Administrator\AppData\Local\Temp\ccZimQrI.s:80     .text.Verify_CRC8_Check_Sum:00000000 $t
C:\Users\Administrator\AppData\Local\Temp\ccZimQrI.s:86     .text.Verify_CRC8_Check_Sum:00000000 Verify_CRC8_Check_Sum
C:\Users\Administrator\AppData\Local\Temp\ccZimQrI.s:152    .text.Append_CRC8_Check_Sum:00000000 $t
C:\Users\Administrator\AppData\Local\Temp\ccZimQrI.s:158    .text.Append_CRC8_Check_Sum:00000000 Append_CRC8_Check_Sum
C:\Users\Administrator\AppData\Local\Temp\ccZimQrI.s:210    .text.Get_CRC16_Check_Sum:00000000 $t
C:\Users\Administrator\AppData\Local\Temp\ccZimQrI.s:216    .text.Get_CRC16_Check_Sum:00000000 Get_CRC16_Check_Sum
C:\Users\Administrator\AppData\Local\Temp\ccZimQrI.s:271    .text.Get_CRC16_Check_Sum:0000002c $d
C:\Users\Administrator\AppData\Local\Temp\ccZimQrI.s:452    .rodata.wCRC_Table:00000000 wCRC_Table
C:\Users\Administrator\AppData\Local\Temp\ccZimQrI.s:276    .text.Verify_CRC16_Check_Sum:00000000 $t
C:\Users\Administrator\AppData\Local\Temp\ccZimQrI.s:282    .text.Verify_CRC16_Check_Sum:00000000 Verify_CRC16_Check_Sum
C:\Users\Administrator\AppData\Local\Temp\ccZimQrI.s:369    .text.Verify_CRC16_Check_Sum:00000040 $d
C:\Users\Administrator\AppData\Local\Temp\ccZimQrI.s:714    .data.CRC_INIT:00000000 CRC_INIT
C:\Users\Administrator\AppData\Local\Temp\ccZimQrI.s:374    .text.Append_CRC16_Check_Sum:00000000 $t
C:\Users\Administrator\AppData\Local\Temp\ccZimQrI.s:380    .text.Append_CRC16_Check_Sum:00000000 Append_CRC16_Check_Sum
C:\Users\Administrator\AppData\Local\Temp\ccZimQrI.s:443    .text.Append_CRC16_Check_Sum:00000028 $d
C:\Users\Administrator\AppData\Local\Temp\ccZimQrI.s:449    .rodata.wCRC_Table:00000000 $d
C:\Users\Administrator\AppData\Local\Temp\ccZimQrI.s:711    .data.CRC_INIT:00000000 $d
C:\Users\Administrator\AppData\Local\Temp\ccZimQrI.s:718    .rodata.CRC8_TAB:00000000 $d
C:\Users\Administrator\AppData\Local\Temp\ccZimQrI.s:741    .rodata.CRC8_INIT:00000000 CRC8_INIT

NO UNDEFINED SYMBOLS
