ARM GAS  C:\Users\Administrator\AppData\Local\Temp\cchEeeEP.s 			page 1


   1              		.cpu cortex-m4
   2              		.arch armv7e-m
   3              		.fpu fpv4-sp-d16
   4              		.eabi_attribute 27, 1
   5              		.eabi_attribute 28, 1
   6              		.eabi_attribute 20, 1
   7              		.eabi_attribute 21, 1
   8              		.eabi_attribute 23, 3
   9              		.eabi_attribute 24, 1
  10              		.eabi_attribute 25, 1
  11              		.eabi_attribute 26, 1
  12              		.eabi_attribute 30, 1
  13              		.eabi_attribute 34, 1
  14              		.eabi_attribute 18, 4
  15              		.file	"dac.c"
  16              		.text
  17              	.Ltext0:
  18              		.cfi_sections	.debug_frame
  19              		.file 1 "Src/dac.c"
  20              		.section	.text.MX_DAC_Init,"ax",%progbits
  21              		.align	1
  22              		.global	MX_DAC_Init
  23              		.syntax unified
  24              		.thumb
  25              		.thumb_func
  27              	MX_DAC_Init:
  28              	.LFB235:
   1:Src/dac.c     **** /* USER CODE BEGIN Header */
   2:Src/dac.c     **** /**
   3:Src/dac.c     ****   ******************************************************************************
   4:Src/dac.c     ****   * @file    dac.c
   5:Src/dac.c     ****   * @brief   This file provides code for the configuration
   6:Src/dac.c     ****   *          of the DAC instances.
   7:Src/dac.c     ****   ******************************************************************************
   8:Src/dac.c     ****   * @attention
   9:Src/dac.c     ****   *
  10:Src/dac.c     ****   * Copyright (c) 2023 STMicroelectronics.
  11:Src/dac.c     ****   * All rights reserved.
  12:Src/dac.c     ****   *
  13:Src/dac.c     ****   * This software is licensed under terms that can be found in the LICENSE file
  14:Src/dac.c     ****   * in the root directory of this software component.
  15:Src/dac.c     ****   * If no LICENSE file comes with this software, it is provided AS-IS.
  16:Src/dac.c     ****   *
  17:Src/dac.c     ****   ******************************************************************************
  18:Src/dac.c     ****   */
  19:Src/dac.c     **** /* USER CODE END Header */
  20:Src/dac.c     **** /* Includes ------------------------------------------------------------------*/
  21:Src/dac.c     **** #include "dac.h"
  22:Src/dac.c     **** 
  23:Src/dac.c     **** /* USER CODE BEGIN 0 */
  24:Src/dac.c     **** 
  25:Src/dac.c     **** /* USER CODE END 0 */
  26:Src/dac.c     **** 
  27:Src/dac.c     **** DAC_HandleTypeDef hdac;
  28:Src/dac.c     **** 
  29:Src/dac.c     **** /* DAC init function */
  30:Src/dac.c     **** void MX_DAC_Init(void)
ARM GAS  C:\Users\Administrator\AppData\Local\Temp\cchEeeEP.s 			page 2


  31:Src/dac.c     **** {
  29              		.loc 1 31 1 view -0
  30              		.cfi_startproc
  31              		@ args = 0, pretend = 0, frame = 8
  32              		@ frame_needed = 0, uses_anonymous_args = 0
  33 0000 00B5     		push	{lr}
  34              		.cfi_def_cfa_offset 4
  35              		.cfi_offset 14, -4
  36 0002 83B0     		sub	sp, sp, #12
  37              		.cfi_def_cfa_offset 16
  32:Src/dac.c     **** 
  33:Src/dac.c     ****   /* USER CODE BEGIN DAC_Init 0 */
  34:Src/dac.c     **** 
  35:Src/dac.c     ****   /* USER CODE END DAC_Init 0 */
  36:Src/dac.c     **** 
  37:Src/dac.c     ****   DAC_ChannelConfTypeDef sConfig = {0};
  38              		.loc 1 37 3 view .LVU1
  39              		.loc 1 37 26 is_stmt 0 view .LVU2
  40 0004 0023     		movs	r3, #0
  41 0006 0093     		str	r3, [sp]
  42 0008 0193     		str	r3, [sp, #4]
  38:Src/dac.c     **** 
  39:Src/dac.c     ****   /* USER CODE BEGIN DAC_Init 1 */
  40:Src/dac.c     **** 
  41:Src/dac.c     ****   /* USER CODE END DAC_Init 1 */
  42:Src/dac.c     **** 
  43:Src/dac.c     ****   /** DAC Initialization
  44:Src/dac.c     ****   */
  45:Src/dac.c     ****   hdac.Instance = DAC;
  43              		.loc 1 45 3 is_stmt 1 view .LVU3
  44              		.loc 1 45 17 is_stmt 0 view .LVU4
  45 000a 0B48     		ldr	r0, .L7
  46 000c 0B4B     		ldr	r3, .L7+4
  47 000e 0360     		str	r3, [r0]
  46:Src/dac.c     ****   if (HAL_DAC_Init(&hdac) != HAL_OK)
  48              		.loc 1 46 3 is_stmt 1 view .LVU5
  49              		.loc 1 46 7 is_stmt 0 view .LVU6
  50 0010 FFF7FEFF 		bl	HAL_DAC_Init
  51              	.LVL0:
  52              		.loc 1 46 6 discriminator 1 view .LVU7
  53 0014 50B9     		cbnz	r0, .L5
  54              	.L2:
  47:Src/dac.c     ****   {
  48:Src/dac.c     ****     Error_Handler();
  49:Src/dac.c     ****   }
  50:Src/dac.c     **** 
  51:Src/dac.c     ****   /** DAC channel OUT2 config
  52:Src/dac.c     ****   */
  53:Src/dac.c     ****   sConfig.DAC_Trigger = DAC_TRIGGER_NONE;
  55              		.loc 1 53 3 is_stmt 1 view .LVU8
  56              		.loc 1 53 23 is_stmt 0 view .LVU9
  57 0016 0023     		movs	r3, #0
  58 0018 0093     		str	r3, [sp]
  54:Src/dac.c     ****   sConfig.DAC_OutputBuffer = DAC_OUTPUTBUFFER_ENABLE;
  59              		.loc 1 54 3 is_stmt 1 view .LVU10
  60              		.loc 1 54 28 is_stmt 0 view .LVU11
  61 001a 0193     		str	r3, [sp, #4]
ARM GAS  C:\Users\Administrator\AppData\Local\Temp\cchEeeEP.s 			page 3


  55:Src/dac.c     ****   if (HAL_DAC_ConfigChannel(&hdac, &sConfig, DAC_CHANNEL_2) != HAL_OK)
  62              		.loc 1 55 3 is_stmt 1 view .LVU12
  63              		.loc 1 55 7 is_stmt 0 view .LVU13
  64 001c 1022     		movs	r2, #16
  65 001e 6946     		mov	r1, sp
  66 0020 0548     		ldr	r0, .L7
  67 0022 FFF7FEFF 		bl	HAL_DAC_ConfigChannel
  68              	.LVL1:
  69              		.loc 1 55 6 discriminator 1 view .LVU14
  70 0026 20B9     		cbnz	r0, .L6
  71              	.L1:
  56:Src/dac.c     ****   {
  57:Src/dac.c     ****     Error_Handler();
  58:Src/dac.c     ****   }
  59:Src/dac.c     ****   /* USER CODE BEGIN DAC_Init 2 */
  60:Src/dac.c     **** 
  61:Src/dac.c     ****   /* USER CODE END DAC_Init 2 */
  62:Src/dac.c     **** 
  63:Src/dac.c     **** }
  72              		.loc 1 63 1 view .LVU15
  73 0028 03B0     		add	sp, sp, #12
  74              		.cfi_remember_state
  75              		.cfi_def_cfa_offset 4
  76              		@ sp needed
  77 002a 00BD     		pop	{pc}
  78              	.L5:
  79              		.cfi_restore_state
  48:Src/dac.c     ****   }
  80              		.loc 1 48 5 is_stmt 1 view .LVU16
  81 002c FFF7FEFF 		bl	Error_Handler
  82              	.LVL2:
  83 0030 F1E7     		b	.L2
  84              	.L6:
  57:Src/dac.c     ****   }
  85              		.loc 1 57 5 view .LVU17
  86 0032 FFF7FEFF 		bl	Error_Handler
  87              	.LVL3:
  88              		.loc 1 63 1 is_stmt 0 view .LVU18
  89 0036 F7E7     		b	.L1
  90              	.L8:
  91              		.align	2
  92              	.L7:
  93 0038 00000000 		.word	hdac
  94 003c 00740040 		.word	1073771520
  95              		.cfi_endproc
  96              	.LFE235:
  98              		.section	.text.HAL_DAC_MspInit,"ax",%progbits
  99              		.align	1
 100              		.global	HAL_DAC_MspInit
 101              		.syntax unified
 102              		.thumb
 103              		.thumb_func
 105              	HAL_DAC_MspInit:
 106              	.LVL4:
 107              	.LFB236:
  64:Src/dac.c     **** 
  65:Src/dac.c     **** void HAL_DAC_MspInit(DAC_HandleTypeDef* dacHandle)
ARM GAS  C:\Users\Administrator\AppData\Local\Temp\cchEeeEP.s 			page 4


  66:Src/dac.c     **** {
 108              		.loc 1 66 1 is_stmt 1 view -0
 109              		.cfi_startproc
 110              		@ args = 0, pretend = 0, frame = 32
 111              		@ frame_needed = 0, uses_anonymous_args = 0
 112              		.loc 1 66 1 is_stmt 0 view .LVU20
 113 0000 00B5     		push	{lr}
 114              		.cfi_def_cfa_offset 4
 115              		.cfi_offset 14, -4
 116 0002 89B0     		sub	sp, sp, #36
 117              		.cfi_def_cfa_offset 40
  67:Src/dac.c     **** 
  68:Src/dac.c     ****   GPIO_InitTypeDef GPIO_InitStruct = {0};
 118              		.loc 1 68 3 is_stmt 1 view .LVU21
 119              		.loc 1 68 20 is_stmt 0 view .LVU22
 120 0004 0023     		movs	r3, #0
 121 0006 0393     		str	r3, [sp, #12]
 122 0008 0493     		str	r3, [sp, #16]
 123 000a 0593     		str	r3, [sp, #20]
 124 000c 0693     		str	r3, [sp, #24]
 125 000e 0793     		str	r3, [sp, #28]
  69:Src/dac.c     ****   if(dacHandle->Instance==DAC)
 126              		.loc 1 69 3 is_stmt 1 view .LVU23
 127              		.loc 1 69 15 is_stmt 0 view .LVU24
 128 0010 0268     		ldr	r2, [r0]
 129              		.loc 1 69 5 view .LVU25
 130 0012 124B     		ldr	r3, .L13
 131 0014 9A42     		cmp	r2, r3
 132 0016 01D0     		beq	.L12
 133              	.LVL5:
 134              	.L9:
  70:Src/dac.c     ****   {
  71:Src/dac.c     ****   /* USER CODE BEGIN DAC_MspInit 0 */
  72:Src/dac.c     **** 
  73:Src/dac.c     ****   /* USER CODE END DAC_MspInit 0 */
  74:Src/dac.c     ****     /* DAC clock enable */
  75:Src/dac.c     ****     __HAL_RCC_DAC_CLK_ENABLE();
  76:Src/dac.c     **** 
  77:Src/dac.c     ****     __HAL_RCC_GPIOA_CLK_ENABLE();
  78:Src/dac.c     ****     /**DAC GPIO Configuration
  79:Src/dac.c     ****     PA5     ------> DAC_OUT2
  80:Src/dac.c     ****     */
  81:Src/dac.c     ****     GPIO_InitStruct.Pin = GPIO_PIN_5;
  82:Src/dac.c     ****     GPIO_InitStruct.Mode = GPIO_MODE_ANALOG;
  83:Src/dac.c     ****     GPIO_InitStruct.Pull = GPIO_NOPULL;
  84:Src/dac.c     ****     HAL_GPIO_Init(GPIOA, &GPIO_InitStruct);
  85:Src/dac.c     **** 
  86:Src/dac.c     ****   /* USER CODE BEGIN DAC_MspInit 1 */
  87:Src/dac.c     **** 
  88:Src/dac.c     ****   /* USER CODE END DAC_MspInit 1 */
  89:Src/dac.c     ****   }
  90:Src/dac.c     **** }
 135              		.loc 1 90 1 view .LVU26
 136 0018 09B0     		add	sp, sp, #36
 137              		.cfi_remember_state
 138              		.cfi_def_cfa_offset 4
 139              		@ sp needed
ARM GAS  C:\Users\Administrator\AppData\Local\Temp\cchEeeEP.s 			page 5


 140 001a 00BD     		pop	{pc}
 141              	.LVL6:
 142              	.L12:
 143              		.cfi_restore_state
  75:Src/dac.c     **** 
 144              		.loc 1 75 5 is_stmt 1 view .LVU27
 145              	.LBB2:
  75:Src/dac.c     **** 
 146              		.loc 1 75 5 view .LVU28
 147 001c 0021     		movs	r1, #0
 148 001e 0191     		str	r1, [sp, #4]
  75:Src/dac.c     **** 
 149              		.loc 1 75 5 view .LVU29
 150 0020 03F5E233 		add	r3, r3, #115712
 151 0024 1A6C     		ldr	r2, [r3, #64]
 152 0026 42F00052 		orr	r2, r2, #536870912
 153 002a 1A64     		str	r2, [r3, #64]
  75:Src/dac.c     **** 
 154              		.loc 1 75 5 view .LVU30
 155 002c 1A6C     		ldr	r2, [r3, #64]
 156 002e 02F00052 		and	r2, r2, #536870912
 157 0032 0192     		str	r2, [sp, #4]
  75:Src/dac.c     **** 
 158              		.loc 1 75 5 view .LVU31
 159 0034 019A     		ldr	r2, [sp, #4]
 160              	.LBE2:
  75:Src/dac.c     **** 
 161              		.loc 1 75 5 view .LVU32
  77:Src/dac.c     ****     /**DAC GPIO Configuration
 162              		.loc 1 77 5 view .LVU33
 163              	.LBB3:
  77:Src/dac.c     ****     /**DAC GPIO Configuration
 164              		.loc 1 77 5 view .LVU34
 165 0036 0291     		str	r1, [sp, #8]
  77:Src/dac.c     ****     /**DAC GPIO Configuration
 166              		.loc 1 77 5 view .LVU35
 167 0038 1A6B     		ldr	r2, [r3, #48]
 168 003a 42F00102 		orr	r2, r2, #1
 169 003e 1A63     		str	r2, [r3, #48]
  77:Src/dac.c     ****     /**DAC GPIO Configuration
 170              		.loc 1 77 5 view .LVU36
 171 0040 1B6B     		ldr	r3, [r3, #48]
 172 0042 03F00103 		and	r3, r3, #1
 173 0046 0293     		str	r3, [sp, #8]
  77:Src/dac.c     ****     /**DAC GPIO Configuration
 174              		.loc 1 77 5 view .LVU37
 175 0048 029B     		ldr	r3, [sp, #8]
 176              	.LBE3:
  77:Src/dac.c     ****     /**DAC GPIO Configuration
 177              		.loc 1 77 5 view .LVU38
  81:Src/dac.c     ****     GPIO_InitStruct.Mode = GPIO_MODE_ANALOG;
 178              		.loc 1 81 5 view .LVU39
  81:Src/dac.c     ****     GPIO_InitStruct.Mode = GPIO_MODE_ANALOG;
 179              		.loc 1 81 25 is_stmt 0 view .LVU40
 180 004a 2023     		movs	r3, #32
 181 004c 0393     		str	r3, [sp, #12]
  82:Src/dac.c     ****     GPIO_InitStruct.Pull = GPIO_NOPULL;
ARM GAS  C:\Users\Administrator\AppData\Local\Temp\cchEeeEP.s 			page 6


 182              		.loc 1 82 5 is_stmt 1 view .LVU41
  82:Src/dac.c     ****     GPIO_InitStruct.Pull = GPIO_NOPULL;
 183              		.loc 1 82 26 is_stmt 0 view .LVU42
 184 004e 0323     		movs	r3, #3
 185 0050 0493     		str	r3, [sp, #16]
  83:Src/dac.c     ****     HAL_GPIO_Init(GPIOA, &GPIO_InitStruct);
 186              		.loc 1 83 5 is_stmt 1 view .LVU43
  84:Src/dac.c     **** 
 187              		.loc 1 84 5 view .LVU44
 188 0052 03A9     		add	r1, sp, #12
 189 0054 0248     		ldr	r0, .L13+4
 190              	.LVL7:
  84:Src/dac.c     **** 
 191              		.loc 1 84 5 is_stmt 0 view .LVU45
 192 0056 FFF7FEFF 		bl	HAL_GPIO_Init
 193              	.LVL8:
 194              		.loc 1 90 1 view .LVU46
 195 005a DDE7     		b	.L9
 196              	.L14:
 197              		.align	2
 198              	.L13:
 199 005c 00740040 		.word	1073771520
 200 0060 00000240 		.word	1073872896
 201              		.cfi_endproc
 202              	.LFE236:
 204              		.section	.text.HAL_DAC_MspDeInit,"ax",%progbits
 205              		.align	1
 206              		.global	HAL_DAC_MspDeInit
 207              		.syntax unified
 208              		.thumb
 209              		.thumb_func
 211              	HAL_DAC_MspDeInit:
 212              	.LVL9:
 213              	.LFB237:
  91:Src/dac.c     **** 
  92:Src/dac.c     **** void HAL_DAC_MspDeInit(DAC_HandleTypeDef* dacHandle)
  93:Src/dac.c     **** {
 214              		.loc 1 93 1 is_stmt 1 view -0
 215              		.cfi_startproc
 216              		@ args = 0, pretend = 0, frame = 0
 217              		@ frame_needed = 0, uses_anonymous_args = 0
 218              		.loc 1 93 1 is_stmt 0 view .LVU48
 219 0000 08B5     		push	{r3, lr}
 220              		.cfi_def_cfa_offset 8
 221              		.cfi_offset 3, -8
 222              		.cfi_offset 14, -4
  94:Src/dac.c     **** 
  95:Src/dac.c     ****   if(dacHandle->Instance==DAC)
 223              		.loc 1 95 3 is_stmt 1 view .LVU49
 224              		.loc 1 95 15 is_stmt 0 view .LVU50
 225 0002 0268     		ldr	r2, [r0]
 226              		.loc 1 95 5 view .LVU51
 227 0004 064B     		ldr	r3, .L19
 228 0006 9A42     		cmp	r2, r3
 229 0008 00D0     		beq	.L18
 230              	.LVL10:
 231              	.L15:
ARM GAS  C:\Users\Administrator\AppData\Local\Temp\cchEeeEP.s 			page 7


  96:Src/dac.c     ****   {
  97:Src/dac.c     ****   /* USER CODE BEGIN DAC_MspDeInit 0 */
  98:Src/dac.c     **** 
  99:Src/dac.c     ****   /* USER CODE END DAC_MspDeInit 0 */
 100:Src/dac.c     ****     /* Peripheral clock disable */
 101:Src/dac.c     ****     __HAL_RCC_DAC_CLK_DISABLE();
 102:Src/dac.c     **** 
 103:Src/dac.c     ****     /**DAC GPIO Configuration
 104:Src/dac.c     ****     PA5     ------> DAC_OUT2
 105:Src/dac.c     ****     */
 106:Src/dac.c     ****     HAL_GPIO_DeInit(GPIOA, GPIO_PIN_5);
 107:Src/dac.c     **** 
 108:Src/dac.c     ****   /* USER CODE BEGIN DAC_MspDeInit 1 */
 109:Src/dac.c     **** 
 110:Src/dac.c     ****   /* USER CODE END DAC_MspDeInit 1 */
 111:Src/dac.c     ****   }
 112:Src/dac.c     **** }
 232              		.loc 1 112 1 view .LVU52
 233 000a 08BD     		pop	{r3, pc}
 234              	.LVL11:
 235              	.L18:
 101:Src/dac.c     **** 
 236              		.loc 1 101 5 is_stmt 1 view .LVU53
 237 000c 054A     		ldr	r2, .L19+4
 238 000e 136C     		ldr	r3, [r2, #64]
 239 0010 23F00053 		bic	r3, r3, #536870912
 240 0014 1364     		str	r3, [r2, #64]
 106:Src/dac.c     **** 
 241              		.loc 1 106 5 view .LVU54
 242 0016 2021     		movs	r1, #32
 243 0018 0348     		ldr	r0, .L19+8
 244              	.LVL12:
 106:Src/dac.c     **** 
 245              		.loc 1 106 5 is_stmt 0 view .LVU55
 246 001a FFF7FEFF 		bl	HAL_GPIO_DeInit
 247              	.LVL13:
 248              		.loc 1 112 1 view .LVU56
 249 001e F4E7     		b	.L15
 250              	.L20:
 251              		.align	2
 252              	.L19:
 253 0020 00740040 		.word	1073771520
 254 0024 00380240 		.word	1073887232
 255 0028 00000240 		.word	1073872896
 256              		.cfi_endproc
 257              	.LFE237:
 259              		.global	hdac
 260              		.section	.bss.hdac,"aw",%nobits
 261              		.align	2
 264              	hdac:
 265 0000 00000000 		.space	20
 265      00000000 
 265      00000000 
 265      00000000 
 265      00000000 
 266              		.text
 267              	.Letext0:
ARM GAS  C:\Users\Administrator\AppData\Local\Temp\cchEeeEP.s 			page 8


 268              		.file 2 "C:/Users/Administrator/AppData/Roaming/Code/User/globalStorage/bmd.stm32-for-vscode/@xpac
 269              		.file 3 "C:/Users/Administrator/AppData/Roaming/Code/User/globalStorage/bmd.stm32-for-vscode/@xpac
 270              		.file 4 "Drivers/CMSIS/Device/ST/STM32F4xx/Include/stm32f407xx.h"
 271              		.file 5 "Drivers/STM32F4xx_HAL_Driver/Inc/stm32f4xx_hal_def.h"
 272              		.file 6 "Drivers/STM32F4xx_HAL_Driver/Inc/stm32f4xx_hal_gpio.h"
 273              		.file 7 "Drivers/STM32F4xx_HAL_Driver/Inc/stm32f4xx_hal_dma.h"
 274              		.file 8 "Drivers/STM32F4xx_HAL_Driver/Inc/stm32f4xx_hal_dac.h"
 275              		.file 9 "Inc/dac.h"
 276              		.file 10 "Inc/main.h"
ARM GAS  C:\Users\Administrator\AppData\Local\Temp\cchEeeEP.s 			page 9


DEFINED SYMBOLS
                            *ABS*:00000000 dac.c
C:\Users\Administrator\AppData\Local\Temp\cchEeeEP.s:21     .text.MX_DAC_Init:00000000 $t
C:\Users\Administrator\AppData\Local\Temp\cchEeeEP.s:27     .text.MX_DAC_Init:00000000 MX_DAC_Init
C:\Users\Administrator\AppData\Local\Temp\cchEeeEP.s:93     .text.MX_DAC_Init:00000038 $d
C:\Users\Administrator\AppData\Local\Temp\cchEeeEP.s:264    .bss.hdac:00000000 hdac
C:\Users\Administrator\AppData\Local\Temp\cchEeeEP.s:99     .text.HAL_DAC_MspInit:00000000 $t
C:\Users\Administrator\AppData\Local\Temp\cchEeeEP.s:105    .text.HAL_DAC_MspInit:00000000 HAL_DAC_MspInit
C:\Users\Administrator\AppData\Local\Temp\cchEeeEP.s:199    .text.HAL_DAC_MspInit:0000005c $d
C:\Users\Administrator\AppData\Local\Temp\cchEeeEP.s:205    .text.HAL_DAC_MspDeInit:00000000 $t
C:\Users\Administrator\AppData\Local\Temp\cchEeeEP.s:211    .text.HAL_DAC_MspDeInit:00000000 HAL_DAC_MspDeInit
C:\Users\Administrator\AppData\Local\Temp\cchEeeEP.s:253    .text.HAL_DAC_MspDeInit:00000020 $d
C:\Users\Administrator\AppData\Local\Temp\cchEeeEP.s:261    .bss.hdac:00000000 $d

UNDEFINED SYMBOLS
HAL_DAC_Init
HAL_DAC_ConfigChannel
Error_Handler
HAL_GPIO_Init
HAL_GPIO_DeInit
