ARM GAS  C:\Users\Administrator\AppData\Local\Temp\ccBy10O1.s 			page 1


   1              		.cpu cortex-m4
   2              		.arch armv7e-m
   3              		.fpu fpv4-sp-d16
   4              		.eabi_attribute 27, 1
   5              		.eabi_attribute 28, 1
   6              		.eabi_attribute 20, 1
   7              		.eabi_attribute 21, 1
   8              		.eabi_attribute 23, 3
   9              		.eabi_attribute 24, 1
  10              		.eabi_attribute 25, 1
  11              		.eabi_attribute 26, 1
  12              		.eabi_attribute 30, 1
  13              		.eabi_attribute 34, 1
  14              		.eabi_attribute 18, 4
  15              		.file	"dma.c"
  16              		.text
  17              	.Ltext0:
  18              		.cfi_sections	.debug_frame
  19              		.file 1 "Src/dma.c"
  20              		.section	.text.MX_DMA_Init,"ax",%progbits
  21              		.align	1
  22              		.global	MX_DMA_Init
  23              		.syntax unified
  24              		.thumb
  25              		.thumb_func
  27              	MX_DMA_Init:
  28              	.LFB235:
   1:Src/dma.c     **** /* USER CODE BEGIN Header */
   2:Src/dma.c     **** /**
   3:Src/dma.c     ****   ******************************************************************************
   4:Src/dma.c     ****   * @file    dma.c
   5:Src/dma.c     ****   * @brief   This file provides code for the configuration
   6:Src/dma.c     ****   *          of all the requested memory to memory DMA transfers.
   7:Src/dma.c     ****   ******************************************************************************
   8:Src/dma.c     ****   * @attention
   9:Src/dma.c     ****   *
  10:Src/dma.c     ****   * Copyright (c) 2023 STMicroelectronics.
  11:Src/dma.c     ****   * All rights reserved.
  12:Src/dma.c     ****   *
  13:Src/dma.c     ****   * This software is licensed under terms that can be found in the LICENSE file
  14:Src/dma.c     ****   * in the root directory of this software component.
  15:Src/dma.c     ****   * If no LICENSE file comes with this software, it is provided AS-IS.
  16:Src/dma.c     ****   *
  17:Src/dma.c     ****   ******************************************************************************
  18:Src/dma.c     ****   */
  19:Src/dma.c     **** /* USER CODE END Header */
  20:Src/dma.c     **** 
  21:Src/dma.c     **** /* Includes ------------------------------------------------------------------*/
  22:Src/dma.c     **** #include "dma.h"
  23:Src/dma.c     **** 
  24:Src/dma.c     **** /* USER CODE BEGIN 0 */
  25:Src/dma.c     **** 
  26:Src/dma.c     **** /* USER CODE END 0 */
  27:Src/dma.c     **** 
  28:Src/dma.c     **** /*----------------------------------------------------------------------------*/
  29:Src/dma.c     **** /* Configure DMA                                                              */
  30:Src/dma.c     **** /*----------------------------------------------------------------------------*/
ARM GAS  C:\Users\Administrator\AppData\Local\Temp\ccBy10O1.s 			page 2


  31:Src/dma.c     **** 
  32:Src/dma.c     **** /* USER CODE BEGIN 1 */
  33:Src/dma.c     **** 
  34:Src/dma.c     **** /* USER CODE END 1 */
  35:Src/dma.c     **** 
  36:Src/dma.c     **** /**
  37:Src/dma.c     ****   * Enable DMA controller clock
  38:Src/dma.c     ****   */
  39:Src/dma.c     **** void MX_DMA_Init(void)
  40:Src/dma.c     **** {
  29              		.loc 1 40 1 view -0
  30              		.cfi_startproc
  31              		@ args = 0, pretend = 0, frame = 8
  32              		@ frame_needed = 0, uses_anonymous_args = 0
  33 0000 10B5     		push	{r4, lr}
  34              		.cfi_def_cfa_offset 8
  35              		.cfi_offset 4, -8
  36              		.cfi_offset 14, -4
  37 0002 82B0     		sub	sp, sp, #8
  38              		.cfi_def_cfa_offset 16
  41:Src/dma.c     **** 
  42:Src/dma.c     ****   /* DMA controller clock enable */
  43:Src/dma.c     ****   __HAL_RCC_DMA2_CLK_ENABLE();
  39              		.loc 1 43 3 view .LVU1
  40              	.LBB2:
  41              		.loc 1 43 3 view .LVU2
  42 0004 0024     		movs	r4, #0
  43 0006 0094     		str	r4, [sp]
  44              		.loc 1 43 3 view .LVU3
  45 0008 2E4B     		ldr	r3, .L3
  46 000a 1A6B     		ldr	r2, [r3, #48]
  47 000c 42F48002 		orr	r2, r2, #4194304
  48 0010 1A63     		str	r2, [r3, #48]
  49              		.loc 1 43 3 view .LVU4
  50 0012 1A6B     		ldr	r2, [r3, #48]
  51 0014 02F48002 		and	r2, r2, #4194304
  52 0018 0092     		str	r2, [sp]
  53              		.loc 1 43 3 view .LVU5
  54 001a 009A     		ldr	r2, [sp]
  55              	.LBE2:
  56              		.loc 1 43 3 view .LVU6
  44:Src/dma.c     ****   __HAL_RCC_DMA1_CLK_ENABLE();
  57              		.loc 1 44 3 view .LVU7
  58              	.LBB3:
  59              		.loc 1 44 3 view .LVU8
  60 001c 0194     		str	r4, [sp, #4]
  61              		.loc 1 44 3 view .LVU9
  62 001e 1A6B     		ldr	r2, [r3, #48]
  63 0020 42F40012 		orr	r2, r2, #2097152
  64 0024 1A63     		str	r2, [r3, #48]
  65              		.loc 1 44 3 view .LVU10
  66 0026 1B6B     		ldr	r3, [r3, #48]
  67 0028 03F40013 		and	r3, r3, #2097152
  68 002c 0193     		str	r3, [sp, #4]
  69              		.loc 1 44 3 view .LVU11
  70 002e 019B     		ldr	r3, [sp, #4]
  71              	.LBE3:
ARM GAS  C:\Users\Administrator\AppData\Local\Temp\ccBy10O1.s 			page 3


  72              		.loc 1 44 3 view .LVU12
  45:Src/dma.c     **** 
  46:Src/dma.c     ****   /* DMA interrupt init */
  47:Src/dma.c     ****   /* DMA1_Stream1_IRQn interrupt configuration */
  48:Src/dma.c     ****   HAL_NVIC_SetPriority(DMA1_Stream1_IRQn, 5, 0);
  73              		.loc 1 48 3 view .LVU13
  74 0030 2246     		mov	r2, r4
  75 0032 0521     		movs	r1, #5
  76 0034 0C20     		movs	r0, #12
  77 0036 FFF7FEFF 		bl	HAL_NVIC_SetPriority
  78              	.LVL0:
  49:Src/dma.c     ****   HAL_NVIC_EnableIRQ(DMA1_Stream1_IRQn);
  79              		.loc 1 49 3 view .LVU14
  80 003a 0C20     		movs	r0, #12
  81 003c FFF7FEFF 		bl	HAL_NVIC_EnableIRQ
  82              	.LVL1:
  50:Src/dma.c     ****   /* DMA1_Stream2_IRQn interrupt configuration */
  51:Src/dma.c     ****   HAL_NVIC_SetPriority(DMA1_Stream2_IRQn, 5, 0);
  83              		.loc 1 51 3 view .LVU15
  84 0040 2246     		mov	r2, r4
  85 0042 0521     		movs	r1, #5
  86 0044 0D20     		movs	r0, #13
  87 0046 FFF7FEFF 		bl	HAL_NVIC_SetPriority
  88              	.LVL2:
  52:Src/dma.c     ****   HAL_NVIC_EnableIRQ(DMA1_Stream2_IRQn);
  89              		.loc 1 52 3 view .LVU16
  90 004a 0D20     		movs	r0, #13
  91 004c FFF7FEFF 		bl	HAL_NVIC_EnableIRQ
  92              	.LVL3:
  53:Src/dma.c     ****   /* DMA1_Stream7_IRQn interrupt configuration */
  54:Src/dma.c     ****   HAL_NVIC_SetPriority(DMA1_Stream7_IRQn, 5, 0);
  93              		.loc 1 54 3 view .LVU17
  94 0050 2246     		mov	r2, r4
  95 0052 0521     		movs	r1, #5
  96 0054 2F20     		movs	r0, #47
  97 0056 FFF7FEFF 		bl	HAL_NVIC_SetPriority
  98              	.LVL4:
  55:Src/dma.c     ****   HAL_NVIC_EnableIRQ(DMA1_Stream7_IRQn);
  99              		.loc 1 55 3 view .LVU18
 100 005a 2F20     		movs	r0, #47
 101 005c FFF7FEFF 		bl	HAL_NVIC_EnableIRQ
 102              	.LVL5:
  56:Src/dma.c     ****   /* DMA2_Stream0_IRQn interrupt configuration */
  57:Src/dma.c     ****   HAL_NVIC_SetPriority(DMA2_Stream0_IRQn, 0, 0);
 103              		.loc 1 57 3 view .LVU19
 104 0060 2246     		mov	r2, r4
 105 0062 2146     		mov	r1, r4
 106 0064 3820     		movs	r0, #56
 107 0066 FFF7FEFF 		bl	HAL_NVIC_SetPriority
 108              	.LVL6:
  58:Src/dma.c     ****   HAL_NVIC_EnableIRQ(DMA2_Stream0_IRQn);
 109              		.loc 1 58 3 view .LVU20
 110 006a 3820     		movs	r0, #56
 111 006c FFF7FEFF 		bl	HAL_NVIC_EnableIRQ
 112              	.LVL7:
  59:Src/dma.c     ****   /* DMA2_Stream2_IRQn interrupt configuration */
  60:Src/dma.c     ****   HAL_NVIC_SetPriority(DMA2_Stream2_IRQn, 5, 0);
ARM GAS  C:\Users\Administrator\AppData\Local\Temp\ccBy10O1.s 			page 4


 113              		.loc 1 60 3 view .LVU21
 114 0070 2246     		mov	r2, r4
 115 0072 0521     		movs	r1, #5
 116 0074 3A20     		movs	r0, #58
 117 0076 FFF7FEFF 		bl	HAL_NVIC_SetPriority
 118              	.LVL8:
  61:Src/dma.c     ****   HAL_NVIC_EnableIRQ(DMA2_Stream2_IRQn);
 119              		.loc 1 61 3 view .LVU22
 120 007a 3A20     		movs	r0, #58
 121 007c FFF7FEFF 		bl	HAL_NVIC_EnableIRQ
 122              	.LVL9:
  62:Src/dma.c     ****   /* DMA2_Stream3_IRQn interrupt configuration */
  63:Src/dma.c     ****   HAL_NVIC_SetPriority(DMA2_Stream3_IRQn, 0, 0);
 123              		.loc 1 63 3 view .LVU23
 124 0080 2246     		mov	r2, r4
 125 0082 2146     		mov	r1, r4
 126 0084 3B20     		movs	r0, #59
 127 0086 FFF7FEFF 		bl	HAL_NVIC_SetPriority
 128              	.LVL10:
  64:Src/dma.c     ****   HAL_NVIC_EnableIRQ(DMA2_Stream3_IRQn);
 129              		.loc 1 64 3 view .LVU24
 130 008a 3B20     		movs	r0, #59
 131 008c FFF7FEFF 		bl	HAL_NVIC_EnableIRQ
 132              	.LVL11:
  65:Src/dma.c     ****   /* DMA2_Stream5_IRQn interrupt configuration */
  66:Src/dma.c     ****   HAL_NVIC_SetPriority(DMA2_Stream5_IRQn, 0, 0);
 133              		.loc 1 66 3 view .LVU25
 134 0090 2246     		mov	r2, r4
 135 0092 2146     		mov	r1, r4
 136 0094 4420     		movs	r0, #68
 137 0096 FFF7FEFF 		bl	HAL_NVIC_SetPriority
 138              	.LVL12:
  67:Src/dma.c     ****   HAL_NVIC_EnableIRQ(DMA2_Stream5_IRQn);
 139              		.loc 1 67 3 view .LVU26
 140 009a 4420     		movs	r0, #68
 141 009c FFF7FEFF 		bl	HAL_NVIC_EnableIRQ
 142              	.LVL13:
  68:Src/dma.c     ****   /* DMA2_Stream6_IRQn interrupt configuration */
  69:Src/dma.c     ****   HAL_NVIC_SetPriority(DMA2_Stream6_IRQn, 5, 0);
 143              		.loc 1 69 3 view .LVU27
 144 00a0 2246     		mov	r2, r4
 145 00a2 0521     		movs	r1, #5
 146 00a4 4520     		movs	r0, #69
 147 00a6 FFF7FEFF 		bl	HAL_NVIC_SetPriority
 148              	.LVL14:
  70:Src/dma.c     ****   HAL_NVIC_EnableIRQ(DMA2_Stream6_IRQn);
 149              		.loc 1 70 3 view .LVU28
 150 00aa 4520     		movs	r0, #69
 151 00ac FFF7FEFF 		bl	HAL_NVIC_EnableIRQ
 152              	.LVL15:
  71:Src/dma.c     ****   /* DMA2_Stream7_IRQn interrupt configuration */
  72:Src/dma.c     ****   HAL_NVIC_SetPriority(DMA2_Stream7_IRQn, 5, 0);
 153              		.loc 1 72 3 view .LVU29
 154 00b0 2246     		mov	r2, r4
 155 00b2 0521     		movs	r1, #5
 156 00b4 4620     		movs	r0, #70
 157 00b6 FFF7FEFF 		bl	HAL_NVIC_SetPriority
ARM GAS  C:\Users\Administrator\AppData\Local\Temp\ccBy10O1.s 			page 5


 158              	.LVL16:
  73:Src/dma.c     ****   HAL_NVIC_EnableIRQ(DMA2_Stream7_IRQn);
 159              		.loc 1 73 3 view .LVU30
 160 00ba 4620     		movs	r0, #70
 161 00bc FFF7FEFF 		bl	HAL_NVIC_EnableIRQ
 162              	.LVL17:
  74:Src/dma.c     **** 
  75:Src/dma.c     **** }
 163              		.loc 1 75 1 is_stmt 0 view .LVU31
 164 00c0 02B0     		add	sp, sp, #8
 165              		.cfi_def_cfa_offset 8
 166              		@ sp needed
 167 00c2 10BD     		pop	{r4, pc}
 168              	.L4:
 169              		.align	2
 170              	.L3:
 171 00c4 00380240 		.word	1073887232
 172              		.cfi_endproc
 173              	.LFE235:
 175              		.text
 176              	.Letext0:
 177              		.file 2 "Drivers/CMSIS/Device/ST/STM32F4xx/Include/stm32f407xx.h"
 178              		.file 3 "C:/Users/Administrator/AppData/Roaming/Code/User/globalStorage/bmd.stm32-for-vscode/@xpac
 179              		.file 4 "C:/Users/Administrator/AppData/Roaming/Code/User/globalStorage/bmd.stm32-for-vscode/@xpac
 180              		.file 5 "Drivers/STM32F4xx_HAL_Driver/Inc/stm32f4xx_hal_cortex.h"
ARM GAS  C:\Users\Administrator\AppData\Local\Temp\ccBy10O1.s 			page 6


DEFINED SYMBOLS
                            *ABS*:00000000 dma.c
C:\Users\Administrator\AppData\Local\Temp\ccBy10O1.s:21     .text.MX_DMA_Init:00000000 $t
C:\Users\Administrator\AppData\Local\Temp\ccBy10O1.s:27     .text.MX_DMA_Init:00000000 MX_DMA_Init
C:\Users\Administrator\AppData\Local\Temp\ccBy10O1.s:171    .text.MX_DMA_Init:000000c4 $d

UNDEFINED SYMBOLS
HAL_NVIC_SetPriority
HAL_NVIC_EnableIRQ
