ARM GAS  C:\Users\Administrator\AppData\Local\Temp\ccNMoKRe.s 			page 1


   1              		.cpu cortex-m4
   2              		.arch armv7e-m
   3              		.fpu fpv4-sp-d16
   4              		.eabi_attribute 27, 1
   5              		.eabi_attribute 28, 1
   6              		.eabi_attribute 20, 1
   7              		.eabi_attribute 21, 1
   8              		.eabi_attribute 23, 3
   9              		.eabi_attribute 24, 1
  10              		.eabi_attribute 25, 1
  11              		.eabi_attribute 26, 1
  12              		.eabi_attribute 30, 1
  13              		.eabi_attribute 34, 1
  14              		.eabi_attribute 18, 4
  15              		.file	"freertos.c"
  16              		.text
  17              	.Ltext0:
  18              		.cfi_sections	.debug_frame
  19              		.file 1 "Src/freertos.c"
  20              		.section	.text.StartDefaultTask,"ax",%progbits
  21              		.align	1
  22              		.global	StartDefaultTask
  23              		.syntax unified
  24              		.thumb
  25              		.thumb_func
  27              	StartDefaultTask:
  28              	.LVL0:
  29              	.LFB242:
   1:Src/freertos.c **** /* USER CODE BEGIN Header */
   2:Src/freertos.c **** /**
   3:Src/freertos.c ****  ******************************************************************************
   4:Src/freertos.c ****  * File Name          : freertos.c
   5:Src/freertos.c ****  * Description        : Code for freertos applications
   6:Src/freertos.c ****  ******************************************************************************
   7:Src/freertos.c ****  * @attention
   8:Src/freertos.c ****  *
   9:Src/freertos.c ****  * Copyright (c) 2023 STMicroelectronics.
  10:Src/freertos.c ****  * All rights reserved.
  11:Src/freertos.c ****  *
  12:Src/freertos.c ****  * This software is licensed under terms that can be found in the LICENSE file
  13:Src/freertos.c ****  * in the root directory of this software component.
  14:Src/freertos.c ****  * If no LICENSE file comes with this software, it is provided AS-IS.
  15:Src/freertos.c ****  *
  16:Src/freertos.c ****  ******************************************************************************
  17:Src/freertos.c ****  */
  18:Src/freertos.c **** /* USER CODE END Header */
  19:Src/freertos.c **** 
  20:Src/freertos.c **** /* Includes ------------------------------------------------------------------*/
  21:Src/freertos.c **** #include "FreeRTOS.h"
  22:Src/freertos.c **** #include "task.h"
  23:Src/freertos.c **** #include "main.h"
  24:Src/freertos.c **** #include "cmsis_os.h"
  25:Src/freertos.c **** 
  26:Src/freertos.c **** /* Private includes ----------------------------------------------------------*/
  27:Src/freertos.c **** /* USER CODE BEGIN Includes */
  28:Src/freertos.c **** 
  29:Src/freertos.c **** /* USER CODE END Includes */
ARM GAS  C:\Users\Administrator\AppData\Local\Temp\ccNMoKRe.s 			page 2


  30:Src/freertos.c **** 
  31:Src/freertos.c **** /* Private typedef -----------------------------------------------------------*/
  32:Src/freertos.c **** /* USER CODE BEGIN PTD */
  33:Src/freertos.c **** 
  34:Src/freertos.c **** /* USER CODE END PTD */
  35:Src/freertos.c **** 
  36:Src/freertos.c **** /* Private define ------------------------------------------------------------*/
  37:Src/freertos.c **** /* USER CODE BEGIN PD */
  38:Src/freertos.c **** 
  39:Src/freertos.c **** /* USER CODE END PD */
  40:Src/freertos.c **** 
  41:Src/freertos.c **** /* Private macro -------------------------------------------------------------*/
  42:Src/freertos.c **** /* USER CODE BEGIN PM */
  43:Src/freertos.c **** 
  44:Src/freertos.c **** /* USER CODE END PM */
  45:Src/freertos.c **** 
  46:Src/freertos.c **** /* Private variables ---------------------------------------------------------*/
  47:Src/freertos.c **** /* USER CODE BEGIN Variables */
  48:Src/freertos.c **** 
  49:Src/freertos.c **** /* USER CODE END Variables */
  50:Src/freertos.c **** osThreadId defaultTaskHandle;
  51:Src/freertos.c **** 
  52:Src/freertos.c **** /* Private function prototypes -----------------------------------------------*/
  53:Src/freertos.c **** /* USER CODE BEGIN FunctionPrototypes */
  54:Src/freertos.c **** 
  55:Src/freertos.c **** /* USER CODE END FunctionPrototypes */
  56:Src/freertos.c **** 
  57:Src/freertos.c **** void StartDefaultTask(void const * argument);
  58:Src/freertos.c **** 
  59:Src/freertos.c **** extern void MX_USB_DEVICE_Init(void);
  60:Src/freertos.c **** void MX_FREERTOS_Init(void); /* (MISRA C 2004 rule 8.1) */
  61:Src/freertos.c **** 
  62:Src/freertos.c **** /* GetIdleTaskMemory prototype (linked to static allocation support) */
  63:Src/freertos.c **** void vApplicationGetIdleTaskMemory( StaticTask_t **ppxIdleTaskTCBBuffer, StackType_t **ppxIdleTaskS
  64:Src/freertos.c **** 
  65:Src/freertos.c **** /* USER CODE BEGIN GET_IDLE_TASK_MEMORY */
  66:Src/freertos.c **** static StaticTask_t xIdleTaskTCBBuffer;
  67:Src/freertos.c **** static StackType_t xIdleStack[configMINIMAL_STACK_SIZE];
  68:Src/freertos.c **** 
  69:Src/freertos.c **** void vApplicationGetIdleTaskMemory(StaticTask_t **ppxIdleTaskTCBBuffer, StackType_t **ppxIdleTaskSt
  70:Src/freertos.c **** {
  71:Src/freertos.c ****   *ppxIdleTaskTCBBuffer = &xIdleTaskTCBBuffer;
  72:Src/freertos.c ****   *ppxIdleTaskStackBuffer = &xIdleStack[0];
  73:Src/freertos.c ****   *pulIdleTaskStackSize = configMINIMAL_STACK_SIZE;
  74:Src/freertos.c ****   /* place for user code */
  75:Src/freertos.c **** }
  76:Src/freertos.c **** /* USER CODE END GET_IDLE_TASK_MEMORY */
  77:Src/freertos.c **** 
  78:Src/freertos.c **** /**
  79:Src/freertos.c ****   * @brief  FreeRTOS initialization
  80:Src/freertos.c ****   * @param  None
  81:Src/freertos.c ****   * @retval None
  82:Src/freertos.c ****   */
  83:Src/freertos.c **** void MX_FREERTOS_Init(void) {
  84:Src/freertos.c ****   /* USER CODE BEGIN Init */
  85:Src/freertos.c **** 
  86:Src/freertos.c ****   /* USER CODE END Init */
ARM GAS  C:\Users\Administrator\AppData\Local\Temp\ccNMoKRe.s 			page 3


  87:Src/freertos.c **** 
  88:Src/freertos.c ****   /* USER CODE BEGIN RTOS_MUTEX */
  89:Src/freertos.c ****   /* add mutexes, ... */
  90:Src/freertos.c ****   /* USER CODE END RTOS_MUTEX */
  91:Src/freertos.c **** 
  92:Src/freertos.c ****   /* USER CODE BEGIN RTOS_SEMAPHORES */
  93:Src/freertos.c ****   /* add semaphores, ... */
  94:Src/freertos.c ****   /* USER CODE END RTOS_SEMAPHORES */
  95:Src/freertos.c **** 
  96:Src/freertos.c ****   /* USER CODE BEGIN RTOS_TIMERS */
  97:Src/freertos.c ****   /* start timers, add new ones, ... */
  98:Src/freertos.c ****   /* USER CODE END RTOS_TIMERS */
  99:Src/freertos.c **** 
 100:Src/freertos.c ****   /* USER CODE BEGIN RTOS_QUEUES */
 101:Src/freertos.c ****   /* add queues, ... */
 102:Src/freertos.c ****   /* USER CODE END RTOS_QUEUES */
 103:Src/freertos.c **** 
 104:Src/freertos.c ****   /* Create the thread(s) */
 105:Src/freertos.c ****   /* definition and creation of defaultTask */
 106:Src/freertos.c ****   osThreadDef(defaultTask, StartDefaultTask, osPriorityNormal, 0, 128);
 107:Src/freertos.c ****   defaultTaskHandle = osThreadCreate(osThread(defaultTask), NULL);
 108:Src/freertos.c **** 
 109:Src/freertos.c ****   /* USER CODE BEGIN RTOS_THREADS */
 110:Src/freertos.c ****   /* add threads, ... */
 111:Src/freertos.c **** 
 112:Src/freertos.c ****   /* USER CODE END RTOS_THREADS */
 113:Src/freertos.c **** 
 114:Src/freertos.c **** }
 115:Src/freertos.c **** 
 116:Src/freertos.c **** /* USER CODE BEGIN Header_StartDefaultTask */
 117:Src/freertos.c **** /**
 118:Src/freertos.c ****  * @brief  Function implementing the defaultTask thread.
 119:Src/freertos.c ****  * @param  argument: Not used
 120:Src/freertos.c ****  * @retval None
 121:Src/freertos.c ****  */
 122:Src/freertos.c **** /* USER CODE END Header_StartDefaultTask */
 123:Src/freertos.c **** void StartDefaultTask(void const * argument)
 124:Src/freertos.c **** {
  30              		.loc 1 124 1 view -0
  31              		.cfi_startproc
  32              		@ args = 0, pretend = 0, frame = 0
  33              		@ frame_needed = 0, uses_anonymous_args = 0
  34              		.loc 1 124 1 is_stmt 0 view .LVU1
  35 0000 08B5     		push	{r3, lr}
  36              		.cfi_def_cfa_offset 8
  37              		.cfi_offset 3, -8
  38              		.cfi_offset 14, -4
 125:Src/freertos.c ****   /* init code for USB_DEVICE */
 126:Src/freertos.c ****   MX_USB_DEVICE_Init();
  39              		.loc 1 126 3 is_stmt 1 view .LVU2
  40 0002 FFF7FEFF 		bl	MX_USB_DEVICE_Init
  41              	.LVL1:
 127:Src/freertos.c ****   /* USER CODE BEGIN StartDefaultTask */
 128:Src/freertos.c ****   osThreadTerminate(NULL); // 避免空置和切换占用cpu
  42              		.loc 1 128 3 view .LVU3
  43 0006 0020     		movs	r0, #0
  44 0008 FFF7FEFF 		bl	osThreadTerminate
ARM GAS  C:\Users\Administrator\AppData\Local\Temp\ccNMoKRe.s 			page 4


  45              	.LVL2:
 129:Src/freertos.c ****   /* USER CODE END StartDefaultTask */
 130:Src/freertos.c **** }
  46              		.loc 1 130 1 is_stmt 0 view .LVU4
  47 000c 08BD     		pop	{r3, pc}
  48              		.cfi_endproc
  49              	.LFE242:
  51              		.section	.text.vApplicationGetIdleTaskMemory,"ax",%progbits
  52              		.align	1
  53              		.global	vApplicationGetIdleTaskMemory
  54              		.syntax unified
  55              		.thumb
  56              		.thumb_func
  58              	vApplicationGetIdleTaskMemory:
  59              	.LVL3:
  60              	.LFB240:
  70:Src/freertos.c ****   *ppxIdleTaskTCBBuffer = &xIdleTaskTCBBuffer;
  61              		.loc 1 70 1 is_stmt 1 view -0
  62              		.cfi_startproc
  63              		@ args = 0, pretend = 0, frame = 0
  64              		@ frame_needed = 0, uses_anonymous_args = 0
  65              		@ link register save eliminated.
  71:Src/freertos.c ****   *ppxIdleTaskStackBuffer = &xIdleStack[0];
  66              		.loc 1 71 3 view .LVU6
  71:Src/freertos.c ****   *ppxIdleTaskStackBuffer = &xIdleStack[0];
  67              		.loc 1 71 25 is_stmt 0 view .LVU7
  68 0000 034B     		ldr	r3, .L4
  69 0002 0360     		str	r3, [r0]
  72:Src/freertos.c ****   *pulIdleTaskStackSize = configMINIMAL_STACK_SIZE;
  70              		.loc 1 72 3 is_stmt 1 view .LVU8
  72:Src/freertos.c ****   *pulIdleTaskStackSize = configMINIMAL_STACK_SIZE;
  71              		.loc 1 72 27 is_stmt 0 view .LVU9
  72 0004 034B     		ldr	r3, .L4+4
  73 0006 0B60     		str	r3, [r1]
  73:Src/freertos.c ****   /* place for user code */
  74              		.loc 1 73 3 is_stmt 1 view .LVU10
  73:Src/freertos.c ****   /* place for user code */
  75              		.loc 1 73 25 is_stmt 0 view .LVU11
  76 0008 8023     		movs	r3, #128
  77 000a 1360     		str	r3, [r2]
  75:Src/freertos.c **** /* USER CODE END GET_IDLE_TASK_MEMORY */
  78              		.loc 1 75 1 view .LVU12
  79 000c 7047     		bx	lr
  80              	.L5:
  81 000e 00BF     		.align	2
  82              	.L4:
  83 0010 00000000 		.word	xIdleTaskTCBBuffer
  84 0014 00000000 		.word	xIdleStack
  85              		.cfi_endproc
  86              	.LFE240:
  88              		.section	.text.MX_FREERTOS_Init,"ax",%progbits
  89              		.align	1
  90              		.global	MX_FREERTOS_Init
  91              		.syntax unified
  92              		.thumb
  93              		.thumb_func
  95              	MX_FREERTOS_Init:
ARM GAS  C:\Users\Administrator\AppData\Local\Temp\ccNMoKRe.s 			page 5


  96              	.LFB241:
  83:Src/freertos.c ****   /* USER CODE BEGIN Init */
  97              		.loc 1 83 29 is_stmt 1 view -0
  98              		.cfi_startproc
  99              		@ args = 0, pretend = 0, frame = 32
 100              		@ frame_needed = 0, uses_anonymous_args = 0
 101 0000 00B5     		push	{lr}
 102              		.cfi_def_cfa_offset 4
 103              		.cfi_offset 14, -4
 104 0002 89B0     		sub	sp, sp, #36
 105              		.cfi_def_cfa_offset 40
 106:Src/freertos.c ****   defaultTaskHandle = osThreadCreate(osThread(defaultTask), NULL);
 106              		.loc 1 106 3 view .LVU14
 107 0004 0DF1040C 		add	ip, sp, #4
 108 0008 DFF824E0 		ldr	lr, .L8+4
 109 000c BEE80F00 		ldmia	lr!, {r0, r1, r2, r3}
 110 0010 ACE80F00 		stmia	ip!, {r0, r1, r2, r3}
 111 0014 9EE80700 		ldm	lr, {r0, r1, r2}
 112 0018 8CE80700 		stm	ip, {r0, r1, r2}
 107:Src/freertos.c **** 
 113              		.loc 1 107 3 view .LVU15
 107:Src/freertos.c **** 
 114              		.loc 1 107 23 is_stmt 0 view .LVU16
 115 001c 0021     		movs	r1, #0
 116 001e 01A8     		add	r0, sp, #4
 117 0020 FFF7FEFF 		bl	osThreadCreate
 118              	.LVL4:
 107:Src/freertos.c **** 
 119              		.loc 1 107 21 discriminator 1 view .LVU17
 120 0024 014B     		ldr	r3, .L8
 121 0026 1860     		str	r0, [r3]
 114:Src/freertos.c **** 
 122              		.loc 1 114 1 view .LVU18
 123 0028 09B0     		add	sp, sp, #36
 124              		.cfi_def_cfa_offset 4
 125              		@ sp needed
 126 002a 00BD     		pop	{pc}
 127              	.L9:
 128              		.align	2
 129              	.L8:
 130 002c 00000000 		.word	defaultTaskHandle
 131 0030 00000000 		.word	.LANCHOR0
 132              		.cfi_endproc
 133              	.LFE241:
 135              		.section	.rodata.str1.4,"aMS",%progbits,1
 136              		.align	2
 137              	.LC0:
 138 0000 64656661 		.ascii	"defaultTask\000"
 138      756C7454 
 138      61736B00 
 139              		.section	.bss.xIdleStack,"aw",%nobits
 140              		.align	2
 143              	xIdleStack:
 144 0000 00000000 		.space	512
 144      00000000 
 144      00000000 
 144      00000000 
ARM GAS  C:\Users\Administrator\AppData\Local\Temp\ccNMoKRe.s 			page 6


 144      00000000 
 145              		.section	.bss.xIdleTaskTCBBuffer,"aw",%nobits
 146              		.align	2
 149              	xIdleTaskTCBBuffer:
 150 0000 00000000 		.space	100
 150      00000000 
 150      00000000 
 150      00000000 
 150      00000000 
 151              		.global	defaultTaskHandle
 152              		.section	.bss.defaultTaskHandle,"aw",%nobits
 153              		.align	2
 156              	defaultTaskHandle:
 157 0000 00000000 		.space	4
 158              		.section	.rodata
 159              		.align	2
 160              		.set	.LANCHOR0,. + 0
 161              	.LC2:
 162 0000 00000000 		.word	.LC0
 163 0004 00000000 		.word	StartDefaultTask
 164 0008 0000     		.short	0
 165 000a 0000     		.space	2
 166 000c 00000000 		.word	0
 167 0010 80000000 		.word	128
 168 0014 00000000 		.word	0
 169 0018 00000000 		.word	0
 170              		.text
 171              	.Letext0:
 172              		.file 2 "C:/Users/Administrator/AppData/Roaming/Code/User/globalStorage/bmd.stm32-for-vscode/@xpac
 173              		.file 3 "C:/Users/Administrator/AppData/Roaming/Code/User/globalStorage/bmd.stm32-for-vscode/@xpac
 174              		.file 4 "Middlewares/Third_Party/FreeRTOS/Source/portable/GCC/ARM_CM4F/portmacro.h"
 175              		.file 5 "Middlewares/Third_Party/FreeRTOS/Source/include/FreeRTOS.h"
 176              		.file 6 "Middlewares/Third_Party/FreeRTOS/Source/include/task.h"
 177              		.file 7 "Middlewares/Third_Party/FreeRTOS/Source/CMSIS_RTOS/cmsis_os.h"
ARM GAS  C:\Users\Administrator\AppData\Local\Temp\ccNMoKRe.s 			page 7


DEFINED SYMBOLS
                            *ABS*:00000000 freertos.c
C:\Users\Administrator\AppData\Local\Temp\ccNMoKRe.s:21     .text.StartDefaultTask:00000000 $t
C:\Users\Administrator\AppData\Local\Temp\ccNMoKRe.s:27     .text.StartDefaultTask:00000000 StartDefaultTask
C:\Users\Administrator\AppData\Local\Temp\ccNMoKRe.s:52     .text.vApplicationGetIdleTaskMemory:00000000 $t
C:\Users\Administrator\AppData\Local\Temp\ccNMoKRe.s:58     .text.vApplicationGetIdleTaskMemory:00000000 vApplicationGetIdleTaskMemory
C:\Users\Administrator\AppData\Local\Temp\ccNMoKRe.s:83     .text.vApplicationGetIdleTaskMemory:00000010 $d
C:\Users\Administrator\AppData\Local\Temp\ccNMoKRe.s:149    .bss.xIdleTaskTCBBuffer:00000000 xIdleTaskTCBBuffer
C:\Users\Administrator\AppData\Local\Temp\ccNMoKRe.s:143    .bss.xIdleStack:00000000 xIdleStack
C:\Users\Administrator\AppData\Local\Temp\ccNMoKRe.s:89     .text.MX_FREERTOS_Init:00000000 $t
C:\Users\Administrator\AppData\Local\Temp\ccNMoKRe.s:95     .text.MX_FREERTOS_Init:00000000 MX_FREERTOS_Init
C:\Users\Administrator\AppData\Local\Temp\ccNMoKRe.s:130    .text.MX_FREERTOS_Init:0000002c $d
C:\Users\Administrator\AppData\Local\Temp\ccNMoKRe.s:156    .bss.defaultTaskHandle:00000000 defaultTaskHandle
C:\Users\Administrator\AppData\Local\Temp\ccNMoKRe.s:136    .rodata.str1.4:00000000 $d
C:\Users\Administrator\AppData\Local\Temp\ccNMoKRe.s:140    .bss.xIdleStack:00000000 $d
C:\Users\Administrator\AppData\Local\Temp\ccNMoKRe.s:146    .bss.xIdleTaskTCBBuffer:00000000 $d
C:\Users\Administrator\AppData\Local\Temp\ccNMoKRe.s:153    .bss.defaultTaskHandle:00000000 $d
C:\Users\Administrator\AppData\Local\Temp\ccNMoKRe.s:159    .rodata:00000000 $d

UNDEFINED SYMBOLS
MX_USB_DEVICE_Init
osThreadTerminate
osThreadCreate
