ARM GAS  C:\Users\Administrator\AppData\Local\Temp\ccSiWJxp.s 			page 1


   1              		.cpu cortex-m4
   2              		.arch armv7e-m
   3              		.fpu fpv4-sp-d16
   4              		.eabi_attribute 27, 1
   5              		.eabi_attribute 28, 1
   6              		.eabi_attribute 20, 1
   7              		.eabi_attribute 21, 1
   8              		.eabi_attribute 23, 3
   9              		.eabi_attribute 24, 1
  10              		.eabi_attribute 25, 1
  11              		.eabi_attribute 26, 1
  12              		.eabi_attribute 30, 1
  13              		.eabi_attribute 34, 1
  14              		.eabi_attribute 18, 4
  15              		.file	"i2c.c"
  16              		.text
  17              	.Ltext0:
  18              		.cfi_sections	.debug_frame
  19              		.file 1 "Src/i2c.c"
  20              		.section	.text.MX_I2C2_Init,"ax",%progbits
  21              		.align	1
  22              		.global	MX_I2C2_Init
  23              		.syntax unified
  24              		.thumb
  25              		.thumb_func
  27              	MX_I2C2_Init:
  28              	.LFB235:
   1:Src/i2c.c     **** /* USER CODE BEGIN Header */
   2:Src/i2c.c     **** /**
   3:Src/i2c.c     ****   ******************************************************************************
   4:Src/i2c.c     ****   * @file    i2c.c
   5:Src/i2c.c     ****   * @brief   This file provides code for the configuration
   6:Src/i2c.c     ****   *          of the I2C instances.
   7:Src/i2c.c     ****   ******************************************************************************
   8:Src/i2c.c     ****   * @attention
   9:Src/i2c.c     ****   *
  10:Src/i2c.c     ****   * Copyright (c) 2023 STMicroelectronics.
  11:Src/i2c.c     ****   * All rights reserved.
  12:Src/i2c.c     ****   *
  13:Src/i2c.c     ****   * This software is licensed under terms that can be found in the LICENSE file
  14:Src/i2c.c     ****   * in the root directory of this software component.
  15:Src/i2c.c     ****   * If no LICENSE file comes with this software, it is provided AS-IS.
  16:Src/i2c.c     ****   *
  17:Src/i2c.c     ****   ******************************************************************************
  18:Src/i2c.c     ****   */
  19:Src/i2c.c     **** /* USER CODE END Header */
  20:Src/i2c.c     **** /* Includes ------------------------------------------------------------------*/
  21:Src/i2c.c     **** #include "i2c.h"
  22:Src/i2c.c     **** 
  23:Src/i2c.c     **** /* USER CODE BEGIN 0 */
  24:Src/i2c.c     **** 
  25:Src/i2c.c     **** /* USER CODE END 0 */
  26:Src/i2c.c     **** 
  27:Src/i2c.c     **** I2C_HandleTypeDef hi2c2;
  28:Src/i2c.c     **** I2C_HandleTypeDef hi2c3;
  29:Src/i2c.c     **** DMA_HandleTypeDef hdma_i2c2_rx;
  30:Src/i2c.c     **** DMA_HandleTypeDef hdma_i2c2_tx;
ARM GAS  C:\Users\Administrator\AppData\Local\Temp\ccSiWJxp.s 			page 2


  31:Src/i2c.c     **** 
  32:Src/i2c.c     **** /* I2C2 init function */
  33:Src/i2c.c     **** void MX_I2C2_Init(void)
  34:Src/i2c.c     **** {
  29              		.loc 1 34 1 view -0
  30              		.cfi_startproc
  31              		@ args = 0, pretend = 0, frame = 0
  32              		@ frame_needed = 0, uses_anonymous_args = 0
  33 0000 08B5     		push	{r3, lr}
  34              		.cfi_def_cfa_offset 8
  35              		.cfi_offset 3, -8
  36              		.cfi_offset 14, -4
  35:Src/i2c.c     **** 
  36:Src/i2c.c     ****   /* USER CODE BEGIN I2C2_Init 0 */
  37:Src/i2c.c     **** 
  38:Src/i2c.c     ****   /* USER CODE END I2C2_Init 0 */
  39:Src/i2c.c     **** 
  40:Src/i2c.c     ****   /* USER CODE BEGIN I2C2_Init 1 */
  41:Src/i2c.c     **** 
  42:Src/i2c.c     ****   /* USER CODE END I2C2_Init 1 */
  43:Src/i2c.c     ****   hi2c2.Instance = I2C2;
  37              		.loc 1 43 3 view .LVU1
  38              		.loc 1 43 18 is_stmt 0 view .LVU2
  39 0002 0B48     		ldr	r0, .L5
  40 0004 0B4B     		ldr	r3, .L5+4
  41 0006 0360     		str	r3, [r0]
  44:Src/i2c.c     ****   hi2c2.Init.ClockSpeed = 400000;
  42              		.loc 1 44 3 is_stmt 1 view .LVU3
  43              		.loc 1 44 25 is_stmt 0 view .LVU4
  44 0008 0B4B     		ldr	r3, .L5+8
  45 000a 4360     		str	r3, [r0, #4]
  45:Src/i2c.c     ****   hi2c2.Init.DutyCycle = I2C_DUTYCYCLE_2;
  46              		.loc 1 45 3 is_stmt 1 view .LVU5
  47              		.loc 1 45 24 is_stmt 0 view .LVU6
  48 000c 0023     		movs	r3, #0
  49 000e 8360     		str	r3, [r0, #8]
  46:Src/i2c.c     ****   hi2c2.Init.OwnAddress1 = 0;
  50              		.loc 1 46 3 is_stmt 1 view .LVU7
  51              		.loc 1 46 26 is_stmt 0 view .LVU8
  52 0010 C360     		str	r3, [r0, #12]
  47:Src/i2c.c     ****   hi2c2.Init.AddressingMode = I2C_ADDRESSINGMODE_7BIT;
  53              		.loc 1 47 3 is_stmt 1 view .LVU9
  54              		.loc 1 47 29 is_stmt 0 view .LVU10
  55 0012 4FF48042 		mov	r2, #16384
  56 0016 0261     		str	r2, [r0, #16]
  48:Src/i2c.c     ****   hi2c2.Init.DualAddressMode = I2C_DUALADDRESS_DISABLE;
  57              		.loc 1 48 3 is_stmt 1 view .LVU11
  58              		.loc 1 48 30 is_stmt 0 view .LVU12
  59 0018 4361     		str	r3, [r0, #20]
  49:Src/i2c.c     ****   hi2c2.Init.OwnAddress2 = 0;
  60              		.loc 1 49 3 is_stmt 1 view .LVU13
  61              		.loc 1 49 26 is_stmt 0 view .LVU14
  62 001a 8361     		str	r3, [r0, #24]
  50:Src/i2c.c     ****   hi2c2.Init.GeneralCallMode = I2C_GENERALCALL_DISABLE;
  63              		.loc 1 50 3 is_stmt 1 view .LVU15
  64              		.loc 1 50 30 is_stmt 0 view .LVU16
  65 001c C361     		str	r3, [r0, #28]
ARM GAS  C:\Users\Administrator\AppData\Local\Temp\ccSiWJxp.s 			page 3


  51:Src/i2c.c     ****   hi2c2.Init.NoStretchMode = I2C_NOSTRETCH_DISABLE;
  66              		.loc 1 51 3 is_stmt 1 view .LVU17
  67              		.loc 1 51 28 is_stmt 0 view .LVU18
  68 001e 0362     		str	r3, [r0, #32]
  52:Src/i2c.c     ****   if (HAL_I2C_Init(&hi2c2) != HAL_OK)
  69              		.loc 1 52 3 is_stmt 1 view .LVU19
  70              		.loc 1 52 7 is_stmt 0 view .LVU20
  71 0020 FFF7FEFF 		bl	HAL_I2C_Init
  72              	.LVL0:
  73              		.loc 1 52 6 discriminator 1 view .LVU21
  74 0024 00B9     		cbnz	r0, .L4
  75              	.L1:
  53:Src/i2c.c     ****   {
  54:Src/i2c.c     ****     Error_Handler();
  55:Src/i2c.c     ****   }
  56:Src/i2c.c     ****   /* USER CODE BEGIN I2C2_Init 2 */
  57:Src/i2c.c     **** 
  58:Src/i2c.c     ****   /* USER CODE END I2C2_Init 2 */
  59:Src/i2c.c     **** 
  60:Src/i2c.c     **** }
  76              		.loc 1 60 1 view .LVU22
  77 0026 08BD     		pop	{r3, pc}
  78              	.L4:
  54:Src/i2c.c     ****   }
  79              		.loc 1 54 5 is_stmt 1 view .LVU23
  80 0028 FFF7FEFF 		bl	Error_Handler
  81              	.LVL1:
  82              		.loc 1 60 1 is_stmt 0 view .LVU24
  83 002c FBE7     		b	.L1
  84              	.L6:
  85 002e 00BF     		.align	2
  86              	.L5:
  87 0030 00000000 		.word	hi2c2
  88 0034 00580040 		.word	1073764352
  89 0038 801A0600 		.word	400000
  90              		.cfi_endproc
  91              	.LFE235:
  93              		.section	.text.MX_I2C3_Init,"ax",%progbits
  94              		.align	1
  95              		.global	MX_I2C3_Init
  96              		.syntax unified
  97              		.thumb
  98              		.thumb_func
 100              	MX_I2C3_Init:
 101              	.LFB236:
  61:Src/i2c.c     **** /* I2C3 init function */
  62:Src/i2c.c     **** void MX_I2C3_Init(void)
  63:Src/i2c.c     **** {
 102              		.loc 1 63 1 is_stmt 1 view -0
 103              		.cfi_startproc
 104              		@ args = 0, pretend = 0, frame = 0
 105              		@ frame_needed = 0, uses_anonymous_args = 0
 106 0000 08B5     		push	{r3, lr}
 107              		.cfi_def_cfa_offset 8
 108              		.cfi_offset 3, -8
 109              		.cfi_offset 14, -4
  64:Src/i2c.c     **** 
ARM GAS  C:\Users\Administrator\AppData\Local\Temp\ccSiWJxp.s 			page 4


  65:Src/i2c.c     ****   /* USER CODE BEGIN I2C3_Init 0 */
  66:Src/i2c.c     **** 
  67:Src/i2c.c     ****   /* USER CODE END I2C3_Init 0 */
  68:Src/i2c.c     **** 
  69:Src/i2c.c     ****   /* USER CODE BEGIN I2C3_Init 1 */
  70:Src/i2c.c     **** 
  71:Src/i2c.c     ****   /* USER CODE END I2C3_Init 1 */
  72:Src/i2c.c     ****   hi2c3.Instance = I2C3;
 110              		.loc 1 72 3 view .LVU26
 111              		.loc 1 72 18 is_stmt 0 view .LVU27
 112 0002 0B48     		ldr	r0, .L11
 113 0004 0B4B     		ldr	r3, .L11+4
 114 0006 0360     		str	r3, [r0]
  73:Src/i2c.c     ****   hi2c3.Init.ClockSpeed = 400000;
 115              		.loc 1 73 3 is_stmt 1 view .LVU28
 116              		.loc 1 73 25 is_stmt 0 view .LVU29
 117 0008 0B4B     		ldr	r3, .L11+8
 118 000a 4360     		str	r3, [r0, #4]
  74:Src/i2c.c     ****   hi2c3.Init.DutyCycle = I2C_DUTYCYCLE_2;
 119              		.loc 1 74 3 is_stmt 1 view .LVU30
 120              		.loc 1 74 24 is_stmt 0 view .LVU31
 121 000c 0023     		movs	r3, #0
 122 000e 8360     		str	r3, [r0, #8]
  75:Src/i2c.c     ****   hi2c3.Init.OwnAddress1 = 0;
 123              		.loc 1 75 3 is_stmt 1 view .LVU32
 124              		.loc 1 75 26 is_stmt 0 view .LVU33
 125 0010 C360     		str	r3, [r0, #12]
  76:Src/i2c.c     ****   hi2c3.Init.AddressingMode = I2C_ADDRESSINGMODE_7BIT;
 126              		.loc 1 76 3 is_stmt 1 view .LVU34
 127              		.loc 1 76 29 is_stmt 0 view .LVU35
 128 0012 4FF48042 		mov	r2, #16384
 129 0016 0261     		str	r2, [r0, #16]
  77:Src/i2c.c     ****   hi2c3.Init.DualAddressMode = I2C_DUALADDRESS_DISABLE;
 130              		.loc 1 77 3 is_stmt 1 view .LVU36
 131              		.loc 1 77 30 is_stmt 0 view .LVU37
 132 0018 4361     		str	r3, [r0, #20]
  78:Src/i2c.c     ****   hi2c3.Init.OwnAddress2 = 0;
 133              		.loc 1 78 3 is_stmt 1 view .LVU38
 134              		.loc 1 78 26 is_stmt 0 view .LVU39
 135 001a 8361     		str	r3, [r0, #24]
  79:Src/i2c.c     ****   hi2c3.Init.GeneralCallMode = I2C_GENERALCALL_DISABLE;
 136              		.loc 1 79 3 is_stmt 1 view .LVU40
 137              		.loc 1 79 30 is_stmt 0 view .LVU41
 138 001c C361     		str	r3, [r0, #28]
  80:Src/i2c.c     ****   hi2c3.Init.NoStretchMode = I2C_NOSTRETCH_DISABLE;
 139              		.loc 1 80 3 is_stmt 1 view .LVU42
 140              		.loc 1 80 28 is_stmt 0 view .LVU43
 141 001e 0362     		str	r3, [r0, #32]
  81:Src/i2c.c     ****   if (HAL_I2C_Init(&hi2c3) != HAL_OK)
 142              		.loc 1 81 3 is_stmt 1 view .LVU44
 143              		.loc 1 81 7 is_stmt 0 view .LVU45
 144 0020 FFF7FEFF 		bl	HAL_I2C_Init
 145              	.LVL2:
 146              		.loc 1 81 6 discriminator 1 view .LVU46
 147 0024 00B9     		cbnz	r0, .L10
 148              	.L7:
  82:Src/i2c.c     ****   {
ARM GAS  C:\Users\Administrator\AppData\Local\Temp\ccSiWJxp.s 			page 5


  83:Src/i2c.c     ****     Error_Handler();
  84:Src/i2c.c     ****   }
  85:Src/i2c.c     ****   /* USER CODE BEGIN I2C3_Init 2 */
  86:Src/i2c.c     **** 
  87:Src/i2c.c     ****   /* USER CODE END I2C3_Init 2 */
  88:Src/i2c.c     **** 
  89:Src/i2c.c     **** }
 149              		.loc 1 89 1 view .LVU47
 150 0026 08BD     		pop	{r3, pc}
 151              	.L10:
  83:Src/i2c.c     ****   }
 152              		.loc 1 83 5 is_stmt 1 view .LVU48
 153 0028 FFF7FEFF 		bl	Error_Handler
 154              	.LVL3:
 155              		.loc 1 89 1 is_stmt 0 view .LVU49
 156 002c FBE7     		b	.L7
 157              	.L12:
 158 002e 00BF     		.align	2
 159              	.L11:
 160 0030 00000000 		.word	hi2c3
 161 0034 005C0040 		.word	1073765376
 162 0038 801A0600 		.word	400000
 163              		.cfi_endproc
 164              	.LFE236:
 166              		.section	.text.HAL_I2C_MspInit,"ax",%progbits
 167              		.align	1
 168              		.global	HAL_I2C_MspInit
 169              		.syntax unified
 170              		.thumb
 171              		.thumb_func
 173              	HAL_I2C_MspInit:
 174              	.LVL4:
 175              	.LFB237:
  90:Src/i2c.c     **** 
  91:Src/i2c.c     **** void HAL_I2C_MspInit(I2C_HandleTypeDef* i2cHandle)
  92:Src/i2c.c     **** {
 176              		.loc 1 92 1 is_stmt 1 view -0
 177              		.cfi_startproc
 178              		@ args = 0, pretend = 0, frame = 40
 179              		@ frame_needed = 0, uses_anonymous_args = 0
 180              		.loc 1 92 1 is_stmt 0 view .LVU51
 181 0000 F0B5     		push	{r4, r5, r6, r7, lr}
 182              		.cfi_def_cfa_offset 20
 183              		.cfi_offset 4, -20
 184              		.cfi_offset 5, -16
 185              		.cfi_offset 6, -12
 186              		.cfi_offset 7, -8
 187              		.cfi_offset 14, -4
 188 0002 8BB0     		sub	sp, sp, #44
 189              		.cfi_def_cfa_offset 64
  93:Src/i2c.c     **** 
  94:Src/i2c.c     ****   GPIO_InitTypeDef GPIO_InitStruct = {0};
 190              		.loc 1 94 3 is_stmt 1 view .LVU52
 191              		.loc 1 94 20 is_stmt 0 view .LVU53
 192 0004 0023     		movs	r3, #0
 193 0006 0593     		str	r3, [sp, #20]
 194 0008 0693     		str	r3, [sp, #24]
ARM GAS  C:\Users\Administrator\AppData\Local\Temp\ccSiWJxp.s 			page 6


 195 000a 0793     		str	r3, [sp, #28]
 196 000c 0893     		str	r3, [sp, #32]
 197 000e 0993     		str	r3, [sp, #36]
  95:Src/i2c.c     ****   if(i2cHandle->Instance==I2C2)
 198              		.loc 1 95 3 is_stmt 1 view .LVU54
 199              		.loc 1 95 15 is_stmt 0 view .LVU55
 200 0010 0368     		ldr	r3, [r0]
 201              		.loc 1 95 5 view .LVU56
 202 0012 5C4A     		ldr	r2, .L23
 203 0014 9342     		cmp	r3, r2
 204 0016 04D0     		beq	.L19
  96:Src/i2c.c     ****   {
  97:Src/i2c.c     ****   /* USER CODE BEGIN I2C2_MspInit 0 */
  98:Src/i2c.c     **** 
  99:Src/i2c.c     ****   /* USER CODE END I2C2_MspInit 0 */
 100:Src/i2c.c     **** 
 101:Src/i2c.c     ****     __HAL_RCC_GPIOF_CLK_ENABLE();
 102:Src/i2c.c     ****     /**I2C2 GPIO Configuration
 103:Src/i2c.c     ****     PF0     ------> I2C2_SDA
 104:Src/i2c.c     ****     PF1     ------> I2C2_SCL
 105:Src/i2c.c     ****     */
 106:Src/i2c.c     ****     GPIO_InitStruct.Pin = GPIO_PIN_0|GPIO_PIN_1;
 107:Src/i2c.c     ****     GPIO_InitStruct.Mode = GPIO_MODE_AF_OD;
 108:Src/i2c.c     ****     GPIO_InitStruct.Pull = GPIO_NOPULL;
 109:Src/i2c.c     ****     GPIO_InitStruct.Speed = GPIO_SPEED_FREQ_VERY_HIGH;
 110:Src/i2c.c     ****     GPIO_InitStruct.Alternate = GPIO_AF4_I2C2;
 111:Src/i2c.c     ****     HAL_GPIO_Init(GPIOF, &GPIO_InitStruct);
 112:Src/i2c.c     **** 
 113:Src/i2c.c     ****     /* I2C2 clock enable */
 114:Src/i2c.c     ****     __HAL_RCC_I2C2_CLK_ENABLE();
 115:Src/i2c.c     **** 
 116:Src/i2c.c     ****     /* I2C2 DMA Init */
 117:Src/i2c.c     ****     /* I2C2_RX Init */
 118:Src/i2c.c     ****     hdma_i2c2_rx.Instance = DMA1_Stream2;
 119:Src/i2c.c     ****     hdma_i2c2_rx.Init.Channel = DMA_CHANNEL_7;
 120:Src/i2c.c     ****     hdma_i2c2_rx.Init.Direction = DMA_PERIPH_TO_MEMORY;
 121:Src/i2c.c     ****     hdma_i2c2_rx.Init.PeriphInc = DMA_PINC_DISABLE;
 122:Src/i2c.c     ****     hdma_i2c2_rx.Init.MemInc = DMA_MINC_ENABLE;
 123:Src/i2c.c     ****     hdma_i2c2_rx.Init.PeriphDataAlignment = DMA_PDATAALIGN_BYTE;
 124:Src/i2c.c     ****     hdma_i2c2_rx.Init.MemDataAlignment = DMA_MDATAALIGN_BYTE;
 125:Src/i2c.c     ****     hdma_i2c2_rx.Init.Mode = DMA_NORMAL;
 126:Src/i2c.c     ****     hdma_i2c2_rx.Init.Priority = DMA_PRIORITY_LOW;
 127:Src/i2c.c     ****     hdma_i2c2_rx.Init.FIFOMode = DMA_FIFOMODE_DISABLE;
 128:Src/i2c.c     ****     if (HAL_DMA_Init(&hdma_i2c2_rx) != HAL_OK)
 129:Src/i2c.c     ****     {
 130:Src/i2c.c     ****       Error_Handler();
 131:Src/i2c.c     ****     }
 132:Src/i2c.c     **** 
 133:Src/i2c.c     ****     __HAL_LINKDMA(i2cHandle,hdmarx,hdma_i2c2_rx);
 134:Src/i2c.c     **** 
 135:Src/i2c.c     ****     /* I2C2_TX Init */
 136:Src/i2c.c     ****     hdma_i2c2_tx.Instance = DMA1_Stream7;
 137:Src/i2c.c     ****     hdma_i2c2_tx.Init.Channel = DMA_CHANNEL_7;
 138:Src/i2c.c     ****     hdma_i2c2_tx.Init.Direction = DMA_MEMORY_TO_PERIPH;
 139:Src/i2c.c     ****     hdma_i2c2_tx.Init.PeriphInc = DMA_PINC_DISABLE;
 140:Src/i2c.c     ****     hdma_i2c2_tx.Init.MemInc = DMA_MINC_ENABLE;
 141:Src/i2c.c     ****     hdma_i2c2_tx.Init.PeriphDataAlignment = DMA_PDATAALIGN_BYTE;
ARM GAS  C:\Users\Administrator\AppData\Local\Temp\ccSiWJxp.s 			page 7


 142:Src/i2c.c     ****     hdma_i2c2_tx.Init.MemDataAlignment = DMA_MDATAALIGN_BYTE;
 143:Src/i2c.c     ****     hdma_i2c2_tx.Init.Mode = DMA_NORMAL;
 144:Src/i2c.c     ****     hdma_i2c2_tx.Init.Priority = DMA_PRIORITY_LOW;
 145:Src/i2c.c     ****     hdma_i2c2_tx.Init.FIFOMode = DMA_FIFOMODE_DISABLE;
 146:Src/i2c.c     ****     if (HAL_DMA_Init(&hdma_i2c2_tx) != HAL_OK)
 147:Src/i2c.c     ****     {
 148:Src/i2c.c     ****       Error_Handler();
 149:Src/i2c.c     ****     }
 150:Src/i2c.c     **** 
 151:Src/i2c.c     ****     __HAL_LINKDMA(i2cHandle,hdmatx,hdma_i2c2_tx);
 152:Src/i2c.c     **** 
 153:Src/i2c.c     ****     /* I2C2 interrupt Init */
 154:Src/i2c.c     ****     HAL_NVIC_SetPriority(I2C2_EV_IRQn, 5, 0);
 155:Src/i2c.c     ****     HAL_NVIC_EnableIRQ(I2C2_EV_IRQn);
 156:Src/i2c.c     ****     HAL_NVIC_SetPriority(I2C2_ER_IRQn, 5, 0);
 157:Src/i2c.c     ****     HAL_NVIC_EnableIRQ(I2C2_ER_IRQn);
 158:Src/i2c.c     ****   /* USER CODE BEGIN I2C2_MspInit 1 */
 159:Src/i2c.c     **** 
 160:Src/i2c.c     ****   /* USER CODE END I2C2_MspInit 1 */
 161:Src/i2c.c     ****   }
 162:Src/i2c.c     ****   else if(i2cHandle->Instance==I2C3)
 205              		.loc 1 162 8 is_stmt 1 view .LVU57
 206              		.loc 1 162 10 is_stmt 0 view .LVU58
 207 0018 5B4A     		ldr	r2, .L23+4
 208 001a 9342     		cmp	r3, r2
 209 001c 68D0     		beq	.L20
 210              	.LVL5:
 211              	.L13:
 163:Src/i2c.c     ****   {
 164:Src/i2c.c     ****   /* USER CODE BEGIN I2C3_MspInit 0 */
 165:Src/i2c.c     **** 
 166:Src/i2c.c     ****   /* USER CODE END I2C3_MspInit 0 */
 167:Src/i2c.c     **** 
 168:Src/i2c.c     ****     __HAL_RCC_GPIOC_CLK_ENABLE();
 169:Src/i2c.c     ****     __HAL_RCC_GPIOA_CLK_ENABLE();
 170:Src/i2c.c     ****     /**I2C3 GPIO Configuration
 171:Src/i2c.c     ****     PC9     ------> I2C3_SDA
 172:Src/i2c.c     ****     PA8     ------> I2C3_SCL
 173:Src/i2c.c     ****     */
 174:Src/i2c.c     ****     GPIO_InitStruct.Pin = GPIO_PIN_9;
 175:Src/i2c.c     ****     GPIO_InitStruct.Mode = GPIO_MODE_AF_OD;
 176:Src/i2c.c     ****     GPIO_InitStruct.Pull = GPIO_NOPULL;
 177:Src/i2c.c     ****     GPIO_InitStruct.Speed = GPIO_SPEED_FREQ_VERY_HIGH;
 178:Src/i2c.c     ****     GPIO_InitStruct.Alternate = GPIO_AF4_I2C3;
 179:Src/i2c.c     ****     HAL_GPIO_Init(GPIOC, &GPIO_InitStruct);
 180:Src/i2c.c     **** 
 181:Src/i2c.c     ****     GPIO_InitStruct.Pin = GPIO_PIN_8;
 182:Src/i2c.c     ****     GPIO_InitStruct.Mode = GPIO_MODE_AF_OD;
 183:Src/i2c.c     ****     GPIO_InitStruct.Pull = GPIO_NOPULL;
 184:Src/i2c.c     ****     GPIO_InitStruct.Speed = GPIO_SPEED_FREQ_VERY_HIGH;
 185:Src/i2c.c     ****     GPIO_InitStruct.Alternate = GPIO_AF4_I2C3;
 186:Src/i2c.c     ****     HAL_GPIO_Init(GPIOA, &GPIO_InitStruct);
 187:Src/i2c.c     **** 
 188:Src/i2c.c     ****     /* I2C3 clock enable */
 189:Src/i2c.c     ****     __HAL_RCC_I2C3_CLK_ENABLE();
 190:Src/i2c.c     **** 
 191:Src/i2c.c     ****     /* I2C3 interrupt Init */
ARM GAS  C:\Users\Administrator\AppData\Local\Temp\ccSiWJxp.s 			page 8


 192:Src/i2c.c     ****     HAL_NVIC_SetPriority(I2C3_EV_IRQn, 5, 0);
 193:Src/i2c.c     ****     HAL_NVIC_EnableIRQ(I2C3_EV_IRQn);
 194:Src/i2c.c     ****     HAL_NVIC_SetPriority(I2C3_ER_IRQn, 5, 0);
 195:Src/i2c.c     ****     HAL_NVIC_EnableIRQ(I2C3_ER_IRQn);
 196:Src/i2c.c     ****   /* USER CODE BEGIN I2C3_MspInit 1 */
 197:Src/i2c.c     **** 
 198:Src/i2c.c     ****   /* USER CODE END I2C3_MspInit 1 */
 199:Src/i2c.c     ****   }
 200:Src/i2c.c     **** }
 212              		.loc 1 200 1 view .LVU59
 213 001e 0BB0     		add	sp, sp, #44
 214              		.cfi_remember_state
 215              		.cfi_def_cfa_offset 20
 216              		@ sp needed
 217 0020 F0BD     		pop	{r4, r5, r6, r7, pc}
 218              	.LVL6:
 219              	.L19:
 220              		.cfi_restore_state
 221              		.loc 1 200 1 view .LVU60
 222 0022 0646     		mov	r6, r0
 101:Src/i2c.c     ****     /**I2C2 GPIO Configuration
 223              		.loc 1 101 5 is_stmt 1 view .LVU61
 224              	.LBB2:
 101:Src/i2c.c     ****     /**I2C2 GPIO Configuration
 225              		.loc 1 101 5 view .LVU62
 226 0024 0024     		movs	r4, #0
 227 0026 0094     		str	r4, [sp]
 101:Src/i2c.c     ****     /**I2C2 GPIO Configuration
 228              		.loc 1 101 5 view .LVU63
 229 0028 584D     		ldr	r5, .L23+8
 230 002a 2B6B     		ldr	r3, [r5, #48]
 231 002c 43F02003 		orr	r3, r3, #32
 232 0030 2B63     		str	r3, [r5, #48]
 101:Src/i2c.c     ****     /**I2C2 GPIO Configuration
 233              		.loc 1 101 5 view .LVU64
 234 0032 2B6B     		ldr	r3, [r5, #48]
 235 0034 03F02003 		and	r3, r3, #32
 236 0038 0093     		str	r3, [sp]
 101:Src/i2c.c     ****     /**I2C2 GPIO Configuration
 237              		.loc 1 101 5 view .LVU65
 238 003a 009B     		ldr	r3, [sp]
 239              	.LBE2:
 101:Src/i2c.c     ****     /**I2C2 GPIO Configuration
 240              		.loc 1 101 5 view .LVU66
 106:Src/i2c.c     ****     GPIO_InitStruct.Mode = GPIO_MODE_AF_OD;
 241              		.loc 1 106 5 view .LVU67
 106:Src/i2c.c     ****     GPIO_InitStruct.Mode = GPIO_MODE_AF_OD;
 242              		.loc 1 106 25 is_stmt 0 view .LVU68
 243 003c 0323     		movs	r3, #3
 244 003e 0593     		str	r3, [sp, #20]
 107:Src/i2c.c     ****     GPIO_InitStruct.Pull = GPIO_NOPULL;
 245              		.loc 1 107 5 is_stmt 1 view .LVU69
 107:Src/i2c.c     ****     GPIO_InitStruct.Pull = GPIO_NOPULL;
 246              		.loc 1 107 26 is_stmt 0 view .LVU70
 247 0040 1222     		movs	r2, #18
 248 0042 0692     		str	r2, [sp, #24]
 108:Src/i2c.c     ****     GPIO_InitStruct.Speed = GPIO_SPEED_FREQ_VERY_HIGH;
ARM GAS  C:\Users\Administrator\AppData\Local\Temp\ccSiWJxp.s 			page 9


 249              		.loc 1 108 5 is_stmt 1 view .LVU71
 109:Src/i2c.c     ****     GPIO_InitStruct.Alternate = GPIO_AF4_I2C2;
 250              		.loc 1 109 5 view .LVU72
 109:Src/i2c.c     ****     GPIO_InitStruct.Alternate = GPIO_AF4_I2C2;
 251              		.loc 1 109 27 is_stmt 0 view .LVU73
 252 0044 0893     		str	r3, [sp, #32]
 110:Src/i2c.c     ****     HAL_GPIO_Init(GPIOF, &GPIO_InitStruct);
 253              		.loc 1 110 5 is_stmt 1 view .LVU74
 110:Src/i2c.c     ****     HAL_GPIO_Init(GPIOF, &GPIO_InitStruct);
 254              		.loc 1 110 31 is_stmt 0 view .LVU75
 255 0046 0423     		movs	r3, #4
 256 0048 0993     		str	r3, [sp, #36]
 111:Src/i2c.c     **** 
 257              		.loc 1 111 5 is_stmt 1 view .LVU76
 258 004a 05A9     		add	r1, sp, #20
 259 004c 5048     		ldr	r0, .L23+12
 260              	.LVL7:
 111:Src/i2c.c     **** 
 261              		.loc 1 111 5 is_stmt 0 view .LVU77
 262 004e FFF7FEFF 		bl	HAL_GPIO_Init
 263              	.LVL8:
 114:Src/i2c.c     **** 
 264              		.loc 1 114 5 is_stmt 1 view .LVU78
 265              	.LBB3:
 114:Src/i2c.c     **** 
 266              		.loc 1 114 5 view .LVU79
 267 0052 0194     		str	r4, [sp, #4]
 114:Src/i2c.c     **** 
 268              		.loc 1 114 5 view .LVU80
 269 0054 2B6C     		ldr	r3, [r5, #64]
 270 0056 43F48003 		orr	r3, r3, #4194304
 271 005a 2B64     		str	r3, [r5, #64]
 114:Src/i2c.c     **** 
 272              		.loc 1 114 5 view .LVU81
 273 005c 2B6C     		ldr	r3, [r5, #64]
 274 005e 03F48003 		and	r3, r3, #4194304
 275 0062 0193     		str	r3, [sp, #4]
 114:Src/i2c.c     **** 
 276              		.loc 1 114 5 view .LVU82
 277 0064 019B     		ldr	r3, [sp, #4]
 278              	.LBE3:
 114:Src/i2c.c     **** 
 279              		.loc 1 114 5 view .LVU83
 118:Src/i2c.c     ****     hdma_i2c2_rx.Init.Channel = DMA_CHANNEL_7;
 280              		.loc 1 118 5 view .LVU84
 118:Src/i2c.c     ****     hdma_i2c2_rx.Init.Channel = DMA_CHANNEL_7;
 281              		.loc 1 118 27 is_stmt 0 view .LVU85
 282 0066 4B48     		ldr	r0, .L23+16
 283 0068 4B4B     		ldr	r3, .L23+20
 284 006a 0360     		str	r3, [r0]
 119:Src/i2c.c     ****     hdma_i2c2_rx.Init.Direction = DMA_PERIPH_TO_MEMORY;
 285              		.loc 1 119 5 is_stmt 1 view .LVU86
 119:Src/i2c.c     ****     hdma_i2c2_rx.Init.Direction = DMA_PERIPH_TO_MEMORY;
 286              		.loc 1 119 31 is_stmt 0 view .LVU87
 287 006c 4FF06063 		mov	r3, #234881024
 288 0070 4360     		str	r3, [r0, #4]
 120:Src/i2c.c     ****     hdma_i2c2_rx.Init.PeriphInc = DMA_PINC_DISABLE;
ARM GAS  C:\Users\Administrator\AppData\Local\Temp\ccSiWJxp.s 			page 10


 289              		.loc 1 120 5 is_stmt 1 view .LVU88
 120:Src/i2c.c     ****     hdma_i2c2_rx.Init.PeriphInc = DMA_PINC_DISABLE;
 290              		.loc 1 120 33 is_stmt 0 view .LVU89
 291 0072 8460     		str	r4, [r0, #8]
 121:Src/i2c.c     ****     hdma_i2c2_rx.Init.MemInc = DMA_MINC_ENABLE;
 292              		.loc 1 121 5 is_stmt 1 view .LVU90
 121:Src/i2c.c     ****     hdma_i2c2_rx.Init.MemInc = DMA_MINC_ENABLE;
 293              		.loc 1 121 33 is_stmt 0 view .LVU91
 294 0074 C460     		str	r4, [r0, #12]
 122:Src/i2c.c     ****     hdma_i2c2_rx.Init.PeriphDataAlignment = DMA_PDATAALIGN_BYTE;
 295              		.loc 1 122 5 is_stmt 1 view .LVU92
 122:Src/i2c.c     ****     hdma_i2c2_rx.Init.PeriphDataAlignment = DMA_PDATAALIGN_BYTE;
 296              		.loc 1 122 30 is_stmt 0 view .LVU93
 297 0076 4FF48063 		mov	r3, #1024
 298 007a 0361     		str	r3, [r0, #16]
 123:Src/i2c.c     ****     hdma_i2c2_rx.Init.MemDataAlignment = DMA_MDATAALIGN_BYTE;
 299              		.loc 1 123 5 is_stmt 1 view .LVU94
 123:Src/i2c.c     ****     hdma_i2c2_rx.Init.MemDataAlignment = DMA_MDATAALIGN_BYTE;
 300              		.loc 1 123 43 is_stmt 0 view .LVU95
 301 007c 4461     		str	r4, [r0, #20]
 124:Src/i2c.c     ****     hdma_i2c2_rx.Init.Mode = DMA_NORMAL;
 302              		.loc 1 124 5 is_stmt 1 view .LVU96
 124:Src/i2c.c     ****     hdma_i2c2_rx.Init.Mode = DMA_NORMAL;
 303              		.loc 1 124 40 is_stmt 0 view .LVU97
 304 007e 8461     		str	r4, [r0, #24]
 125:Src/i2c.c     ****     hdma_i2c2_rx.Init.Priority = DMA_PRIORITY_LOW;
 305              		.loc 1 125 5 is_stmt 1 view .LVU98
 125:Src/i2c.c     ****     hdma_i2c2_rx.Init.Priority = DMA_PRIORITY_LOW;
 306              		.loc 1 125 28 is_stmt 0 view .LVU99
 307 0080 C461     		str	r4, [r0, #28]
 126:Src/i2c.c     ****     hdma_i2c2_rx.Init.FIFOMode = DMA_FIFOMODE_DISABLE;
 308              		.loc 1 126 5 is_stmt 1 view .LVU100
 126:Src/i2c.c     ****     hdma_i2c2_rx.Init.FIFOMode = DMA_FIFOMODE_DISABLE;
 309              		.loc 1 126 32 is_stmt 0 view .LVU101
 310 0082 0462     		str	r4, [r0, #32]
 127:Src/i2c.c     ****     if (HAL_DMA_Init(&hdma_i2c2_rx) != HAL_OK)
 311              		.loc 1 127 5 is_stmt 1 view .LVU102
 127:Src/i2c.c     ****     if (HAL_DMA_Init(&hdma_i2c2_rx) != HAL_OK)
 312              		.loc 1 127 32 is_stmt 0 view .LVU103
 313 0084 4462     		str	r4, [r0, #36]
 128:Src/i2c.c     ****     {
 314              		.loc 1 128 5 is_stmt 1 view .LVU104
 128:Src/i2c.c     ****     {
 315              		.loc 1 128 9 is_stmt 0 view .LVU105
 316 0086 FFF7FEFF 		bl	HAL_DMA_Init
 317              	.LVL9:
 128:Src/i2c.c     ****     {
 318              		.loc 1 128 8 discriminator 1 view .LVU106
 319 008a 58BB     		cbnz	r0, .L21
 320              	.L15:
 133:Src/i2c.c     **** 
 321              		.loc 1 133 5 is_stmt 1 view .LVU107
 133:Src/i2c.c     **** 
 322              		.loc 1 133 5 view .LVU108
 323 008c 414B     		ldr	r3, .L23+16
 324 008e B363     		str	r3, [r6, #56]
 133:Src/i2c.c     **** 
ARM GAS  C:\Users\Administrator\AppData\Local\Temp\ccSiWJxp.s 			page 11


 325              		.loc 1 133 5 view .LVU109
 326 0090 9E63     		str	r6, [r3, #56]
 133:Src/i2c.c     **** 
 327              		.loc 1 133 5 view .LVU110
 136:Src/i2c.c     ****     hdma_i2c2_tx.Init.Channel = DMA_CHANNEL_7;
 328              		.loc 1 136 5 view .LVU111
 136:Src/i2c.c     ****     hdma_i2c2_tx.Init.Channel = DMA_CHANNEL_7;
 329              		.loc 1 136 27 is_stmt 0 view .LVU112
 330 0092 4248     		ldr	r0, .L23+24
 331 0094 424B     		ldr	r3, .L23+28
 332 0096 0360     		str	r3, [r0]
 137:Src/i2c.c     ****     hdma_i2c2_tx.Init.Direction = DMA_MEMORY_TO_PERIPH;
 333              		.loc 1 137 5 is_stmt 1 view .LVU113
 137:Src/i2c.c     ****     hdma_i2c2_tx.Init.Direction = DMA_MEMORY_TO_PERIPH;
 334              		.loc 1 137 31 is_stmt 0 view .LVU114
 335 0098 4FF06063 		mov	r3, #234881024
 336 009c 4360     		str	r3, [r0, #4]
 138:Src/i2c.c     ****     hdma_i2c2_tx.Init.PeriphInc = DMA_PINC_DISABLE;
 337              		.loc 1 138 5 is_stmt 1 view .LVU115
 138:Src/i2c.c     ****     hdma_i2c2_tx.Init.PeriphInc = DMA_PINC_DISABLE;
 338              		.loc 1 138 33 is_stmt 0 view .LVU116
 339 009e 4023     		movs	r3, #64
 340 00a0 8360     		str	r3, [r0, #8]
 139:Src/i2c.c     ****     hdma_i2c2_tx.Init.MemInc = DMA_MINC_ENABLE;
 341              		.loc 1 139 5 is_stmt 1 view .LVU117
 139:Src/i2c.c     ****     hdma_i2c2_tx.Init.MemInc = DMA_MINC_ENABLE;
 342              		.loc 1 139 33 is_stmt 0 view .LVU118
 343 00a2 0023     		movs	r3, #0
 344 00a4 C360     		str	r3, [r0, #12]
 140:Src/i2c.c     ****     hdma_i2c2_tx.Init.PeriphDataAlignment = DMA_PDATAALIGN_BYTE;
 345              		.loc 1 140 5 is_stmt 1 view .LVU119
 140:Src/i2c.c     ****     hdma_i2c2_tx.Init.PeriphDataAlignment = DMA_PDATAALIGN_BYTE;
 346              		.loc 1 140 30 is_stmt 0 view .LVU120
 347 00a6 4FF48062 		mov	r2, #1024
 348 00aa 0261     		str	r2, [r0, #16]
 141:Src/i2c.c     ****     hdma_i2c2_tx.Init.MemDataAlignment = DMA_MDATAALIGN_BYTE;
 349              		.loc 1 141 5 is_stmt 1 view .LVU121
 141:Src/i2c.c     ****     hdma_i2c2_tx.Init.MemDataAlignment = DMA_MDATAALIGN_BYTE;
 350              		.loc 1 141 43 is_stmt 0 view .LVU122
 351 00ac 4361     		str	r3, [r0, #20]
 142:Src/i2c.c     ****     hdma_i2c2_tx.Init.Mode = DMA_NORMAL;
 352              		.loc 1 142 5 is_stmt 1 view .LVU123
 142:Src/i2c.c     ****     hdma_i2c2_tx.Init.Mode = DMA_NORMAL;
 353              		.loc 1 142 40 is_stmt 0 view .LVU124
 354 00ae 8361     		str	r3, [r0, #24]
 143:Src/i2c.c     ****     hdma_i2c2_tx.Init.Priority = DMA_PRIORITY_LOW;
 355              		.loc 1 143 5 is_stmt 1 view .LVU125
 143:Src/i2c.c     ****     hdma_i2c2_tx.Init.Priority = DMA_PRIORITY_LOW;
 356              		.loc 1 143 28 is_stmt 0 view .LVU126
 357 00b0 C361     		str	r3, [r0, #28]
 144:Src/i2c.c     ****     hdma_i2c2_tx.Init.FIFOMode = DMA_FIFOMODE_DISABLE;
 358              		.loc 1 144 5 is_stmt 1 view .LVU127
 144:Src/i2c.c     ****     hdma_i2c2_tx.Init.FIFOMode = DMA_FIFOMODE_DISABLE;
 359              		.loc 1 144 32 is_stmt 0 view .LVU128
 360 00b2 0362     		str	r3, [r0, #32]
 145:Src/i2c.c     ****     if (HAL_DMA_Init(&hdma_i2c2_tx) != HAL_OK)
 361              		.loc 1 145 5 is_stmt 1 view .LVU129
ARM GAS  C:\Users\Administrator\AppData\Local\Temp\ccSiWJxp.s 			page 12


 145:Src/i2c.c     ****     if (HAL_DMA_Init(&hdma_i2c2_tx) != HAL_OK)
 362              		.loc 1 145 32 is_stmt 0 view .LVU130
 363 00b4 4362     		str	r3, [r0, #36]
 146:Src/i2c.c     ****     {
 364              		.loc 1 146 5 is_stmt 1 view .LVU131
 146:Src/i2c.c     ****     {
 365              		.loc 1 146 9 is_stmt 0 view .LVU132
 366 00b6 FFF7FEFF 		bl	HAL_DMA_Init
 367              	.LVL10:
 146:Src/i2c.c     ****     {
 368              		.loc 1 146 8 discriminator 1 view .LVU133
 369 00ba B0B9     		cbnz	r0, .L22
 370              	.L16:
 151:Src/i2c.c     **** 
 371              		.loc 1 151 5 is_stmt 1 view .LVU134
 151:Src/i2c.c     **** 
 372              		.loc 1 151 5 view .LVU135
 373 00bc 374B     		ldr	r3, .L23+24
 374 00be 7363     		str	r3, [r6, #52]
 151:Src/i2c.c     **** 
 375              		.loc 1 151 5 view .LVU136
 376 00c0 9E63     		str	r6, [r3, #56]
 151:Src/i2c.c     **** 
 377              		.loc 1 151 5 view .LVU137
 154:Src/i2c.c     ****     HAL_NVIC_EnableIRQ(I2C2_EV_IRQn);
 378              		.loc 1 154 5 view .LVU138
 379 00c2 0022     		movs	r2, #0
 380 00c4 0521     		movs	r1, #5
 381 00c6 2120     		movs	r0, #33
 382 00c8 FFF7FEFF 		bl	HAL_NVIC_SetPriority
 383              	.LVL11:
 155:Src/i2c.c     ****     HAL_NVIC_SetPriority(I2C2_ER_IRQn, 5, 0);
 384              		.loc 1 155 5 view .LVU139
 385 00cc 2120     		movs	r0, #33
 386 00ce FFF7FEFF 		bl	HAL_NVIC_EnableIRQ
 387              	.LVL12:
 156:Src/i2c.c     ****     HAL_NVIC_EnableIRQ(I2C2_ER_IRQn);
 388              		.loc 1 156 5 view .LVU140
 389 00d2 0022     		movs	r2, #0
 390 00d4 0521     		movs	r1, #5
 391 00d6 2220     		movs	r0, #34
 392 00d8 FFF7FEFF 		bl	HAL_NVIC_SetPriority
 393              	.LVL13:
 157:Src/i2c.c     ****   /* USER CODE BEGIN I2C2_MspInit 1 */
 394              		.loc 1 157 5 view .LVU141
 395 00dc 2220     		movs	r0, #34
 396 00de FFF7FEFF 		bl	HAL_NVIC_EnableIRQ
 397              	.LVL14:
 398 00e2 9CE7     		b	.L13
 399              	.L21:
 130:Src/i2c.c     ****     }
 400              		.loc 1 130 7 view .LVU142
 401 00e4 FFF7FEFF 		bl	Error_Handler
 402              	.LVL15:
 403 00e8 D0E7     		b	.L15
 404              	.L22:
 148:Src/i2c.c     ****     }
ARM GAS  C:\Users\Administrator\AppData\Local\Temp\ccSiWJxp.s 			page 13


 405              		.loc 1 148 7 view .LVU143
 406 00ea FFF7FEFF 		bl	Error_Handler
 407              	.LVL16:
 408 00ee E5E7     		b	.L16
 409              	.LVL17:
 410              	.L20:
 168:Src/i2c.c     ****     __HAL_RCC_GPIOA_CLK_ENABLE();
 411              		.loc 1 168 5 view .LVU144
 412              	.LBB4:
 168:Src/i2c.c     ****     __HAL_RCC_GPIOA_CLK_ENABLE();
 413              		.loc 1 168 5 view .LVU145
 414 00f0 0025     		movs	r5, #0
 415 00f2 0295     		str	r5, [sp, #8]
 168:Src/i2c.c     ****     __HAL_RCC_GPIOA_CLK_ENABLE();
 416              		.loc 1 168 5 view .LVU146
 417 00f4 254C     		ldr	r4, .L23+8
 418 00f6 236B     		ldr	r3, [r4, #48]
 419 00f8 43F00403 		orr	r3, r3, #4
 420 00fc 2363     		str	r3, [r4, #48]
 168:Src/i2c.c     ****     __HAL_RCC_GPIOA_CLK_ENABLE();
 421              		.loc 1 168 5 view .LVU147
 422 00fe 236B     		ldr	r3, [r4, #48]
 423 0100 03F00403 		and	r3, r3, #4
 424 0104 0293     		str	r3, [sp, #8]
 168:Src/i2c.c     ****     __HAL_RCC_GPIOA_CLK_ENABLE();
 425              		.loc 1 168 5 view .LVU148
 426 0106 029B     		ldr	r3, [sp, #8]
 427              	.LBE4:
 168:Src/i2c.c     ****     __HAL_RCC_GPIOA_CLK_ENABLE();
 428              		.loc 1 168 5 view .LVU149
 169:Src/i2c.c     ****     /**I2C3 GPIO Configuration
 429              		.loc 1 169 5 view .LVU150
 430              	.LBB5:
 169:Src/i2c.c     ****     /**I2C3 GPIO Configuration
 431              		.loc 1 169 5 view .LVU151
 432 0108 0395     		str	r5, [sp, #12]
 169:Src/i2c.c     ****     /**I2C3 GPIO Configuration
 433              		.loc 1 169 5 view .LVU152
 434 010a 236B     		ldr	r3, [r4, #48]
 435 010c 43F00103 		orr	r3, r3, #1
 436 0110 2363     		str	r3, [r4, #48]
 169:Src/i2c.c     ****     /**I2C3 GPIO Configuration
 437              		.loc 1 169 5 view .LVU153
 438 0112 236B     		ldr	r3, [r4, #48]
 439 0114 03F00103 		and	r3, r3, #1
 440 0118 0393     		str	r3, [sp, #12]
 169:Src/i2c.c     ****     /**I2C3 GPIO Configuration
 441              		.loc 1 169 5 view .LVU154
 442 011a 039B     		ldr	r3, [sp, #12]
 443              	.LBE5:
 169:Src/i2c.c     ****     /**I2C3 GPIO Configuration
 444              		.loc 1 169 5 view .LVU155
 174:Src/i2c.c     ****     GPIO_InitStruct.Mode = GPIO_MODE_AF_OD;
 445              		.loc 1 174 5 view .LVU156
 174:Src/i2c.c     ****     GPIO_InitStruct.Mode = GPIO_MODE_AF_OD;
 446              		.loc 1 174 25 is_stmt 0 view .LVU157
 447 011c 4FF40073 		mov	r3, #512
ARM GAS  C:\Users\Administrator\AppData\Local\Temp\ccSiWJxp.s 			page 14


 448 0120 0593     		str	r3, [sp, #20]
 175:Src/i2c.c     ****     GPIO_InitStruct.Pull = GPIO_NOPULL;
 449              		.loc 1 175 5 is_stmt 1 view .LVU158
 175:Src/i2c.c     ****     GPIO_InitStruct.Pull = GPIO_NOPULL;
 450              		.loc 1 175 26 is_stmt 0 view .LVU159
 451 0122 1226     		movs	r6, #18
 452 0124 0696     		str	r6, [sp, #24]
 176:Src/i2c.c     ****     GPIO_InitStruct.Speed = GPIO_SPEED_FREQ_VERY_HIGH;
 453              		.loc 1 176 5 is_stmt 1 view .LVU160
 177:Src/i2c.c     ****     GPIO_InitStruct.Alternate = GPIO_AF4_I2C3;
 454              		.loc 1 177 5 view .LVU161
 177:Src/i2c.c     ****     GPIO_InitStruct.Alternate = GPIO_AF4_I2C3;
 455              		.loc 1 177 27 is_stmt 0 view .LVU162
 456 0126 0327     		movs	r7, #3
 457 0128 0897     		str	r7, [sp, #32]
 178:Src/i2c.c     ****     HAL_GPIO_Init(GPIOC, &GPIO_InitStruct);
 458              		.loc 1 178 5 is_stmt 1 view .LVU163
 178:Src/i2c.c     ****     HAL_GPIO_Init(GPIOC, &GPIO_InitStruct);
 459              		.loc 1 178 31 is_stmt 0 view .LVU164
 460 012a 0423     		movs	r3, #4
 461 012c 0993     		str	r3, [sp, #36]
 179:Src/i2c.c     **** 
 462              		.loc 1 179 5 is_stmt 1 view .LVU165
 463 012e 05A9     		add	r1, sp, #20
 464 0130 1C48     		ldr	r0, .L23+32
 465              	.LVL18:
 179:Src/i2c.c     **** 
 466              		.loc 1 179 5 is_stmt 0 view .LVU166
 467 0132 FFF7FEFF 		bl	HAL_GPIO_Init
 468              	.LVL19:
 181:Src/i2c.c     ****     GPIO_InitStruct.Mode = GPIO_MODE_AF_OD;
 469              		.loc 1 181 5 is_stmt 1 view .LVU167
 181:Src/i2c.c     ****     GPIO_InitStruct.Mode = GPIO_MODE_AF_OD;
 470              		.loc 1 181 25 is_stmt 0 view .LVU168
 471 0136 4FF48073 		mov	r3, #256
 472 013a 0593     		str	r3, [sp, #20]
 182:Src/i2c.c     ****     GPIO_InitStruct.Pull = GPIO_NOPULL;
 473              		.loc 1 182 5 is_stmt 1 view .LVU169
 182:Src/i2c.c     ****     GPIO_InitStruct.Pull = GPIO_NOPULL;
 474              		.loc 1 182 26 is_stmt 0 view .LVU170
 475 013c 0696     		str	r6, [sp, #24]
 183:Src/i2c.c     ****     GPIO_InitStruct.Speed = GPIO_SPEED_FREQ_VERY_HIGH;
 476              		.loc 1 183 5 is_stmt 1 view .LVU171
 183:Src/i2c.c     ****     GPIO_InitStruct.Speed = GPIO_SPEED_FREQ_VERY_HIGH;
 477              		.loc 1 183 26 is_stmt 0 view .LVU172
 478 013e 0795     		str	r5, [sp, #28]
 184:Src/i2c.c     ****     GPIO_InitStruct.Alternate = GPIO_AF4_I2C3;
 479              		.loc 1 184 5 is_stmt 1 view .LVU173
 184:Src/i2c.c     ****     GPIO_InitStruct.Alternate = GPIO_AF4_I2C3;
 480              		.loc 1 184 27 is_stmt 0 view .LVU174
 481 0140 0897     		str	r7, [sp, #32]
 185:Src/i2c.c     ****     HAL_GPIO_Init(GPIOA, &GPIO_InitStruct);
 482              		.loc 1 185 5 is_stmt 1 view .LVU175
 185:Src/i2c.c     ****     HAL_GPIO_Init(GPIOA, &GPIO_InitStruct);
 483              		.loc 1 185 31 is_stmt 0 view .LVU176
 484 0142 0423     		movs	r3, #4
 485 0144 0993     		str	r3, [sp, #36]
ARM GAS  C:\Users\Administrator\AppData\Local\Temp\ccSiWJxp.s 			page 15


 186:Src/i2c.c     **** 
 486              		.loc 1 186 5 is_stmt 1 view .LVU177
 487 0146 05A9     		add	r1, sp, #20
 488 0148 1748     		ldr	r0, .L23+36
 489 014a FFF7FEFF 		bl	HAL_GPIO_Init
 490              	.LVL20:
 189:Src/i2c.c     **** 
 491              		.loc 1 189 5 view .LVU178
 492              	.LBB6:
 189:Src/i2c.c     **** 
 493              		.loc 1 189 5 view .LVU179
 494 014e 0495     		str	r5, [sp, #16]
 189:Src/i2c.c     **** 
 495              		.loc 1 189 5 view .LVU180
 496 0150 236C     		ldr	r3, [r4, #64]
 497 0152 43F40003 		orr	r3, r3, #8388608
 498 0156 2364     		str	r3, [r4, #64]
 189:Src/i2c.c     **** 
 499              		.loc 1 189 5 view .LVU181
 500 0158 236C     		ldr	r3, [r4, #64]
 501 015a 03F40003 		and	r3, r3, #8388608
 502 015e 0493     		str	r3, [sp, #16]
 189:Src/i2c.c     **** 
 503              		.loc 1 189 5 view .LVU182
 504 0160 049B     		ldr	r3, [sp, #16]
 505              	.LBE6:
 189:Src/i2c.c     **** 
 506              		.loc 1 189 5 view .LVU183
 192:Src/i2c.c     ****     HAL_NVIC_EnableIRQ(I2C3_EV_IRQn);
 507              		.loc 1 192 5 view .LVU184
 508 0162 2A46     		mov	r2, r5
 509 0164 0521     		movs	r1, #5
 510 0166 4820     		movs	r0, #72
 511 0168 FFF7FEFF 		bl	HAL_NVIC_SetPriority
 512              	.LVL21:
 193:Src/i2c.c     ****     HAL_NVIC_SetPriority(I2C3_ER_IRQn, 5, 0);
 513              		.loc 1 193 5 view .LVU185
 514 016c 4820     		movs	r0, #72
 515 016e FFF7FEFF 		bl	HAL_NVIC_EnableIRQ
 516              	.LVL22:
 194:Src/i2c.c     ****     HAL_NVIC_EnableIRQ(I2C3_ER_IRQn);
 517              		.loc 1 194 5 view .LVU186
 518 0172 2A46     		mov	r2, r5
 519 0174 0521     		movs	r1, #5
 520 0176 4920     		movs	r0, #73
 521 0178 FFF7FEFF 		bl	HAL_NVIC_SetPriority
 522              	.LVL23:
 195:Src/i2c.c     ****   /* USER CODE BEGIN I2C3_MspInit 1 */
 523              		.loc 1 195 5 view .LVU187
 524 017c 4920     		movs	r0, #73
 525 017e FFF7FEFF 		bl	HAL_NVIC_EnableIRQ
 526              	.LVL24:
 527              		.loc 1 200 1 is_stmt 0 view .LVU188
 528 0182 4CE7     		b	.L13
 529              	.L24:
 530              		.align	2
 531              	.L23:
ARM GAS  C:\Users\Administrator\AppData\Local\Temp\ccSiWJxp.s 			page 16


 532 0184 00580040 		.word	1073764352
 533 0188 005C0040 		.word	1073765376
 534 018c 00380240 		.word	1073887232
 535 0190 00140240 		.word	1073878016
 536 0194 00000000 		.word	hdma_i2c2_rx
 537 0198 40600240 		.word	1073897536
 538 019c 00000000 		.word	hdma_i2c2_tx
 539 01a0 B8600240 		.word	1073897656
 540 01a4 00080240 		.word	1073874944
 541 01a8 00000240 		.word	1073872896
 542              		.cfi_endproc
 543              	.LFE237:
 545              		.section	.text.HAL_I2C_MspDeInit,"ax",%progbits
 546              		.align	1
 547              		.global	HAL_I2C_MspDeInit
 548              		.syntax unified
 549              		.thumb
 550              		.thumb_func
 552              	HAL_I2C_MspDeInit:
 553              	.LVL25:
 554              	.LFB238:
 201:Src/i2c.c     **** 
 202:Src/i2c.c     **** void HAL_I2C_MspDeInit(I2C_HandleTypeDef* i2cHandle)
 203:Src/i2c.c     **** {
 555              		.loc 1 203 1 is_stmt 1 view -0
 556              		.cfi_startproc
 557              		@ args = 0, pretend = 0, frame = 0
 558              		@ frame_needed = 0, uses_anonymous_args = 0
 559              		.loc 1 203 1 is_stmt 0 view .LVU190
 560 0000 10B5     		push	{r4, lr}
 561              		.cfi_def_cfa_offset 8
 562              		.cfi_offset 4, -8
 563              		.cfi_offset 14, -4
 204:Src/i2c.c     **** 
 205:Src/i2c.c     ****   if(i2cHandle->Instance==I2C2)
 564              		.loc 1 205 3 is_stmt 1 view .LVU191
 565              		.loc 1 205 15 is_stmt 0 view .LVU192
 566 0002 0368     		ldr	r3, [r0]
 567              		.loc 1 205 5 view .LVU193
 568 0004 1C4A     		ldr	r2, .L31
 569 0006 9342     		cmp	r3, r2
 570 0008 03D0     		beq	.L29
 206:Src/i2c.c     ****   {
 207:Src/i2c.c     ****   /* USER CODE BEGIN I2C2_MspDeInit 0 */
 208:Src/i2c.c     **** 
 209:Src/i2c.c     ****   /* USER CODE END I2C2_MspDeInit 0 */
 210:Src/i2c.c     ****     /* Peripheral clock disable */
 211:Src/i2c.c     ****     __HAL_RCC_I2C2_CLK_DISABLE();
 212:Src/i2c.c     **** 
 213:Src/i2c.c     ****     /**I2C2 GPIO Configuration
 214:Src/i2c.c     ****     PF0     ------> I2C2_SDA
 215:Src/i2c.c     ****     PF1     ------> I2C2_SCL
 216:Src/i2c.c     ****     */
 217:Src/i2c.c     ****     HAL_GPIO_DeInit(GPIOF, GPIO_PIN_0);
 218:Src/i2c.c     **** 
 219:Src/i2c.c     ****     HAL_GPIO_DeInit(GPIOF, GPIO_PIN_1);
 220:Src/i2c.c     **** 
ARM GAS  C:\Users\Administrator\AppData\Local\Temp\ccSiWJxp.s 			page 17


 221:Src/i2c.c     ****     /* I2C2 DMA DeInit */
 222:Src/i2c.c     ****     HAL_DMA_DeInit(i2cHandle->hdmarx);
 223:Src/i2c.c     ****     HAL_DMA_DeInit(i2cHandle->hdmatx);
 224:Src/i2c.c     **** 
 225:Src/i2c.c     ****     /* I2C2 interrupt Deinit */
 226:Src/i2c.c     ****     HAL_NVIC_DisableIRQ(I2C2_EV_IRQn);
 227:Src/i2c.c     ****     HAL_NVIC_DisableIRQ(I2C2_ER_IRQn);
 228:Src/i2c.c     ****   /* USER CODE BEGIN I2C2_MspDeInit 1 */
 229:Src/i2c.c     **** 
 230:Src/i2c.c     ****   /* USER CODE END I2C2_MspDeInit 1 */
 231:Src/i2c.c     ****   }
 232:Src/i2c.c     ****   else if(i2cHandle->Instance==I2C3)
 571              		.loc 1 232 8 is_stmt 1 view .LVU194
 572              		.loc 1 232 10 is_stmt 0 view .LVU195
 573 000a 1C4A     		ldr	r2, .L31+4
 574 000c 9342     		cmp	r3, r2
 575 000e 1CD0     		beq	.L30
 576              	.LVL26:
 577              	.L25:
 233:Src/i2c.c     ****   {
 234:Src/i2c.c     ****   /* USER CODE BEGIN I2C3_MspDeInit 0 */
 235:Src/i2c.c     **** 
 236:Src/i2c.c     ****   /* USER CODE END I2C3_MspDeInit 0 */
 237:Src/i2c.c     ****     /* Peripheral clock disable */
 238:Src/i2c.c     ****     __HAL_RCC_I2C3_CLK_DISABLE();
 239:Src/i2c.c     **** 
 240:Src/i2c.c     ****     /**I2C3 GPIO Configuration
 241:Src/i2c.c     ****     PC9     ------> I2C3_SDA
 242:Src/i2c.c     ****     PA8     ------> I2C3_SCL
 243:Src/i2c.c     ****     */
 244:Src/i2c.c     ****     HAL_GPIO_DeInit(GPIOC, GPIO_PIN_9);
 245:Src/i2c.c     **** 
 246:Src/i2c.c     ****     HAL_GPIO_DeInit(GPIOA, GPIO_PIN_8);
 247:Src/i2c.c     **** 
 248:Src/i2c.c     ****     /* I2C3 interrupt Deinit */
 249:Src/i2c.c     ****     HAL_NVIC_DisableIRQ(I2C3_EV_IRQn);
 250:Src/i2c.c     ****     HAL_NVIC_DisableIRQ(I2C3_ER_IRQn);
 251:Src/i2c.c     ****   /* USER CODE BEGIN I2C3_MspDeInit 1 */
 252:Src/i2c.c     **** 
 253:Src/i2c.c     ****   /* USER CODE END I2C3_MspDeInit 1 */
 254:Src/i2c.c     ****   }
 255:Src/i2c.c     **** }
 578              		.loc 1 255 1 view .LVU196
 579 0010 10BD     		pop	{r4, pc}
 580              	.LVL27:
 581              	.L29:
 582              		.loc 1 255 1 view .LVU197
 583 0012 0446     		mov	r4, r0
 211:Src/i2c.c     **** 
 584              		.loc 1 211 5 is_stmt 1 view .LVU198
 585 0014 02F5F032 		add	r2, r2, #122880
 586 0018 136C     		ldr	r3, [r2, #64]
 587 001a 23F48003 		bic	r3, r3, #4194304
 588 001e 1364     		str	r3, [r2, #64]
 217:Src/i2c.c     **** 
 589              		.loc 1 217 5 view .LVU199
 590 0020 0121     		movs	r1, #1
ARM GAS  C:\Users\Administrator\AppData\Local\Temp\ccSiWJxp.s 			page 18


 591 0022 1748     		ldr	r0, .L31+8
 592              	.LVL28:
 217:Src/i2c.c     **** 
 593              		.loc 1 217 5 is_stmt 0 view .LVU200
 594 0024 FFF7FEFF 		bl	HAL_GPIO_DeInit
 595              	.LVL29:
 219:Src/i2c.c     **** 
 596              		.loc 1 219 5 is_stmt 1 view .LVU201
 597 0028 0221     		movs	r1, #2
 598 002a 1548     		ldr	r0, .L31+8
 599 002c FFF7FEFF 		bl	HAL_GPIO_DeInit
 600              	.LVL30:
 222:Src/i2c.c     ****     HAL_DMA_DeInit(i2cHandle->hdmatx);
 601              		.loc 1 222 5 view .LVU202
 602 0030 A06B     		ldr	r0, [r4, #56]
 603 0032 FFF7FEFF 		bl	HAL_DMA_DeInit
 604              	.LVL31:
 223:Src/i2c.c     **** 
 605              		.loc 1 223 5 view .LVU203
 606 0036 606B     		ldr	r0, [r4, #52]
 607 0038 FFF7FEFF 		bl	HAL_DMA_DeInit
 608              	.LVL32:
 226:Src/i2c.c     ****     HAL_NVIC_DisableIRQ(I2C2_ER_IRQn);
 609              		.loc 1 226 5 view .LVU204
 610 003c 2120     		movs	r0, #33
 611 003e FFF7FEFF 		bl	HAL_NVIC_DisableIRQ
 612              	.LVL33:
 227:Src/i2c.c     ****   /* USER CODE BEGIN I2C2_MspDeInit 1 */
 613              		.loc 1 227 5 view .LVU205
 614 0042 2220     		movs	r0, #34
 615 0044 FFF7FEFF 		bl	HAL_NVIC_DisableIRQ
 616              	.LVL34:
 617 0048 E2E7     		b	.L25
 618              	.LVL35:
 619              	.L30:
 238:Src/i2c.c     **** 
 620              		.loc 1 238 5 view .LVU206
 621 004a 02F5EE32 		add	r2, r2, #121856
 622 004e 136C     		ldr	r3, [r2, #64]
 623 0050 23F40003 		bic	r3, r3, #8388608
 624 0054 1364     		str	r3, [r2, #64]
 244:Src/i2c.c     **** 
 625              		.loc 1 244 5 view .LVU207
 626 0056 4FF40071 		mov	r1, #512
 627 005a 0A48     		ldr	r0, .L31+12
 628              	.LVL36:
 244:Src/i2c.c     **** 
 629              		.loc 1 244 5 is_stmt 0 view .LVU208
 630 005c FFF7FEFF 		bl	HAL_GPIO_DeInit
 631              	.LVL37:
 246:Src/i2c.c     **** 
 632              		.loc 1 246 5 is_stmt 1 view .LVU209
 633 0060 4FF48071 		mov	r1, #256
 634 0064 0848     		ldr	r0, .L31+16
 635 0066 FFF7FEFF 		bl	HAL_GPIO_DeInit
 636              	.LVL38:
 249:Src/i2c.c     ****     HAL_NVIC_DisableIRQ(I2C3_ER_IRQn);
ARM GAS  C:\Users\Administrator\AppData\Local\Temp\ccSiWJxp.s 			page 19


 637              		.loc 1 249 5 view .LVU210
 638 006a 4820     		movs	r0, #72
 639 006c FFF7FEFF 		bl	HAL_NVIC_DisableIRQ
 640              	.LVL39:
 250:Src/i2c.c     ****   /* USER CODE BEGIN I2C3_MspDeInit 1 */
 641              		.loc 1 250 5 view .LVU211
 642 0070 4920     		movs	r0, #73
 643 0072 FFF7FEFF 		bl	HAL_NVIC_DisableIRQ
 644              	.LVL40:
 645              		.loc 1 255 1 is_stmt 0 view .LVU212
 646 0076 CBE7     		b	.L25
 647              	.L32:
 648              		.align	2
 649              	.L31:
 650 0078 00580040 		.word	1073764352
 651 007c 005C0040 		.word	1073765376
 652 0080 00140240 		.word	1073878016
 653 0084 00080240 		.word	1073874944
 654 0088 00000240 		.word	1073872896
 655              		.cfi_endproc
 656              	.LFE238:
 658              		.global	hdma_i2c2_tx
 659              		.section	.bss.hdma_i2c2_tx,"aw",%nobits
 660              		.align	2
 663              	hdma_i2c2_tx:
 664 0000 00000000 		.space	96
 664      00000000 
 664      00000000 
 664      00000000 
 664      00000000 
 665              		.global	hdma_i2c2_rx
 666              		.section	.bss.hdma_i2c2_rx,"aw",%nobits
 667              		.align	2
 670              	hdma_i2c2_rx:
 671 0000 00000000 		.space	96
 671      00000000 
 671      00000000 
 671      00000000 
 671      00000000 
 672              		.global	hi2c3
 673              		.section	.bss.hi2c3,"aw",%nobits
 674              		.align	2
 677              	hi2c3:
 678 0000 00000000 		.space	84
 678      00000000 
 678      00000000 
 678      00000000 
 678      00000000 
 679              		.global	hi2c2
 680              		.section	.bss.hi2c2,"aw",%nobits
 681              		.align	2
 684              	hi2c2:
 685 0000 00000000 		.space	84
 685      00000000 
 685      00000000 
 685      00000000 
 685      00000000 
ARM GAS  C:\Users\Administrator\AppData\Local\Temp\ccSiWJxp.s 			page 20


 686              		.text
 687              	.Letext0:
 688              		.file 2 "Drivers/CMSIS/Device/ST/STM32F4xx/Include/stm32f407xx.h"
 689              		.file 3 "C:/Users/Administrator/AppData/Roaming/Code/User/globalStorage/bmd.stm32-for-vscode/@xpac
 690              		.file 4 "C:/Users/Administrator/AppData/Roaming/Code/User/globalStorage/bmd.stm32-for-vscode/@xpac
 691              		.file 5 "Drivers/STM32F4xx_HAL_Driver/Inc/stm32f4xx_hal_def.h"
 692              		.file 6 "Drivers/STM32F4xx_HAL_Driver/Inc/stm32f4xx_hal_gpio.h"
 693              		.file 7 "Drivers/STM32F4xx_HAL_Driver/Inc/stm32f4xx_hal_dma.h"
 694              		.file 8 "Drivers/STM32F4xx_HAL_Driver/Inc/stm32f4xx_hal_i2c.h"
 695              		.file 9 "Inc/i2c.h"
 696              		.file 10 "Drivers/STM32F4xx_HAL_Driver/Inc/stm32f4xx_hal_cortex.h"
 697              		.file 11 "Inc/main.h"
ARM GAS  C:\Users\Administrator\AppData\Local\Temp\ccSiWJxp.s 			page 21


DEFINED SYMBOLS
                            *ABS*:00000000 i2c.c
C:\Users\Administrator\AppData\Local\Temp\ccSiWJxp.s:21     .text.MX_I2C2_Init:00000000 $t
C:\Users\Administrator\AppData\Local\Temp\ccSiWJxp.s:27     .text.MX_I2C2_Init:00000000 MX_I2C2_Init
C:\Users\Administrator\AppData\Local\Temp\ccSiWJxp.s:87     .text.MX_I2C2_Init:00000030 $d
C:\Users\Administrator\AppData\Local\Temp\ccSiWJxp.s:684    .bss.hi2c2:00000000 hi2c2
C:\Users\Administrator\AppData\Local\Temp\ccSiWJxp.s:94     .text.MX_I2C3_Init:00000000 $t
C:\Users\Administrator\AppData\Local\Temp\ccSiWJxp.s:100    .text.MX_I2C3_Init:00000000 MX_I2C3_Init
C:\Users\Administrator\AppData\Local\Temp\ccSiWJxp.s:160    .text.MX_I2C3_Init:00000030 $d
C:\Users\Administrator\AppData\Local\Temp\ccSiWJxp.s:677    .bss.hi2c3:00000000 hi2c3
C:\Users\Administrator\AppData\Local\Temp\ccSiWJxp.s:167    .text.HAL_I2C_MspInit:00000000 $t
C:\Users\Administrator\AppData\Local\Temp\ccSiWJxp.s:173    .text.HAL_I2C_MspInit:00000000 HAL_I2C_MspInit
C:\Users\Administrator\AppData\Local\Temp\ccSiWJxp.s:532    .text.HAL_I2C_MspInit:00000184 $d
C:\Users\Administrator\AppData\Local\Temp\ccSiWJxp.s:670    .bss.hdma_i2c2_rx:00000000 hdma_i2c2_rx
C:\Users\Administrator\AppData\Local\Temp\ccSiWJxp.s:663    .bss.hdma_i2c2_tx:00000000 hdma_i2c2_tx
C:\Users\Administrator\AppData\Local\Temp\ccSiWJxp.s:546    .text.HAL_I2C_MspDeInit:00000000 $t
C:\Users\Administrator\AppData\Local\Temp\ccSiWJxp.s:552    .text.HAL_I2C_MspDeInit:00000000 HAL_I2C_MspDeInit
C:\Users\Administrator\AppData\Local\Temp\ccSiWJxp.s:650    .text.HAL_I2C_MspDeInit:00000078 $d
C:\Users\Administrator\AppData\Local\Temp\ccSiWJxp.s:660    .bss.hdma_i2c2_tx:00000000 $d
C:\Users\Administrator\AppData\Local\Temp\ccSiWJxp.s:667    .bss.hdma_i2c2_rx:00000000 $d
C:\Users\Administrator\AppData\Local\Temp\ccSiWJxp.s:674    .bss.hi2c3:00000000 $d
C:\Users\Administrator\AppData\Local\Temp\ccSiWJxp.s:681    .bss.hi2c2:00000000 $d

UNDEFINED SYMBOLS
HAL_I2C_Init
Error_Handler
HAL_GPIO_Init
HAL_DMA_Init
HAL_NVIC_SetPriority
HAL_NVIC_EnableIRQ
HAL_GPIO_DeInit
HAL_DMA_DeInit
HAL_NVIC_DisableIRQ
