ARM GAS  C:\Users\Administrator\AppData\Local\Temp\cc46AHPf.s 			page 1


   1              		.cpu cortex-m4
   2              		.arch armv7e-m
   3              		.fpu fpv4-sp-d16
   4              		.eabi_attribute 27, 1
   5              		.eabi_attribute 28, 1
   6              		.eabi_attribute 20, 1
   7              		.eabi_attribute 21, 1
   8              		.eabi_attribute 23, 3
   9              		.eabi_attribute 24, 1
  10              		.eabi_attribute 25, 1
  11              		.eabi_attribute 26, 1
  12              		.eabi_attribute 30, 1
  13              		.eabi_attribute 34, 1
  14              		.eabi_attribute 18, 4
  15              		.file	"power_manager.c"
  16              		.text
  17              	.Ltext0:
  18              		.cfi_sections	.debug_frame
  19              		.file 1 "modules/power/power_manager.c"
  20              		.section	.text.PowerControlInit,"ax",%progbits
  21              		.align	1
  22              		.global	PowerControlInit
  23              		.syntax unified
  24              		.thumb
  25              		.thumb_func
  27              	PowerControlInit:
  28              	.LVL0:
  29              	.LFB163:
   1:modules/power/power_manager.c **** #include "power_manager.h"
   2:modules/power/power_manager.c **** #include "rls.h"
   3:modules/power/power_manager.c **** 
   4:modules/power/power_manager.c **** 
   5:modules/power/power_manager.c **** float k[2] = {100.2f, 1.2f};
   6:modules/power/power_manager.c **** 
   7:modules/power/power_manager.c **** static PowerManagerInstance *power_control_instance = NULL; 
   8:modules/power/power_manager.c **** 
   9:modules/power/power_manager.c **** static RLS_t RLS;
  10:modules/power/power_manager.c **** 
  11:modules/power/power_manager.c **** PowerManagerInstance *PowerControlInit(PowerManager_Init_Config_s *power_manager_config)
  12:modules/power/power_manager.c **** {
  30              		.loc 1 12 1 view -0
  31              		.cfi_startproc
  32              		@ args = 0, pretend = 0, frame = 0
  33              		@ frame_needed = 0, uses_anonymous_args = 0
  34              		.loc 1 12 1 is_stmt 0 view .LVU1
  35 0000 10B5     		push	{r4, lr}
  36              		.cfi_def_cfa_offset 8
  37              		.cfi_offset 4, -8
  38              		.cfi_offset 14, -4
  39 0002 0446     		mov	r4, r0
  13:modules/power/power_manager.c ****     power_control_instance = (PowerManagerInstance *)malloc(sizeof(PowerManagerInstance));
  40              		.loc 1 13 5 is_stmt 1 view .LVU2
  41              		.loc 1 13 54 is_stmt 0 view .LVU3
  42 0004 1020     		movs	r0, #16
  43              	.LVL1:
  44              		.loc 1 13 54 view .LVU4
  45 0006 FFF7FEFF 		bl	malloc
ARM GAS  C:\Users\Administrator\AppData\Local\Temp\cc46AHPf.s 			page 2


  46              	.LVL2:
  47              		.loc 1 13 28 discriminator 1 view .LVU5
  48 000a 074A     		ldr	r2, .L3
  49 000c 1060     		str	r0, [r2]
  14:modules/power/power_manager.c ****     memset(power_control_instance, 0, sizeof(PowerManagerInstance));
  50              		.loc 1 14 5 is_stmt 1 view .LVU6
  51 000e 0022     		movs	r2, #0
  52 0010 0260     		str	r2, [r0]	@ unaligned
  53 0012 4260     		str	r2, [r0, #4]	@ unaligned
  54 0014 8260     		str	r2, [r0, #8]	@ unaligned
  55 0016 C260     		str	r2, [r0, #12]	@ unaligned
  15:modules/power/power_manager.c ****     
  16:modules/power/power_manager.c ****     power_control_instance->k1 = power_manager_config->k1;
  56              		.loc 1 16 5 view .LVU7
  57              		.loc 1 16 54 is_stmt 0 view .LVU8
  58 0018 2268     		ldr	r2, [r4]	@ float
  59              		.loc 1 16 32 view .LVU9
  60 001a 4260     		str	r2, [r0, #4]	@ float
  17:modules/power/power_manager.c ****     power_control_instance->k2 = power_manager_config->k2;
  61              		.loc 1 17 5 is_stmt 1 view .LVU10
  62              		.loc 1 17 54 is_stmt 0 view .LVU11
  63 001c 6268     		ldr	r2, [r4, #4]	@ float
  64              		.loc 1 17 32 view .LVU12
  65 001e 8260     		str	r2, [r0, #8]	@ float
  18:modules/power/power_manager.c ****     power_control_instance->k3 = power_manager_config->k3;
  66              		.loc 1 18 5 is_stmt 1 view .LVU13
  67              		.loc 1 18 54 is_stmt 0 view .LVU14
  68 0020 A268     		ldr	r2, [r4, #8]	@ float
  69              		.loc 1 18 32 view .LVU15
  70 0022 C260     		str	r2, [r0, #12]	@ float
  19:modules/power/power_manager.c **** 
  20:modules/power/power_manager.c ****     // // 初始化RLS滤波器，用于解算k1，k2
  21:modules/power/power_manager.c ****     // RLS_Init(&RLS, 2, 1e-5f, 0.99999f);
  22:modules/power/power_manager.c ****     // RLS_Reset(&RLS);
  23:modules/power/power_manager.c ****     // RLS_SetParam(&RLS, k);    
  24:modules/power/power_manager.c **** 
  25:modules/power/power_manager.c ****     return power_control_instance;
  71              		.loc 1 25 5 is_stmt 1 view .LVU16
  26:modules/power/power_manager.c **** }
  72              		.loc 1 26 1 is_stmt 0 view .LVU17
  73 0024 10BD     		pop	{r4, pc}
  74              	.LVL3:
  75              	.L4:
  76              		.loc 1 26 1 view .LVU18
  77 0026 00BF     		.align	2
  78              	.L3:
  79 0028 00000000 		.word	power_control_instance
  80              		.cfi_endproc
  81              	.LFE163:
  83              		.section	.text.PowerManagerFeedback,"ax",%progbits
  84              		.align	1
  85              		.global	PowerManagerFeedback
  86              		.syntax unified
  87              		.thumb
  88              		.thumb_func
  90              	PowerManagerFeedback:
  91              	.LVL4:
ARM GAS  C:\Users\Administrator\AppData\Local\Temp\cc46AHPf.s 			page 3


  92              	.LFB164:
  27:modules/power/power_manager.c **** 
  28:modules/power/power_manager.c **** void PowerManagerFeedback(PowerManagerInstance *instance, float power)
  29:modules/power/power_manager.c **** {
  93              		.loc 1 29 1 is_stmt 1 view -0
  94              		.cfi_startproc
  95              		@ args = 0, pretend = 0, frame = 0
  96              		@ frame_needed = 0, uses_anonymous_args = 0
  97              		@ link register save eliminated.
  30:modules/power/power_manager.c ****     ;
  98              		.loc 1 30 5 view .LVU20
  31:modules/power/power_manager.c **** }
  99              		.loc 1 31 1 is_stmt 0 view .LVU21
 100 0000 7047     		bx	lr
 101              		.cfi_endproc
 102              	.LFE164:
 104              		.section	.text.PowerManagerEnable,"ax",%progbits
 105              		.align	1
 106              		.global	PowerManagerEnable
 107              		.syntax unified
 108              		.thumb
 109              		.thumb_func
 111              	PowerManagerEnable:
 112              	.LVL5:
 113              	.LFB165:
  32:modules/power/power_manager.c **** 
  33:modules/power/power_manager.c **** void PowerManagerEnable(PowerManagerInstance *instance)
  34:modules/power/power_manager.c **** {
 114              		.loc 1 34 1 is_stmt 1 view -0
 115              		.cfi_startproc
 116              		@ args = 0, pretend = 0, frame = 0
 117              		@ frame_needed = 0, uses_anonymous_args = 0
 118              		@ link register save eliminated.
  35:modules/power/power_manager.c ****     instance->rlsEnabled = 1;
 119              		.loc 1 35 5 view .LVU23
 120              		.loc 1 35 26 is_stmt 0 view .LVU24
 121 0000 0123     		movs	r3, #1
 122 0002 0370     		strb	r3, [r0]
  36:modules/power/power_manager.c **** }
 123              		.loc 1 36 1 view .LVU25
 124 0004 7047     		bx	lr
 125              		.cfi_endproc
 126              	.LFE165:
 128              		.section	.text.PowerManagerUpdate,"ax",%progbits
 129              		.align	1
 130              		.global	PowerManagerUpdate
 131              		.syntax unified
 132              		.thumb
 133              		.thumb_func
 135              	PowerManagerUpdate:
 136              	.LVL6:
 137              	.LFB166:
  37:modules/power/power_manager.c **** 
  38:modules/power/power_manager.c **** void PowerManagerUpdate(float power, float sample_a, float sample_b)
  39:modules/power/power_manager.c **** {
 138              		.loc 1 39 1 is_stmt 1 view -0
 139              		.cfi_startproc
ARM GAS  C:\Users\Administrator\AppData\Local\Temp\cc46AHPf.s 			page 4


 140              		@ args = 0, pretend = 0, frame = 0
 141              		@ frame_needed = 0, uses_anonymous_args = 0
 142              		@ link register save eliminated.
  40:modules/power/power_manager.c ****     // M[0] = sample_a;
  41:modules/power/power_manager.c ****     // M[1] = sample_b;
  42:modules/power/power_manager.c **** 
  43:modules/power/power_manager.c ****     // if (power > 5.0f)
  44:modules/power/power_manager.c ****     // { 
  45:modules/power/power_manager.c ****     //     RLS_Update(&RLS, M, power);
  46:modules/power/power_manager.c ****     //     power_control_instance->k1 = fmax(RLS.params_data[0], 1e-5f);  // In case the k1 diverge
  47:modules/power/power_manager.c ****     //     power_control_instance->k2 = fmax(RLS.params_data[1], 1e-5f);  // In case the k2 diverge
  48:modules/power/power_manager.c ****     // }
  49:modules/power/power_manager.c **** } 
 143              		.loc 1 49 1 view .LVU27
 144 0000 7047     		bx	lr
 145              		.cfi_endproc
 146              	.LFE166:
 148              		.section	.bss.power_control_instance,"aw",%nobits
 149              		.align	2
 152              	power_control_instance:
 153 0000 00000000 		.space	4
 154              		.global	k
 155              		.section	.data.k,"aw"
 156              		.align	2
 159              	k:
 160 0000 6666C842 		.word	1120429670
 161 0004 9A99993F 		.word	1067030938
 162              		.text
 163              	.Letext0:
 164              		.file 2 "C:/Users/Administrator/AppData/Roaming/Code/User/globalStorage/bmd.stm32-for-vscode/@xpac
 165              		.file 3 "C:/Users/Administrator/AppData/Roaming/Code/User/globalStorage/bmd.stm32-for-vscode/@xpac
 166              		.file 4 "modules/power/power_manager.h"
 167              		.file 5 "Middlewares/ST/ARM/DSP/Inc/arm_math.h"
 168              		.file 6 "modules/algorithm/rls.h"
 169              		.file 7 "C:/Users/Administrator/AppData/Roaming/Code/User/globalStorage/bmd.stm32-for-vscode/@xpac
 170              		.file 8 "C:/Users/Administrator/AppData/Roaming/Code/User/globalStorage/bmd.stm32-for-vscode/@xpac
ARM GAS  C:\Users\Administrator\AppData\Local\Temp\cc46AHPf.s 			page 5


DEFINED SYMBOLS
                            *ABS*:00000000 power_manager.c
C:\Users\Administrator\AppData\Local\Temp\cc46AHPf.s:21     .text.PowerControlInit:00000000 $t
C:\Users\Administrator\AppData\Local\Temp\cc46AHPf.s:27     .text.PowerControlInit:00000000 PowerControlInit
C:\Users\Administrator\AppData\Local\Temp\cc46AHPf.s:79     .text.PowerControlInit:00000028 $d
C:\Users\Administrator\AppData\Local\Temp\cc46AHPf.s:152    .bss.power_control_instance:00000000 power_control_instance
C:\Users\Administrator\AppData\Local\Temp\cc46AHPf.s:84     .text.PowerManagerFeedback:00000000 $t
C:\Users\Administrator\AppData\Local\Temp\cc46AHPf.s:90     .text.PowerManagerFeedback:00000000 PowerManagerFeedback
C:\Users\Administrator\AppData\Local\Temp\cc46AHPf.s:105    .text.PowerManagerEnable:00000000 $t
C:\Users\Administrator\AppData\Local\Temp\cc46AHPf.s:111    .text.PowerManagerEnable:00000000 PowerManagerEnable
C:\Users\Administrator\AppData\Local\Temp\cc46AHPf.s:129    .text.PowerManagerUpdate:00000000 $t
C:\Users\Administrator\AppData\Local\Temp\cc46AHPf.s:135    .text.PowerManagerUpdate:00000000 PowerManagerUpdate
C:\Users\Administrator\AppData\Local\Temp\cc46AHPf.s:149    .bss.power_control_instance:00000000 $d
C:\Users\Administrator\AppData\Local\Temp\cc46AHPf.s:159    .data.k:00000000 k
C:\Users\Administrator\AppData\Local\Temp\cc46AHPf.s:156    .data.k:00000000 $d

UNDEFINED SYMBOLS
malloc
