ARM GAS  C:\Users\Administrator\AppData\Local\Temp\ccnmFVbq.s 			page 1


   1              		.cpu cortex-m4
   2              		.arch armv7e-m
   3              		.fpu fpv4-sp-d16
   4              		.eabi_attribute 27, 1
   5              		.eabi_attribute 28, 1
   6              		.eabi_attribute 20, 1
   7              		.eabi_attribute 21, 1
   8              		.eabi_attribute 23, 3
   9              		.eabi_attribute 24, 1
  10              		.eabi_attribute 25, 1
  11              		.eabi_attribute 26, 1
  12              		.eabi_attribute 30, 1
  13              		.eabi_attribute 34, 1
  14              		.eabi_attribute 18, 4
  15              		.file	"rm_referee.c"
  16              		.text
  17              	.Ltext0:
  18              		.cfi_sections	.debug_frame
  19              		.file 1 "modules/referee/rm_referee.c"
  20              		.section	.text.RefereeLostCallback,"ax",%progbits
  21              		.align	1
  22              		.syntax unified
  23              		.thumb
  24              		.thumb_func
  26              	RefereeLostCallback:
  27              	.LVL0:
  28              	.LFB278:
   1:modules/referee/rm_referee.c **** /**
   2:modules/referee/rm_referee.c ****  * @file rm_referee.C
   3:modules/referee/rm_referee.c ****  * @author kidneygood (you@domain.com)
   4:modules/referee/rm_referee.c ****  * @brief
   5:modules/referee/rm_referee.c ****  * @version 0.1
   6:modules/referee/rm_referee.c ****  * @date 2022-11-18
   7:modules/referee/rm_referee.c ****  *
   8:modules/referee/rm_referee.c ****  * @copyright Copyright (c) 2022
   9:modules/referee/rm_referee.c ****  *
  10:modules/referee/rm_referee.c ****  */
  11:modules/referee/rm_referee.c **** 
  12:modules/referee/rm_referee.c **** #include "rm_referee.h"
  13:modules/referee/rm_referee.c **** #include "string.h"
  14:modules/referee/rm_referee.c **** #include "crc_ref.h"
  15:modules/referee/rm_referee.c **** #include "bsp_usart.h"
  16:modules/referee/rm_referee.c **** #include "task.h"
  17:modules/referee/rm_referee.c **** #include "daemon.h"
  18:modules/referee/rm_referee.c **** #include "bsp_log.h"
  19:modules/referee/rm_referee.c **** #include "cmsis_os.h"
  20:modules/referee/rm_referee.c **** 
  21:modules/referee/rm_referee.c **** #define RE_RX_BUFFER_SIZE 255u // иЈҒеҲӨзі»з»ҹжҺҘж”¶зј“еҶІеҢәеӨ§е°Ҹ
  22:modules/referee/rm_referee.c **** 
  23:modules/referee/rm_referee.c **** static USARTInstance *referee_usart_instance; // иЈҒеҲӨзі»з»ҹдёІеҸЈе®һдҫӢ
  24:modules/referee/rm_referee.c **** static DaemonInstance *referee_daemon;		  // иЈҒеҲӨзі»з»ҹе®ҲжҠӨиҝӣзЁӢ
  25:modules/referee/rm_referee.c **** static referee_info_t referee_info;			  // иЈҒеҲӨзі»з»ҹж•°жҚ®
  26:modules/referee/rm_referee.c **** 
  27:modules/referee/rm_referee.c **** /**
  28:modules/referee/rm_referee.c ****  * @brief  иҜ»еҸ–иЈҒеҲӨж•°жҚ®,дёӯж–ӯдёӯиҜ»еҸ–дҝқиҜҒйҖҹеәҰ
  29:modules/referee/rm_referee.c ****  * @param  buff: иҜ»еҸ–еҲ°зҡ„иЈҒеҲӨзі»з»ҹеҺҹе§Ӣж•°жҚ®
  30:modules/referee/rm_referee.c ****  * @retval жҳҜеҗҰеҜ№жӯЈиҜҜеҲӨж–ӯеҒҡеӨ„зҗҶ
ARM GAS  C:\Users\Administrator\AppData\Local\Temp\ccnmFVbq.s 			page 2


  31:modules/referee/rm_referee.c ****  * @attention  еңЁжӯӨеҲӨж–ӯеё§еӨҙе’ҢCRCж ЎйӘҢ,ж— иҜҜеҶҚеҶҷе…Ҙж•°жҚ®пјҢдёҚйҮҚеӨҚеҲӨж–ӯеё§еӨҙ
  32:modules/referee/rm_referee.c ****  */
  33:modules/referee/rm_referee.c **** static void JudgeReadData(uint8_t *buff)
  34:modules/referee/rm_referee.c **** {
  35:modules/referee/rm_referee.c **** 	uint16_t judge_length; // з»ҹи®ЎдёҖеё§ж•°жҚ®й•ҝеәҰ
  36:modules/referee/rm_referee.c **** 	if (buff == NULL)	   // з©әж•°жҚ®еҢ…пјҢеҲҷдёҚдҪңд»»дҪ•еӨ„зҗҶ
  37:modules/referee/rm_referee.c **** 		return;
  38:modules/referee/rm_referee.c **** 
  39:modules/referee/rm_referee.c **** 	// еҶҷе…Ҙеё§еӨҙж•°жҚ®(5-byte),з”ЁдәҺеҲӨж–ӯжҳҜеҗҰејҖе§ӢеӯҳеӮЁиЈҒеҲӨж•°жҚ®
  40:modules/referee/rm_referee.c **** 	memcpy(&referee_info.FrameHeader, buff, LEN_HEADER);
  41:modules/referee/rm_referee.c **** 
  42:modules/referee/rm_referee.c **** 	// еҲӨж–ӯеё§еӨҙж•°жҚ®(0)жҳҜеҗҰдёә0xA5
  43:modules/referee/rm_referee.c **** 	if (buff[SOF] == REFEREE_SOF)
  44:modules/referee/rm_referee.c **** 	{
  45:modules/referee/rm_referee.c **** 		// её§еӨҙCRC8ж ЎйӘҢ
  46:modules/referee/rm_referee.c **** 		if (Verify_CRC8_Check_Sum(buff, LEN_HEADER) == TRUE)
  47:modules/referee/rm_referee.c **** 		{
  48:modules/referee/rm_referee.c **** 			// з»ҹи®ЎдёҖеё§ж•°жҚ®й•ҝеәҰ(byte),з”ЁдәҺCR16ж ЎйӘҢ
  49:modules/referee/rm_referee.c **** 			judge_length = buff[DATA_LENGTH] + LEN_HEADER + LEN_CMDID + LEN_TAIL;
  50:modules/referee/rm_referee.c **** 			// её§е°ҫCRC16ж ЎйӘҢ
  51:modules/referee/rm_referee.c **** 			if (Verify_CRC16_Check_Sum(buff, judge_length) == TRUE)
  52:modules/referee/rm_referee.c **** 			{
  53:modules/referee/rm_referee.c **** 				// 2дёӘ8дҪҚжӢјжҲҗ16дҪҚint
  54:modules/referee/rm_referee.c **** 				referee_info.CmdID = (buff[6] << 8 | buff[5]);
  55:modules/referee/rm_referee.c **** 				// и§Јжһҗж•°жҚ®е‘Ҫд»Өз Ғ,е°Ҷж•°жҚ®жӢ·иҙқеҲ°зӣёеә”з»“жһ„дҪ“дёӯ(жіЁж„ҸжӢ·иҙқж•°жҚ®зҡ„й•ҝеәҰ)
  56:modules/referee/rm_referee.c **** 				// з¬¬8дёӘеӯ—иҠӮејҖе§ӢжүҚжҳҜж•°жҚ® data=7
  57:modules/referee/rm_referee.c **** 				switch (referee_info.CmdID)
  58:modules/referee/rm_referee.c **** 				{
  59:modules/referee/rm_referee.c **** 				case ID_game_state: // 0x0001
  60:modules/referee/rm_referee.c **** 					memcpy(&referee_info.GameState, (buff + DATA_Offset), LEN_game_state);
  61:modules/referee/rm_referee.c **** 					break;
  62:modules/referee/rm_referee.c **** 				case ID_game_result: // 0x0002
  63:modules/referee/rm_referee.c **** 					memcpy(&referee_info.GameResult, (buff + DATA_Offset), LEN_game_result);
  64:modules/referee/rm_referee.c **** 					break;
  65:modules/referee/rm_referee.c **** 				case ID_game_robot_survivors: // 0x0003
  66:modules/referee/rm_referee.c **** 					memcpy(&referee_info.GameRobotHP, (buff + DATA_Offset), LEN_game_robot_HP);
  67:modules/referee/rm_referee.c **** 					break;
  68:modules/referee/rm_referee.c **** 				case ID_event_data: // 0x0101
  69:modules/referee/rm_referee.c **** 					memcpy(&referee_info.EventData, (buff + DATA_Offset), LEN_event_data);
  70:modules/referee/rm_referee.c **** 					break;
  71:modules/referee/rm_referee.c **** 				case ID_supply_projectile_action: // 0x0102
  72:modules/referee/rm_referee.c **** 					memcpy(&referee_info.SupplyProjectileAction, (buff + DATA_Offset), LEN_supply_projectile_actio
  73:modules/referee/rm_referee.c **** 					break;
  74:modules/referee/rm_referee.c **** 				case ID_game_robot_state: // 0x0201
  75:modules/referee/rm_referee.c **** 					memcpy(&referee_info.GameRobotState, (buff + DATA_Offset), LEN_game_robot_state);
  76:modules/referee/rm_referee.c **** 					break;
  77:modules/referee/rm_referee.c **** 				case ID_power_heat_data: // 0x0202
  78:modules/referee/rm_referee.c **** 					memcpy(&referee_info.PowerHeatData, (buff + DATA_Offset), LEN_power_heat_data);
  79:modules/referee/rm_referee.c **** 					break;
  80:modules/referee/rm_referee.c **** 				case ID_game_robot_pos: // 0x0203
  81:modules/referee/rm_referee.c **** 					memcpy(&referee_info.GameRobotPos, (buff + DATA_Offset), LEN_game_robot_pos);
  82:modules/referee/rm_referee.c **** 					break;
  83:modules/referee/rm_referee.c **** 				case ID_buff_musk: // 0x0204
  84:modules/referee/rm_referee.c **** 					memcpy(&referee_info.BuffMusk, (buff + DATA_Offset), LEN_buff_musk);
  85:modules/referee/rm_referee.c **** 					break;
  86:modules/referee/rm_referee.c **** 				case ID_aerial_robot_energy: // 0x0205
  87:modules/referee/rm_referee.c **** 					memcpy(&referee_info.AerialRobotEnergy, (buff + DATA_Offset), LEN_aerial_robot_energy);
ARM GAS  C:\Users\Administrator\AppData\Local\Temp\ccnmFVbq.s 			page 3


  88:modules/referee/rm_referee.c **** 					break;
  89:modules/referee/rm_referee.c **** 				case ID_robot_hurt: // 0x0206
  90:modules/referee/rm_referee.c **** 					memcpy(&referee_info.RobotHurt, (buff + DATA_Offset), LEN_robot_hurt);
  91:modules/referee/rm_referee.c **** 					break;
  92:modules/referee/rm_referee.c **** 				case ID_shoot_data: // 0x0207
  93:modules/referee/rm_referee.c **** 					memcpy(&referee_info.ShootData, (buff + DATA_Offset), LEN_shoot_data);
  94:modules/referee/rm_referee.c **** 					break;
  95:modules/referee/rm_referee.c **** 				case ID_student_interactive: // 0x0301   syhtodoжҺҘж”¶д»Јз ҒжңӘжөӢиҜ•
  96:modules/referee/rm_referee.c **** 					memcpy(&referee_info.ReceiveData, (buff + DATA_Offset), LEN_receive_data);
  97:modules/referee/rm_referee.c **** 					break;
  98:modules/referee/rm_referee.c **** 				}
  99:modules/referee/rm_referee.c **** 			}
 100:modules/referee/rm_referee.c **** 		}
 101:modules/referee/rm_referee.c **** 		// йҰ–ең°еқҖеҠ её§й•ҝеәҰ,жҢҮеҗ‘CRC16дёӢдёҖеӯ—иҠӮ,з”ЁжқҘеҲӨж–ӯжҳҜеҗҰдёә0xA5,д»ҺиҖҢеҲӨж–ӯдёҖдёӘж•°ж
 102:modules/referee/rm_referee.c **** 		if (*(buff + sizeof(xFrameHeader) + LEN_CMDID + referee_info.FrameHeader.DataLength + LEN_TAIL) =
 103:modules/referee/rm_referee.c **** 		{ // еҰӮжһңдёҖдёӘж•°жҚ®еҢ…еҮәзҺ°дәҶеӨҡеё§ж•°жҚ®,еҲҷеҶҚж¬Ўи°ғз”Ёи§ЈжһҗеҮҪж•°,зӣҙеҲ°жүҖжңүж•°жҚ®еҢ…
 104:modules/referee/rm_referee.c **** 			JudgeReadData(buff + sizeof(xFrameHeader) + LEN_CMDID + referee_info.FrameHeader.DataLength + LE
 105:modules/referee/rm_referee.c **** 		}
 106:modules/referee/rm_referee.c **** 	}
 107:modules/referee/rm_referee.c **** }
 108:modules/referee/rm_referee.c **** 
 109:modules/referee/rm_referee.c **** /*иЈҒеҲӨзі»з»ҹдёІеҸЈжҺҘж”¶еӣһи°ғеҮҪж•°,и§Јжһҗж•°жҚ® */
 110:modules/referee/rm_referee.c **** static void RefereeRxCallback()
 111:modules/referee/rm_referee.c **** {
 112:modules/referee/rm_referee.c **** 	DaemonReload(referee_daemon);
 113:modules/referee/rm_referee.c **** 	JudgeReadData(referee_usart_instance->recv_buff);
 114:modules/referee/rm_referee.c **** }
 115:modules/referee/rm_referee.c **** // иЈҒеҲӨзі»з»ҹдёўеӨұеӣһи°ғеҮҪж•°,йҮҚж–°еҲқе§ӢеҢ–иЈҒеҲӨзі»з»ҹдёІеҸЈ
 116:modules/referee/rm_referee.c **** static void RefereeLostCallback(void *arg)
 117:modules/referee/rm_referee.c **** {
  29              		.loc 1 117 1 view -0
  30              		.cfi_startproc
  31              		@ args = 0, pretend = 0, frame = 0
  32              		@ frame_needed = 0, uses_anonymous_args = 0
  33              		.loc 1 117 1 is_stmt 0 view .LVU1
  34 0000 08B5     		push	{r3, lr}
  35              		.cfi_def_cfa_offset 8
  36              		.cfi_offset 3, -8
  37              		.cfi_offset 14, -4
 118:modules/referee/rm_referee.c **** 	USARTServiceInit(referee_usart_instance);
  38              		.loc 1 118 2 is_stmt 1 view .LVU2
  39 0002 024B     		ldr	r3, .L3
  40 0004 1868     		ldr	r0, [r3]
  41              	.LVL1:
  42              		.loc 1 118 2 is_stmt 0 view .LVU3
  43 0006 FFF7FEFF 		bl	USARTServiceInit
  44              	.LVL2:
 119:modules/referee/rm_referee.c **** 	LOGWARNING("[rm_ref] lost referee data");
  45              		.loc 1 119 42 is_stmt 1 view .LVU4
 120:modules/referee/rm_referee.c **** }
  46              		.loc 1 120 1 is_stmt 0 view .LVU5
  47 000a 08BD     		pop	{r3, pc}
  48              	.L4:
  49              		.align	2
  50              	.L3:
  51 000c 00000000 		.word	referee_usart_instance
  52              		.cfi_endproc
ARM GAS  C:\Users\Administrator\AppData\Local\Temp\ccnmFVbq.s 			page 4


  53              	.LFE278:
  55              		.section	.text.JudgeReadData,"ax",%progbits
  56              		.align	1
  57              		.syntax unified
  58              		.thumb
  59              		.thumb_func
  61              	JudgeReadData:
  62              	.LVL3:
  63              	.LFB276:
  34:modules/referee/rm_referee.c **** 	uint16_t judge_length; // з»ҹи®ЎдёҖеё§ж•°жҚ®й•ҝеәҰ
  64              		.loc 1 34 1 is_stmt 1 view -0
  65              		.cfi_startproc
  66              		@ args = 0, pretend = 0, frame = 0
  67              		@ frame_needed = 0, uses_anonymous_args = 0
  35:modules/referee/rm_referee.c **** 	if (buff == NULL)	   // з©әж•°жҚ®еҢ…пјҢеҲҷдёҚдҪңд»»дҪ•еӨ„зҗҶ
  68              		.loc 1 35 2 view .LVU7
  36:modules/referee/rm_referee.c **** 		return;
  69              		.loc 1 36 2 view .LVU8
  36:modules/referee/rm_referee.c **** 		return;
  70              		.loc 1 36 5 is_stmt 0 view .LVU9
  71 0000 0028     		cmp	r0, #0
  72 0002 00F00581 		beq	.L25
  34:modules/referee/rm_referee.c **** 	uint16_t judge_length; // з»ҹи®ЎдёҖеё§ж•°жҚ®й•ҝеәҰ
  73              		.loc 1 34 1 view .LVU10
  74 0006 10B5     		push	{r4, lr}
  75              		.cfi_def_cfa_offset 8
  76              		.cfi_offset 4, -8
  77              		.cfi_offset 14, -4
  78 0008 0446     		mov	r4, r0
  40:modules/referee/rm_referee.c **** 
  79              		.loc 1 40 2 is_stmt 1 view .LVU11
  80 000a 824B     		ldr	r3, .L31
  81 000c 0268     		ldr	r2, [r0]	@ unaligned
  82 000e C3F80720 		str	r2, [r3, #7]	@ unaligned
  83 0012 0279     		ldrb	r2, [r0, #4]	@ zero_extendqisi2
  84 0014 DA72     		strb	r2, [r3, #11]
  43:modules/referee/rm_referee.c **** 	{
  85              		.loc 1 43 2 view .LVU12
  43:modules/referee/rm_referee.c **** 	{
  86              		.loc 1 43 10 is_stmt 0 view .LVU13
  87 0016 0378     		ldrb	r3, [r0]	@ zero_extendqisi2
  43:modules/referee/rm_referee.c **** 	{
  88              		.loc 1 43 5 view .LVU14
  89 0018 A52B     		cmp	r3, #165
  90 001a 00D0     		beq	.L28
  91              	.LVL4:
  92              	.L5:
 107:modules/referee/rm_referee.c **** 
  93              		.loc 1 107 1 view .LVU15
  94 001c 10BD     		pop	{r4, pc}
  95              	.LVL5:
  96              	.L28:
  46:modules/referee/rm_referee.c **** 		{
  97              		.loc 1 46 3 is_stmt 1 view .LVU16
  46:modules/referee/rm_referee.c **** 		{
  98              		.loc 1 46 7 is_stmt 0 view .LVU17
  99 001e 0521     		movs	r1, #5
ARM GAS  C:\Users\Administrator\AppData\Local\Temp\ccnmFVbq.s 			page 5


 100 0020 FFF7FEFF 		bl	Verify_CRC8_Check_Sum
 101              	.LVL6:
  46:modules/referee/rm_referee.c **** 		{
 102              		.loc 1 46 6 discriminator 1 view .LVU18
 103 0024 0128     		cmp	r0, #1
 104 0026 09D0     		beq	.L29
 105              	.L7:
 102:modules/referee/rm_referee.c **** 		{ // еҰӮжһңдёҖдёӘж•°жҚ®еҢ…еҮәзҺ°дәҶеӨҡеё§ж•°жҚ®,еҲҷеҶҚж¬Ўи°ғз”Ёи§ЈжһҗеҮҪж•°,зӣҙеҲ°жүҖжңүж•°жҚ®еҢ…
 106              		.loc 1 102 3 is_stmt 1 view .LVU19
 102:modules/referee/rm_referee.c **** 		{ // еҰӮжһңдёҖдёӘж•°жҚ®еҢ…еҮәзҺ°дәҶеӨҡеё§ж•°жҚ®,еҲҷеҶҚж¬Ўи°ғз”Ёи§ЈжһҗеҮҪж•°,зӣҙеҲ°жүҖжңүж•°жҚ®еҢ…
 107              		.loc 1 102 75 is_stmt 0 view .LVU20
 108 0028 7A4B     		ldr	r3, .L31
 109 002a 1B89     		ldrh	r3, [r3, #8]
 102:modules/referee/rm_referee.c **** 		{ // еҰӮжһңдёҖдёӘж•°жҚ®еҢ…еҮәзҺ°дәҶеӨҡеё§ж•°жҚ®,еҲҷеҶҚж¬Ўи°ғз”Ёи§ЈжһҗеҮҪж•°,зӣҙеҲ°жүҖжңүж•°жҚ®еҢ…
 110              		.loc 1 102 87 view .LVU21
 111 002c 0933     		adds	r3, r3, #9
 112 002e E018     		adds	r0, r4, r3
 102:modules/referee/rm_referee.c **** 		{ // еҰӮжһңдёҖдёӘж•°жҚ®еҢ…еҮәзҺ°дәҶеӨҡеё§ж•°жҚ®,еҲҷеҶҚж¬Ўи°ғз”Ёи§ЈжһҗеҮҪж•°,зӣҙеҲ°жүҖжңүж•°жҚ®еҢ…
 113              		.loc 1 102 7 view .LVU22
 114 0030 E35C     		ldrb	r3, [r4, r3]	@ zero_extendqisi2
 102:modules/referee/rm_referee.c **** 		{ // еҰӮжһңдёҖдёӘж•°жҚ®еҢ…еҮәзҺ°дәҶеӨҡеё§ж•°жҚ®,еҲҷеҶҚж¬Ўи°ғз”Ёи§ЈжһҗеҮҪж•°,зӣҙеҲ°жүҖжңүж•°жҚ®еҢ…
 115              		.loc 1 102 6 view .LVU23
 116 0032 A52B     		cmp	r3, #165
 117 0034 F2D1     		bne	.L5
 104:modules/referee/rm_referee.c **** 		}
 118              		.loc 1 104 4 is_stmt 1 view .LVU24
 119 0036 FFF7E3FF 		bl	JudgeReadData
 120              	.LVL7:
 121 003a EFE7     		b	.L5
 122              	.L29:
  49:modules/referee/rm_referee.c **** 			// её§е°ҫCRC16ж ЎйӘҢ
 123              		.loc 1 49 4 view .LVU25
  49:modules/referee/rm_referee.c **** 			// её§е°ҫCRC16ж ЎйӘҢ
 124              		.loc 1 49 23 is_stmt 0 view .LVU26
 125 003c 6178     		ldrb	r1, [r4, #1]	@ zero_extendqisi2
 126              	.LVL8:
  51:modules/referee/rm_referee.c **** 			{
 127              		.loc 1 51 4 is_stmt 1 view .LVU27
  51:modules/referee/rm_referee.c **** 			{
 128              		.loc 1 51 8 is_stmt 0 view .LVU28
 129 003e 0931     		adds	r1, r1, #9
 130              	.LVL9:
  51:modules/referee/rm_referee.c **** 			{
 131              		.loc 1 51 8 view .LVU29
 132 0040 2046     		mov	r0, r4
 133 0042 FFF7FEFF 		bl	Verify_CRC16_Check_Sum
 134              	.LVL10:
  51:modules/referee/rm_referee.c **** 			{
 135              		.loc 1 51 7 discriminator 1 view .LVU30
 136 0046 0128     		cmp	r0, #1
 137 0048 EED1     		bne	.L7
  54:modules/referee/rm_referee.c **** 				// и§Јжһҗж•°жҚ®е‘Ҫд»Өз Ғ,е°Ҷж•°жҚ®жӢ·иҙқеҲ°зӣёеә”з»“жһ„дҪ“дёӯ(жіЁж„ҸжӢ·иҙқж•°жҚ®зҡ„й•ҝеәҰ)
 138              		.loc 1 54 5 is_stmt 1 view .LVU31
  54:modules/referee/rm_referee.c **** 				// и§Јжһҗж•°жҚ®е‘Ҫд»Өз Ғ,е°Ҷж•°жҚ®жӢ·иҙқеҲ°зӣёеә”з»“жһ„дҪ“дёӯ(жіЁж„ҸжӢ·иҙқж•°жҚ®зҡ„й•ҝеәҰ)
 139              		.loc 1 54 31 is_stmt 0 view .LVU32
 140 004a A279     		ldrb	r2, [r4, #6]	@ zero_extendqisi2
  54:modules/referee/rm_referee.c **** 				// и§Јжһҗж•°жҚ®е‘Ҫд»Өз Ғ,е°Ҷж•°жҚ®жӢ·иҙқеҲ°зӣёеә”з»“жһ„дҪ“дёӯ(жіЁж„ҸжӢ·иҙқж•°жҚ®зҡ„й•ҝеәҰ)
ARM GAS  C:\Users\Administrator\AppData\Local\Temp\ccnmFVbq.s 			page 6


 141              		.loc 1 54 46 view .LVU33
 142 004c 6379     		ldrb	r3, [r4, #5]	@ zero_extendqisi2
  54:modules/referee/rm_referee.c **** 				// и§Јжһҗж•°жҚ®е‘Ҫд»Өз Ғ,е°Ҷж•°жҚ®жӢ·иҙқеҲ°зӣёеә”з»“жһ„дҪ“дёӯ(жіЁж„ҸжӢ·иҙқж•°жҚ®зҡ„й•ҝеәҰ)
 143              		.loc 1 54 40 view .LVU34
 144 004e 43EA0223 		orr	r3, r3, r2, lsl #8
  54:modules/referee/rm_referee.c **** 				// и§Јжһҗж•°жҚ®е‘Ҫд»Өз Ғ,е°Ҷж•°жҚ®жӢ·иҙқеҲ°зӣёеә”з»“жһ„дҪ“дёӯ(жіЁж„ҸжӢ·иҙқж•°жҚ®зҡ„й•ҝеәҰ)
 145              		.loc 1 54 24 view .LVU35
 146 0052 704A     		ldr	r2, .L31
 147 0054 9381     		strh	r3, [r2, #12]	@ movhi
  57:modules/referee/rm_referee.c **** 				{
 148              		.loc 1 57 5 is_stmt 1 view .LVU36
 149 0056 40F20222 		movw	r2, #514
 150 005a 9342     		cmp	r3, r2
 151 005c 00F0A580 		beq	.L8
 152 0060 24D9     		bls	.L30
 153 0062 40F20622 		movw	r2, #518
 154 0066 9342     		cmp	r3, r2
 155 0068 00F0C180 		beq	.L17
 156 006c 52D8     		bhi	.L18
 157 006e B3F5017F 		cmp	r3, #516
 158 0072 00F0AC80 		beq	.L19
 159 0076 40F20522 		movw	r2, #517
 160 007a 9342     		cmp	r3, r2
 161 007c 00F0B180 		beq	.L20
 162 0080 40F20322 		movw	r2, #515
 163 0084 9342     		cmp	r3, r2
 164 0086 CFD1     		bne	.L7
  81:modules/referee/rm_referee.c **** 					break;
 165              		.loc 1 81 6 view .LVU37
 166 0088 624B     		ldr	r3, .L31
 167 008a D4F807C0 		ldr	ip, [r4, #7]	@ unaligned
 168 008e D4F80B00 		ldr	r0, [r4, #11]	@ unaligned
 169 0092 D4F80F10 		ldr	r1, [r4, #15]	@ unaligned
 170 0096 D4F81320 		ldr	r2, [r4, #19]	@ unaligned
 171 009a C3F85FC0 		str	ip, [r3, #95]	@ unaligned
 172 009e C3F86300 		str	r0, [r3, #99]	@ unaligned
 173 00a2 C3F86710 		str	r1, [r3, #103]	@ unaligned
 174 00a6 C3F86B20 		str	r2, [r3, #107]	@ unaligned
  82:modules/referee/rm_referee.c **** 				case ID_buff_musk: // 0x0204
 175              		.loc 1 82 6 view .LVU38
 176 00aa BDE7     		b	.L7
 177              	.L30:
  57:modules/referee/rm_referee.c **** 				{
 178              		.loc 1 57 5 is_stmt 0 view .LVU39
 179 00ac 40F20112 		movw	r2, #257
 180 00b0 9342     		cmp	r3, r2
 181 00b2 6ED0     		beq	.L10
 182 00b4 B3F5817F 		cmp	r3, #258
 183 00b8 14D2     		bcs	.L11
 184 00ba 022B     		cmp	r3, #2
 185 00bc 43D0     		beq	.L12
 186 00be 032B     		cmp	r3, #3
 187 00c0 45D0     		beq	.L13
 188 00c2 012B     		cmp	r3, #1
 189 00c4 B0D1     		bne	.L7
  60:modules/referee/rm_referee.c **** 					break;
 190              		.loc 1 60 6 is_stmt 1 view .LVU40
ARM GAS  C:\Users\Administrator\AppData\Local\Temp\ccnmFVbq.s 			page 7


 191 00c6 534B     		ldr	r3, .L31
 192 00c8 D4F80710 		ldr	r1, [r4, #7]	@ unaligned
 193 00cc D4F80B20 		ldr	r2, [r4, #11]	@ unaligned
 194 00d0 C3F80E10 		str	r1, [r3, #14]	@ unaligned
 195 00d4 C3F81220 		str	r2, [r3, #18]	@ unaligned
 196 00d8 B4F80F10 		ldrh	r1, [r4, #15]	@ unaligned
 197 00dc 627C     		ldrb	r2, [r4, #17]	@ zero_extendqisi2
 198 00de D982     		strh	r1, [r3, #22]	@ unaligned
 199 00e0 1A76     		strb	r2, [r3, #24]
  61:modules/referee/rm_referee.c **** 				case ID_game_result: // 0x0002
 200              		.loc 1 61 6 view .LVU41
 201 00e2 A1E7     		b	.L7
 202              	.L11:
  57:modules/referee/rm_referee.c **** 				{
 203              		.loc 1 57 5 is_stmt 0 view .LVU42
 204 00e4 B3F5817F 		cmp	r3, #258
 205 00e8 59D0     		beq	.L15
 206 00ea 40F20122 		movw	r2, #513
 207 00ee 9342     		cmp	r3, r2
 208 00f0 9AD1     		bne	.L7
  75:modules/referee/rm_referee.c **** 					break;
 209              		.loc 1 75 6 is_stmt 1 view .LVU43
 210 00f2 484B     		ldr	r3, .L31
 211 00f4 D4F80700 		ldr	r0, [r4, #7]	@ unaligned
 212 00f8 D4F80B10 		ldr	r1, [r4, #11]	@ unaligned
 213 00fc D4F80F20 		ldr	r2, [r4, #15]	@ unaligned
 214 0100 C3F84200 		str	r0, [r3, #66]	@ unaligned
 215 0104 C3F84610 		str	r1, [r3, #70]	@ unaligned
 216 0108 C3F84A20 		str	r2, [r3, #74]	@ unaligned
 217 010c E27C     		ldrb	r2, [r4, #19]	@ zero_extendqisi2
 218 010e 83F84E20 		strb	r2, [r3, #78]
  76:modules/referee/rm_referee.c **** 				case ID_power_heat_data: // 0x0202
 219              		.loc 1 76 6 view .LVU44
 220 0112 89E7     		b	.L7
 221              	.L18:
  57:modules/referee/rm_referee.c **** 				{
 222              		.loc 1 57 5 is_stmt 0 view .LVU45
 223 0114 40F20722 		movw	r2, #519
 224 0118 9342     		cmp	r3, r2
 225 011a 6DD0     		beq	.L22
 226 011c 40F20132 		movw	r2, #769
 227 0120 9342     		cmp	r3, r2
 228 0122 81D1     		bne	.L7
  96:modules/referee/rm_referee.c **** 					break;
 229              		.loc 1 96 6 is_stmt 1 view .LVU46
 230 0124 3B4B     		ldr	r3, .L31
 231 0126 D4F80710 		ldr	r1, [r4, #7]	@ unaligned
 232 012a D4F80B20 		ldr	r2, [r4, #11]	@ unaligned
 233 012e C3F87F10 		str	r1, [r3, #127]	@ unaligned
 234 0132 C3F88320 		str	r2, [r3, #131]	@ unaligned
 235 0136 B4F80F10 		ldrh	r1, [r4, #15]	@ unaligned
 236 013a 627C     		ldrb	r2, [r4, #17]	@ zero_extendqisi2
 237 013c A3F88710 		strh	r1, [r3, #135]	@ unaligned
 238 0140 83F88920 		strb	r2, [r3, #137]
  97:modules/referee/rm_referee.c **** 				}
 239              		.loc 1 97 6 view .LVU47
 240 0144 70E7     		b	.L7
ARM GAS  C:\Users\Administrator\AppData\Local\Temp\ccnmFVbq.s 			page 8


 241              	.L12:
  63:modules/referee/rm_referee.c **** 					break;
 242              		.loc 1 63 6 view .LVU48
 243 0146 E279     		ldrb	r2, [r4, #7]	@ zero_extendqisi2
 244 0148 324B     		ldr	r3, .L31
 245 014a 5A76     		strb	r2, [r3, #25]
  64:modules/referee/rm_referee.c **** 				case ID_game_robot_survivors: // 0x0003
 246              		.loc 1 64 6 view .LVU49
 247 014c 6CE7     		b	.L7
 248              	.L13:
  66:modules/referee/rm_referee.c **** 					break;
 249              		.loc 1 66 6 view .LVU50
 250 014e 314B     		ldr	r3, .L31
 251 0150 D4F807C0 		ldr	ip, [r4, #7]	@ unaligned
 252 0154 D4F80B00 		ldr	r0, [r4, #11]	@ unaligned
 253 0158 D4F80F10 		ldr	r1, [r4, #15]	@ unaligned
 254 015c D4F81320 		ldr	r2, [r4, #19]	@ unaligned
 255 0160 C3F81AC0 		str	ip, [r3, #26]	@ unaligned
 256 0164 C3F81E00 		str	r0, [r3, #30]	@ unaligned
 257 0168 C3F82210 		str	r1, [r3, #34]	@ unaligned
 258 016c C3F82620 		str	r2, [r3, #38]	@ unaligned
 259 0170 D4F817C0 		ldr	ip, [r4, #23]	@ unaligned
 260 0174 D4F81B00 		ldr	r0, [r4, #27]	@ unaligned
 261 0178 D4F81F10 		ldr	r1, [r4, #31]	@ unaligned
 262 017c D4F82320 		ldr	r2, [r4, #35]	@ unaligned
 263 0180 C3F82AC0 		str	ip, [r3, #42]	@ unaligned
 264 0184 C3F82E00 		str	r0, [r3, #46]	@ unaligned
 265 0188 C3F83210 		str	r1, [r3, #50]	@ unaligned
 266 018c C3F83620 		str	r2, [r3, #54]	@ unaligned
  67:modules/referee/rm_referee.c **** 				case ID_event_data: // 0x0101
 267              		.loc 1 67 6 view .LVU51
 268 0190 4AE7     		b	.L7
 269              	.L10:
  69:modules/referee/rm_referee.c **** 					break;
 270              		.loc 1 69 6 view .LVU52
 271 0192 D4F80720 		ldr	r2, [r4, #7]	@ unaligned
 272 0196 1F4B     		ldr	r3, .L31
 273 0198 C3F83A20 		str	r2, [r3, #58]	@ unaligned
  70:modules/referee/rm_referee.c **** 				case ID_supply_projectile_action: // 0x0102
 274              		.loc 1 70 6 view .LVU53
 275 019c 44E7     		b	.L7
 276              	.L15:
  72:modules/referee/rm_referee.c **** 					break;
 277              		.loc 1 72 6 view .LVU54
 278 019e D4F80720 		ldr	r2, [r4, #7]	@ unaligned
 279 01a2 1C4B     		ldr	r3, .L31
 280 01a4 C3F83E20 		str	r2, [r3, #62]	@ unaligned
  73:modules/referee/rm_referee.c **** 				case ID_game_robot_state: // 0x0201
 281              		.loc 1 73 6 view .LVU55
 282 01a8 3EE7     		b	.L7
 283              	.L8:
  78:modules/referee/rm_referee.c **** 					break;
 284              		.loc 1 78 6 view .LVU56
 285 01aa 1A4B     		ldr	r3, .L31
 286 01ac D4F807C0 		ldr	ip, [r4, #7]	@ unaligned
 287 01b0 D4F80B00 		ldr	r0, [r4, #11]	@ unaligned
 288 01b4 D4F80F10 		ldr	r1, [r4, #15]	@ unaligned
ARM GAS  C:\Users\Administrator\AppData\Local\Temp\ccnmFVbq.s 			page 9


 289 01b8 D4F81320 		ldr	r2, [r4, #19]	@ unaligned
 290 01bc C3F84FC0 		str	ip, [r3, #79]	@ unaligned
 291 01c0 C3F85300 		str	r0, [r3, #83]	@ unaligned
 292 01c4 C3F85710 		str	r1, [r3, #87]	@ unaligned
 293 01c8 C3F85B20 		str	r2, [r3, #91]	@ unaligned
  79:modules/referee/rm_referee.c **** 				case ID_game_robot_pos: // 0x0203
 294              		.loc 1 79 6 view .LVU57
 295 01cc 2CE7     		b	.L7
 296              	.L19:
  84:modules/referee/rm_referee.c **** 					break;
 297              		.loc 1 84 6 view .LVU58
 298 01ce 114B     		ldr	r3, .L31
 299 01d0 D4F80720 		ldr	r2, [r4, #7]	@ unaligned
 300 01d4 C3F86F20 		str	r2, [r3, #111]	@ unaligned
 301 01d8 B4F80B20 		ldrh	r2, [r4, #11]	@ unaligned
 302 01dc A3F87320 		strh	r2, [r3, #115]	@ unaligned
  85:modules/referee/rm_referee.c **** 				case ID_aerial_robot_energy: // 0x0205
 303              		.loc 1 85 6 view .LVU59
 304 01e0 22E7     		b	.L7
 305              	.L20:
  87:modules/referee/rm_referee.c **** 					break;
 306              		.loc 1 87 6 view .LVU60
 307 01e2 B4F80720 		ldrh	r2, [r4, #7]	@ unaligned
 308 01e6 0B4B     		ldr	r3, .L31
 309 01e8 A3F87520 		strh	r2, [r3, #117]	@ unaligned
  88:modules/referee/rm_referee.c **** 				case ID_robot_hurt: // 0x0206
 310              		.loc 1 88 6 view .LVU61
 311 01ec 1CE7     		b	.L7
 312              	.L17:
  90:modules/referee/rm_referee.c **** 					break;
 313              		.loc 1 90 6 view .LVU62
 314 01ee E279     		ldrb	r2, [r4, #7]	@ zero_extendqisi2
 315 01f0 084B     		ldr	r3, .L31
 316 01f2 83F87720 		strb	r2, [r3, #119]
  91:modules/referee/rm_referee.c **** 				case ID_shoot_data: // 0x0207
 317              		.loc 1 91 6 view .LVU63
 318 01f6 17E7     		b	.L7
 319              	.L22:
  93:modules/referee/rm_referee.c **** 					break;
 320              		.loc 1 93 6 view .LVU64
 321 01f8 064B     		ldr	r3, .L31
 322 01fa D4F80700 		ldr	r0, [r4, #7]	@ unaligned
 323 01fe 9867     		str	r0, [r3, #120]
 324 0200 B4F80B10 		ldrh	r1, [r4, #11]	@ unaligned
 325 0204 627B     		ldrb	r2, [r4, #13]	@ zero_extendqisi2
 326 0206 A3F87C10 		strh	r1, [r3, #124]	@ unaligned
 327 020a 83F87E20 		strb	r2, [r3, #126]
  94:modules/referee/rm_referee.c **** 				case ID_student_interactive: // 0x0301   syhtodoжҺҘж”¶д»Јз ҒжңӘжөӢиҜ•
 328              		.loc 1 94 6 view .LVU65
 329 020e 0BE7     		b	.L7
 330              	.LVL11:
 331              	.L25:
 332              		.cfi_def_cfa_offset 0
 333              		.cfi_restore 4
 334              		.cfi_restore 14
  94:modules/referee/rm_referee.c **** 				case ID_student_interactive: // 0x0301   syhtodoжҺҘж”¶д»Јз ҒжңӘжөӢиҜ•
 335              		.loc 1 94 6 is_stmt 0 view .LVU66
ARM GAS  C:\Users\Administrator\AppData\Local\Temp\ccnmFVbq.s 			page 10


 336 0210 7047     		bx	lr
 337              	.L32:
 338 0212 00BF     		.align	2
 339              	.L31:
 340 0214 00000000 		.word	referee_info
 341              		.cfi_endproc
 342              	.LFE276:
 344              		.section	.text.RefereeRxCallback,"ax",%progbits
 345              		.align	1
 346              		.syntax unified
 347              		.thumb
 348              		.thumb_func
 350              	RefereeRxCallback:
 351              	.LFB277:
 111:modules/referee/rm_referee.c **** 	DaemonReload(referee_daemon);
 352              		.loc 1 111 1 is_stmt 1 view -0
 353              		.cfi_startproc
 354              		@ args = 0, pretend = 0, frame = 0
 355              		@ frame_needed = 0, uses_anonymous_args = 0
 356 0000 08B5     		push	{r3, lr}
 357              		.cfi_def_cfa_offset 8
 358              		.cfi_offset 3, -8
 359              		.cfi_offset 14, -4
 112:modules/referee/rm_referee.c **** 	JudgeReadData(referee_usart_instance->recv_buff);
 360              		.loc 1 112 2 view .LVU68
 361 0002 044B     		ldr	r3, .L35
 362 0004 1868     		ldr	r0, [r3]
 363 0006 FFF7FEFF 		bl	DaemonReload
 364              	.LVL12:
 113:modules/referee/rm_referee.c **** }
 365              		.loc 1 113 2 view .LVU69
 366 000a 034B     		ldr	r3, .L35+4
 367 000c 1868     		ldr	r0, [r3]
 368 000e FFF7FEFF 		bl	JudgeReadData
 369              	.LVL13:
 114:modules/referee/rm_referee.c **** // иЈҒеҲӨзі»з»ҹдёўеӨұеӣһи°ғеҮҪж•°,йҮҚж–°еҲқе§ӢеҢ–иЈҒеҲӨзі»з»ҹдёІеҸЈ
 370              		.loc 1 114 1 is_stmt 0 view .LVU70
 371 0012 08BD     		pop	{r3, pc}
 372              	.L36:
 373              		.align	2
 374              	.L35:
 375 0014 00000000 		.word	referee_daemon
 376 0018 00000000 		.word	referee_usart_instance
 377              		.cfi_endproc
 378              	.LFE277:
 380              		.section	.text.RefereeInit,"ax",%progbits
 381              		.align	1
 382              		.global	RefereeInit
 383              		.syntax unified
 384              		.thumb
 385              		.thumb_func
 387              	RefereeInit:
 388              	.LVL14:
 389              	.LFB279:
 121:modules/referee/rm_referee.c **** 
 122:modules/referee/rm_referee.c **** /* иЈҒеҲӨзі»з»ҹйҖҡдҝЎеҲқе§ӢеҢ– */
 123:modules/referee/rm_referee.c **** referee_info_t *RefereeInit(UART_HandleTypeDef *referee_usart_handle)
ARM GAS  C:\Users\Administrator\AppData\Local\Temp\ccnmFVbq.s 			page 11


 124:modules/referee/rm_referee.c **** {
 390              		.loc 1 124 1 is_stmt 1 view -0
 391              		.cfi_startproc
 392              		@ args = 0, pretend = 0, frame = 24
 393              		@ frame_needed = 0, uses_anonymous_args = 0
 394              		.loc 1 124 1 is_stmt 0 view .LVU72
 395 0000 00B5     		push	{lr}
 396              		.cfi_def_cfa_offset 4
 397              		.cfi_offset 14, -4
 398 0002 87B0     		sub	sp, sp, #28
 399              		.cfi_def_cfa_offset 32
 125:modules/referee/rm_referee.c **** 	USART_Init_Config_s conf;
 400              		.loc 1 125 2 is_stmt 1 view .LVU73
 126:modules/referee/rm_referee.c **** 	conf.module_callback = RefereeRxCallback;
 401              		.loc 1 126 2 view .LVU74
 402              		.loc 1 126 23 is_stmt 0 view .LVU75
 403 0004 0E4B     		ldr	r3, .L39
 404 0006 0593     		str	r3, [sp, #20]
 127:modules/referee/rm_referee.c **** 	conf.usart_handle = referee_usart_handle;
 405              		.loc 1 127 2 is_stmt 1 view .LVU76
 406              		.loc 1 127 20 is_stmt 0 view .LVU77
 407 0008 0490     		str	r0, [sp, #16]
 128:modules/referee/rm_referee.c **** 	conf.recv_buff_size = RE_RX_BUFFER_SIZE; // mx 255(u8)
 408              		.loc 1 128 2 is_stmt 1 view .LVU78
 409              		.loc 1 128 22 is_stmt 0 view .LVU79
 410 000a FF23     		movs	r3, #255
 411 000c 8DF80C30 		strb	r3, [sp, #12]
 129:modules/referee/rm_referee.c **** 	referee_usart_instance = USARTRegister(&conf);
 412              		.loc 1 129 2 is_stmt 1 view .LVU80
 413              		.loc 1 129 27 is_stmt 0 view .LVU81
 414 0010 03A8     		add	r0, sp, #12
 415              	.LVL15:
 416              		.loc 1 129 27 view .LVU82
 417 0012 FFF7FEFF 		bl	USARTRegister
 418              	.LVL16:
 419              		.loc 1 129 27 view .LVU83
 420 0016 0346     		mov	r3, r0
 421              		.loc 1 129 25 discriminator 1 view .LVU84
 422 0018 0A4A     		ldr	r2, .L39+4
 423 001a 1060     		str	r0, [r2]
 130:modules/referee/rm_referee.c **** 
 131:modules/referee/rm_referee.c **** 	Daemon_Init_Config_s daemon_conf = {
 424              		.loc 1 131 2 is_stmt 1 view .LVU85
 425              		.loc 1 131 23 is_stmt 0 view .LVU86
 426 001c 6846     		mov	r0, sp
 427 001e 0022     		movs	r2, #0
 428 0020 0092     		str	r2, [sp]
 429 0022 0192     		str	r2, [sp, #4]
 430 0024 0292     		str	r2, [sp, #8]
 431 0026 1E22     		movs	r2, #30
 432 0028 ADF80020 		strh	r2, [sp]	@ movhi
 433 002c 064A     		ldr	r2, .L39+8
 434 002e 0192     		str	r2, [sp, #4]
 435 0030 0293     		str	r3, [sp, #8]
 132:modules/referee/rm_referee.c **** 		.callback = RefereeLostCallback,
 133:modules/referee/rm_referee.c **** 		.owner_id = referee_usart_instance,
 134:modules/referee/rm_referee.c **** 		.reload_count = 30, // 0.3sжІЎжңүж”¶еҲ°ж•°жҚ®,еҲҷи®ӨдёәдёўеӨұ,йҮҚеҗҜдёІеҸЈжҺҘж”¶
ARM GAS  C:\Users\Administrator\AppData\Local\Temp\ccnmFVbq.s 			page 12


 135:modules/referee/rm_referee.c **** 	};
 136:modules/referee/rm_referee.c **** 	referee_daemon = DaemonRegister(&daemon_conf);
 436              		.loc 1 136 2 is_stmt 1 view .LVU87
 437              		.loc 1 136 19 is_stmt 0 view .LVU88
 438 0032 FFF7FEFF 		bl	DaemonRegister
 439              	.LVL17:
 440              		.loc 1 136 17 discriminator 1 view .LVU89
 441 0036 054B     		ldr	r3, .L39+12
 442 0038 1860     		str	r0, [r3]
 137:modules/referee/rm_referee.c **** 
 138:modules/referee/rm_referee.c **** 	return &referee_info;
 443              		.loc 1 138 2 is_stmt 1 view .LVU90
 139:modules/referee/rm_referee.c **** }
 444              		.loc 1 139 1 is_stmt 0 view .LVU91
 445 003a 0548     		ldr	r0, .L39+16
 446 003c 07B0     		add	sp, sp, #28
 447              		.cfi_def_cfa_offset 4
 448              		@ sp needed
 449 003e 00BD     		pop	{pc}
 450              	.L40:
 451              		.align	2
 452              	.L39:
 453 0040 00000000 		.word	RefereeRxCallback
 454 0044 00000000 		.word	referee_usart_instance
 455 0048 00000000 		.word	RefereeLostCallback
 456 004c 00000000 		.word	referee_daemon
 457 0050 00000000 		.word	referee_info
 458              		.cfi_endproc
 459              	.LFE279:
 461              		.section	.text.RefereeSend,"ax",%progbits
 462              		.align	1
 463              		.global	RefereeSend
 464              		.syntax unified
 465              		.thumb
 466              		.thumb_func
 468              	RefereeSend:
 469              	.LVL18:
 470              	.LFB280:
 140:modules/referee/rm_referee.c **** 
 141:modules/referee/rm_referee.c **** /**
 142:modules/referee/rm_referee.c ****  * @brief иЈҒеҲӨзі»з»ҹж•°жҚ®еҸ‘йҖҒеҮҪж•°
 143:modules/referee/rm_referee.c ****  * @param
 144:modules/referee/rm_referee.c ****  */
 145:modules/referee/rm_referee.c **** void RefereeSend(uint8_t *send, uint16_t tx_len)
 146:modules/referee/rm_referee.c **** {
 471              		.loc 1 146 1 is_stmt 1 view -0
 472              		.cfi_startproc
 473              		@ args = 0, pretend = 0, frame = 0
 474              		@ frame_needed = 0, uses_anonymous_args = 0
 475              		.loc 1 146 1 is_stmt 0 view .LVU93
 476 0000 08B5     		push	{r3, lr}
 477              		.cfi_def_cfa_offset 8
 478              		.cfi_offset 3, -8
 479              		.cfi_offset 14, -4
 480 0002 0A46     		mov	r2, r1
 147:modules/referee/rm_referee.c **** 	USARTSend(referee_usart_instance, send, tx_len, USART_TRANSFER_DMA);
 481              		.loc 1 147 2 is_stmt 1 view .LVU94
ARM GAS  C:\Users\Administrator\AppData\Local\Temp\ccnmFVbq.s 			page 13


 482 0004 0323     		movs	r3, #3
 483 0006 0146     		mov	r1, r0
 484              	.LVL19:
 485              		.loc 1 147 2 is_stmt 0 view .LVU95
 486 0008 0348     		ldr	r0, .L43
 487              	.LVL20:
 488              		.loc 1 147 2 view .LVU96
 489 000a 0068     		ldr	r0, [r0]
 490 000c FFF7FEFF 		bl	USARTSend
 491              	.LVL21:
 148:modules/referee/rm_referee.c **** 	osDelay(115);
 492              		.loc 1 148 2 is_stmt 1 view .LVU97
 493 0010 7320     		movs	r0, #115
 494 0012 FFF7FEFF 		bl	osDelay
 495              	.LVL22:
 149:modules/referee/rm_referee.c **** }
 496              		.loc 1 149 1 is_stmt 0 view .LVU98
 497 0016 08BD     		pop	{r3, pc}
 498              	.L44:
 499              		.align	2
 500              	.L43:
 501 0018 00000000 		.word	referee_usart_instance
 502              		.cfi_endproc
 503              	.LFE280:
 505              		.section	.bss.referee_info,"aw",%nobits
 506              		.align	2
 509              	referee_info:
 510 0000 00000000 		.space	139
 510      00000000 
 510      00000000 
 510      00000000 
 510      00000000 
 511              		.section	.bss.referee_daemon,"aw",%nobits
 512              		.align	2
 515              	referee_daemon:
 516 0000 00000000 		.space	4
 517              		.section	.bss.referee_usart_instance,"aw",%nobits
 518              		.align	2
 521              	referee_usart_instance:
 522 0000 00000000 		.space	4
 523              		.text
 524              	.Letext0:
 525              		.file 2 "C:/Users/Administrator/AppData/Roaming/Code/User/globalStorage/bmd.stm32-for-vscode/@xpac
 526              		.file 3 "C:/Users/Administrator/AppData/Roaming/Code/User/globalStorage/bmd.stm32-for-vscode/@xpac
 527              		.file 4 "Drivers/CMSIS/Device/ST/STM32F4xx/Include/stm32f407xx.h"
 528              		.file 5 "Drivers/STM32F4xx_HAL_Driver/Inc/stm32f4xx_hal_def.h"
 529              		.file 6 "Drivers/STM32F4xx_HAL_Driver/Inc/stm32f4xx_hal_dma.h"
 530              		.file 7 "Drivers/STM32F4xx_HAL_Driver/Inc/stm32f4xx_hal_uart.h"
 531              		.file 8 "modules/referee/referee_protocol.h"
 532              		.file 9 "bsp/usart/bsp_usart.h"
 533              		.file 10 "modules/referee/rm_referee.h"
 534              		.file 11 "modules/daemon/daemon.h"
 535              		.file 12 "Middlewares/Third_Party/FreeRTOS/Source/CMSIS_RTOS/cmsis_os.h"
 536              		.file 13 "modules/referee/crc_ref.h"
ARM GAS  C:\Users\Administrator\AppData\Local\Temp\ccnmFVbq.s 			page 14


DEFINED SYMBOLS
                            *ABS*:00000000 rm_referee.c
C:\Users\Administrator\AppData\Local\Temp\ccnmFVbq.s:21     .text.RefereeLostCallback:00000000 $t
C:\Users\Administrator\AppData\Local\Temp\ccnmFVbq.s:26     .text.RefereeLostCallback:00000000 RefereeLostCallback
C:\Users\Administrator\AppData\Local\Temp\ccnmFVbq.s:51     .text.RefereeLostCallback:0000000c $d
C:\Users\Administrator\AppData\Local\Temp\ccnmFVbq.s:521    .bss.referee_usart_instance:00000000 referee_usart_instance
C:\Users\Administrator\AppData\Local\Temp\ccnmFVbq.s:56     .text.JudgeReadData:00000000 $t
C:\Users\Administrator\AppData\Local\Temp\ccnmFVbq.s:61     .text.JudgeReadData:00000000 JudgeReadData
C:\Users\Administrator\AppData\Local\Temp\ccnmFVbq.s:340    .text.JudgeReadData:00000214 $d
C:\Users\Administrator\AppData\Local\Temp\ccnmFVbq.s:509    .bss.referee_info:00000000 referee_info
C:\Users\Administrator\AppData\Local\Temp\ccnmFVbq.s:345    .text.RefereeRxCallback:00000000 $t
C:\Users\Administrator\AppData\Local\Temp\ccnmFVbq.s:350    .text.RefereeRxCallback:00000000 RefereeRxCallback
C:\Users\Administrator\AppData\Local\Temp\ccnmFVbq.s:375    .text.RefereeRxCallback:00000014 $d
C:\Users\Administrator\AppData\Local\Temp\ccnmFVbq.s:515    .bss.referee_daemon:00000000 referee_daemon
C:\Users\Administrator\AppData\Local\Temp\ccnmFVbq.s:381    .text.RefereeInit:00000000 $t
C:\Users\Administrator\AppData\Local\Temp\ccnmFVbq.s:387    .text.RefereeInit:00000000 RefereeInit
C:\Users\Administrator\AppData\Local\Temp\ccnmFVbq.s:453    .text.RefereeInit:00000040 $d
C:\Users\Administrator\AppData\Local\Temp\ccnmFVbq.s:462    .text.RefereeSend:00000000 $t
C:\Users\Administrator\AppData\Local\Temp\ccnmFVbq.s:468    .text.RefereeSend:00000000 RefereeSend
C:\Users\Administrator\AppData\Local\Temp\ccnmFVbq.s:501    .text.RefereeSend:00000018 $d
C:\Users\Administrator\AppData\Local\Temp\ccnmFVbq.s:506    .bss.referee_info:00000000 $d
C:\Users\Administrator\AppData\Local\Temp\ccnmFVbq.s:512    .bss.referee_daemon:00000000 $d
C:\Users\Administrator\AppData\Local\Temp\ccnmFVbq.s:518    .bss.referee_usart_instance:00000000 $d

UNDEFINED SYMBOLS
USARTServiceInit
Verify_CRC8_Check_Sum
Verify_CRC16_Check_Sum
DaemonReload
USARTRegister
DaemonRegister
USARTSend
osDelay
