ARM GAS  C:\Users\Administrator\AppData\Local\Temp\ccP6LFxJ.s 			page 1


   1              		.cpu cortex-m4
   2              		.arch armv7e-m
   3              		.fpu fpv4-sp-d16
   4              		.eabi_attribute 27, 1
   5              		.eabi_attribute 28, 1
   6              		.eabi_attribute 20, 1
   7              		.eabi_attribute 21, 1
   8              		.eabi_attribute 23, 3
   9              		.eabi_attribute 24, 1
  10              		.eabi_attribute 25, 1
  11              		.eabi_attribute 26, 1
  12              		.eabi_attribute 30, 1
  13              		.eabi_attribute 34, 1
  14              		.eabi_attribute 18, 4
  15              		.file	"seasky_protocol.c"
  16              		.text
  17              	.Ltext0:
  18              		.cfi_sections	.debug_frame
  19              		.file 1 "modules/master_machine/seasky_protocol.c"
  20              		.section	.text.Get_CRC8_Check,"ax",%progbits
  21              		.align	1
  22              		.global	Get_CRC8_Check
  23              		.syntax unified
  24              		.thumb
  25              		.thumb_func
  27              	Get_CRC8_Check:
  28              	.LVL0:
  29              	.LFB238:
   1:modules/master_machine/seasky_protocol.c **** /**
   2:modules/master_machine/seasky_protocol.c ****  * @file seasky_protocol.c
   3:modules/master_machine/seasky_protocol.c ****  * @author Liu Yu Sheng
   4:modules/master_machine/seasky_protocol.c ****  * @author modified by Neozng
   5:modules/master_machine/seasky_protocol.c ****  * @brief R&AТѕўжўЪСИ▓тЈБжђџС┐АтЇЈУ««
   6:modules/master_machine/seasky_protocol.c ****  * @version 1.0
   7:modules/master_machine/seasky_protocol.c ****  * @date 2024-09-21
   8:modules/master_machine/seasky_protocol.c ****  *
   9:modules/master_machine/seasky_protocol.c ****  * @copyright Copyright (c) 2022
  10:modules/master_machine/seasky_protocol.c ****  *
  11:modules/master_machine/seasky_protocol.c ****  */
  12:modules/master_machine/seasky_protocol.c **** 
  13:modules/master_machine/seasky_protocol.c **** #include "seasky_protocol.h"
  14:modules/master_machine/seasky_protocol.c **** #include "crc8.h"
  15:modules/master_machine/seasky_protocol.c **** #include "crc16.h"
  16:modules/master_machine/seasky_protocol.c **** #include "memory.h"
  17:modules/master_machine/seasky_protocol.c **** 
  18:modules/master_machine/seasky_protocol.c **** /*УјитЈќCRC8ТаАжфїуаЂ*/
  19:modules/master_machine/seasky_protocol.c **** uint8_t Get_CRC8_Check(uint8_t *pchMessage,uint16_t dwLength)
  20:modules/master_machine/seasky_protocol.c **** {
  30              		.loc 1 20 1 view -0
  31              		.cfi_startproc
  32              		@ args = 0, pretend = 0, frame = 0
  33              		@ frame_needed = 0, uses_anonymous_args = 0
  34              		.loc 1 20 1 is_stmt 0 view .LVU1
  35 0000 08B5     		push	{r3, lr}
  36              		.cfi_def_cfa_offset 8
  37              		.cfi_offset 3, -8
  38              		.cfi_offset 14, -4
ARM GAS  C:\Users\Administrator\AppData\Local\Temp\ccP6LFxJ.s 			page 2


  21:modules/master_machine/seasky_protocol.c ****     return crc_8(pchMessage,dwLength);
  39              		.loc 1 21 5 is_stmt 1 view .LVU2
  40              		.loc 1 21 12 is_stmt 0 view .LVU3
  41 0002 FFF7FEFF 		bl	crc_8
  42              	.LVL1:
  22:modules/master_machine/seasky_protocol.c **** }
  43              		.loc 1 22 1 view .LVU4
  44 0006 08BD     		pop	{r3, pc}
  45              		.cfi_endproc
  46              	.LFE238:
  48              		.section	.text.Get_CRC16_Check,"ax",%progbits
  49              		.align	1
  50              		.global	Get_CRC16_Check
  51              		.syntax unified
  52              		.thumb
  53              		.thumb_func
  55              	Get_CRC16_Check:
  56              	.LVL2:
  57              	.LFB240:
  23:modules/master_machine/seasky_protocol.c **** /*ТБђжфїCRC8ТЋ░ТЇ«Т«х*/
  24:modules/master_machine/seasky_protocol.c **** static uint8_t CRC8_Check_Sum(uint8_t *pchMessage, uint16_t dwLength)
  25:modules/master_machine/seasky_protocol.c **** {
  26:modules/master_machine/seasky_protocol.c ****     uint8_t ucExpected = 0;
  27:modules/master_machine/seasky_protocol.c ****     if ((pchMessage == 0) || (dwLength <= 2))
  28:modules/master_machine/seasky_protocol.c ****         return 0;
  29:modules/master_machine/seasky_protocol.c ****     ucExpected = crc_8(pchMessage, dwLength - 1);
  30:modules/master_machine/seasky_protocol.c ****     return (ucExpected == pchMessage[dwLength - 1]);
  31:modules/master_machine/seasky_protocol.c **** }
  32:modules/master_machine/seasky_protocol.c **** 
  33:modules/master_machine/seasky_protocol.c **** /*УјитЈќCRC16ТаАжфїуаЂ*/
  34:modules/master_machine/seasky_protocol.c **** uint16_t Get_CRC16_Check(uint8_t *pchMessage,uint32_t dwLength)
  35:modules/master_machine/seasky_protocol.c **** {
  58              		.loc 1 35 1 is_stmt 1 view -0
  59              		.cfi_startproc
  60              		@ args = 0, pretend = 0, frame = 0
  61              		@ frame_needed = 0, uses_anonymous_args = 0
  62              		.loc 1 35 1 is_stmt 0 view .LVU6
  63 0000 08B5     		push	{r3, lr}
  64              		.cfi_def_cfa_offset 8
  65              		.cfi_offset 3, -8
  66              		.cfi_offset 14, -4
  36:modules/master_machine/seasky_protocol.c ****     return crc_16(pchMessage,dwLength);
  67              		.loc 1 36 5 is_stmt 1 view .LVU7
  68              		.loc 1 36 12 is_stmt 0 view .LVU8
  69 0002 89B2     		uxth	r1, r1
  70              	.LVL3:
  71              		.loc 1 36 12 view .LVU9
  72 0004 FFF7FEFF 		bl	crc_16
  73              	.LVL4:
  37:modules/master_machine/seasky_protocol.c **** }
  74              		.loc 1 37 1 view .LVU10
  75 0008 08BD     		pop	{r3, pc}
  76              		.cfi_endproc
  77              	.LFE240:
  79              		.section	.text.get_protocol_send_data,"ax",%progbits
  80              		.align	1
  81              		.global	get_protocol_send_data
ARM GAS  C:\Users\Administrator\AppData\Local\Temp\ccP6LFxJ.s 			page 3


  82              		.syntax unified
  83              		.thumb
  84              		.thumb_func
  86              	get_protocol_send_data:
  87              	.LVL5:
  88              	.LFB243:
  38:modules/master_machine/seasky_protocol.c **** 
  39:modules/master_machine/seasky_protocol.c **** /*ТБђжфїCRC16ТЋ░ТЇ«Т«х*/
  40:modules/master_machine/seasky_protocol.c **** static uint16_t CRC16_Check_Sum(uint8_t *pchMessage, uint32_t dwLength)
  41:modules/master_machine/seasky_protocol.c **** {
  42:modules/master_machine/seasky_protocol.c ****     uint16_t wExpected = 0;
  43:modules/master_machine/seasky_protocol.c ****     if ((pchMessage == 0) || (dwLength <= 2))
  44:modules/master_machine/seasky_protocol.c ****     {
  45:modules/master_machine/seasky_protocol.c ****         return 0;
  46:modules/master_machine/seasky_protocol.c ****     }
  47:modules/master_machine/seasky_protocol.c ****     wExpected = crc_16(pchMessage, dwLength - 2);
  48:modules/master_machine/seasky_protocol.c ****     return (((wExpected & 0xff) == pchMessage[dwLength - 2]) && (((wExpected >> 8) & 0xff) == pchMe
  49:modules/master_machine/seasky_protocol.c **** }
  50:modules/master_machine/seasky_protocol.c **** 
  51:modules/master_machine/seasky_protocol.c **** /*ТБђжфїТЋ░ТЇ«тИДтц┤*/
  52:modules/master_machine/seasky_protocol.c **** static uint8_t protocol_heade_Check(protocol_rm_struct *pro, uint8_t *rx_buf)
  53:modules/master_machine/seasky_protocol.c **** {
  54:modules/master_machine/seasky_protocol.c ****     if (rx_buf[0] == PROTOCOL_CMD_ID)
  55:modules/master_machine/seasky_protocol.c ****     {
  56:modules/master_machine/seasky_protocol.c ****         pro->header.sof = rx_buf[0];
  57:modules/master_machine/seasky_protocol.c ****         if (CRC8_Check_Sum(&rx_buf[0], 4))
  58:modules/master_machine/seasky_protocol.c ****         {
  59:modules/master_machine/seasky_protocol.c ****             pro->header.data_length = (rx_buf[2] << 8) | rx_buf[1];
  60:modules/master_machine/seasky_protocol.c ****             pro->header.crc_check = rx_buf[3];
  61:modules/master_machine/seasky_protocol.c ****             pro->cmd_id = (rx_buf[5] << 8) | rx_buf[4];
  62:modules/master_machine/seasky_protocol.c ****             return 1;
  63:modules/master_machine/seasky_protocol.c ****         }
  64:modules/master_machine/seasky_protocol.c ****     }
  65:modules/master_machine/seasky_protocol.c ****     return 0;
  66:modules/master_machine/seasky_protocol.c **** }
  67:modules/master_machine/seasky_protocol.c **** 
  68:modules/master_machine/seasky_protocol.c **** /*
  69:modules/master_machine/seasky_protocol.c ****     ТГцтЄйТЋ░Та╣ТЇ«тЙЁтЈЉжђЂуџёТЋ░ТЇ«ТЏ┤Тќ░ТЋ░ТЇ«тИДТа╝т╝ЈС╗ЦтЈітєЁт«╣№╝їт«ъуј░ТЋ░ТЇ«уџёТЅЊтїЁТЊЇСй
  70:modules/master_machine/seasky_protocol.c ****     тљју╗ГУ░ЃућежђџС┐АТјЦтЈБуџётЈЉжђЂтЄйТЋ░тЈЉжђЂtx_bufСИГуџёт»╣т║ћТЋ░ТЇ«
  71:modules/master_machine/seasky_protocol.c **** */
  72:modules/master_machine/seasky_protocol.c **** void get_protocol_send_data(uint16_t send_id,        // С┐АтЈиid
  73:modules/master_machine/seasky_protocol.c ****                             uint16_t flags_register, // 16СйЇт»ётГўтЎе
  74:modules/master_machine/seasky_protocol.c ****                             float *tx_data,          // тЙЁтЈЉжђЂуџёfloatТЋ░ТЇ«
  75:modules/master_machine/seasky_protocol.c ****                             uint8_t float_length,    // floatуџёТЋ░ТЇ«жЋ┐т║д
  76:modules/master_machine/seasky_protocol.c ****                             uint8_t *tx_buf,         // тЙЁтЈЉжђЂуџёТЋ░ТЇ«тИД
  77:modules/master_machine/seasky_protocol.c ****                             uint16_t *tx_buf_len)    // тЙЁтЈЉжђЂуџёТЋ░ТЇ«тИДжЋ┐т║д
  78:modules/master_machine/seasky_protocol.c **** {
  89              		.loc 1 78 1 is_stmt 1 view -0
  90              		.cfi_startproc
  91              		@ args = 8, pretend = 0, frame = 0
  92              		@ frame_needed = 0, uses_anonymous_args = 0
  93              		.loc 1 78 1 is_stmt 0 view .LVU12
  94 0000 30B5     		push	{r4, r5, lr}
  95              		.cfi_def_cfa_offset 12
  96              		.cfi_offset 4, -12
  97              		.cfi_offset 5, -8
  98              		.cfi_offset 14, -4
ARM GAS  C:\Users\Administrator\AppData\Local\Temp\ccP6LFxJ.s 			page 4


  99 0002 1446     		mov	r4, r2
 100 0004 039A     		ldr	r2, [sp, #12]
 101              	.LVL6:
  79:modules/master_machine/seasky_protocol.c ****     static uint16_t crc16;
 102              		.loc 1 79 5 is_stmt 1 view .LVU13
  80:modules/master_machine/seasky_protocol.c ****     static uint16_t data_len;
 103              		.loc 1 80 5 view .LVU14
  81:modules/master_machine/seasky_protocol.c **** 
  82:modules/master_machine/seasky_protocol.c ****     data_len = float_length * 4 + 4;
 104              		.loc 1 82 5 view .LVU15
 105              		.loc 1 82 33 is_stmt 0 view .LVU16
 106 0006 5D1C     		adds	r5, r3, #1
 107              		.loc 1 82 14 view .LVU17
 108 0008 AD00     		lsls	r5, r5, #2
 109 000a 1449     		ldr	r1, .L11
 110              	.LVL7:
 111              		.loc 1 82 14 view .LVU18
 112 000c 0D80     		strh	r5, [r1]	@ movhi
  83:modules/master_machine/seasky_protocol.c ****     /*тИДтц┤жЃетѕє*/
  84:modules/master_machine/seasky_protocol.c ****     tx_buf[0] = 0xff;
 113              		.loc 1 84 5 is_stmt 1 view .LVU19
 114              		.loc 1 84 15 is_stmt 0 view .LVU20
 115 000e FF21     		movs	r1, #255
 116 0010 1170     		strb	r1, [r2]
  85:modules/master_machine/seasky_protocol.c **** 
  86:modules/master_machine/seasky_protocol.c ****     /*ТЋ░ТЇ«уџёС┐АтЈиid*/
  87:modules/master_machine/seasky_protocol.c ****     tx_buf[1] = send_id;
 117              		.loc 1 87 5 is_stmt 1 view .LVU21
 118              		.loc 1 87 15 is_stmt 0 view .LVU22
 119 0012 5070     		strb	r0, [r2, #1]
  88:modules/master_machine/seasky_protocol.c **** 
  89:modules/master_machine/seasky_protocol.c ****     /*floatТЋ░ТЇ«Т«х*/
  90:modules/master_machine/seasky_protocol.c ****     for (int i = 0; i < 4 * float_length; i++)
 120              		.loc 1 90 5 is_stmt 1 view .LVU23
 121              	.LBB2:
 122              		.loc 1 90 10 view .LVU24
 123              	.LVL8:
 124              		.loc 1 90 14 is_stmt 0 view .LVU25
 125 0014 0021     		movs	r1, #0
 126              		.loc 1 90 5 view .LVU26
 127 0016 12E0     		b	.L6
 128              	.LVL9:
 129              	.L7:
  91:modules/master_machine/seasky_protocol.c ****     {
  92:modules/master_machine/seasky_protocol.c ****         tx_buf[i + 2] = ((uint8_t *)(&tx_data[i / 4]))[i % 4];
 130              		.loc 1 92 46 view .LVU27
 131 0018 20F00300 		bic	r0, r0, #3
 132              		.loc 1 92 58 view .LVU28
 133 001c D1F1000E 		rsbs	lr, r1, #0
 134 0020 01F0030C 		and	ip, r1, #3
 135 0024 0EF0030E 		and	lr, lr, #3
 136 0028 58BF     		it	pl
 137 002a CEF1000C 		rsbpl	ip, lr, #0
 138              		.loc 1 92 18 view .LVU29
 139 002e 01F1020E 		add	lr, r1, #2
 140              		.loc 1 92 55 view .LVU30
 141 0032 2044     		add	r0, r0, r4
ARM GAS  C:\Users\Administrator\AppData\Local\Temp\ccP6LFxJ.s 			page 5


 142 0034 10F80C00 		ldrb	r0, [r0, ip]	@ zero_extendqisi2
 143              		.loc 1 92 23 view .LVU31
 144 0038 02F80E00 		strb	r0, [r2, lr]
  90:modules/master_machine/seasky_protocol.c ****     {
 145              		.loc 1 90 44 is_stmt 1 discriminator 3 view .LVU32
 146 003c 0131     		adds	r1, r1, #1
 147              	.LVL10:
 148              	.L6:
  90:modules/master_machine/seasky_protocol.c ****     {
 149              		.loc 1 90 23 discriminator 1 view .LVU33
 150 003e B1EB830F 		cmp	r1, r3, lsl #2
 151 0042 04DA     		bge	.L10
 152              		.loc 1 92 9 view .LVU34
 153              		.loc 1 92 49 is_stmt 0 view .LVU35
 154 0044 0846     		mov	r0, r1
 155 0046 0029     		cmp	r1, #0
 156 0048 E6DA     		bge	.L7
 157 004a C81C     		adds	r0, r1, #3
 158 004c E4E7     		b	.L7
 159              	.L10:
 160              	.LBE2:
  93:modules/master_machine/seasky_protocol.c ****     }    
  94:modules/master_machine/seasky_protocol.c **** 
  95:modules/master_machine/seasky_protocol.c ****     /*тИДт░ЙжЃетѕє*/
  96:modules/master_machine/seasky_protocol.c ****     tx_buf[data_len - 1] = 0x0d;
 161              		.loc 1 96 5 is_stmt 1 view .LVU36
 162              		.loc 1 96 21 is_stmt 0 view .LVU37
 163 004e 6B1E     		subs	r3, r5, #1
 164              	.LVL11:
 165              		.loc 1 96 26 view .LVU38
 166 0050 0D21     		movs	r1, #13
 167              	.LVL12:
 168              		.loc 1 96 26 view .LVU39
 169 0052 D154     		strb	r1, [r2, r3]
  97:modules/master_machine/seasky_protocol.c **** 
  98:modules/master_machine/seasky_protocol.c ****     *tx_buf_len = data_len;
 170              		.loc 1 98 5 is_stmt 1 view .LVU40
 171              		.loc 1 98 17 is_stmt 0 view .LVU41
 172 0054 049B     		ldr	r3, [sp, #16]
 173 0056 1D80     		strh	r5, [r3]	@ movhi
  99:modules/master_machine/seasky_protocol.c ****     // /*тИДтц┤жЃетѕє*/
 100:modules/master_machine/seasky_protocol.c ****     // tx_buf[0] = PROTOCOL_CMD_ID;
 101:modules/master_machine/seasky_protocol.c ****     // tx_buf[1] = data_len & 0xff;        // СйјСйЇтюетЅЇ
 102:modules/master_machine/seasky_protocol.c ****     // tx_buf[2] = (data_len >> 8) & 0xff; // СйјСйЇтюетЅЇ
 103:modules/master_machine/seasky_protocol.c ****     // tx_buf[3] = crc_8(&tx_buf[0], 3);   // УјитЈќCRC8ТаАжфїСйЇ
 104:modules/master_machine/seasky_protocol.c **** 
 105:modules/master_machine/seasky_protocol.c ****     // /*ТЋ░ТЇ«уџёС┐АтЈиid*/
 106:modules/master_machine/seasky_protocol.c ****     // tx_buf[4] = send_id & 0xff;
 107:modules/master_machine/seasky_protocol.c ****     // tx_buf[5] = (send_id >> 8) & 0xff;
 108:modules/master_machine/seasky_protocol.c **** 
 109:modules/master_machine/seasky_protocol.c ****     // /*т╗║уФІ16СйЇт»ётГўтЎе*/
 110:modules/master_machine/seasky_protocol.c ****     // tx_buf[6] = flags_register & 0xff;
 111:modules/master_machine/seasky_protocol.c ****     // tx_buf[7] = (flags_register >> 8) & 0xff;
 112:modules/master_machine/seasky_protocol.c **** 
 113:modules/master_machine/seasky_protocol.c ****     // /*floatТЋ░ТЇ«Т«х*/
 114:modules/master_machine/seasky_protocol.c ****     // for (int i = 0; i < 4 * float_length; i++)
 115:modules/master_machine/seasky_protocol.c ****     // {
ARM GAS  C:\Users\Administrator\AppData\Local\Temp\ccP6LFxJ.s 			page 6


 116:modules/master_machine/seasky_protocol.c ****     //     tx_buf[i + 8] = ((uint8_t *)(&tx_data[i / 4]))[i % 4];
 117:modules/master_machine/seasky_protocol.c ****     // }
 118:modules/master_machine/seasky_protocol.c **** 
 119:modules/master_machine/seasky_protocol.c ****     // /*ТЋ┤тїЁТаАжфї*/
 120:modules/master_machine/seasky_protocol.c ****     // crc16 = crc_16(&tx_buf[0], data_len + 6);
 121:modules/master_machine/seasky_protocol.c ****     // tx_buf[data_len + 6] = crc16 & 0xff;
 122:modules/master_machine/seasky_protocol.c ****     // tx_buf[data_len + 7] = (crc16 >> 8) & 0xff;
 123:modules/master_machine/seasky_protocol.c **** 
 124:modules/master_machine/seasky_protocol.c ****     // *tx_buf_len = data_len + 8;
 125:modules/master_machine/seasky_protocol.c **** }
 174              		.loc 1 125 1 view .LVU42
 175 0058 30BD     		pop	{r4, r5, pc}
 176              	.LVL13:
 177              	.L12:
 178              		.loc 1 125 1 view .LVU43
 179 005a 00BF     		.align	2
 180              	.L11:
 181 005c 00000000 		.word	data_len.1
 182              		.cfi_endproc
 183              	.LFE243:
 185              		.section	.text.get_protocol_info,"ax",%progbits
 186              		.align	1
 187              		.global	get_protocol_info
 188              		.syntax unified
 189              		.thumb
 190              		.thumb_func
 192              	get_protocol_info:
 193              	.LVL14:
 194              	.LFB244:
 126:modules/master_machine/seasky_protocol.c **** /*
 127:modules/master_machine/seasky_protocol.c ****     ТГцтЄйТЋ░ућеС║јтцёуљєТјЦТћХТЋ░ТЇ«№╝ї
 128:modules/master_machine/seasky_protocol.c ****     У┐ћтЏъТЋ░ТЇ«тєЁт«╣уџёid
 129:modules/master_machine/seasky_protocol.c **** */
 130:modules/master_machine/seasky_protocol.c **** uint16_t get_protocol_info(uint8_t *rx_buf,          // ТјЦТћХтѕ░уџётјЪтДІТЋ░ТЇ«
 131:modules/master_machine/seasky_protocol.c ****                            uint16_t *flags_register, // ТјЦТћХТЋ░ТЇ«уџё16СйЇт»ётГўтЎетю░тЮђ
 132:modules/master_machine/seasky_protocol.c ****                            uint8_t *rx_data)         // ТјЦТћХуџёfloatТЋ░ТЇ«тГўтѓетю░тЮђ
 133:modules/master_machine/seasky_protocol.c **** {
 195              		.loc 1 133 1 is_stmt 1 view -0
 196              		.cfi_startproc
 197              		@ args = 0, pretend = 0, frame = 0
 198              		@ frame_needed = 0, uses_anonymous_args = 0
 199              		@ link register save eliminated.
 134:modules/master_machine/seasky_protocol.c ****     // ТћЙтюежЮЎТђЂтї║,жЂ┐тЁЇтЈЇтцЇућ│У»иТаѕСИіуЕ║жЌ┤
 135:modules/master_machine/seasky_protocol.c ****     static protocol_rm_struct pro;
 200              		.loc 1 135 5 view .LVU45
 136:modules/master_machine/seasky_protocol.c ****     static uint16_t date_length;
 201              		.loc 1 136 5 view .LVU46
 137:modules/master_machine/seasky_protocol.c **** 
 138:modules/master_machine/seasky_protocol.c ****     // if (protocol_heade_Check(&pro, rx_buf))
 139:modules/master_machine/seasky_protocol.c ****     // {
 140:modules/master_machine/seasky_protocol.c ****     //     date_length = OFFSET_BYTE + pro.header.data_length;
 141:modules/master_machine/seasky_protocol.c ****     //     if (CRC16_Check_Sum(&rx_buf[0], date_length))
 142:modules/master_machine/seasky_protocol.c ****     //     {
 143:modules/master_machine/seasky_protocol.c ****     //         *flags_register = (rx_buf[7] << 8) | rx_buf[6];
 144:modules/master_machine/seasky_protocol.c ****     //         memcpy(rx_data, rx_buf + 8, pro.header.data_length - 2);
 145:modules/master_machine/seasky_protocol.c ****     //         return pro.cmd_id;
 146:modules/master_machine/seasky_protocol.c ****     //     }
ARM GAS  C:\Users\Administrator\AppData\Local\Temp\ccP6LFxJ.s 			page 7


 147:modules/master_machine/seasky_protocol.c ****     //     *flags_register = (rx_buf[7] << 8) | rx_buf[6];
 148:modules/master_machine/seasky_protocol.c ****     //     memcpy(rx_data, rx_buf + 8, pro.header.data_length - 2);
 149:modules/master_machine/seasky_protocol.c ****     //     return pro.cmd_id;
 150:modules/master_machine/seasky_protocol.c ****     // }
 151:modules/master_machine/seasky_protocol.c ****     date_length = 14;
 202              		.loc 1 151 5 view .LVU47
 203              		.loc 1 151 17 is_stmt 0 view .LVU48
 204 0000 0C4B     		ldr	r3, .L14
 205 0002 4FF00E0C 		mov	ip, #14
 206 0006 A3F800C0 		strh	ip, [r3]	@ movhi
 152:modules/master_machine/seasky_protocol.c **** 
 153:modules/master_machine/seasky_protocol.c ****     *flags_register = (rx_buf[7] << 8) | rx_buf[6];
 207              		.loc 1 153 5 is_stmt 1 view .LVU49
 208              		.loc 1 153 30 is_stmt 0 view .LVU50
 209 000a 90F807C0 		ldrb	ip, [r0, #7]	@ zero_extendqisi2
 210              		.loc 1 153 48 view .LVU51
 211 000e 8379     		ldrb	r3, [r0, #6]	@ zero_extendqisi2
 212              		.loc 1 153 40 view .LVU52
 213 0010 43EA0C23 		orr	r3, r3, ip, lsl #8
 214              		.loc 1 153 21 view .LVU53
 215 0014 0B80     		strh	r3, [r1]	@ movhi
 154:modules/master_machine/seasky_protocol.c ****     memcpy(rx_data, rx_buf + 1, date_length);
 216              		.loc 1 154 5 is_stmt 1 view .LVU54
 217 0016 D0F801C0 		ldr	ip, [r0, #1]	@ unaligned
 218 001a D0F80510 		ldr	r1, [r0, #5]	@ unaligned
 219              	.LVL15:
 220              		.loc 1 154 5 is_stmt 0 view .LVU55
 221 001e D0F80930 		ldr	r3, [r0, #9]	@ unaligned
 222 0022 C2F800C0 		str	ip, [r2]	@ unaligned
 223 0026 5160     		str	r1, [r2, #4]	@ unaligned
 224 0028 9360     		str	r3, [r2, #8]	@ unaligned
 225 002a B0F80D30 		ldrh	r3, [r0, #13]	@ unaligned
 226 002e 9381     		strh	r3, [r2, #12]	@ unaligned
 155:modules/master_machine/seasky_protocol.c ****     return 0;
 227              		.loc 1 155 5 is_stmt 1 view .LVU56
 156:modules/master_machine/seasky_protocol.c **** }
 228              		.loc 1 156 1 is_stmt 0 view .LVU57
 229 0030 0020     		movs	r0, #0
 230              	.LVL16:
 231              		.loc 1 156 1 view .LVU58
 232 0032 7047     		bx	lr
 233              	.L15:
 234              		.align	2
 235              	.L14:
 236 0034 00000000 		.word	date_length.0
 237              		.cfi_endproc
 238              	.LFE244:
 240              		.section	.bss.date_length.0,"aw",%nobits
 241              		.align	1
 244              	date_length.0:
 245 0000 0000     		.space	2
 246              		.section	.bss.data_len.1,"aw",%nobits
 247              		.align	1
 250              	data_len.1:
 251 0000 0000     		.space	2
 252              		.text
 253              	.Letext0:
ARM GAS  C:\Users\Administrator\AppData\Local\Temp\ccP6LFxJ.s 			page 8


 254              		.file 2 "C:/Users/Administrator/AppData/Roaming/Code/User/globalStorage/bmd.stm32-for-vscode/@xpac
 255              		.file 3 "C:/Users/Administrator/AppData/Roaming/Code/User/globalStorage/bmd.stm32-for-vscode/@xpac
 256              		.file 4 "modules/master_machine/seasky_protocol.h"
 257              		.file 5 "C:/Users/Administrator/AppData/Roaming/Code/User/globalStorage/bmd.stm32-for-vscode/@xpac
 258              		.file 6 "modules/algorithm/crc16.h"
 259              		.file 7 "modules/algorithm/crc8.h"
ARM GAS  C:\Users\Administrator\AppData\Local\Temp\ccP6LFxJ.s 			page 9


DEFINED SYMBOLS
                            *ABS*:00000000 seasky_protocol.c
C:\Users\Administrator\AppData\Local\Temp\ccP6LFxJ.s:21     .text.Get_CRC8_Check:00000000 $t
C:\Users\Administrator\AppData\Local\Temp\ccP6LFxJ.s:27     .text.Get_CRC8_Check:00000000 Get_CRC8_Check
C:\Users\Administrator\AppData\Local\Temp\ccP6LFxJ.s:49     .text.Get_CRC16_Check:00000000 $t
C:\Users\Administrator\AppData\Local\Temp\ccP6LFxJ.s:55     .text.Get_CRC16_Check:00000000 Get_CRC16_Check
C:\Users\Administrator\AppData\Local\Temp\ccP6LFxJ.s:80     .text.get_protocol_send_data:00000000 $t
C:\Users\Administrator\AppData\Local\Temp\ccP6LFxJ.s:86     .text.get_protocol_send_data:00000000 get_protocol_send_data
C:\Users\Administrator\AppData\Local\Temp\ccP6LFxJ.s:181    .text.get_protocol_send_data:0000005c $d
C:\Users\Administrator\AppData\Local\Temp\ccP6LFxJ.s:250    .bss.data_len.1:00000000 data_len.1
C:\Users\Administrator\AppData\Local\Temp\ccP6LFxJ.s:186    .text.get_protocol_info:00000000 $t
C:\Users\Administrator\AppData\Local\Temp\ccP6LFxJ.s:192    .text.get_protocol_info:00000000 get_protocol_info
C:\Users\Administrator\AppData\Local\Temp\ccP6LFxJ.s:236    .text.get_protocol_info:00000034 $d
C:\Users\Administrator\AppData\Local\Temp\ccP6LFxJ.s:244    .bss.date_length.0:00000000 date_length.0
C:\Users\Administrator\AppData\Local\Temp\ccP6LFxJ.s:241    .bss.date_length.0:00000000 $d
C:\Users\Administrator\AppData\Local\Temp\ccP6LFxJ.s:247    .bss.data_len.1:00000000 $d

UNDEFINED SYMBOLS
crc_8
crc_16
