ARM GAS  C:\Users\Administrator\AppData\Local\Temp\ccfuPa2T.s 			page 1


   1              		.cpu cortex-m4
   2              		.arch armv7e-m
   3              		.fpu fpv4-sp-d16
   4              		.eabi_attribute 27, 1
   5              		.eabi_attribute 28, 1
   6              		.eabi_attribute 20, 1
   7              		.eabi_attribute 21, 1
   8              		.eabi_attribute 23, 3
   9              		.eabi_attribute 24, 1
  10              		.eabi_attribute 25, 1
  11              		.eabi_attribute 26, 1
  12              		.eabi_attribute 30, 1
  13              		.eabi_attribute 34, 1
  14              		.eabi_attribute 18, 4
  15              		.file	"servo_motor.c"
  16              		.text
  17              	.Ltext0:
  18              		.cfi_sections	.debug_frame
  19              		.file 1 "modules/motor/servo_motor/servo_motor.c"
  20              		.section	.text.DecodeServo,"ax",%progbits
  21              		.align	1
  22              		.syntax unified
  23              		.thumb
  24              		.thumb_func
  26              	DecodeServo:
  27              	.LFB240:
   1:modules/motor/servo_motor/servo_motor.c **** #include "servo_motor.h"
   2:modules/motor/servo_motor/servo_motor.c **** #include "stdlib.h"
   3:modules/motor/servo_motor/servo_motor.c **** #include "memory.h"
   4:modules/motor/servo_motor/servo_motor.c **** #include "bsp_log.h"
   5:modules/motor/servo_motor/servo_motor.c **** uint8_t servo_angle_read[6]={0x55 ,0x55 ,0x04, 0x15 ,0x01 ,0x01 ,};
   6:modules/motor/servo_motor/servo_motor.c **** uint8_t servo_angle_write[16]={0x55 ,0x55, 0x08, 0x03, 0x01 ,0xF4 ,0x01 ,0x01 ,0x20 ,0x03,0x55 ,0x5
   7:modules/motor/servo_motor/servo_motor.c **** uint8_t servo_unload[6]={0x55,0x55,0x04,0x14,0x01,0x01};
   8:modules/motor/servo_motor/servo_motor.c **** 
   9:modules/motor/servo_motor/servo_motor.c **** /*ń¼¼õ║īńēł*/
  10:modules/motor/servo_motor/servo_motor.c **** static ServoInstance *servo_motor_instance[SERVO_MOTOR_CNT];
  11:modules/motor/servo_motor/servo_motor.c **** static uint8_t servo_idx = 0; // register servo_idx,µś»Ķ»źµ¢ćõ╗ČńÜäÕģ©Õ▒ĆĶłĄµ£║ń┤óÕ╝Ģ,Õ£©µ│©ÕåīµŚČõ
  12:modules/motor/servo_motor/servo_motor.c **** static void DecodeServo();
  13:modules/motor/servo_motor/servo_motor.c **** // ķĆÜĶ┐ćµŁżÕćĮµĢ░µ│©ÕåīõĖĆõĖ¬ĶłĄµ£║
  14:modules/motor/servo_motor/servo_motor.c **** ServoInstance *ServoInit(Servo_Init_Config_s *Servo_Init_Config)
  15:modules/motor/servo_motor/servo_motor.c **** {
  16:modules/motor/servo_motor/servo_motor.c ****     ServoInstance *servo = (ServoInstance *)malloc(sizeof(ServoInstance));
  17:modules/motor/servo_motor/servo_motor.c ****     memset(servo, 0, sizeof(ServoInstance));
  18:modules/motor/servo_motor/servo_motor.c ****     USART_Init_Config_s config;
  19:modules/motor/servo_motor/servo_motor.c ****     servo->servo_type = Servo_Init_Config->servo_type;
  20:modules/motor/servo_motor/servo_motor.c ****     switch (Servo_Init_Config->servo_type)
  21:modules/motor/servo_motor/servo_motor.c ****     {
  22:modules/motor/servo_motor/servo_motor.c ****     case Bus_Servo:
  23:modules/motor/servo_motor/servo_motor.c ****         config.module_callback = DecodeServo;
  24:modules/motor/servo_motor/servo_motor.c ****         config.recv_buff_size = Servo_MAX_BUFF;
  25:modules/motor/servo_motor/servo_motor.c ****         config.usart_handle = Servo_Init_Config->_handle;
  26:modules/motor/servo_motor/servo_motor.c ****         servo->usart_instance = USARTRegister(&config);
  27:modules/motor/servo_motor/servo_motor.c ****         break;
  28:modules/motor/servo_motor/servo_motor.c ****     case PWM_Servo:
  29:modules/motor/servo_motor/servo_motor.c ****         servo->pwm_instance = PWMRegister(&Servo_Init_Config->pwm_init_config);
  30:modules/motor/servo_motor/servo_motor.c ****         break;
  31:modules/motor/servo_motor/servo_motor.c ****     default:
ARM GAS  C:\Users\Administrator\AppData\Local\Temp\ccfuPa2T.s 			page 2


  32:modules/motor/servo_motor/servo_motor.c ****         LOGERROR("Servo type error");
  33:modules/motor/servo_motor/servo_motor.c ****         break;
  34:modules/motor/servo_motor/servo_motor.c ****     }
  35:modules/motor/servo_motor/servo_motor.c ****     servo->servo_id = Servo_Init_Config->servo_id;
  36:modules/motor/servo_motor/servo_motor.c ****     servo_idx++;
  37:modules/motor/servo_motor/servo_motor.c ****     servo_motor_instance[servo->servo_id] = servo;
  38:modules/motor/servo_motor/servo_motor.c **** 
  39:modules/motor/servo_motor/servo_motor.c ****     return servo;
  40:modules/motor/servo_motor/servo_motor.c **** }
  41:modules/motor/servo_motor/servo_motor.c **** //@todo PWMĶłĄµ£║ńÜäĶ¦ÆÕ║”Ķ«ŠńĮ«ķ£ĆĶ”üµĀ╣µŹ«ńøĖÕ║öÕ«ÜµŚČÕÖ©PWMńŁēÕÅéµĢ░Ķ┐øĶĪīĶ«Īń«Ś(µś»ÕÉ”ķ£ĆĶ”üĶ¦ä
  42:modules/motor/servo_motor/servo_motor.c **** void ServoSetAngle(ServoInstance *servo, float angle)
  43:modules/motor/servo_motor/servo_motor.c **** {
  44:modules/motor/servo_motor/servo_motor.c ****     switch (servo->servo_type)
  45:modules/motor/servo_motor/servo_motor.c ****     {
  46:modules/motor/servo_motor/servo_motor.c ****     case Bus_Servo:
  47:modules/motor/servo_motor/servo_motor.c ****         servo_angle_write[8] = (uint16_t)angle&0xff;
  48:modules/motor/servo_motor/servo_motor.c ****         servo_angle_write[9] = (uint16_t)angle>>8;
  49:modules/motor/servo_motor/servo_motor.c ****         USARTSend(servo->usart_instance, servo_angle_write, 16, USART_TRANSFER_DMA);
  50:modules/motor/servo_motor/servo_motor.c ****        // USARTSend(servo->usart_instance, servo_angle_read, 6, USART_TRANSFER_DMA);
  51:modules/motor/servo_motor/servo_motor.c ****         break;
  52:modules/motor/servo_motor/servo_motor.c ****     case PWM_Servo:
  53:modules/motor/servo_motor/servo_motor.c ****         servo->angle = angle;
  54:modules/motor/servo_motor/servo_motor.c ****         PWMSetDutyRatio(servo->pwm_instance, angle);
  55:modules/motor/servo_motor/servo_motor.c ****         break;
  56:modules/motor/servo_motor/servo_motor.c ****     default:
  57:modules/motor/servo_motor/servo_motor.c ****         break;
  58:modules/motor/servo_motor/servo_motor.c ****     }
  59:modules/motor/servo_motor/servo_motor.c **** }
  60:modules/motor/servo_motor/servo_motor.c **** 
  61:modules/motor/servo_motor/servo_motor.c **** //@todo ÕÅ¬Ķ»╗ÕÅ¢õ║åĶ¦ÆÕ║” Ķ┐śµ£ēńöĄÕÄŗ’╝īÕŖ©õĮ£µś»ÕÉ”Õ«īµłÉńŁē õĖöÕÅ¬µö»µīüõĖĆõĖ¬õĖ▓ÕÅŻ
  62:modules/motor/servo_motor/servo_motor.c **** static void DecodeServo()
  63:modules/motor/servo_motor/servo_motor.c **** {
  28              		.loc 1 63 1 view -0
  29              		.cfi_startproc
  30              		@ args = 0, pretend = 0, frame = 0
  31              		@ frame_needed = 0, uses_anonymous_args = 0
  32              		@ link register save eliminated.
  64:modules/motor/servo_motor/servo_motor.c ****     for (uint8_t i = 0; i < servo_idx; i++)
  33              		.loc 1 64 5 view .LVU1
  34              	.LBB2:
  35              		.loc 1 64 10 view .LVU2
  36              	.LVL0:
  37              		.loc 1 64 18 is_stmt 0 view .LVU3
  38 0000 0023     		movs	r3, #0
  39              		.loc 1 64 5 view .LVU4
  40 0002 01E0     		b	.L2
  41              	.LVL1:
  42              	.L3:
  43              		.loc 1 64 41 is_stmt 1 discriminator 2 view .LVU5
  44 0004 0133     		adds	r3, r3, #1
  45              	.LVL2:
  46              		.loc 1 64 41 is_stmt 0 discriminator 2 view .LVU6
  47 0006 DBB2     		uxtb	r3, r3
  48              	.LVL3:
  49              	.L2:
  50              		.loc 1 64 27 is_stmt 1 discriminator 1 view .LVU7
  51 0008 0D4A     		ldr	r2, .L6
ARM GAS  C:\Users\Administrator\AppData\Local\Temp\ccfuPa2T.s 			page 3


  52 000a 1278     		ldrb	r2, [r2]	@ zero_extendqisi2
  53 000c 9A42     		cmp	r2, r3
  54 000e 15D9     		bls	.L5
  65:modules/motor/servo_motor/servo_motor.c ****     {
  66:modules/motor/servo_motor/servo_motor.c ****         if (servo_motor_instance[i]->servo_type == Bus_Servo)
  55              		.loc 1 66 9 view .LVU8
  56              		.loc 1 66 33 is_stmt 0 view .LVU9
  57 0010 0C4A     		ldr	r2, .L6+4
  58 0012 52F82320 		ldr	r2, [r2, r3, lsl #2]
  59              		.loc 1 66 36 view .LVU10
  60 0016 117D     		ldrb	r1, [r2, #20]	@ zero_extendqisi2
  61              		.loc 1 66 12 view .LVU11
  62 0018 0129     		cmp	r1, #1
  63 001a F3D1     		bne	.L3
  67:modules/motor/servo_motor/servo_motor.c ****         {
  68:modules/motor/servo_motor/servo_motor.c ****             if (servo_motor_instance[i]->usart_instance->recv_buff[0] == Servo_Frame_First && servo
  64              		.loc 1 68 13 is_stmt 1 view .LVU12
  65              		.loc 1 68 40 is_stmt 0 view .LVU13
  66 001c 1169     		ldr	r1, [r2, #16]
  67              		.loc 1 68 67 view .LVU14
  68 001e 0878     		ldrb	r0, [r1]	@ zero_extendqisi2
  69              		.loc 1 68 16 view .LVU15
  70 0020 5528     		cmp	r0, #85
  71 0022 EFD1     		bne	.L3
  72              		.loc 1 68 145 discriminator 1 view .LVU16
  73 0024 4878     		ldrb	r0, [r1, #1]	@ zero_extendqisi2
  74              		.loc 1 68 92 discriminator 1 view .LVU17
  75 0026 5528     		cmp	r0, #85
  76 0028 ECD1     		bne	.L3
  69:modules/motor/servo_motor/servo_motor.c ****             {
  70:modules/motor/servo_motor/servo_motor.c ****                 if (servo_motor_instance[i]->usart_instance->recv_buff[3] == 21)
  77              		.loc 1 70 17 is_stmt 1 view .LVU18
  78              		.loc 1 70 71 is_stmt 0 view .LVU19
  79 002a C878     		ldrb	r0, [r1, #3]	@ zero_extendqisi2
  80              		.loc 1 70 20 view .LVU20
  81 002c 1528     		cmp	r0, #21
  82 002e E9D1     		bne	.L3
  71:modules/motor/servo_motor/servo_motor.c ****                 {
  72:modules/motor/servo_motor/servo_motor.c ****                     servo_motor_instance[i]->recv_angle = (servo_motor_instance[i]->usart_instance-
  83              		.loc 1 72 21 is_stmt 1 view .LVU21
  84              		.loc 1 72 110 is_stmt 0 view .LVU22
  85 0030 C879     		ldrb	r0, [r1, #7]	@ zero_extendqisi2
  86              		.loc 1 72 171 view .LVU23
  87 0032 8979     		ldrb	r1, [r1, #6]	@ zero_extendqisi2
  88              		.loc 1 72 119 view .LVU24
  89 0034 41EA0021 		orr	r1, r1, r0, lsl #8
  90              		.loc 1 72 57 view .LVU25
  91 0038 1181     		strh	r1, [r2, #8]	@ movhi
  92 003a E3E7     		b	.L3
  93              	.L5:
  94              	.LBE2:
  73:modules/motor/servo_motor/servo_motor.c ****                 }
  74:modules/motor/servo_motor/servo_motor.c ****             }
  75:modules/motor/servo_motor/servo_motor.c ****         }
  76:modules/motor/servo_motor/servo_motor.c ****     }
  77:modules/motor/servo_motor/servo_motor.c **** }
  95              		.loc 1 77 1 view .LVU26
ARM GAS  C:\Users\Administrator\AppData\Local\Temp\ccfuPa2T.s 			page 4


  96 003c 7047     		bx	lr
  97              	.L7:
  98 003e 00BF     		.align	2
  99              	.L6:
 100 0040 00000000 		.word	servo_idx
 101 0044 00000000 		.word	servo_motor_instance
 102              		.cfi_endproc
 103              	.LFE240:
 105              		.section	.text.ServoInit,"ax",%progbits
 106              		.align	1
 107              		.global	ServoInit
 108              		.syntax unified
 109              		.thumb
 110              		.thumb_func
 112              	ServoInit:
 113              	.LVL4:
 114              	.LFB238:
  15:modules/motor/servo_motor/servo_motor.c ****     ServoInstance *servo = (ServoInstance *)malloc(sizeof(ServoInstance));
 115              		.loc 1 15 1 is_stmt 1 view -0
 116              		.cfi_startproc
 117              		@ args = 0, pretend = 0, frame = 16
 118              		@ frame_needed = 0, uses_anonymous_args = 0
  15:modules/motor/servo_motor/servo_motor.c ****     ServoInstance *servo = (ServoInstance *)malloc(sizeof(ServoInstance));
 119              		.loc 1 15 1 is_stmt 0 view .LVU28
 120 0000 30B5     		push	{r4, r5, lr}
 121              		.cfi_def_cfa_offset 12
 122              		.cfi_offset 4, -12
 123              		.cfi_offset 5, -8
 124              		.cfi_offset 14, -4
 125 0002 85B0     		sub	sp, sp, #20
 126              		.cfi_def_cfa_offset 32
 127 0004 0546     		mov	r5, r0
  16:modules/motor/servo_motor/servo_motor.c ****     memset(servo, 0, sizeof(ServoInstance));
 128              		.loc 1 16 5 is_stmt 1 view .LVU29
  16:modules/motor/servo_motor/servo_motor.c ****     memset(servo, 0, sizeof(ServoInstance));
 129              		.loc 1 16 45 is_stmt 0 view .LVU30
 130 0006 1820     		movs	r0, #24
 131              	.LVL5:
  16:modules/motor/servo_motor/servo_motor.c ****     memset(servo, 0, sizeof(ServoInstance));
 132              		.loc 1 16 45 view .LVU31
 133 0008 FFF7FEFF 		bl	malloc
 134              	.LVL6:
 135 000c 0446     		mov	r4, r0
 136              	.LVL7:
  17:modules/motor/servo_motor/servo_motor.c ****     USART_Init_Config_s config;
 137              		.loc 1 17 5 is_stmt 1 view .LVU32
 138 000e 0023     		movs	r3, #0
 139 0010 0360     		str	r3, [r0]	@ unaligned
 140 0012 4360     		str	r3, [r0, #4]	@ unaligned
 141 0014 8360     		str	r3, [r0, #8]	@ unaligned
 142 0016 C360     		str	r3, [r0, #12]	@ unaligned
 143 0018 0361     		str	r3, [r0, #16]	@ unaligned
 144 001a 4361     		str	r3, [r0, #20]	@ unaligned
  18:modules/motor/servo_motor/servo_motor.c ****     servo->servo_type = Servo_Init_Config->servo_type;
 145              		.loc 1 18 5 view .LVU33
  19:modules/motor/servo_motor/servo_motor.c ****     switch (Servo_Init_Config->servo_type)
 146              		.loc 1 19 5 view .LVU34
ARM GAS  C:\Users\Administrator\AppData\Local\Temp\ccfuPa2T.s 			page 5


  19:modules/motor/servo_motor/servo_motor.c ****     switch (Servo_Init_Config->servo_type)
 147              		.loc 1 19 42 is_stmt 0 view .LVU35
 148 001c 2B7E     		ldrb	r3, [r5, #24]	@ zero_extendqisi2
  19:modules/motor/servo_motor/servo_motor.c ****     switch (Servo_Init_Config->servo_type)
 149              		.loc 1 19 23 view .LVU36
 150 001e 0375     		strb	r3, [r0, #20]
  20:modules/motor/servo_motor/servo_motor.c ****     {
 151              		.loc 1 20 5 is_stmt 1 view .LVU37
 152 0020 012B     		cmp	r3, #1
 153 0022 06D0     		beq	.L9
 154 0024 022B     		cmp	r3, #2
 155 0026 0FD1     		bne	.L11
  29:modules/motor/servo_motor/servo_motor.c ****         break;
 156              		.loc 1 29 9 view .LVU38
  29:modules/motor/servo_motor/servo_motor.c ****         break;
 157              		.loc 1 29 31 is_stmt 0 view .LVU39
 158 0028 2846     		mov	r0, r5
 159              	.LVL8:
  29:modules/motor/servo_motor/servo_motor.c ****         break;
 160              		.loc 1 29 31 view .LVU40
 161 002a FFF7FEFF 		bl	PWMRegister
 162              	.LVL9:
  29:modules/motor/servo_motor/servo_motor.c ****         break;
 163              		.loc 1 29 29 discriminator 1 view .LVU41
 164 002e E060     		str	r0, [r4, #12]
  30:modules/motor/servo_motor/servo_motor.c ****     default:
 165              		.loc 1 30 9 is_stmt 1 view .LVU42
 166 0030 0AE0     		b	.L11
 167              	.LVL10:
 168              	.L9:
  23:modules/motor/servo_motor/servo_motor.c ****         config.recv_buff_size = Servo_MAX_BUFF;
 169              		.loc 1 23 9 view .LVU43
  23:modules/motor/servo_motor/servo_motor.c ****         config.recv_buff_size = Servo_MAX_BUFF;
 170              		.loc 1 23 32 is_stmt 0 view .LVU44
 171 0032 0C4B     		ldr	r3, .L13
 172 0034 0393     		str	r3, [sp, #12]
  24:modules/motor/servo_motor/servo_motor.c ****         config.usart_handle = Servo_Init_Config->_handle;
 173              		.loc 1 24 9 is_stmt 1 view .LVU45
  24:modules/motor/servo_motor/servo_motor.c ****         config.usart_handle = Servo_Init_Config->_handle;
 174              		.loc 1 24 31 is_stmt 0 view .LVU46
 175 0036 0A23     		movs	r3, #10
 176 0038 8DF80430 		strb	r3, [sp, #4]
  25:modules/motor/servo_motor/servo_motor.c ****         servo->usart_instance = USARTRegister(&config);
 177              		.loc 1 25 9 is_stmt 1 view .LVU47
  25:modules/motor/servo_motor/servo_motor.c ****         servo->usart_instance = USARTRegister(&config);
 178              		.loc 1 25 48 is_stmt 0 view .LVU48
 179 003c EB69     		ldr	r3, [r5, #28]
  25:modules/motor/servo_motor/servo_motor.c ****         servo->usart_instance = USARTRegister(&config);
 180              		.loc 1 25 29 view .LVU49
 181 003e 0293     		str	r3, [sp, #8]
  26:modules/motor/servo_motor/servo_motor.c ****         break;
 182              		.loc 1 26 9 is_stmt 1 view .LVU50
  26:modules/motor/servo_motor/servo_motor.c ****         break;
 183              		.loc 1 26 33 is_stmt 0 view .LVU51
 184 0040 01A8     		add	r0, sp, #4
 185              	.LVL11:
  26:modules/motor/servo_motor/servo_motor.c ****         break;
ARM GAS  C:\Users\Administrator\AppData\Local\Temp\ccfuPa2T.s 			page 6


 186              		.loc 1 26 33 view .LVU52
 187 0042 FFF7FEFF 		bl	USARTRegister
 188              	.LVL12:
  26:modules/motor/servo_motor/servo_motor.c ****         break;
 189              		.loc 1 26 31 discriminator 1 view .LVU53
 190 0046 2061     		str	r0, [r4, #16]
  27:modules/motor/servo_motor/servo_motor.c ****     case PWM_Servo:
 191              		.loc 1 27 9 is_stmt 1 view .LVU54
 192              	.L11:
  35:modules/motor/servo_motor/servo_motor.c ****     servo_idx++;
 193              		.loc 1 35 5 view .LVU55
  35:modules/motor/servo_motor/servo_motor.c ****     servo_idx++;
 194              		.loc 1 35 40 is_stmt 0 view .LVU56
 195 0048 95F82020 		ldrb	r2, [r5, #32]	@ zero_extendqisi2
  35:modules/motor/servo_motor/servo_motor.c ****     servo_idx++;
 196              		.loc 1 35 21 view .LVU57
 197 004c 2270     		strb	r2, [r4]
  36:modules/motor/servo_motor/servo_motor.c ****     servo_motor_instance[servo->servo_id] = servo;
 198              		.loc 1 36 5 is_stmt 1 view .LVU58
  36:modules/motor/servo_motor/servo_motor.c ****     servo_motor_instance[servo->servo_id] = servo;
 199              		.loc 1 36 14 is_stmt 0 view .LVU59
 200 004e 0649     		ldr	r1, .L13+4
 201 0050 0B78     		ldrb	r3, [r1]	@ zero_extendqisi2
 202 0052 0133     		adds	r3, r3, #1
 203 0054 0B70     		strb	r3, [r1]
  37:modules/motor/servo_motor/servo_motor.c **** 
 204              		.loc 1 37 5 is_stmt 1 view .LVU60
  37:modules/motor/servo_motor/servo_motor.c **** 
 205              		.loc 1 37 43 is_stmt 0 view .LVU61
 206 0056 054B     		ldr	r3, .L13+8
 207 0058 43F82240 		str	r4, [r3, r2, lsl #2]
  39:modules/motor/servo_motor/servo_motor.c **** }
 208              		.loc 1 39 5 is_stmt 1 view .LVU62
  40:modules/motor/servo_motor/servo_motor.c **** //@todo PWMĶłĄµ£║ńÜäĶ¦ÆÕ║”Ķ«ŠńĮ«ķ£ĆĶ”üµĀ╣µŹ«ńøĖÕ║öÕ«ÜµŚČÕÖ©PWMńŁēÕÅéµĢ░Ķ┐øĶĪīĶ«Īń«Ś(µś»ÕÉ”ķ£ĆĶ”üĶ¦ä
 209              		.loc 1 40 1 is_stmt 0 view .LVU63
 210 005c 2046     		mov	r0, r4
 211 005e 05B0     		add	sp, sp, #20
 212              		.cfi_def_cfa_offset 12
 213              		@ sp needed
 214 0060 30BD     		pop	{r4, r5, pc}
 215              	.LVL13:
 216              	.L14:
  40:modules/motor/servo_motor/servo_motor.c **** //@todo PWMĶłĄµ£║ńÜäĶ¦ÆÕ║”Ķ«ŠńĮ«ķ£ĆĶ”üµĀ╣µŹ«ńøĖÕ║öÕ«ÜµŚČÕÖ©PWMńŁēÕÅéµĢ░Ķ┐øĶĪīĶ«Īń«Ś(µś»ÕÉ”ķ£ĆĶ”üĶ¦ä
 217              		.loc 1 40 1 view .LVU64
 218 0062 00BF     		.align	2
 219              	.L13:
 220 0064 00000000 		.word	DecodeServo
 221 0068 00000000 		.word	servo_idx
 222 006c 00000000 		.word	servo_motor_instance
 223              		.cfi_endproc
 224              	.LFE238:
 226              		.section	.text.ServoSetAngle,"ax",%progbits
 227              		.align	1
 228              		.global	ServoSetAngle
 229              		.syntax unified
 230              		.thumb
 231              		.thumb_func
ARM GAS  C:\Users\Administrator\AppData\Local\Temp\ccfuPa2T.s 			page 7


 233              	ServoSetAngle:
 234              	.LVL14:
 235              	.LFB239:
  43:modules/motor/servo_motor/servo_motor.c ****     switch (servo->servo_type)
 236              		.loc 1 43 1 is_stmt 1 view -0
 237              		.cfi_startproc
 238              		@ args = 0, pretend = 0, frame = 0
 239              		@ frame_needed = 0, uses_anonymous_args = 0
  43:modules/motor/servo_motor/servo_motor.c ****     switch (servo->servo_type)
 240              		.loc 1 43 1 is_stmt 0 view .LVU66
 241 0000 08B5     		push	{r3, lr}
 242              		.cfi_def_cfa_offset 8
 243              		.cfi_offset 3, -8
 244              		.cfi_offset 14, -4
  44:modules/motor/servo_motor/servo_motor.c ****     {
 245              		.loc 1 44 5 is_stmt 1 view .LVU67
  44:modules/motor/servo_motor/servo_motor.c ****     {
 246              		.loc 1 44 18 is_stmt 0 view .LVU68
 247 0002 037D     		ldrb	r3, [r0, #20]	@ zero_extendqisi2
  44:modules/motor/servo_motor/servo_motor.c ****     {
 248              		.loc 1 44 5 view .LVU69
 249 0004 012B     		cmp	r3, #1
 250 0006 07D0     		beq	.L16
 251 0008 022B     		cmp	r3, #2
 252 000a 13D1     		bne	.L15
  53:modules/motor/servo_motor/servo_motor.c ****         PWMSetDutyRatio(servo->pwm_instance, angle);
 253              		.loc 1 53 9 is_stmt 1 view .LVU70
  53:modules/motor/servo_motor/servo_motor.c ****         PWMSetDutyRatio(servo->pwm_instance, angle);
 254              		.loc 1 53 22 is_stmt 0 view .LVU71
 255 000c 80ED010A 		vstr.32	s0, [r0, #4]
  54:modules/motor/servo_motor/servo_motor.c ****         break;
 256              		.loc 1 54 9 is_stmt 1 view .LVU72
 257 0010 C068     		ldr	r0, [r0, #12]
 258              	.LVL15:
  54:modules/motor/servo_motor/servo_motor.c ****         break;
 259              		.loc 1 54 9 is_stmt 0 view .LVU73
 260 0012 FFF7FEFF 		bl	PWMSetDutyRatio
 261              	.LVL16:
  55:modules/motor/servo_motor/servo_motor.c ****     default:
 262              		.loc 1 55 9 is_stmt 1 view .LVU74
  59:modules/motor/servo_motor/servo_motor.c **** 
 263              		.loc 1 59 1 is_stmt 0 view .LVU75
 264 0016 0DE0     		b	.L15
 265              	.LVL17:
 266              	.L16:
  47:modules/motor/servo_motor/servo_motor.c ****         servo_angle_write[9] = (uint16_t)angle>>8;
 267              		.loc 1 47 9 is_stmt 1 view .LVU76
  47:modules/motor/servo_motor/servo_motor.c ****         servo_angle_write[9] = (uint16_t)angle>>8;
 268              		.loc 1 47 32 is_stmt 0 view .LVU77
 269 0018 BCEEC00A 		vcvt.u32.f32	s0, s0
 270              	.LVL18:
  47:modules/motor/servo_motor/servo_motor.c ****         servo_angle_write[9] = (uint16_t)angle>>8;
 271              		.loc 1 47 32 view .LVU78
 272 001c 10EE103A 		vmov	r3, s0	@ int
 273 0020 9BB2     		uxth	r3, r3
  47:modules/motor/servo_motor/servo_motor.c ****         servo_angle_write[9] = (uint16_t)angle>>8;
 274              		.loc 1 47 30 view .LVU79
ARM GAS  C:\Users\Administrator\AppData\Local\Temp\ccfuPa2T.s 			page 8


 275 0022 0549     		ldr	r1, .L20
 276 0024 0B72     		strb	r3, [r1, #8]
  48:modules/motor/servo_motor/servo_motor.c ****         USARTSend(servo->usart_instance, servo_angle_write, 16, USART_TRANSFER_DMA);
 277              		.loc 1 48 9 is_stmt 1 view .LVU80
  48:modules/motor/servo_motor/servo_motor.c ****         USARTSend(servo->usart_instance, servo_angle_write, 16, USART_TRANSFER_DMA);
 278              		.loc 1 48 30 is_stmt 0 view .LVU81
 279 0026 1B0A     		lsrs	r3, r3, #8
 280 0028 4B72     		strb	r3, [r1, #9]
  49:modules/motor/servo_motor/servo_motor.c ****        // USARTSend(servo->usart_instance, servo_angle_read, 6, USART_TRANSFER_DMA);
 281              		.loc 1 49 9 is_stmt 1 view .LVU82
 282 002a 0323     		movs	r3, #3
 283 002c 1022     		movs	r2, #16
 284 002e 0069     		ldr	r0, [r0, #16]
 285              	.LVL19:
  49:modules/motor/servo_motor/servo_motor.c ****        // USARTSend(servo->usart_instance, servo_angle_read, 6, USART_TRANSFER_DMA);
 286              		.loc 1 49 9 is_stmt 0 view .LVU83
 287 0030 FFF7FEFF 		bl	USARTSend
 288              	.LVL20:
  51:modules/motor/servo_motor/servo_motor.c ****     case PWM_Servo:
 289              		.loc 1 51 9 is_stmt 1 view .LVU84
 290              	.L15:
  59:modules/motor/servo_motor/servo_motor.c **** 
 291              		.loc 1 59 1 is_stmt 0 view .LVU85
 292 0034 08BD     		pop	{r3, pc}
 293              	.L21:
 294 0036 00BF     		.align	2
 295              	.L20:
 296 0038 00000000 		.word	servo_angle_write
 297              		.cfi_endproc
 298              	.LFE239:
 300              		.section	.bss.servo_idx,"aw",%nobits
 303              	servo_idx:
 304 0000 00       		.space	1
 305              		.section	.bss.servo_motor_instance,"aw",%nobits
 306              		.align	2
 309              	servo_motor_instance:
 310 0000 00000000 		.space	28
 310      00000000 
 310      00000000 
 310      00000000 
 310      00000000 
 311              		.global	servo_unload
 312              		.section	.data.servo_unload,"aw"
 313              		.align	2
 316              	servo_unload:
 317 0000 55550414 		.ascii	"UU\004\024\001\001"
 317      0101
 318              		.global	servo_angle_write
 319              		.section	.data.servo_angle_write,"aw"
 320              		.align	2
 323              	servo_angle_write:
 324 0000 55550803 		.ascii	"UU\010\003\001\364\001\001 \003UU\004\025\001\001"
 324      01F40101 
 324      20035555 
 324      04150101 
 325              		.global	servo_angle_read
 326              		.section	.data.servo_angle_read,"aw"
ARM GAS  C:\Users\Administrator\AppData\Local\Temp\ccfuPa2T.s 			page 9


 327              		.align	2
 330              	servo_angle_read:
 331 0000 55550415 		.ascii	"UU\004\025\001\001"
 331      0101
 332              		.text
 333              	.Letext0:
 334              		.file 2 "C:/Users/Administrator/AppData/Roaming/Code/User/globalStorage/bmd.stm32-for-vscode/@xpac
 335              		.file 3 "C:/Users/Administrator/AppData/Roaming/Code/User/globalStorage/bmd.stm32-for-vscode/@xpac
 336              		.file 4 "Drivers/CMSIS/Device/ST/STM32F4xx/Include/stm32f407xx.h"
 337              		.file 5 "Drivers/STM32F4xx_HAL_Driver/Inc/stm32f4xx_hal_def.h"
 338              		.file 6 "Drivers/STM32F4xx_HAL_Driver/Inc/stm32f4xx_hal_dma.h"
 339              		.file 7 "Drivers/STM32F4xx_HAL_Driver/Inc/stm32f4xx_hal_tim.h"
 340              		.file 8 "Drivers/STM32F4xx_HAL_Driver/Inc/stm32f4xx_hal_uart.h"
 341              		.file 9 "bsp/pwm/bsp_pwm.h"
 342              		.file 10 "bsp/usart/bsp_usart.h"
 343              		.file 11 "modules/motor/servo_motor/servo_motor.h"
 344              		.file 12 "C:/Users/Administrator/AppData/Roaming/Code/User/globalStorage/bmd.stm32-for-vscode/@xpa
 345              		.file 13 "C:/Users/Administrator/AppData/Roaming/Code/User/globalStorage/bmd.stm32-for-vscode/@xpa
ARM GAS  C:\Users\Administrator\AppData\Local\Temp\ccfuPa2T.s 			page 10


DEFINED SYMBOLS
                            *ABS*:00000000 servo_motor.c
C:\Users\Administrator\AppData\Local\Temp\ccfuPa2T.s:21     .text.DecodeServo:00000000 $t
C:\Users\Administrator\AppData\Local\Temp\ccfuPa2T.s:26     .text.DecodeServo:00000000 DecodeServo
C:\Users\Administrator\AppData\Local\Temp\ccfuPa2T.s:100    .text.DecodeServo:00000040 $d
C:\Users\Administrator\AppData\Local\Temp\ccfuPa2T.s:303    .bss.servo_idx:00000000 servo_idx
C:\Users\Administrator\AppData\Local\Temp\ccfuPa2T.s:309    .bss.servo_motor_instance:00000000 servo_motor_instance
C:\Users\Administrator\AppData\Local\Temp\ccfuPa2T.s:106    .text.ServoInit:00000000 $t
C:\Users\Administrator\AppData\Local\Temp\ccfuPa2T.s:112    .text.ServoInit:00000000 ServoInit
C:\Users\Administrator\AppData\Local\Temp\ccfuPa2T.s:220    .text.ServoInit:00000064 $d
C:\Users\Administrator\AppData\Local\Temp\ccfuPa2T.s:227    .text.ServoSetAngle:00000000 $t
C:\Users\Administrator\AppData\Local\Temp\ccfuPa2T.s:233    .text.ServoSetAngle:00000000 ServoSetAngle
C:\Users\Administrator\AppData\Local\Temp\ccfuPa2T.s:296    .text.ServoSetAngle:00000038 $d
C:\Users\Administrator\AppData\Local\Temp\ccfuPa2T.s:323    .data.servo_angle_write:00000000 servo_angle_write
C:\Users\Administrator\AppData\Local\Temp\ccfuPa2T.s:304    .bss.servo_idx:00000000 $d
C:\Users\Administrator\AppData\Local\Temp\ccfuPa2T.s:306    .bss.servo_motor_instance:00000000 $d
C:\Users\Administrator\AppData\Local\Temp\ccfuPa2T.s:316    .data.servo_unload:00000000 servo_unload
C:\Users\Administrator\AppData\Local\Temp\ccfuPa2T.s:313    .data.servo_unload:00000000 $d
C:\Users\Administrator\AppData\Local\Temp\ccfuPa2T.s:320    .data.servo_angle_write:00000000 $d
C:\Users\Administrator\AppData\Local\Temp\ccfuPa2T.s:330    .data.servo_angle_read:00000000 servo_angle_read
C:\Users\Administrator\AppData\Local\Temp\ccfuPa2T.s:327    .data.servo_angle_read:00000000 $d

UNDEFINED SYMBOLS
malloc
PWMRegister
USARTRegister
PWMSetDutyRatio
USARTSend
