ARM GAS  C:\Users\Administrator\AppData\Local\Temp\ccatLO42.s 			page 1


   1              		.cpu cortex-m4
   2              		.arch armv7e-m
   3              		.fpu fpv4-sp-d16
   4              		.eabi_attribute 27, 1
   5              		.eabi_attribute 28, 1
   6              		.eabi_attribute 20, 1
   7              		.eabi_attribute 21, 1
   8              		.eabi_attribute 23, 3
   9              		.eabi_attribute 24, 1
  10              		.eabi_attribute 25, 1
  11              		.eabi_attribute 26, 1
  12              		.eabi_attribute 30, 1
  13              		.eabi_attribute 34, 1
  14              		.eabi_attribute 18, 4
  15              		.file	"stm32f4xx_hal_msp.c"
  16              		.text
  17              	.Ltext0:
  18              		.cfi_sections	.debug_frame
  19              		.file 1 "Src/stm32f4xx_hal_msp.c"
  20              		.section	.text.HAL_MspInit,"ax",%progbits
  21              		.align	1
  22              		.global	HAL_MspInit
  23              		.syntax unified
  24              		.thumb
  25              		.thumb_func
  27              	HAL_MspInit:
  28              	.LFB235:
   1:Src/stm32f4xx_hal_msp.c **** /* USER CODE BEGIN Header */
   2:Src/stm32f4xx_hal_msp.c **** /**
   3:Src/stm32f4xx_hal_msp.c ****   ******************************************************************************
   4:Src/stm32f4xx_hal_msp.c ****   * @file         stm32f4xx_hal_msp.c
   5:Src/stm32f4xx_hal_msp.c ****   * @brief        This file provides code for the MSP Initialization
   6:Src/stm32f4xx_hal_msp.c ****   *               and de-Initialization codes.
   7:Src/stm32f4xx_hal_msp.c ****   ******************************************************************************
   8:Src/stm32f4xx_hal_msp.c ****   * @attention
   9:Src/stm32f4xx_hal_msp.c ****   *
  10:Src/stm32f4xx_hal_msp.c ****   * Copyright (c) 2023 STMicroelectronics.
  11:Src/stm32f4xx_hal_msp.c ****   * All rights reserved.
  12:Src/stm32f4xx_hal_msp.c ****   *
  13:Src/stm32f4xx_hal_msp.c ****   * This software is licensed under terms that can be found in the LICENSE file
  14:Src/stm32f4xx_hal_msp.c ****   * in the root directory of this software component.
  15:Src/stm32f4xx_hal_msp.c ****   * If no LICENSE file comes with this software, it is provided AS-IS.
  16:Src/stm32f4xx_hal_msp.c ****   *
  17:Src/stm32f4xx_hal_msp.c ****   ******************************************************************************
  18:Src/stm32f4xx_hal_msp.c ****   */
  19:Src/stm32f4xx_hal_msp.c **** /* USER CODE END Header */
  20:Src/stm32f4xx_hal_msp.c **** 
  21:Src/stm32f4xx_hal_msp.c **** /* Includes ------------------------------------------------------------------*/
  22:Src/stm32f4xx_hal_msp.c **** #include "main.h"
  23:Src/stm32f4xx_hal_msp.c **** /* USER CODE BEGIN Includes */
  24:Src/stm32f4xx_hal_msp.c **** 
  25:Src/stm32f4xx_hal_msp.c **** /* USER CODE END Includes */
  26:Src/stm32f4xx_hal_msp.c **** 
  27:Src/stm32f4xx_hal_msp.c **** /* Private typedef -----------------------------------------------------------*/
  28:Src/stm32f4xx_hal_msp.c **** /* USER CODE BEGIN TD */
  29:Src/stm32f4xx_hal_msp.c **** 
  30:Src/stm32f4xx_hal_msp.c **** /* USER CODE END TD */
ARM GAS  C:\Users\Administrator\AppData\Local\Temp\ccatLO42.s 			page 2


  31:Src/stm32f4xx_hal_msp.c **** 
  32:Src/stm32f4xx_hal_msp.c **** /* Private define ------------------------------------------------------------*/
  33:Src/stm32f4xx_hal_msp.c **** /* USER CODE BEGIN Define */
  34:Src/stm32f4xx_hal_msp.c **** 
  35:Src/stm32f4xx_hal_msp.c **** /* USER CODE END Define */
  36:Src/stm32f4xx_hal_msp.c **** 
  37:Src/stm32f4xx_hal_msp.c **** /* Private macro -------------------------------------------------------------*/
  38:Src/stm32f4xx_hal_msp.c **** /* USER CODE BEGIN Macro */
  39:Src/stm32f4xx_hal_msp.c **** 
  40:Src/stm32f4xx_hal_msp.c **** /* USER CODE END Macro */
  41:Src/stm32f4xx_hal_msp.c **** 
  42:Src/stm32f4xx_hal_msp.c **** /* Private variables ---------------------------------------------------------*/
  43:Src/stm32f4xx_hal_msp.c **** /* USER CODE BEGIN PV */
  44:Src/stm32f4xx_hal_msp.c **** 
  45:Src/stm32f4xx_hal_msp.c **** /* USER CODE END PV */
  46:Src/stm32f4xx_hal_msp.c **** 
  47:Src/stm32f4xx_hal_msp.c **** /* Private function prototypes -----------------------------------------------*/
  48:Src/stm32f4xx_hal_msp.c **** /* USER CODE BEGIN PFP */
  49:Src/stm32f4xx_hal_msp.c **** 
  50:Src/stm32f4xx_hal_msp.c **** /* USER CODE END PFP */
  51:Src/stm32f4xx_hal_msp.c **** 
  52:Src/stm32f4xx_hal_msp.c **** /* External functions --------------------------------------------------------*/
  53:Src/stm32f4xx_hal_msp.c **** /* USER CODE BEGIN ExternalFunctions */
  54:Src/stm32f4xx_hal_msp.c **** 
  55:Src/stm32f4xx_hal_msp.c **** /* USER CODE END ExternalFunctions */
  56:Src/stm32f4xx_hal_msp.c **** 
  57:Src/stm32f4xx_hal_msp.c **** /* USER CODE BEGIN 0 */
  58:Src/stm32f4xx_hal_msp.c **** 
  59:Src/stm32f4xx_hal_msp.c **** /* USER CODE END 0 */
  60:Src/stm32f4xx_hal_msp.c **** /**
  61:Src/stm32f4xx_hal_msp.c ****   * Initializes the Global MSP.
  62:Src/stm32f4xx_hal_msp.c ****   */
  63:Src/stm32f4xx_hal_msp.c **** void HAL_MspInit(void)
  64:Src/stm32f4xx_hal_msp.c **** {
  29              		.loc 1 64 1 view -0
  30              		.cfi_startproc
  31              		@ args = 0, pretend = 0, frame = 8
  32              		@ frame_needed = 0, uses_anonymous_args = 0
  33 0000 10B5     		push	{r4, lr}
  34              		.cfi_def_cfa_offset 8
  35              		.cfi_offset 4, -8
  36              		.cfi_offset 14, -4
  37 0002 82B0     		sub	sp, sp, #8
  38              		.cfi_def_cfa_offset 16
  65:Src/stm32f4xx_hal_msp.c ****   /* USER CODE BEGIN MspInit 0 */
  66:Src/stm32f4xx_hal_msp.c **** 
  67:Src/stm32f4xx_hal_msp.c ****   /* USER CODE END MspInit 0 */
  68:Src/stm32f4xx_hal_msp.c **** 
  69:Src/stm32f4xx_hal_msp.c ****   __HAL_RCC_SYSCFG_CLK_ENABLE();
  39              		.loc 1 69 3 view .LVU1
  40              	.LBB2:
  41              		.loc 1 69 3 view .LVU2
  42 0004 0024     		movs	r4, #0
  43 0006 0094     		str	r4, [sp]
  44              		.loc 1 69 3 view .LVU3
  45 0008 114B     		ldr	r3, .L3
  46 000a 5A6C     		ldr	r2, [r3, #68]
ARM GAS  C:\Users\Administrator\AppData\Local\Temp\ccatLO42.s 			page 3


  47 000c 42F48042 		orr	r2, r2, #16384
  48 0010 5A64     		str	r2, [r3, #68]
  49              		.loc 1 69 3 view .LVU4
  50 0012 5A6C     		ldr	r2, [r3, #68]
  51 0014 02F48042 		and	r2, r2, #16384
  52 0018 0092     		str	r2, [sp]
  53              		.loc 1 69 3 view .LVU5
  54 001a 009A     		ldr	r2, [sp]
  55              	.LBE2:
  56              		.loc 1 69 3 view .LVU6
  70:Src/stm32f4xx_hal_msp.c ****   __HAL_RCC_PWR_CLK_ENABLE();
  57              		.loc 1 70 3 view .LVU7
  58              	.LBB3:
  59              		.loc 1 70 3 view .LVU8
  60 001c 0194     		str	r4, [sp, #4]
  61              		.loc 1 70 3 view .LVU9
  62 001e 1A6C     		ldr	r2, [r3, #64]
  63 0020 42F08052 		orr	r2, r2, #268435456
  64 0024 1A64     		str	r2, [r3, #64]
  65              		.loc 1 70 3 view .LVU10
  66 0026 1B6C     		ldr	r3, [r3, #64]
  67 0028 03F08053 		and	r3, r3, #268435456
  68 002c 0193     		str	r3, [sp, #4]
  69              		.loc 1 70 3 view .LVU11
  70 002e 019B     		ldr	r3, [sp, #4]
  71              	.LBE3:
  72              		.loc 1 70 3 view .LVU12
  71:Src/stm32f4xx_hal_msp.c **** 
  72:Src/stm32f4xx_hal_msp.c ****   /* System interrupt init*/
  73:Src/stm32f4xx_hal_msp.c ****   /* PendSV_IRQn interrupt configuration */
  74:Src/stm32f4xx_hal_msp.c ****   HAL_NVIC_SetPriority(PendSV_IRQn, 15, 0);
  73              		.loc 1 74 3 view .LVU13
  74 0030 2246     		mov	r2, r4
  75 0032 0F21     		movs	r1, #15
  76 0034 6FF00100 		mvn	r0, #1
  77 0038 FFF7FEFF 		bl	HAL_NVIC_SetPriority
  78              	.LVL0:
  75:Src/stm32f4xx_hal_msp.c **** 
  76:Src/stm32f4xx_hal_msp.c ****   /* Peripheral interrupt init */
  77:Src/stm32f4xx_hal_msp.c ****   /* FLASH_IRQn interrupt configuration */
  78:Src/stm32f4xx_hal_msp.c ****   HAL_NVIC_SetPriority(FLASH_IRQn, 6, 0);
  79              		.loc 1 78 3 view .LVU14
  80 003c 2246     		mov	r2, r4
  81 003e 0621     		movs	r1, #6
  82 0040 0420     		movs	r0, #4
  83 0042 FFF7FEFF 		bl	HAL_NVIC_SetPriority
  84              	.LVL1:
  79:Src/stm32f4xx_hal_msp.c ****   HAL_NVIC_EnableIRQ(FLASH_IRQn);
  85              		.loc 1 79 3 view .LVU15
  86 0046 0420     		movs	r0, #4
  87 0048 FFF7FEFF 		bl	HAL_NVIC_EnableIRQ
  88              	.LVL2:
  80:Src/stm32f4xx_hal_msp.c **** 
  81:Src/stm32f4xx_hal_msp.c ****   /* USER CODE BEGIN MspInit 1 */
  82:Src/stm32f4xx_hal_msp.c **** 
  83:Src/stm32f4xx_hal_msp.c ****   /* USER CODE END MspInit 1 */
  84:Src/stm32f4xx_hal_msp.c **** }
ARM GAS  C:\Users\Administrator\AppData\Local\Temp\ccatLO42.s 			page 4


  89              		.loc 1 84 1 is_stmt 0 view .LVU16
  90 004c 02B0     		add	sp, sp, #8
  91              		.cfi_def_cfa_offset 8
  92              		@ sp needed
  93 004e 10BD     		pop	{r4, pc}
  94              	.L4:
  95              		.align	2
  96              	.L3:
  97 0050 00380240 		.word	1073887232
  98              		.cfi_endproc
  99              	.LFE235:
 101              		.text
 102              	.Letext0:
 103              		.file 2 "Drivers/CMSIS/Device/ST/STM32F4xx/Include/stm32f407xx.h"
 104              		.file 3 "C:/Users/Administrator/AppData/Roaming/Code/User/globalStorage/bmd.stm32-for-vscode/@xpac
 105              		.file 4 "C:/Users/Administrator/AppData/Roaming/Code/User/globalStorage/bmd.stm32-for-vscode/@xpac
 106              		.file 5 "Drivers/STM32F4xx_HAL_Driver/Inc/stm32f4xx_hal_cortex.h"
ARM GAS  C:\Users\Administrator\AppData\Local\Temp\ccatLO42.s 			page 5


DEFINED SYMBOLS
                            *ABS*:00000000 stm32f4xx_hal_msp.c
C:\Users\Administrator\AppData\Local\Temp\ccatLO42.s:21     .text.HAL_MspInit:00000000 $t
C:\Users\Administrator\AppData\Local\Temp\ccatLO42.s:27     .text.HAL_MspInit:00000000 HAL_MspInit
C:\Users\Administrator\AppData\Local\Temp\ccatLO42.s:97     .text.HAL_MspInit:00000050 $d

UNDEFINED SYMBOLS
HAL_NVIC_SetPriority
HAL_NVIC_EnableIRQ
