ARM GAS  C:\Users\Administrator\AppData\Local\Temp\cc7sDZdL.s 			page 1


   1              		.cpu cortex-m4
   2              		.arch armv7e-m
   3              		.fpu fpv4-sp-d16
   4              		.eabi_attribute 27, 1
   5              		.eabi_attribute 28, 1
   6              		.eabi_attribute 20, 1
   7              		.eabi_attribute 21, 1
   8              		.eabi_attribute 23, 3
   9              		.eabi_attribute 24, 1
  10              		.eabi_attribute 25, 1
  11              		.eabi_attribute 26, 1
  12              		.eabi_attribute 30, 1
  13              		.eabi_attribute 34, 1
  14              		.eabi_attribute 18, 4
  15              		.file	"stm32f4xx_hal_timebase_tim.c"
  16              		.text
  17              	.Ltext0:
  18              		.cfi_sections	.debug_frame
  19              		.file 1 "Src/stm32f4xx_hal_timebase_tim.c"
  20              		.section	.text.HAL_InitTick,"ax",%progbits
  21              		.align	1
  22              		.global	HAL_InitTick
  23              		.syntax unified
  24              		.thumb
  25              		.thumb_func
  27              	HAL_InitTick:
  28              	.LVL0:
  29              	.LFB235:
   1:Src/stm32f4xx_hal_timebase_tim.c **** /* USER CODE BEGIN Header */
   2:Src/stm32f4xx_hal_timebase_tim.c **** /**
   3:Src/stm32f4xx_hal_timebase_tim.c ****   ******************************************************************************
   4:Src/stm32f4xx_hal_timebase_tim.c ****   * @file    stm32f4xx_hal_timebase_TIM.c
   5:Src/stm32f4xx_hal_timebase_tim.c ****   * @brief   HAL time base based on the hardware TIM.
   6:Src/stm32f4xx_hal_timebase_tim.c ****   ******************************************************************************
   7:Src/stm32f4xx_hal_timebase_tim.c ****   * @attention
   8:Src/stm32f4xx_hal_timebase_tim.c ****   *
   9:Src/stm32f4xx_hal_timebase_tim.c ****   * Copyright (c) 2023 STMicroelectronics.
  10:Src/stm32f4xx_hal_timebase_tim.c ****   * All rights reserved.
  11:Src/stm32f4xx_hal_timebase_tim.c ****   *
  12:Src/stm32f4xx_hal_timebase_tim.c ****   * This software is licensed under terms that can be found in the LICENSE file
  13:Src/stm32f4xx_hal_timebase_tim.c ****   * in the root directory of this software component.
  14:Src/stm32f4xx_hal_timebase_tim.c ****   * If no LICENSE file comes with this software, it is provided AS-IS.
  15:Src/stm32f4xx_hal_timebase_tim.c ****   *
  16:Src/stm32f4xx_hal_timebase_tim.c ****   ******************************************************************************
  17:Src/stm32f4xx_hal_timebase_tim.c ****   */
  18:Src/stm32f4xx_hal_timebase_tim.c **** /* USER CODE END Header */
  19:Src/stm32f4xx_hal_timebase_tim.c **** 
  20:Src/stm32f4xx_hal_timebase_tim.c **** /* Includes ------------------------------------------------------------------*/
  21:Src/stm32f4xx_hal_timebase_tim.c **** #include "stm32f4xx_hal.h"
  22:Src/stm32f4xx_hal_timebase_tim.c **** #include "stm32f4xx_hal_tim.h"
  23:Src/stm32f4xx_hal_timebase_tim.c **** 
  24:Src/stm32f4xx_hal_timebase_tim.c **** /* Private typedef -----------------------------------------------------------*/
  25:Src/stm32f4xx_hal_timebase_tim.c **** /* Private define ------------------------------------------------------------*/
  26:Src/stm32f4xx_hal_timebase_tim.c **** /* Private macro -------------------------------------------------------------*/
  27:Src/stm32f4xx_hal_timebase_tim.c **** /* Private variables ---------------------------------------------------------*/
  28:Src/stm32f4xx_hal_timebase_tim.c **** TIM_HandleTypeDef        htim14;
  29:Src/stm32f4xx_hal_timebase_tim.c **** /* Private function prototypes -----------------------------------------------*/
ARM GAS  C:\Users\Administrator\AppData\Local\Temp\cc7sDZdL.s 			page 2


  30:Src/stm32f4xx_hal_timebase_tim.c **** /* Private functions ---------------------------------------------------------*/
  31:Src/stm32f4xx_hal_timebase_tim.c **** 
  32:Src/stm32f4xx_hal_timebase_tim.c **** /**
  33:Src/stm32f4xx_hal_timebase_tim.c ****   * @brief  This function configures the TIM14 as a time base source.
  34:Src/stm32f4xx_hal_timebase_tim.c ****   *         The time source is configured  to have 1ms time base with a dedicated
  35:Src/stm32f4xx_hal_timebase_tim.c ****   *         Tick interrupt priority.
  36:Src/stm32f4xx_hal_timebase_tim.c ****   * @note   This function is called  automatically at the beginning of program after
  37:Src/stm32f4xx_hal_timebase_tim.c ****   *         reset by HAL_Init() or at any time when clock is configured, by HAL_RCC_ClockConfig().
  38:Src/stm32f4xx_hal_timebase_tim.c ****   * @param  TickPriority: Tick interrupt priority.
  39:Src/stm32f4xx_hal_timebase_tim.c ****   * @retval HAL status
  40:Src/stm32f4xx_hal_timebase_tim.c ****   */
  41:Src/stm32f4xx_hal_timebase_tim.c **** HAL_StatusTypeDef HAL_InitTick(uint32_t TickPriority)
  42:Src/stm32f4xx_hal_timebase_tim.c **** {
  30              		.loc 1 42 1 view -0
  31              		.cfi_startproc
  32              		@ args = 0, pretend = 0, frame = 32
  33              		@ frame_needed = 0, uses_anonymous_args = 0
  34              		.loc 1 42 1 is_stmt 0 view .LVU1
  35 0000 30B5     		push	{r4, r5, lr}
  36              		.cfi_def_cfa_offset 12
  37              		.cfi_offset 4, -12
  38              		.cfi_offset 5, -8
  39              		.cfi_offset 14, -4
  40 0002 89B0     		sub	sp, sp, #36
  41              		.cfi_def_cfa_offset 48
  42 0004 0446     		mov	r4, r0
  43:Src/stm32f4xx_hal_timebase_tim.c ****   RCC_ClkInitTypeDef    clkconfig;
  43              		.loc 1 43 3 is_stmt 1 view .LVU2
  44:Src/stm32f4xx_hal_timebase_tim.c ****   uint32_t              uwTimclock, uwAPB1Prescaler = 0U;
  44              		.loc 1 44 3 view .LVU3
  45              	.LVL1:
  45:Src/stm32f4xx_hal_timebase_tim.c **** 
  46:Src/stm32f4xx_hal_timebase_tim.c ****   uint32_t              uwPrescalerValue = 0U;
  46              		.loc 1 46 3 view .LVU4
  47:Src/stm32f4xx_hal_timebase_tim.c ****   uint32_t              pFLatency;
  47              		.loc 1 47 3 view .LVU5
  48:Src/stm32f4xx_hal_timebase_tim.c ****   HAL_StatusTypeDef     status;
  48              		.loc 1 48 3 view .LVU6
  49:Src/stm32f4xx_hal_timebase_tim.c **** 
  50:Src/stm32f4xx_hal_timebase_tim.c ****   /* Enable TIM14 clock */
  51:Src/stm32f4xx_hal_timebase_tim.c ****   __HAL_RCC_TIM14_CLK_ENABLE();
  49              		.loc 1 51 3 view .LVU7
  50              	.LBB2:
  51              		.loc 1 51 3 view .LVU8
  52 0006 0023     		movs	r3, #0
  53 0008 0193     		str	r3, [sp, #4]
  54              		.loc 1 51 3 view .LVU9
  55 000a 224B     		ldr	r3, .L9
  56 000c 1A6C     		ldr	r2, [r3, #64]
  57 000e 42F48072 		orr	r2, r2, #256
  58 0012 1A64     		str	r2, [r3, #64]
  59              		.loc 1 51 3 view .LVU10
  60 0014 1B6C     		ldr	r3, [r3, #64]
  61 0016 03F48073 		and	r3, r3, #256
  62 001a 0193     		str	r3, [sp, #4]
  63              		.loc 1 51 3 view .LVU11
  64 001c 019B     		ldr	r3, [sp, #4]
ARM GAS  C:\Users\Administrator\AppData\Local\Temp\cc7sDZdL.s 			page 3


  65              	.LBE2:
  66              		.loc 1 51 3 view .LVU12
  52:Src/stm32f4xx_hal_timebase_tim.c **** 
  53:Src/stm32f4xx_hal_timebase_tim.c ****   /* Get clock configuration */
  54:Src/stm32f4xx_hal_timebase_tim.c ****   HAL_RCC_GetClockConfig(&clkconfig, &pFLatency);
  67              		.loc 1 54 3 view .LVU13
  68 001e 02A9     		add	r1, sp, #8
  69 0020 03A8     		add	r0, sp, #12
  70              	.LVL2:
  71              		.loc 1 54 3 is_stmt 0 view .LVU14
  72 0022 FFF7FEFF 		bl	HAL_RCC_GetClockConfig
  73              	.LVL3:
  55:Src/stm32f4xx_hal_timebase_tim.c **** 
  56:Src/stm32f4xx_hal_timebase_tim.c ****   /* Get APB1 prescaler */
  57:Src/stm32f4xx_hal_timebase_tim.c ****   uwAPB1Prescaler = clkconfig.APB1CLKDivider;
  74              		.loc 1 57 3 is_stmt 1 view .LVU15
  75              		.loc 1 57 19 is_stmt 0 view .LVU16
  76 0026 069B     		ldr	r3, [sp, #24]
  77              	.LVL4:
  58:Src/stm32f4xx_hal_timebase_tim.c ****   /* Compute TIM14 clock */
  59:Src/stm32f4xx_hal_timebase_tim.c ****   if (uwAPB1Prescaler == RCC_HCLK_DIV1)
  78              		.loc 1 59 3 is_stmt 1 view .LVU17
  79              		.loc 1 59 6 is_stmt 0 view .LVU18
  80 0028 CBB9     		cbnz	r3, .L2
  60:Src/stm32f4xx_hal_timebase_tim.c ****   {
  61:Src/stm32f4xx_hal_timebase_tim.c ****     uwTimclock = HAL_RCC_GetPCLK1Freq();
  81              		.loc 1 61 5 is_stmt 1 view .LVU19
  82              		.loc 1 61 18 is_stmt 0 view .LVU20
  83 002a FFF7FEFF 		bl	HAL_RCC_GetPCLK1Freq
  84              	.LVL5:
  85              		.loc 1 61 18 view .LVU21
  86 002e 0346     		mov	r3, r0
  87              	.LVL6:
  88              	.L3:
  62:Src/stm32f4xx_hal_timebase_tim.c ****   }
  63:Src/stm32f4xx_hal_timebase_tim.c ****   else
  64:Src/stm32f4xx_hal_timebase_tim.c ****   {
  65:Src/stm32f4xx_hal_timebase_tim.c ****     uwTimclock = 2UL * HAL_RCC_GetPCLK1Freq();
  66:Src/stm32f4xx_hal_timebase_tim.c ****   }
  67:Src/stm32f4xx_hal_timebase_tim.c **** 
  68:Src/stm32f4xx_hal_timebase_tim.c ****   /* Compute the prescaler value to have TIM14 counter clock equal to 1MHz */
  69:Src/stm32f4xx_hal_timebase_tim.c ****   uwPrescalerValue = (uint32_t) ((uwTimclock / 1000000U) - 1U);
  89              		.loc 1 69 3 is_stmt 1 view .LVU22
  90              		.loc 1 69 46 is_stmt 0 view .LVU23
  91 0030 194A     		ldr	r2, .L9+4
  92 0032 A2FB0323 		umull	r2, r3, r2, r3
  93              	.LVL7:
  94              		.loc 1 69 46 view .LVU24
  95 0036 9B0C     		lsrs	r3, r3, #18
  96              		.loc 1 69 20 view .LVU25
  97 0038 013B     		subs	r3, r3, #1
  98              	.LVL8:
  70:Src/stm32f4xx_hal_timebase_tim.c **** 
  71:Src/stm32f4xx_hal_timebase_tim.c ****   /* Initialize TIM14 */
  72:Src/stm32f4xx_hal_timebase_tim.c ****   htim14.Instance = TIM14;
  99              		.loc 1 72 3 is_stmt 1 view .LVU26
 100              		.loc 1 72 19 is_stmt 0 view .LVU27
ARM GAS  C:\Users\Administrator\AppData\Local\Temp\cc7sDZdL.s 			page 4


 101 003a 1848     		ldr	r0, .L9+8
 102 003c 184A     		ldr	r2, .L9+12
 103 003e 0260     		str	r2, [r0]
  73:Src/stm32f4xx_hal_timebase_tim.c **** 
  74:Src/stm32f4xx_hal_timebase_tim.c ****   /* Initialize TIMx peripheral as follow:
  75:Src/stm32f4xx_hal_timebase_tim.c ****   + Period = [(TIM14CLK/1000) - 1]. to have a (1/1000) s time base.
  76:Src/stm32f4xx_hal_timebase_tim.c ****   + Prescaler = (uwTimclock/1000000 - 1) to have a 1MHz counter clock.
  77:Src/stm32f4xx_hal_timebase_tim.c ****   + ClockDivision = 0
  78:Src/stm32f4xx_hal_timebase_tim.c ****   + Counter direction = Up
  79:Src/stm32f4xx_hal_timebase_tim.c ****   */
  80:Src/stm32f4xx_hal_timebase_tim.c ****   htim14.Init.Period = (1000000U / 1000U) - 1U;
 104              		.loc 1 80 3 is_stmt 1 view .LVU28
 105              		.loc 1 80 22 is_stmt 0 view .LVU29
 106 0040 40F2E732 		movw	r2, #999
 107 0044 C260     		str	r2, [r0, #12]
  81:Src/stm32f4xx_hal_timebase_tim.c ****   htim14.Init.Prescaler = uwPrescalerValue;
 108              		.loc 1 81 3 is_stmt 1 view .LVU30
 109              		.loc 1 81 25 is_stmt 0 view .LVU31
 110 0046 4360     		str	r3, [r0, #4]
  82:Src/stm32f4xx_hal_timebase_tim.c ****   htim14.Init.ClockDivision = 0;
 111              		.loc 1 82 3 is_stmt 1 view .LVU32
 112              		.loc 1 82 29 is_stmt 0 view .LVU33
 113 0048 0023     		movs	r3, #0
 114              	.LVL9:
 115              		.loc 1 82 29 view .LVU34
 116 004a 0361     		str	r3, [r0, #16]
  83:Src/stm32f4xx_hal_timebase_tim.c ****   htim14.Init.CounterMode = TIM_COUNTERMODE_UP;
 117              		.loc 1 83 3 is_stmt 1 view .LVU35
 118              		.loc 1 83 27 is_stmt 0 view .LVU36
 119 004c 8360     		str	r3, [r0, #8]
  84:Src/stm32f4xx_hal_timebase_tim.c ****   htim14.Init.AutoReloadPreload = TIM_AUTORELOAD_PRELOAD_DISABLE;
 120              		.loc 1 84 3 is_stmt 1 view .LVU37
 121              		.loc 1 84 33 is_stmt 0 view .LVU38
 122 004e 8361     		str	r3, [r0, #24]
  85:Src/stm32f4xx_hal_timebase_tim.c **** 
  86:Src/stm32f4xx_hal_timebase_tim.c ****   status = HAL_TIM_Base_Init(&htim14);
 123              		.loc 1 86 3 is_stmt 1 view .LVU39
 124              		.loc 1 86 12 is_stmt 0 view .LVU40
 125 0050 FFF7FEFF 		bl	HAL_TIM_Base_Init
 126              	.LVL10:
  87:Src/stm32f4xx_hal_timebase_tim.c ****   if (status == HAL_OK)
 127              		.loc 1 87 3 is_stmt 1 view .LVU41
 128              		.loc 1 87 6 is_stmt 0 view .LVU42
 129 0054 0546     		mov	r5, r0
 130 0056 30B1     		cbz	r0, .L7
 131              	.LVL11:
 132              	.L4:
  88:Src/stm32f4xx_hal_timebase_tim.c ****   {
  89:Src/stm32f4xx_hal_timebase_tim.c ****     /* Start the TIM time Base generation in interrupt mode */
  90:Src/stm32f4xx_hal_timebase_tim.c ****     status = HAL_TIM_Base_Start_IT(&htim14);
  91:Src/stm32f4xx_hal_timebase_tim.c ****     if (status == HAL_OK)
  92:Src/stm32f4xx_hal_timebase_tim.c ****     {
  93:Src/stm32f4xx_hal_timebase_tim.c ****     /* Enable the TIM14 global Interrupt */
  94:Src/stm32f4xx_hal_timebase_tim.c ****         HAL_NVIC_EnableIRQ(TIM8_TRG_COM_TIM14_IRQn);
  95:Src/stm32f4xx_hal_timebase_tim.c ****       /* Configure the SysTick IRQ priority */
  96:Src/stm32f4xx_hal_timebase_tim.c ****       if (TickPriority < (1UL << __NVIC_PRIO_BITS))
  97:Src/stm32f4xx_hal_timebase_tim.c ****       {
ARM GAS  C:\Users\Administrator\AppData\Local\Temp\cc7sDZdL.s 			page 5


  98:Src/stm32f4xx_hal_timebase_tim.c ****         /* Configure the TIM IRQ priority */
  99:Src/stm32f4xx_hal_timebase_tim.c ****         HAL_NVIC_SetPriority(TIM8_TRG_COM_TIM14_IRQn, TickPriority, 0U);
 100:Src/stm32f4xx_hal_timebase_tim.c ****         uwTickPrio = TickPriority;
 101:Src/stm32f4xx_hal_timebase_tim.c ****       }
 102:Src/stm32f4xx_hal_timebase_tim.c ****       else
 103:Src/stm32f4xx_hal_timebase_tim.c ****       {
 104:Src/stm32f4xx_hal_timebase_tim.c ****         status = HAL_ERROR;
 105:Src/stm32f4xx_hal_timebase_tim.c ****       }
 106:Src/stm32f4xx_hal_timebase_tim.c ****     }
 107:Src/stm32f4xx_hal_timebase_tim.c ****   }
 108:Src/stm32f4xx_hal_timebase_tim.c **** 
 109:Src/stm32f4xx_hal_timebase_tim.c ****  /* Return function status */
 110:Src/stm32f4xx_hal_timebase_tim.c ****   return status;
 133              		.loc 1 110 3 is_stmt 1 view .LVU43
 111:Src/stm32f4xx_hal_timebase_tim.c **** }
 134              		.loc 1 111 1 is_stmt 0 view .LVU44
 135 0058 2846     		mov	r0, r5
 136 005a 09B0     		add	sp, sp, #36
 137              		.cfi_remember_state
 138              		.cfi_def_cfa_offset 12
 139              		@ sp needed
 140 005c 30BD     		pop	{r4, r5, pc}
 141              	.LVL12:
 142              	.L2:
 143              		.cfi_restore_state
  65:Src/stm32f4xx_hal_timebase_tim.c ****   }
 144              		.loc 1 65 5 is_stmt 1 view .LVU45
  65:Src/stm32f4xx_hal_timebase_tim.c ****   }
 145              		.loc 1 65 24 is_stmt 0 view .LVU46
 146 005e FFF7FEFF 		bl	HAL_RCC_GetPCLK1Freq
 147              	.LVL13:
  65:Src/stm32f4xx_hal_timebase_tim.c ****   }
 148              		.loc 1 65 16 discriminator 1 view .LVU47
 149 0062 4300     		lsls	r3, r0, #1
 150 0064 E4E7     		b	.L3
 151              	.LVL14:
 152              	.L7:
  90:Src/stm32f4xx_hal_timebase_tim.c ****     if (status == HAL_OK)
 153              		.loc 1 90 5 is_stmt 1 view .LVU48
  90:Src/stm32f4xx_hal_timebase_tim.c ****     if (status == HAL_OK)
 154              		.loc 1 90 14 is_stmt 0 view .LVU49
 155 0066 0D48     		ldr	r0, .L9+8
 156              	.LVL15:
  90:Src/stm32f4xx_hal_timebase_tim.c ****     if (status == HAL_OK)
 157              		.loc 1 90 14 view .LVU50
 158 0068 FFF7FEFF 		bl	HAL_TIM_Base_Start_IT
 159              	.LVL16:
  91:Src/stm32f4xx_hal_timebase_tim.c ****     {
 160              		.loc 1 91 5 is_stmt 1 view .LVU51
  91:Src/stm32f4xx_hal_timebase_tim.c ****     {
 161              		.loc 1 91 8 is_stmt 0 view .LVU52
 162 006c 0546     		mov	r5, r0
 163 006e 0028     		cmp	r0, #0
 164 0070 F2D1     		bne	.L4
  94:Src/stm32f4xx_hal_timebase_tim.c ****       /* Configure the SysTick IRQ priority */
 165              		.loc 1 94 9 is_stmt 1 view .LVU53
 166 0072 2D20     		movs	r0, #45
ARM GAS  C:\Users\Administrator\AppData\Local\Temp\cc7sDZdL.s 			page 6


 167              	.LVL17:
  94:Src/stm32f4xx_hal_timebase_tim.c ****       /* Configure the SysTick IRQ priority */
 168              		.loc 1 94 9 is_stmt 0 view .LVU54
 169 0074 FFF7FEFF 		bl	HAL_NVIC_EnableIRQ
 170              	.LVL18:
  96:Src/stm32f4xx_hal_timebase_tim.c ****       {
 171              		.loc 1 96 7 is_stmt 1 view .LVU55
  96:Src/stm32f4xx_hal_timebase_tim.c ****       {
 172              		.loc 1 96 10 is_stmt 0 view .LVU56
 173 0078 0F2C     		cmp	r4, #15
 174 007a 02D9     		bls	.L8
 104:Src/stm32f4xx_hal_timebase_tim.c ****       }
 175              		.loc 1 104 16 view .LVU57
 176 007c 0123     		movs	r3, #1
 177 007e 1D46     		mov	r5, r3
 178              	.LVL19:
 104:Src/stm32f4xx_hal_timebase_tim.c ****       }
 179              		.loc 1 104 16 view .LVU58
 180 0080 EAE7     		b	.L4
 181              	.LVL20:
 182              	.L8:
  99:Src/stm32f4xx_hal_timebase_tim.c ****         uwTickPrio = TickPriority;
 183              		.loc 1 99 9 is_stmt 1 view .LVU59
 184 0082 0022     		movs	r2, #0
 185 0084 2146     		mov	r1, r4
 186 0086 2D20     		movs	r0, #45
 187 0088 FFF7FEFF 		bl	HAL_NVIC_SetPriority
 188              	.LVL21:
 100:Src/stm32f4xx_hal_timebase_tim.c ****       }
 189              		.loc 1 100 9 view .LVU60
 100:Src/stm32f4xx_hal_timebase_tim.c ****       }
 190              		.loc 1 100 20 is_stmt 0 view .LVU61
 191 008c 054B     		ldr	r3, .L9+16
 192 008e 1C60     		str	r4, [r3]
 193 0090 E2E7     		b	.L4
 194              	.L10:
 195 0092 00BF     		.align	2
 196              	.L9:
 197 0094 00380240 		.word	1073887232
 198 0098 83DE1B43 		.word	1125899907
 199 009c 00000000 		.word	htim14
 200 00a0 00200040 		.word	1073750016
 201 00a4 00000000 		.word	uwTickPrio
 202              		.cfi_endproc
 203              	.LFE235:
 205              		.section	.text.HAL_SuspendTick,"ax",%progbits
 206              		.align	1
 207              		.global	HAL_SuspendTick
 208              		.syntax unified
 209              		.thumb
 210              		.thumb_func
 212              	HAL_SuspendTick:
 213              	.LFB236:
 112:Src/stm32f4xx_hal_timebase_tim.c **** 
 113:Src/stm32f4xx_hal_timebase_tim.c **** /**
 114:Src/stm32f4xx_hal_timebase_tim.c ****   * @brief  Suspend Tick increment.
 115:Src/stm32f4xx_hal_timebase_tim.c ****   * @note   Disable the tick increment by disabling TIM14 update interrupt.
ARM GAS  C:\Users\Administrator\AppData\Local\Temp\cc7sDZdL.s 			page 7


 116:Src/stm32f4xx_hal_timebase_tim.c ****   * @param  None
 117:Src/stm32f4xx_hal_timebase_tim.c ****   * @retval None
 118:Src/stm32f4xx_hal_timebase_tim.c ****   */
 119:Src/stm32f4xx_hal_timebase_tim.c **** void HAL_SuspendTick(void)
 120:Src/stm32f4xx_hal_timebase_tim.c **** {
 214              		.loc 1 120 1 is_stmt 1 view -0
 215              		.cfi_startproc
 216              		@ args = 0, pretend = 0, frame = 0
 217              		@ frame_needed = 0, uses_anonymous_args = 0
 218              		@ link register save eliminated.
 121:Src/stm32f4xx_hal_timebase_tim.c ****   /* Disable TIM14 update Interrupt */
 122:Src/stm32f4xx_hal_timebase_tim.c ****   __HAL_TIM_DISABLE_IT(&htim14, TIM_IT_UPDATE);
 219              		.loc 1 122 3 view .LVU63
 220 0000 034B     		ldr	r3, .L12
 221 0002 1A68     		ldr	r2, [r3]
 222 0004 D368     		ldr	r3, [r2, #12]
 223 0006 23F00103 		bic	r3, r3, #1
 224 000a D360     		str	r3, [r2, #12]
 123:Src/stm32f4xx_hal_timebase_tim.c **** }
 225              		.loc 1 123 1 is_stmt 0 view .LVU64
 226 000c 7047     		bx	lr
 227              	.L13:
 228 000e 00BF     		.align	2
 229              	.L12:
 230 0010 00000000 		.word	htim14
 231              		.cfi_endproc
 232              	.LFE236:
 234              		.section	.text.HAL_ResumeTick,"ax",%progbits
 235              		.align	1
 236              		.global	HAL_ResumeTick
 237              		.syntax unified
 238              		.thumb
 239              		.thumb_func
 241              	HAL_ResumeTick:
 242              	.LFB237:
 124:Src/stm32f4xx_hal_timebase_tim.c **** 
 125:Src/stm32f4xx_hal_timebase_tim.c **** /**
 126:Src/stm32f4xx_hal_timebase_tim.c ****   * @brief  Resume Tick increment.
 127:Src/stm32f4xx_hal_timebase_tim.c ****   * @note   Enable the tick increment by Enabling TIM14 update interrupt.
 128:Src/stm32f4xx_hal_timebase_tim.c ****   * @param  None
 129:Src/stm32f4xx_hal_timebase_tim.c ****   * @retval None
 130:Src/stm32f4xx_hal_timebase_tim.c ****   */
 131:Src/stm32f4xx_hal_timebase_tim.c **** void HAL_ResumeTick(void)
 132:Src/stm32f4xx_hal_timebase_tim.c **** {
 243              		.loc 1 132 1 is_stmt 1 view -0
 244              		.cfi_startproc
 245              		@ args = 0, pretend = 0, frame = 0
 246              		@ frame_needed = 0, uses_anonymous_args = 0
 247              		@ link register save eliminated.
 133:Src/stm32f4xx_hal_timebase_tim.c ****   /* Enable TIM14 Update interrupt */
 134:Src/stm32f4xx_hal_timebase_tim.c ****   __HAL_TIM_ENABLE_IT(&htim14, TIM_IT_UPDATE);
 248              		.loc 1 134 3 view .LVU66
 249 0000 034B     		ldr	r3, .L15
 250 0002 1A68     		ldr	r2, [r3]
 251 0004 D368     		ldr	r3, [r2, #12]
 252 0006 43F00103 		orr	r3, r3, #1
 253 000a D360     		str	r3, [r2, #12]
ARM GAS  C:\Users\Administrator\AppData\Local\Temp\cc7sDZdL.s 			page 8


 135:Src/stm32f4xx_hal_timebase_tim.c **** }
 254              		.loc 1 135 1 is_stmt 0 view .LVU67
 255 000c 7047     		bx	lr
 256              	.L16:
 257 000e 00BF     		.align	2
 258              	.L15:
 259 0010 00000000 		.word	htim14
 260              		.cfi_endproc
 261              	.LFE237:
 263              		.global	htim14
 264              		.section	.bss.htim14,"aw",%nobits
 265              		.align	2
 268              	htim14:
 269 0000 00000000 		.space	72
 269      00000000 
 269      00000000 
 269      00000000 
 269      00000000 
 270              		.text
 271              	.Letext0:
 272              		.file 2 "Drivers/CMSIS/Device/ST/STM32F4xx/Include/stm32f407xx.h"
 273              		.file 3 "C:/Users/Administrator/AppData/Roaming/Code/User/globalStorage/bmd.stm32-for-vscode/@xpac
 274              		.file 4 "C:/Users/Administrator/AppData/Roaming/Code/User/globalStorage/bmd.stm32-for-vscode/@xpac
 275              		.file 5 "Drivers/STM32F4xx_HAL_Driver/Inc/stm32f4xx_hal_def.h"
 276              		.file 6 "Drivers/STM32F4xx_HAL_Driver/Inc/stm32f4xx_hal_rcc.h"
 277              		.file 7 "Drivers/STM32F4xx_HAL_Driver/Inc/stm32f4xx_hal_dma.h"
 278              		.file 8 "Drivers/STM32F4xx_HAL_Driver/Inc/stm32f4xx_hal_tim.h"
 279              		.file 9 "Drivers/STM32F4xx_HAL_Driver/Inc/stm32f4xx_hal.h"
 280              		.file 10 "Drivers/STM32F4xx_HAL_Driver/Inc/stm32f4xx_hal_cortex.h"
ARM GAS  C:\Users\Administrator\AppData\Local\Temp\cc7sDZdL.s 			page 9


DEFINED SYMBOLS
                            *ABS*:00000000 stm32f4xx_hal_timebase_tim.c
C:\Users\Administrator\AppData\Local\Temp\cc7sDZdL.s:21     .text.HAL_InitTick:00000000 $t
C:\Users\Administrator\AppData\Local\Temp\cc7sDZdL.s:27     .text.HAL_InitTick:00000000 HAL_InitTick
C:\Users\Administrator\AppData\Local\Temp\cc7sDZdL.s:197    .text.HAL_InitTick:00000094 $d
C:\Users\Administrator\AppData\Local\Temp\cc7sDZdL.s:268    .bss.htim14:00000000 htim14
C:\Users\Administrator\AppData\Local\Temp\cc7sDZdL.s:206    .text.HAL_SuspendTick:00000000 $t
C:\Users\Administrator\AppData\Local\Temp\cc7sDZdL.s:212    .text.HAL_SuspendTick:00000000 HAL_SuspendTick
C:\Users\Administrator\AppData\Local\Temp\cc7sDZdL.s:230    .text.HAL_SuspendTick:00000010 $d
C:\Users\Administrator\AppData\Local\Temp\cc7sDZdL.s:235    .text.HAL_ResumeTick:00000000 $t
C:\Users\Administrator\AppData\Local\Temp\cc7sDZdL.s:241    .text.HAL_ResumeTick:00000000 HAL_ResumeTick
C:\Users\Administrator\AppData\Local\Temp\cc7sDZdL.s:259    .text.HAL_ResumeTick:00000010 $d
C:\Users\Administrator\AppData\Local\Temp\cc7sDZdL.s:265    .bss.htim14:00000000 $d

UNDEFINED SYMBOLS
HAL_RCC_GetClockConfig
HAL_RCC_GetPCLK1Freq
HAL_TIM_Base_Init
HAL_TIM_Base_Start_IT
HAL_NVIC_EnableIRQ
HAL_NVIC_SetPriority
uwTickPrio
