ARM GAS  C:\Users\Administrator\AppData\Local\Temp\ccxCtbc5.s 			page 1


   1              		.cpu cortex-m4
   2              		.arch armv7e-m
   3              		.fpu fpv4-sp-d16
   4              		.eabi_attribute 27, 1
   5              		.eabi_attribute 28, 1
   6              		.eabi_attribute 20, 1
   7              		.eabi_attribute 21, 1
   8              		.eabi_attribute 23, 3
   9              		.eabi_attribute 24, 1
  10              		.eabi_attribute 25, 1
  11              		.eabi_attribute 26, 1
  12              		.eabi_attribute 30, 1
  13              		.eabi_attribute 34, 1
  14              		.eabi_attribute 18, 4
  15              		.file	"super_cap.c"
  16              		.text
  17              	.Ltext0:
  18              		.cfi_sections	.debug_frame
  19              		.file 1 "modules/power/super_cap.c"
  20              		.section	.text.SuperCapRxCallback,"ax",%progbits
  21              		.align	1
  22              		.syntax unified
  23              		.thumb
  24              		.thumb_func
  26              	SuperCapRxCallback:
  27              	.LVL0:
  28              	.LFB235:
   1:modules/power/super_cap.c **** /*
   2:modules/power/super_cap.c ****  * @Descripttion:
   3:modules/power/super_cap.c ****  * @version:
   4:modules/power/super_cap.c ****  * @Author: Chenfu
   5:modules/power/super_cap.c ****  * @Date: 2022-12-02 21:32:47
   6:modules/power/super_cap.c ****  * @LastEditTime: 2022-12-05 15:29:49
   7:modules/power/super_cap.c ****  */
   8:modules/power/super_cap.c **** #include "super_cap.h"
   9:modules/power/super_cap.c **** #include "memory.h"
  10:modules/power/super_cap.c **** #include "stdlib.h"
  11:modules/power/super_cap.c **** 
  12:modules/power/super_cap.c **** static SuperCapInstance *super_cap_instance = NULL; // 可以由app保存此指针
  13:modules/power/super_cap.c **** 
  14:modules/power/super_cap.c **** static void SuperCapRxCallback(CANInstance *_instance)
  15:modules/power/super_cap.c **** {
  29              		.loc 1 15 1 view -0
  30              		.cfi_startproc
  31              		@ args = 0, pretend = 0, frame = 0
  32              		@ frame_needed = 0, uses_anonymous_args = 0
  33              		@ link register save eliminated.
  16:modules/power/super_cap.c ****     uint8_t *rxbuff;
  34              		.loc 1 16 5 view .LVU1
  17:modules/power/super_cap.c ****     SuperCap_Msg_s *Msg;
  35              		.loc 1 17 5 view .LVU2
  18:modules/power/super_cap.c ****     rxbuff = _instance->rx_buff;
  36              		.loc 1 18 5 view .LVU3
  19:modules/power/super_cap.c ****     Msg = &super_cap_instance->cap_msg;
  37              		.loc 1 19 5 view .LVU4
  38              		.loc 1 19 30 is_stmt 0 view .LVU5
  39 0000 0B4B     		ldr	r3, .L2
ARM GAS  C:\Users\Administrator\AppData\Local\Temp\ccxCtbc5.s 			page 2


  40 0002 1B68     		ldr	r3, [r3]
  41              	.LVL1:
  20:modules/power/super_cap.c ****     Msg->vol = (uint16_t)(rxbuff[0] << 8 | rxbuff[1]);
  42              		.loc 1 20 5 is_stmt 1 view .LVU6
  43              		.loc 1 20 33 is_stmt 0 view .LVU7
  44 0004 90F82C10 		ldrb	r1, [r0, #44]	@ zero_extendqisi2
  45              		.loc 1 20 50 view .LVU8
  46 0008 90F82D20 		ldrb	r2, [r0, #45]	@ zero_extendqisi2
  47              		.loc 1 20 16 view .LVU9
  48 000c 42EA0122 		orr	r2, r2, r1, lsl #8
  49              		.loc 1 20 14 view .LVU10
  50 0010 9A80     		strh	r2, [r3, #4]	@ unaligned
  21:modules/power/super_cap.c ****     Msg->current = (uint16_t)(rxbuff[2] << 8 | rxbuff[3]);
  51              		.loc 1 21 5 is_stmt 1 view .LVU11
  52              		.loc 1 21 37 is_stmt 0 view .LVU12
  53 0012 90F82E10 		ldrb	r1, [r0, #46]	@ zero_extendqisi2
  54              		.loc 1 21 54 view .LVU13
  55 0016 90F82F20 		ldrb	r2, [r0, #47]	@ zero_extendqisi2
  56              		.loc 1 21 20 view .LVU14
  57 001a 42EA0122 		orr	r2, r2, r1, lsl #8
  58              		.loc 1 21 18 view .LVU15
  59 001e DA80     		strh	r2, [r3, #6]	@ unaligned
  22:modules/power/super_cap.c ****     Msg->power = (uint16_t)(rxbuff[4] << 8 | rxbuff[5]);
  60              		.loc 1 22 5 is_stmt 1 view .LVU16
  61              		.loc 1 22 35 is_stmt 0 view .LVU17
  62 0020 90F83010 		ldrb	r1, [r0, #48]	@ zero_extendqisi2
  63              		.loc 1 22 52 view .LVU18
  64 0024 90F83120 		ldrb	r2, [r0, #49]	@ zero_extendqisi2
  65              		.loc 1 22 18 view .LVU19
  66 0028 42EA0122 		orr	r2, r2, r1, lsl #8
  67              		.loc 1 22 16 view .LVU20
  68 002c 1A81     		strh	r2, [r3, #8]	@ unaligned
  23:modules/power/super_cap.c **** }
  69              		.loc 1 23 1 view .LVU21
  70 002e 7047     		bx	lr
  71              	.L3:
  72              		.align	2
  73              	.L2:
  74 0030 00000000 		.word	super_cap_instance
  75              		.cfi_endproc
  76              	.LFE235:
  78              		.section	.text.SuperCapInit,"ax",%progbits
  79              		.align	1
  80              		.global	SuperCapInit
  81              		.syntax unified
  82              		.thumb
  83              		.thumb_func
  85              	SuperCapInit:
  86              	.LVL2:
  87              	.LFB236:
  24:modules/power/super_cap.c **** 
  25:modules/power/super_cap.c **** SuperCapInstance *SuperCapInit(SuperCap_Init_Config_s *supercap_config)
  26:modules/power/super_cap.c **** {
  88              		.loc 1 26 1 is_stmt 1 view -0
  89              		.cfi_startproc
  90              		@ args = 0, pretend = 0, frame = 0
  91              		@ frame_needed = 0, uses_anonymous_args = 0
ARM GAS  C:\Users\Administrator\AppData\Local\Temp\ccxCtbc5.s 			page 3


  92              		.loc 1 26 1 is_stmt 0 view .LVU23
  93 0000 70B5     		push	{r4, r5, r6, lr}
  94              		.cfi_def_cfa_offset 16
  95              		.cfi_offset 4, -16
  96              		.cfi_offset 5, -12
  97              		.cfi_offset 6, -8
  98              		.cfi_offset 14, -4
  99 0002 0546     		mov	r5, r0
  27:modules/power/super_cap.c ****     super_cap_instance = (SuperCapInstance *)malloc(sizeof(SuperCapInstance));
 100              		.loc 1 27 5 is_stmt 1 view .LVU24
 101              		.loc 1 27 46 is_stmt 0 view .LVU25
 102 0004 0C20     		movs	r0, #12
 103              	.LVL3:
 104              		.loc 1 27 46 view .LVU26
 105 0006 FFF7FEFF 		bl	malloc
 106              	.LVL4:
 107 000a 0446     		mov	r4, r0
 108              		.loc 1 27 24 discriminator 1 view .LVU27
 109 000c 064E     		ldr	r6, .L6
 110 000e 3060     		str	r0, [r6]
  28:modules/power/super_cap.c ****     memset(super_cap_instance, 0, sizeof(SuperCapInstance));
 111              		.loc 1 28 5 is_stmt 1 view .LVU28
 112 0010 0023     		movs	r3, #0
 113 0012 0360     		str	r3, [r0]	@ unaligned
 114 0014 4360     		str	r3, [r0, #4]	@ unaligned
 115 0016 8360     		str	r3, [r0, #8]	@ unaligned
  29:modules/power/super_cap.c ****     
  30:modules/power/super_cap.c ****     supercap_config->can_config.can_module_callback = SuperCapRxCallback;
 116              		.loc 1 30 5 view .LVU29
 117              		.loc 1 30 53 is_stmt 0 view .LVU30
 118 0018 044B     		ldr	r3, .L6+4
 119 001a 6B61     		str	r3, [r5, #20]
  31:modules/power/super_cap.c ****     super_cap_instance->can_ins = CANRegister(&supercap_config->can_config);
 120              		.loc 1 31 5 is_stmt 1 view .LVU31
 121              		.loc 1 31 35 is_stmt 0 view .LVU32
 122 001c 2846     		mov	r0, r5
 123 001e FFF7FEFF 		bl	CANRegister
 124              	.LVL5:
 125              		.loc 1 31 33 discriminator 1 view .LVU33
 126 0022 2060     		str	r0, [r4]
  32:modules/power/super_cap.c ****     return super_cap_instance;
 127              		.loc 1 32 5 is_stmt 1 view .LVU34
  33:modules/power/super_cap.c **** }
 128              		.loc 1 33 1 is_stmt 0 view .LVU35
 129 0024 3068     		ldr	r0, [r6]
 130 0026 70BD     		pop	{r4, r5, r6, pc}
 131              	.LVL6:
 132              	.L7:
 133              		.loc 1 33 1 view .LVU36
 134              		.align	2
 135              	.L6:
 136 0028 00000000 		.word	super_cap_instance
 137 002c 00000000 		.word	SuperCapRxCallback
 138              		.cfi_endproc
 139              	.LFE236:
 141              		.section	.text.SuperCapSend,"ax",%progbits
 142              		.align	1
ARM GAS  C:\Users\Administrator\AppData\Local\Temp\ccxCtbc5.s 			page 4


 143              		.global	SuperCapSend
 144              		.syntax unified
 145              		.thumb
 146              		.thumb_func
 148              	SuperCapSend:
 149              	.LVL7:
 150              	.LFB237:
  34:modules/power/super_cap.c **** 
  35:modules/power/super_cap.c **** void SuperCapSend(SuperCapInstance *instance, uint8_t *data)
  36:modules/power/super_cap.c **** {
 151              		.loc 1 36 1 is_stmt 1 view -0
 152              		.cfi_startproc
 153              		@ args = 0, pretend = 0, frame = 0
 154              		@ frame_needed = 0, uses_anonymous_args = 0
 155              		.loc 1 36 1 is_stmt 0 view .LVU38
 156 0000 08B5     		push	{r3, lr}
 157              		.cfi_def_cfa_offset 8
 158              		.cfi_offset 3, -8
 159              		.cfi_offset 14, -4
  37:modules/power/super_cap.c ****     memcpy(instance->can_ins->tx_buff, data, 8);
 160              		.loc 1 37 5 is_stmt 1 view .LVU39
 161              		.loc 1 37 20 is_stmt 0 view .LVU40
 162 0002 0368     		ldr	r3, [r0]
 163              		.loc 1 37 5 view .LVU41
 164 0004 D1F800C0 		ldr	ip, [r1]	@ unaligned
 165 0008 4A68     		ldr	r2, [r1, #4]	@ unaligned
 166 000a C3F824C0 		str	ip, [r3, #36]	@ unaligned
 167 000e 9A62     		str	r2, [r3, #40]	@ unaligned
  38:modules/power/super_cap.c ****     CANTransmit(instance->can_ins,1);
 168              		.loc 1 38 5 is_stmt 1 view .LVU42
 169 0010 B7EE000A 		vmov.f32	s0, #1.0e+0
 170 0014 0068     		ldr	r0, [r0]
 171              	.LVL8:
 172              		.loc 1 38 5 is_stmt 0 view .LVU43
 173 0016 FFF7FEFF 		bl	CANTransmit
 174              	.LVL9:
  39:modules/power/super_cap.c **** }
 175              		.loc 1 39 1 view .LVU44
 176 001a 08BD     		pop	{r3, pc}
 177              		.cfi_endproc
 178              	.LFE237:
 180              		.section	.text.SuperCapGet,"ax",%progbits
 181              		.align	1
 182              		.global	SuperCapGet
 183              		.syntax unified
 184              		.thumb
 185              		.thumb_func
 187              	SuperCapGet:
 188              	.LVL10:
 189              	.LFB238:
  40:modules/power/super_cap.c **** 
  41:modules/power/super_cap.c **** SuperCap_Msg_s SuperCapGet(SuperCapInstance *instance)
  42:modules/power/super_cap.c **** {
 190              		.loc 1 42 1 is_stmt 1 view -0
 191              		.cfi_startproc
 192              		@ args = 0, pretend = 0, frame = 0
 193              		@ frame_needed = 0, uses_anonymous_args = 0
ARM GAS  C:\Users\Administrator\AppData\Local\Temp\ccxCtbc5.s 			page 5


 194              		@ link register save eliminated.
 195              		.loc 1 42 1 is_stmt 0 view .LVU46
 196 0000 0346     		mov	r3, r0
  43:modules/power/super_cap.c ****     return instance->cap_msg;
 197              		.loc 1 43 5 is_stmt 1 view .LVU47
 198              		.loc 1 43 20 is_stmt 0 view .LVU48
 199 0002 4868     		ldr	r0, [r1, #4]
 200              	.LVL11:
 201              		.loc 1 43 20 view .LVU49
 202 0004 1860     		str	r0, [r3]	@ unaligned
 203 0006 0A89     		ldrh	r2, [r1, #8]	@ unaligned
 204 0008 9A80     		strh	r2, [r3, #4]	@ unaligned
  44:modules/power/super_cap.c **** }...
 205              		.loc 1 44 1 view .LVU50
 206 000a 1846     		mov	r0, r3
 207 000c 7047     		bx	lr
 208              		.cfi_endproc
 209              	.LFE238:
 211              		.section	.bss.super_cap_instance,"aw",%nobits
 212              		.align	2
 215              	super_cap_instance:
 216 0000 00000000 		.space	4
 217              		.text
 218              	.Letext0:
 219              		.file 2 "C:/Users/Administrator/AppData/Roaming/Code/User/globalStorage/bmd.stm32-for-vscode/@xpac
 220              		.file 3 "C:/Users/Administrator/AppData/Roaming/Code/User/globalStorage/bmd.stm32-for-vscode/@xpac
 221              		.file 4 "Drivers/CMSIS/Device/ST/STM32F4xx/Include/stm32f407xx.h"
 222              		.file 5 "Drivers/CMSIS/Device/ST/STM32F4xx/Include/stm32f4xx.h"
 223              		.file 6 "Drivers/STM32F4xx_HAL_Driver/Inc/stm32f4xx_hal_can.h"
 224              		.file 7 "bsp/can/bsp_can.h"
 225              		.file 8 "modules/power/super_cap.h"
 226              		.file 9 "C:/Users/Administrator/AppData/Roaming/Code/User/globalStorage/bmd.stm32-for-vscode/@xpac
 227              		.file 10 "C:/Users/Administrator/AppData/Roaming/Code/User/globalStorage/bmd.stm32-for-vscode/@xpa
ARM GAS  C:\Users\Administrator\AppData\Local\Temp\ccxCtbc5.s 			page 6


DEFINED SYMBOLS
                            *ABS*:00000000 super_cap.c
C:\Users\Administrator\AppData\Local\Temp\ccxCtbc5.s:21     .text.SuperCapRxCallback:00000000 $t
C:\Users\Administrator\AppData\Local\Temp\ccxCtbc5.s:26     .text.SuperCapRxCallback:00000000 SuperCapRxCallback
C:\Users\Administrator\AppData\Local\Temp\ccxCtbc5.s:74     .text.SuperCapRxCallback:00000030 $d
C:\Users\Administrator\AppData\Local\Temp\ccxCtbc5.s:215    .bss.super_cap_instance:00000000 super_cap_instance
C:\Users\Administrator\AppData\Local\Temp\ccxCtbc5.s:79     .text.SuperCapInit:00000000 $t
C:\Users\Administrator\AppData\Local\Temp\ccxCtbc5.s:85     .text.SuperCapInit:00000000 SuperCapInit
C:\Users\Administrator\AppData\Local\Temp\ccxCtbc5.s:136    .text.SuperCapInit:00000028 $d
C:\Users\Administrator\AppData\Local\Temp\ccxCtbc5.s:142    .text.SuperCapSend:00000000 $t
C:\Users\Administrator\AppData\Local\Temp\ccxCtbc5.s:148    .text.SuperCapSend:00000000 SuperCapSend
C:\Users\Administrator\AppData\Local\Temp\ccxCtbc5.s:181    .text.SuperCapGet:00000000 $t
C:\Users\Administrator\AppData\Local\Temp\ccxCtbc5.s:187    .text.SuperCapGet:00000000 SuperCapGet
C:\Users\Administrator\AppData\Local\Temp\ccxCtbc5.s:212    .bss.super_cap_instance:00000000 $d

UNDEFINED SYMBOLS
malloc
CANRegister
CANTransmit
