ARM GAS  C:\Users\Administrator\AppData\Local\Temp\ccCCuCma.s 			page 1


   1              		.cpu cortex-m4
   2              		.arch armv7e-m
   3              		.fpu fpv4-sp-d16
   4              		.eabi_attribute 27, 1
   5              		.eabi_attribute 28, 1
   6              		.eabi_attribute 20, 1
   7              		.eabi_attribute 21, 1
   8              		.eabi_attribute 23, 3
   9              		.eabi_attribute 24, 1
  10              		.eabi_attribute 25, 1
  11              		.eabi_attribute 26, 1
  12              		.eabi_attribute 30, 1
  13              		.eabi_attribute 34, 1
  14              		.eabi_attribute 18, 4
  15              		.file	"user_lib.c"
  16              		.text
  17              	.Ltext0:
  18              		.cfi_sections	.debug_frame
  19              		.file 1 "modules/algorithm/user_lib.c"
  20              		.section	.text.zmalloc,"ax",%progbits
  21              		.align	1
  22              		.global	zmalloc
  23              		.syntax unified
  24              		.thumb
  25              		.thumb_func
  27              	zmalloc:
  28              	.LVL0:
  29              	.LFB273:
   1:modules/algorithm/user_lib.c **** /**
   2:modules/algorithm/user_lib.c ****  ******************************************************************************
   3:modules/algorithm/user_lib.c ****  * @file	 user_lib.c
   4:modules/algorithm/user_lib.c ****  * @author  Wang Hongxi
   5:modules/algorithm/user_lib.c ****  * @author  modified by neozng
   6:modules/algorithm/user_lib.c ****  * @version 0.2 beta
   7:modules/algorithm/user_lib.c ****  * @date    2021/2/18
   8:modules/algorithm/user_lib.c ****  * @brief
   9:modules/algorithm/user_lib.c ****  ******************************************************************************
  10:modules/algorithm/user_lib.c ****  * @attention
  11:modules/algorithm/user_lib.c ****  *
  12:modules/algorithm/user_lib.c ****  ******************************************************************************
  13:modules/algorithm/user_lib.c ****  */
  14:modules/algorithm/user_lib.c **** #include "stdlib.h"
  15:modules/algorithm/user_lib.c **** #include "memory.h"
  16:modules/algorithm/user_lib.c **** #include "user_lib.h"
  17:modules/algorithm/user_lib.c **** #include "math.h"
  18:modules/algorithm/user_lib.c **** #include "main.h"
  19:modules/algorithm/user_lib.c **** 
  20:modules/algorithm/user_lib.c **** #ifdef _CMSIS_OS_H
  21:modules/algorithm/user_lib.c **** #define user_malloc pvPortMalloc
  22:modules/algorithm/user_lib.c **** #else
  23:modules/algorithm/user_lib.c **** #define user_malloc malloc
  24:modules/algorithm/user_lib.c **** #endif
  25:modules/algorithm/user_lib.c **** 
  26:modules/algorithm/user_lib.c **** void *zmalloc(size_t size)
  27:modules/algorithm/user_lib.c **** {
  30              		.loc 1 27 1 view -0
  31              		.cfi_startproc
ARM GAS  C:\Users\Administrator\AppData\Local\Temp\ccCCuCma.s 			page 2


  32              		@ args = 0, pretend = 0, frame = 0
  33              		@ frame_needed = 0, uses_anonymous_args = 0
  34              		.loc 1 27 1 is_stmt 0 view .LVU1
  35 0000 38B5     		push	{r3, r4, r5, lr}
  36              		.cfi_def_cfa_offset 16
  37              		.cfi_offset 3, -16
  38              		.cfi_offset 4, -12
  39              		.cfi_offset 5, -8
  40              		.cfi_offset 14, -4
  41 0002 0546     		mov	r5, r0
  28:modules/algorithm/user_lib.c ****     void *ptr = malloc(size);
  42              		.loc 1 28 5 is_stmt 1 view .LVU2
  43              		.loc 1 28 17 is_stmt 0 view .LVU3
  44 0004 FFF7FEFF 		bl	malloc
  45              	.LVL1:
  46              		.loc 1 28 17 view .LVU4
  47 0008 0446     		mov	r4, r0
  48              	.LVL2:
  29:modules/algorithm/user_lib.c ****     memset(ptr, 0, size);
  49              		.loc 1 29 5 is_stmt 1 view .LVU5
  50 000a 2A46     		mov	r2, r5
  51 000c 0021     		movs	r1, #0
  52 000e FFF7FEFF 		bl	memset
  53              	.LVL3:
  30:modules/algorithm/user_lib.c ****     return ptr;
  54              		.loc 1 30 5 view .LVU6
  31:modules/algorithm/user_lib.c **** }
  55              		.loc 1 31 1 is_stmt 0 view .LVU7
  56 0012 2046     		mov	r0, r4
  57 0014 38BD     		pop	{r3, r4, r5, pc}
  58              		.loc 1 31 1 view .LVU8
  59              		.cfi_endproc
  60              	.LFE273:
  62              		.section	.text.Sqrt,"ax",%progbits
  63              		.align	1
  64              		.global	Sqrt
  65              		.syntax unified
  66              		.thumb
  67              		.thumb_func
  69              	Sqrt:
  70              	.LVL4:
  71              	.LFB274:
  32:modules/algorithm/user_lib.c **** 
  33:modules/algorithm/user_lib.c **** // 快速开方
  34:modules/algorithm/user_lib.c **** float Sqrt(float x)
  35:modules/algorithm/user_lib.c **** {
  72              		.loc 1 35 1 is_stmt 1 view -0
  73              		.cfi_startproc
  74              		@ args = 0, pretend = 0, frame = 0
  75              		@ frame_needed = 0, uses_anonymous_args = 0
  76              		@ link register save eliminated.
  77              		.loc 1 35 1 is_stmt 0 view .LVU10
  78 0000 F0EE405A 		vmov.f32	s11, s0
  36:modules/algorithm/user_lib.c ****     float y;
  79              		.loc 1 36 5 is_stmt 1 view .LVU11
  37:modules/algorithm/user_lib.c ****     float delta;
  80              		.loc 1 37 5 view .LVU12
ARM GAS  C:\Users\Administrator\AppData\Local\Temp\ccCCuCma.s 			page 3


  38:modules/algorithm/user_lib.c ****     float maxError;
  81              		.loc 1 38 5 view .LVU13
  39:modules/algorithm/user_lib.c **** 
  40:modules/algorithm/user_lib.c ****     if (x <= 0)
  82              		.loc 1 40 5 view .LVU14
  83              		.loc 1 40 8 is_stmt 0 view .LVU15
  84 0004 B5EEC00A 		vcmpe.f32	s0, #0
  85 0008 F1EE10FA 		vmrs	APSR_nzcv, FPSCR
  86 000c 1ED9     		bls	.L6
  41:modules/algorithm/user_lib.c ****     {
  42:modules/algorithm/user_lib.c ****         return 0;
  43:modules/algorithm/user_lib.c ****     }
  44:modules/algorithm/user_lib.c **** 
  45:modules/algorithm/user_lib.c ****     // initial guess
  46:modules/algorithm/user_lib.c ****     y = x / 2;
  87              		.loc 1 46 5 is_stmt 1 view .LVU16
  88              		.loc 1 46 7 is_stmt 0 view .LVU17
  89 000e F6EE007A 		vmov.f32	s15, #5.0e-1
  90 0012 20EE270A 		vmul.f32	s0, s0, s15
  91              	.LVL5:
  47:modules/algorithm/user_lib.c **** 
  48:modules/algorithm/user_lib.c ****     // refine
  49:modules/algorithm/user_lib.c ****     maxError = x * 0.001f;
  92              		.loc 1 49 5 is_stmt 1 view .LVU18
  93              		.loc 1 49 14 is_stmt 0 view .LVU19
  94 0016 9FED0F6A 		vldr.32	s12, .L7
  95 001a 25EE866A 		vmul.f32	s12, s11, s12
  96              	.LVL6:
  97              	.L5:
  50:modules/algorithm/user_lib.c **** 
  51:modules/algorithm/user_lib.c ****     do
  98              		.loc 1 51 5 is_stmt 1 view .LVU20
  52:modules/algorithm/user_lib.c ****     {
  53:modules/algorithm/user_lib.c ****         delta = (y * y) - x;
  99              		.loc 1 53 9 view .LVU21
 100              		.loc 1 53 20 is_stmt 0 view .LVU22
 101 001e 60EE007A 		vmul.f32	s15, s0, s0
 102              		.loc 1 53 15 view .LVU23
 103 0022 77EEE57A 		vsub.f32	s15, s15, s11
 104              	.LVL7:
  54:modules/algorithm/user_lib.c ****         y -= delta / (2 * y);
 105              		.loc 1 54 9 is_stmt 1 view .LVU24
 106              		.loc 1 54 25 is_stmt 0 view .LVU25
 107 0026 70EE006A 		vadd.f32	s13, s0, s0
 108              		.loc 1 54 20 view .LVU26
 109 002a 87EEA67A 		vdiv.f32	s14, s15, s13
 110              		.loc 1 54 11 view .LVU27
 111 002e 30EE470A 		vsub.f32	s0, s0, s14
 112              	.LVL8:
  55:modules/algorithm/user_lib.c ****     } while (delta > maxError || delta < -maxError);
 113              		.loc 1 55 31 is_stmt 1 discriminator 3 view .LVU28
 114 0032 B4EEE76A 		vcmpe.f32	s12, s15
 115 0036 F1EE10FA 		vmrs	APSR_nzcv, FPSCR
 116 003a F0D4     		bmi	.L5
 117              		.loc 1 55 42 is_stmt 0 discriminator 2 view .LVU29
 118 003c B1EE467A 		vneg.f32	s14, s12
 119              		.loc 1 55 31 discriminator 2 view .LVU30
ARM GAS  C:\Users\Administrator\AppData\Local\Temp\ccCCuCma.s 			page 4


 120 0040 B4EEE77A 		vcmpe.f32	s14, s15
 121 0044 F1EE10FA 		vmrs	APSR_nzcv, FPSCR
 122 0048 E9DC     		bgt	.L5
 123 004a 7047     		bx	lr
 124              	.LVL9:
 125              	.L6:
  42:modules/algorithm/user_lib.c ****     }
 126              		.loc 1 42 16 view .LVU31
 127 004c 9FED020A 		vldr.32	s0, .L7+4
 128              	.LVL10:
  56:modules/algorithm/user_lib.c **** 
  57:modules/algorithm/user_lib.c ****     return y;
  58:modules/algorithm/user_lib.c **** }
 129              		.loc 1 58 1 view .LVU32
 130 0050 7047     		bx	lr
 131              	.L8:
 132 0052 00BF     		.align	2
 133              	.L7:
 134 0054 6F12833A 		.word	981668463
 135 0058 00000000 		.word	0
 136              		.cfi_endproc
 137              	.LFE274:
 139              		.section	.text.abs_limit,"ax",%progbits
 140              		.align	1
 141              		.global	abs_limit
 142              		.syntax unified
 143              		.thumb
 144              		.thumb_func
 146              	abs_limit:
 147              	.LVL11:
 148              	.LFB275:
  59:modules/algorithm/user_lib.c **** 
  60:modules/algorithm/user_lib.c **** // 绝对值限制
  61:modules/algorithm/user_lib.c **** float abs_limit(float num, float Limit)
  62:modules/algorithm/user_lib.c **** {
 149              		.loc 1 62 1 is_stmt 1 view -0
 150              		.cfi_startproc
 151              		@ args = 0, pretend = 0, frame = 0
 152              		@ frame_needed = 0, uses_anonymous_args = 0
 153              		@ link register save eliminated.
 154              		.loc 1 62 1 is_stmt 0 view .LVU34
 155 0000 F0EE407A 		vmov.f32	s15, s0
 156 0004 B0EE600A 		vmov.f32	s0, s1
 157              	.LVL12:
  63:modules/algorithm/user_lib.c ****     if (num > Limit)
 158              		.loc 1 63 5 is_stmt 1 view .LVU35
 159              		.loc 1 63 8 is_stmt 0 view .LVU36
 160 0008 F4EEE07A 		vcmpe.f32	s15, s1
 161 000c F1EE10FA 		vmrs	APSR_nzcv, FPSCR
 162 0010 08DC     		bgt	.L10
  64:modules/algorithm/user_lib.c ****     {
  65:modules/algorithm/user_lib.c ****         num = Limit;
  66:modules/algorithm/user_lib.c ****     }
  67:modules/algorithm/user_lib.c ****     else if (num < -Limit)
 163              		.loc 1 67 10 is_stmt 1 view .LVU37
 164              		.loc 1 67 20 is_stmt 0 view .LVU38
 165 0012 B1EE600A 		vneg.f32	s0, s1
ARM GAS  C:\Users\Administrator\AppData\Local\Temp\ccCCuCma.s 			page 5


 166              		.loc 1 67 13 view .LVU39
 167 0016 B4EEE70A 		vcmpe.f32	s0, s15
 168 001a F1EE10FA 		vmrs	APSR_nzcv, FPSCR
 169 001e 01DC     		bgt	.L10
 170 0020 B0EE670A 		vmov.f32	s0, s15
 171              	.L10:
 172              	.LVL13:
  68:modules/algorithm/user_lib.c ****     {
  69:modules/algorithm/user_lib.c ****         num = -Limit;
  70:modules/algorithm/user_lib.c ****     }
  71:modules/algorithm/user_lib.c ****     return num;
 173              		.loc 1 71 5 is_stmt 1 view .LVU40
  72:modules/algorithm/user_lib.c **** }
 174              		.loc 1 72 1 is_stmt 0 view .LVU41
 175 0024 7047     		bx	lr
 176              		.cfi_endproc
 177              	.LFE275:
 179              		.section	.text.sign,"ax",%progbits
 180              		.align	1
 181              		.global	sign
 182              		.syntax unified
 183              		.thumb
 184              		.thumb_func
 186              	sign:
 187              	.LVL14:
 188              	.LFB276:
  73:modules/algorithm/user_lib.c **** 
  74:modules/algorithm/user_lib.c **** // 判断符号位
  75:modules/algorithm/user_lib.c **** float sign(float value)
  76:modules/algorithm/user_lib.c **** {
 189              		.loc 1 76 1 is_stmt 1 view -0
 190              		.cfi_startproc
 191              		@ args = 0, pretend = 0, frame = 0
 192              		@ frame_needed = 0, uses_anonymous_args = 0
 193              		@ link register save eliminated.
  77:modules/algorithm/user_lib.c ****     if (value >= 0.0f)
 194              		.loc 1 77 5 view .LVU43
 195              		.loc 1 77 8 is_stmt 0 view .LVU44
 196 0000 B5EEC00A 		vcmpe.f32	s0, #0
 197 0004 F1EE10FA 		vmrs	APSR_nzcv, FPSCR
 198 0008 02DB     		blt	.L16
  78:modules/algorithm/user_lib.c ****     {
  79:modules/algorithm/user_lib.c ****         return 1.0f;
 199              		.loc 1 79 16 view .LVU45
 200 000a B7EE000A 		vmov.f32	s0, #1.0e+0
 201              	.LVL15:
 202              		.loc 1 79 16 view .LVU46
 203 000e 7047     		bx	lr
 204              	.LVL16:
 205              	.L16:
  80:modules/algorithm/user_lib.c ****     }
  81:modules/algorithm/user_lib.c ****     else
  82:modules/algorithm/user_lib.c ****     {
  83:modules/algorithm/user_lib.c ****         return -1.0f;
 206              		.loc 1 83 16 view .LVU47
 207 0010 BFEE000A 		vmov.f32	s0, #-1.0e+0
 208              	.LVL17:
ARM GAS  C:\Users\Administrator\AppData\Local\Temp\ccCCuCma.s 			page 6


  84:modules/algorithm/user_lib.c ****     }
  85:modules/algorithm/user_lib.c **** }
 209              		.loc 1 85 1 view .LVU48
 210 0014 7047     		bx	lr
 211              		.cfi_endproc
 212              	.LFE276:
 214              		.section	.text.float_deadband,"ax",%progbits
 215              		.align	1
 216              		.global	float_deadband
 217              		.syntax unified
 218              		.thumb
 219              		.thumb_func
 221              	float_deadband:
 222              	.LVL18:
 223              	.LFB277:
  86:modules/algorithm/user_lib.c **** 
  87:modules/algorithm/user_lib.c **** // 浮点死区
  88:modules/algorithm/user_lib.c **** float float_deadband(float Value, float minValue, float maxValue)
  89:modules/algorithm/user_lib.c **** {
 224              		.loc 1 89 1 is_stmt 1 view -0
 225              		.cfi_startproc
 226              		@ args = 0, pretend = 0, frame = 0
 227              		@ frame_needed = 0, uses_anonymous_args = 0
 228              		@ link register save eliminated.
  90:modules/algorithm/user_lib.c ****     if (Value < maxValue && Value > minValue)
 229              		.loc 1 90 5 view .LVU50
 230              		.loc 1 90 8 is_stmt 0 view .LVU51
 231 0000 B4EEC01A 		vcmpe.f32	s2, s0
 232 0004 F1EE10FA 		vmrs	APSR_nzcv, FPSCR
 233 0008 06DD     		ble	.L18
 234              		.loc 1 90 26 discriminator 1 view .LVU52
 235 000a B4EEE00A 		vcmpe.f32	s0, s1
 236 000e F1EE10FA 		vmrs	APSR_nzcv, FPSCR
 237 0012 01DD     		ble	.L18
  91:modules/algorithm/user_lib.c ****     {
  92:modules/algorithm/user_lib.c ****         Value = 0.0f;
 238              		.loc 1 92 15 view .LVU53
 239 0014 9FED010A 		vldr.32	s0, .L22
 240              	.LVL19:
 241              	.L18:
  93:modules/algorithm/user_lib.c ****     }
  94:modules/algorithm/user_lib.c ****     return Value;
 242              		.loc 1 94 5 is_stmt 1 view .LVU54
  95:modules/algorithm/user_lib.c **** }
 243              		.loc 1 95 1 is_stmt 0 view .LVU55
 244 0018 7047     		bx	lr
 245              	.L23:
 246 001a 00BF     		.align	2
 247              	.L22:
 248 001c 00000000 		.word	0
 249              		.cfi_endproc
 250              	.LFE277:
 252              		.section	.text.floatEqual,"ax",%progbits
 253              		.align	1
 254              		.global	floatEqual
 255              		.syntax unified
 256              		.thumb
ARM GAS  C:\Users\Administrator\AppData\Local\Temp\ccCCuCma.s 			page 7


 257              		.thumb_func
 259              	floatEqual:
 260              	.LVL20:
 261              	.LFB278:
  96:modules/algorithm/user_lib.c **** 
  97:modules/algorithm/user_lib.c **** // 判断数值相等
  98:modules/algorithm/user_lib.c **** float floatEqual(float num, float Value)
  99:modules/algorithm/user_lib.c **** {
 262              		.loc 1 99 1 is_stmt 1 view -0
 263              		.cfi_startproc
 264              		@ args = 0, pretend = 0, frame = 0
 265              		@ frame_needed = 0, uses_anonymous_args = 0
 266              		@ link register save eliminated.
 100:modules/algorithm/user_lib.c ****     return (num <= (Value + 1.192092896e-07f)) && (num >= (Value - 1.192092896e-07f));
 267              		.loc 1 100 5 view .LVU57
 268              		.loc 1 100 27 is_stmt 0 view .LVU58
 269 0000 DFED0E7A 		vldr.32	s15, .L31
 270 0004 70EEA77A 		vadd.f32	s15, s1, s15
 271              		.loc 1 100 48 view .LVU59
 272 0008 F4EEC07A 		vcmpe.f32	s15, s0
 273 000c F1EE10FA 		vmrs	APSR_nzcv, FPSCR
 274 0010 0BDB     		blt	.L30
 275              		.loc 1 100 66 discriminator 1 view .LVU60
 276 0012 DFED0A7A 		vldr.32	s15, .L31
 277 0016 70EEE70A 		vsub.f32	s1, s1, s15
 278              	.LVL21:
 279              		.loc 1 100 48 discriminator 1 view .LVU61
 280 001a F4EEC00A 		vcmpe.f32	s1, s0
 281 001e F1EE10FA 		vmrs	APSR_nzcv, FPSCR
 282 0022 07D9     		bls	.L28
 283              		.loc 1 100 48 discriminator 4 view .LVU62
 284 0024 9FED060A 		vldr.32	s0, .L31+4	@ int
 285              	.LVL22:
 286              		.loc 1 100 48 discriminator 4 view .LVU63
 287 0028 01E0     		b	.L25
 288              	.LVL23:
 289              	.L30:
 290              		.loc 1 100 48 discriminator 4 view .LVU64
 291 002a 9FED050A 		vldr.32	s0, .L31+4	@ int
 292              	.LVL24:
 293              	.L25:
 101:modules/algorithm/user_lib.c **** }
 294              		.loc 1 101 1 view .LVU65
 295 002e B8EEC00A 		vcvt.f32.s32	s0, s0
 296 0032 7047     		bx	lr
 297              	.LVL25:
 298              	.L28:
 100:modules/algorithm/user_lib.c ****     return (num <= (Value + 1.192092896e-07f)) && (num >= (Value - 1.192092896e-07f));
 299              		.loc 1 100 48 discriminator 3 view .LVU66
 300 0034 9FED030A 		vldr.32	s0, .L31+8	@ int
 301              	.LVL26:
 100:modules/algorithm/user_lib.c ****     return (num <= (Value + 1.192092896e-07f)) && (num >= (Value - 1.192092896e-07f));
 302              		.loc 1 100 48 discriminator 3 view .LVU67
 303 0038 F9E7     		b	.L25
 304              	.L32:
 305 003a 00BF     		.align	2
 306              	.L31:
ARM GAS  C:\Users\Administrator\AppData\Local\Temp\ccCCuCma.s 			page 8


 307 003c 00000034 		.word	872415232
 308 0040 00000000 		.word	0
 309 0044 01000000 		.word	1
 310              		.cfi_endproc
 311              	.LFE278:
 313              		.section	.text.float_constrain,"ax",%progbits
 314              		.align	1
 315              		.global	float_constrain
 316              		.syntax unified
 317              		.thumb
 318              		.thumb_func
 320              	float_constrain:
 321              	.LVL27:
 322              	.LFB279:
 102:modules/algorithm/user_lib.c **** 
 103:modules/algorithm/user_lib.c **** // 限幅函数
 104:modules/algorithm/user_lib.c **** float float_constrain(float Value, float minValue, float maxValue)
 105:modules/algorithm/user_lib.c **** {
 323              		.loc 1 105 1 is_stmt 1 view -0
 324              		.cfi_startproc
 325              		@ args = 0, pretend = 0, frame = 0
 326              		@ frame_needed = 0, uses_anonymous_args = 0
 327              		@ link register save eliminated.
 106:modules/algorithm/user_lib.c ****     if (Value < minValue)
 328              		.loc 1 106 5 view .LVU69
 329              		.loc 1 106 8 is_stmt 0 view .LVU70
 330 0000 B4EEE00A 		vcmpe.f32	s0, s1
 331 0004 F1EE10FA 		vmrs	APSR_nzcv, FPSCR
 332 0008 07D4     		bmi	.L36
 107:modules/algorithm/user_lib.c ****         return minValue;
 108:modules/algorithm/user_lib.c ****     else if (Value > maxValue)
 333              		.loc 1 108 10 is_stmt 1 view .LVU71
 334              		.loc 1 108 13 is_stmt 0 view .LVU72
 335 000a B4EEC10A 		vcmpe.f32	s0, s2
 336 000e F1EE10FA 		vmrs	APSR_nzcv, FPSCR
 337 0012 04DD     		ble	.L33
 109:modules/algorithm/user_lib.c ****         return maxValue;
 338              		.loc 1 109 16 view .LVU73
 339 0014 B0EE410A 		vmov.f32	s0, s2
 340              	.LVL28:
 341              		.loc 1 109 16 view .LVU74
 342 0018 7047     		bx	lr
 343              	.LVL29:
 344              	.L36:
 107:modules/algorithm/user_lib.c ****         return minValue;
 345              		.loc 1 107 16 view .LVU75
 346 001a B0EE600A 		vmov.f32	s0, s1
 347              	.LVL30:
 348              	.L33:
 110:modules/algorithm/user_lib.c ****     else
 111:modules/algorithm/user_lib.c ****         return Value;
 112:modules/algorithm/user_lib.c **** }
 349              		.loc 1 112 1 view .LVU76
 350 001e 7047     		bx	lr
 351              		.cfi_endproc
 352              	.LFE279:
 354              		.section	.text.int16_constrain,"ax",%progbits
ARM GAS  C:\Users\Administrator\AppData\Local\Temp\ccCCuCma.s 			page 9


 355              		.align	1
 356              		.global	int16_constrain
 357              		.syntax unified
 358              		.thumb
 359              		.thumb_func
 361              	int16_constrain:
 362              	.LVL31:
 363              	.LFB280:
 113:modules/algorithm/user_lib.c **** 
 114:modules/algorithm/user_lib.c **** // 限幅函数
 115:modules/algorithm/user_lib.c **** int16_t int16_constrain(int16_t Value, int16_t minValue, int16_t maxValue)
 116:modules/algorithm/user_lib.c **** {
 364              		.loc 1 116 1 is_stmt 1 view -0
 365              		.cfi_startproc
 366              		@ args = 0, pretend = 0, frame = 0
 367              		@ frame_needed = 0, uses_anonymous_args = 0
 368              		@ link register save eliminated.
 117:modules/algorithm/user_lib.c ****     if (Value < minValue)
 369              		.loc 1 117 5 view .LVU78
 370              		.loc 1 117 8 is_stmt 0 view .LVU79
 371 0000 8842     		cmp	r0, r1
 372 0002 03DB     		blt	.L42
 118:modules/algorithm/user_lib.c ****         return minValue;
 119:modules/algorithm/user_lib.c ****     else if (Value > maxValue)
 373              		.loc 1 119 10 is_stmt 1 view .LVU80
 374              		.loc 1 119 13 is_stmt 0 view .LVU81
 375 0004 9042     		cmp	r0, r2
 376 0006 02DD     		ble	.L41
 120:modules/algorithm/user_lib.c ****         return maxValue;
 377              		.loc 1 120 16 view .LVU82
 378 0008 1046     		mov	r0, r2
 379              	.LVL32:
 380              		.loc 1 120 16 view .LVU83
 381 000a 7047     		bx	lr
 382              	.LVL33:
 383              	.L42:
 118:modules/algorithm/user_lib.c ****         return minValue;
 384              		.loc 1 118 16 view .LVU84
 385 000c 0846     		mov	r0, r1
 386              	.LVL34:
 387              	.L41:
 121:modules/algorithm/user_lib.c ****     else
 122:modules/algorithm/user_lib.c ****         return Value;
 123:modules/algorithm/user_lib.c **** }
 388              		.loc 1 123 1 view .LVU85
 389 000e 7047     		bx	lr
 390              		.cfi_endproc
 391              	.LFE280:
 393              		.section	.text.loop_float_constrain,"ax",%progbits
 394              		.align	1
 395              		.global	loop_float_constrain
 396              		.syntax unified
 397              		.thumb
 398              		.thumb_func
 400              	loop_float_constrain:
 401              	.LVL35:
 402              	.LFB281:
ARM GAS  C:\Users\Administrator\AppData\Local\Temp\ccCCuCma.s 			page 10


 124:modules/algorithm/user_lib.c **** 
 125:modules/algorithm/user_lib.c **** // 循环限幅函数
 126:modules/algorithm/user_lib.c **** float loop_float_constrain(float Input, float minValue, float maxValue)
 127:modules/algorithm/user_lib.c **** {
 403              		.loc 1 127 1 is_stmt 1 view -0
 404              		.cfi_startproc
 405              		@ args = 0, pretend = 0, frame = 0
 406              		@ frame_needed = 0, uses_anonymous_args = 0
 407              		@ link register save eliminated.
 128:modules/algorithm/user_lib.c ****     if (maxValue < minValue)
 408              		.loc 1 128 5 view .LVU87
 409              		.loc 1 128 8 is_stmt 0 view .LVU88
 410 0000 B4EEE01A 		vcmpe.f32	s2, s1
 411 0004 F1EE10FA 		vmrs	APSR_nzcv, FPSCR
 412 0008 1ED4     		bmi	.L45
 129:modules/algorithm/user_lib.c ****     {
 130:modules/algorithm/user_lib.c ****         return Input;
 131:modules/algorithm/user_lib.c ****     }
 132:modules/algorithm/user_lib.c **** 
 133:modules/algorithm/user_lib.c ****     if (Input > maxValue)
 413              		.loc 1 133 5 is_stmt 1 view .LVU89
 414              		.loc 1 133 8 is_stmt 0 view .LVU90
 415 000a B4EEC01A 		vcmpe.f32	s2, s0
 416 000e F1EE10FA 		vmrs	APSR_nzcv, FPSCR
 417 0012 0AD5     		bpl	.L55
 418              	.LBB2:
 134:modules/algorithm/user_lib.c ****     {
 135:modules/algorithm/user_lib.c ****         float len = maxValue - minValue;
 419              		.loc 1 135 9 is_stmt 1 view .LVU91
 420              		.loc 1 135 15 is_stmt 0 view .LVU92
 421 0014 71EE600A 		vsub.f32	s1, s2, s1
 422              	.LVL36:
 136:modules/algorithm/user_lib.c ****         while (Input > maxValue)
 423              		.loc 1 136 9 is_stmt 1 view .LVU93
 424              		.loc 1 136 15 is_stmt 0 view .LVU94
 425 0018 01E0     		b	.L48
 426              	.L49:
 137:modules/algorithm/user_lib.c ****         {
 138:modules/algorithm/user_lib.c ****             Input -= len;
 427              		.loc 1 138 13 is_stmt 1 view .LVU95
 428              		.loc 1 138 19 is_stmt 0 view .LVU96
 429 001a 30EE600A 		vsub.f32	s0, s0, s1
 430              	.LVL37:
 431              	.L48:
 136:modules/algorithm/user_lib.c ****         while (Input > maxValue)
 432              		.loc 1 136 22 is_stmt 1 view .LVU97
 433 001e B4EEC10A 		vcmpe.f32	s0, s2
 434 0022 F1EE10FA 		vmrs	APSR_nzcv, FPSCR
 435 0026 F8DC     		bgt	.L49
 436 0028 7047     		bx	lr
 437              	.LVL38:
 438              	.L55:
 136:modules/algorithm/user_lib.c ****         while (Input > maxValue)
 439              		.loc 1 136 22 is_stmt 0 view .LVU98
 440              	.LBE2:
 139:modules/algorithm/user_lib.c ****         }
 140:modules/algorithm/user_lib.c ****     }
ARM GAS  C:\Users\Administrator\AppData\Local\Temp\ccCCuCma.s 			page 11


 141:modules/algorithm/user_lib.c ****     else if (Input < minValue)
 441              		.loc 1 141 10 is_stmt 1 view .LVU99
 442              		.loc 1 141 13 is_stmt 0 view .LVU100
 443 002a F4EEC00A 		vcmpe.f32	s1, s0
 444 002e F1EE10FA 		vmrs	APSR_nzcv, FPSCR
 445 0032 09DD     		ble	.L45
 446              	.LBB3:
 142:modules/algorithm/user_lib.c ****     {
 143:modules/algorithm/user_lib.c ****         float len = maxValue - minValue;
 447              		.loc 1 143 9 is_stmt 1 view .LVU101
 448              		.loc 1 143 15 is_stmt 0 view .LVU102
 449 0034 31EE601A 		vsub.f32	s2, s2, s1
 450              	.LVL39:
 144:modules/algorithm/user_lib.c ****         while (Input < minValue)
 451              		.loc 1 144 9 is_stmt 1 view .LVU103
 452              		.loc 1 144 15 is_stmt 0 view .LVU104
 453 0038 01E0     		b	.L51
 454              	.L52:
 145:modules/algorithm/user_lib.c ****         {
 146:modules/algorithm/user_lib.c ****             Input += len;
 455              		.loc 1 146 13 is_stmt 1 view .LVU105
 456              		.loc 1 146 19 is_stmt 0 view .LVU106
 457 003a 30EE010A 		vadd.f32	s0, s0, s2
 458              	.LVL40:
 459              	.L51:
 144:modules/algorithm/user_lib.c ****         while (Input < minValue)
 460              		.loc 1 144 22 is_stmt 1 view .LVU107
 461 003e B4EEE00A 		vcmpe.f32	s0, s1
 462 0042 F1EE10FA 		vmrs	APSR_nzcv, FPSCR
 463 0046 F8D4     		bmi	.L52
 464              	.LVL41:
 465              	.L45:
 144:modules/algorithm/user_lib.c ****         while (Input < minValue)
 466              		.loc 1 144 22 is_stmt 0 view .LVU108
 467              	.LBE3:
 147:modules/algorithm/user_lib.c ****         }
 148:modules/algorithm/user_lib.c ****     }
 149:modules/algorithm/user_lib.c ****     return Input;
 150:modules/algorithm/user_lib.c **** }
 468              		.loc 1 150 1 view .LVU109
 469 0048 7047     		bx	lr
 470              		.cfi_endproc
 471              	.LFE281:
 473              		.section	.text.theta_format,"ax",%progbits
 474              		.align	1
 475              		.global	theta_format
 476              		.syntax unified
 477              		.thumb
 478              		.thumb_func
 480              	theta_format:
 481              	.LVL42:
 482              	.LFB282:
 151:modules/algorithm/user_lib.c **** 
 152:modules/algorithm/user_lib.c **** // 弧度格式化为-PI~PI
 153:modules/algorithm/user_lib.c **** 
 154:modules/algorithm/user_lib.c **** // 角度格式化为-180~180
 155:modules/algorithm/user_lib.c **** float theta_format(float Ang)
ARM GAS  C:\Users\Administrator\AppData\Local\Temp\ccCCuCma.s 			page 12


 156:modules/algorithm/user_lib.c **** {
 483              		.loc 1 156 1 is_stmt 1 view -0
 484              		.cfi_startproc
 485              		@ args = 0, pretend = 0, frame = 0
 486              		@ frame_needed = 0, uses_anonymous_args = 0
 487              		.loc 1 156 1 is_stmt 0 view .LVU111
 488 0000 08B5     		push	{r3, lr}
 489              		.cfi_def_cfa_offset 8
 490              		.cfi_offset 3, -8
 491              		.cfi_offset 14, -4
 157:modules/algorithm/user_lib.c ****     return loop_float_constrain(Ang, -180.0f, 180.0f);
 492              		.loc 1 157 5 is_stmt 1 view .LVU112
 493              		.loc 1 157 12 is_stmt 0 view .LVU113
 494 0002 9FED031A 		vldr.32	s2, .L58
 495 0006 DFED030A 		vldr.32	s1, .L58+4
 496 000a FFF7FEFF 		bl	loop_float_constrain
 497              	.LVL43:
 158:modules/algorithm/user_lib.c **** }
 498              		.loc 1 158 1 view .LVU114
 499 000e 08BD     		pop	{r3, pc}
 500              	.L59:
 501              		.align	2
 502              	.L58:
 503 0010 00003443 		.word	1127481344
 504 0014 000034C3 		.word	-1020002304
 505              		.cfi_endproc
 506              	.LFE282:
 508              		.section	.text.float_rounding,"ax",%progbits
 509              		.align	1
 510              		.global	float_rounding
 511              		.syntax unified
 512              		.thumb
 513              		.thumb_func
 515              	float_rounding:
 516              	.LVL44:
 517              	.LFB283:
 159:modules/algorithm/user_lib.c **** 
 160:modules/algorithm/user_lib.c **** int float_rounding(float raw)
 161:modules/algorithm/user_lib.c **** {
 518              		.loc 1 161 1 is_stmt 1 view -0
 519              		.cfi_startproc
 520              		@ args = 0, pretend = 0, frame = 0
 521              		@ frame_needed = 0, uses_anonymous_args = 0
 522              		@ link register save eliminated.
 162:modules/algorithm/user_lib.c ****     static int integer;
 523              		.loc 1 162 5 view .LVU116
 163:modules/algorithm/user_lib.c ****     static float decimal;
 524              		.loc 1 163 5 view .LVU117
 164:modules/algorithm/user_lib.c ****     integer = (int)raw;
 525              		.loc 1 164 5 view .LVU118
 526              		.loc 1 164 15 is_stmt 0 view .LVU119
 527 0000 FDEEC07A 		vcvt.s32.f32	s15, s0
 528              		.loc 1 164 13 view .LVU120
 529 0004 0C4B     		ldr	r3, .L64
 530 0006 C3ED007A 		vstr.32	s15, [r3]	@ int
 165:modules/algorithm/user_lib.c ****     decimal = raw - integer;
 531              		.loc 1 165 5 is_stmt 1 view .LVU121
ARM GAS  C:\Users\Administrator\AppData\Local\Temp\ccCCuCma.s 			page 13


 532              		.loc 1 165 19 is_stmt 0 view .LVU122
 533 000a B8EEE77A 		vcvt.f32.s32	s14, s15
 534 000e 30EE470A 		vsub.f32	s0, s0, s14
 535              	.LVL45:
 536              		.loc 1 165 13 view .LVU123
 537 0012 0A4B     		ldr	r3, .L64+4
 538 0014 83ED000A 		vstr.32	s0, [r3]
 166:modules/algorithm/user_lib.c ****     if (decimal > 0.5f)
 539              		.loc 1 166 5 is_stmt 1 view .LVU124
 540              		.loc 1 166 8 is_stmt 0 view .LVU125
 541 0018 B6EE007A 		vmov.f32	s14, #5.0e-1
 542 001c B4EEC70A 		vcmpe.f32	s0, s14
 543 0020 F1EE10FA 		vmrs	APSR_nzcv, FPSCR
 544 0024 04DD     		ble	.L61
 167:modules/algorithm/user_lib.c ****         integer++;
 545              		.loc 1 167 9 is_stmt 1 view .LVU126
 546              		.loc 1 167 16 is_stmt 0 view .LVU127
 547 0026 17EE903A 		vmov	r3, s15	@ int
 548 002a 0133     		adds	r3, r3, #1
 549 002c 024A     		ldr	r2, .L64
 550 002e 1360     		str	r3, [r2]
 551              	.L61:
 168:modules/algorithm/user_lib.c ****     return integer;
 552              		.loc 1 168 5 is_stmt 1 view .LVU128
 169:modules/algorithm/user_lib.c **** }
 553              		.loc 1 169 1 is_stmt 0 view .LVU129
 554 0030 014B     		ldr	r3, .L64
 555 0032 1868     		ldr	r0, [r3]
 556 0034 7047     		bx	lr
 557              	.L65:
 558 0036 00BF     		.align	2
 559              	.L64:
 560 0038 00000000 		.word	integer.1
 561 003c 00000000 		.word	decimal.0
 562              		.cfi_endproc
 563              	.LFE283:
 565              		.section	.text.Norm3d,"ax",%progbits
 566              		.align	1
 567              		.global	Norm3d
 568              		.syntax unified
 569              		.thumb
 570              		.thumb_func
 572              	Norm3d:
 573              	.LVL46:
 574              	.LFB284:
 170:modules/algorithm/user_lib.c **** 
 171:modules/algorithm/user_lib.c **** // 三维向量归一化
 172:modules/algorithm/user_lib.c **** float *Norm3d(float *v)
 173:modules/algorithm/user_lib.c **** {
 575              		.loc 1 173 1 is_stmt 1 view -0
 576              		.cfi_startproc
 577              		@ args = 0, pretend = 0, frame = 0
 578              		@ frame_needed = 0, uses_anonymous_args = 0
 579              		.loc 1 173 1 is_stmt 0 view .LVU131
 580 0000 10B5     		push	{r4, lr}
 581              		.cfi_def_cfa_offset 8
 582              		.cfi_offset 4, -8
ARM GAS  C:\Users\Administrator\AppData\Local\Temp\ccCCuCma.s 			page 14


 583              		.cfi_offset 14, -4
 584 0002 2DED048B 		vpush.64	{d8, d9}
 585              		.cfi_def_cfa_offset 24
 586              		.cfi_offset 80, -24
 587              		.cfi_offset 81, -20
 588              		.cfi_offset 82, -16
 589              		.cfi_offset 83, -12
 590 0006 0446     		mov	r4, r0
 174:modules/algorithm/user_lib.c ****     float len = Sqrt(v[0] * v[0] + v[1] * v[1] + v[2] * v[2]);
 591              		.loc 1 174 5 is_stmt 1 view .LVU132
 592              		.loc 1 174 23 is_stmt 0 view .LVU133
 593 0008 90ED009A 		vldr.32	s18, [r0]
 594              		.loc 1 174 27 view .LVU134
 595 000c 69EE097A 		vmul.f32	s15, s18, s18
 596              		.loc 1 174 37 view .LVU135
 597 0010 D0ED018A 		vldr.32	s17, [r0, #4]
 598              		.loc 1 174 41 view .LVU136
 599 0014 28EEA87A 		vmul.f32	s14, s17, s17
 600              		.loc 1 174 34 view .LVU137
 601 0018 77EE877A 		vadd.f32	s15, s15, s14
 602              		.loc 1 174 51 view .LVU138
 603 001c 90ED028A 		vldr.32	s16, [r0, #8]
 604              		.loc 1 174 55 view .LVU139
 605 0020 28EE080A 		vmul.f32	s0, s16, s16
 606              		.loc 1 174 17 view .LVU140
 607 0024 37EE800A 		vadd.f32	s0, s15, s0
 608 0028 FFF7FEFF 		bl	Sqrt
 609              	.LVL47:
 175:modules/algorithm/user_lib.c ****     v[0] /= len;
 610              		.loc 1 175 5 is_stmt 1 view .LVU141
 611              		.loc 1 175 10 is_stmt 0 view .LVU142
 612 002c C9EE007A 		vdiv.f32	s15, s18, s0
 613 0030 C4ED007A 		vstr.32	s15, [r4]
 176:modules/algorithm/user_lib.c ****     v[1] /= len;
 614              		.loc 1 176 5 is_stmt 1 view .LVU143
 615              		.loc 1 176 10 is_stmt 0 view .LVU144
 616 0034 C8EE807A 		vdiv.f32	s15, s17, s0
 617 0038 C4ED017A 		vstr.32	s15, [r4, #4]
 177:modules/algorithm/user_lib.c ****     v[2] /= len;
 618              		.loc 1 177 5 is_stmt 1 view .LVU145
 619              		.loc 1 177 10 is_stmt 0 view .LVU146
 620 003c C8EE007A 		vdiv.f32	s15, s16, s0
 621 0040 C4ED027A 		vstr.32	s15, [r4, #8]
 178:modules/algorithm/user_lib.c ****     return v;
 622              		.loc 1 178 5 is_stmt 1 view .LVU147
 179:modules/algorithm/user_lib.c **** }
 623              		.loc 1 179 1 is_stmt 0 view .LVU148
 624 0044 2046     		mov	r0, r4
 625 0046 BDEC048B 		vldm	sp!, {d8-d9}
 626              		.cfi_restore 82
 627              		.cfi_restore 83
 628              		.cfi_restore 80
 629              		.cfi_restore 81
 630              		.cfi_def_cfa_offset 8
 631 004a 10BD     		pop	{r4, pc}
 632              		.loc 1 179 1 view .LVU149
 633              		.cfi_endproc
ARM GAS  C:\Users\Administrator\AppData\Local\Temp\ccCCuCma.s 			page 15


 634              	.LFE284:
 636              		.section	.text.NormOf3d,"ax",%progbits
 637              		.align	1
 638              		.global	NormOf3d
 639              		.syntax unified
 640              		.thumb
 641              		.thumb_func
 643              	NormOf3d:
 644              	.LVL48:
 645              	.LFB285:
 180:modules/algorithm/user_lib.c **** 
 181:modules/algorithm/user_lib.c **** // 计算模长
 182:modules/algorithm/user_lib.c **** float NormOf3d(float *v)
 183:modules/algorithm/user_lib.c **** {
 646              		.loc 1 183 1 is_stmt 1 view -0
 647              		.cfi_startproc
 648              		@ args = 0, pretend = 0, frame = 0
 649              		@ frame_needed = 0, uses_anonymous_args = 0
 650              		.loc 1 183 1 is_stmt 0 view .LVU151
 651 0000 08B5     		push	{r3, lr}
 652              		.cfi_def_cfa_offset 8
 653              		.cfi_offset 3, -8
 654              		.cfi_offset 14, -4
 184:modules/algorithm/user_lib.c ****     return Sqrt(v[0] * v[0] + v[1] * v[1] + v[2] * v[2]);
 655              		.loc 1 184 5 is_stmt 1 view .LVU152
 656              		.loc 1 184 18 is_stmt 0 view .LVU153
 657 0002 90ED000A 		vldr.32	s0, [r0]
 658              		.loc 1 184 22 view .LVU154
 659 0006 20EE000A 		vmul.f32	s0, s0, s0
 660              		.loc 1 184 32 view .LVU155
 661 000a D0ED017A 		vldr.32	s15, [r0, #4]
 662              		.loc 1 184 36 view .LVU156
 663 000e 67EEA77A 		vmul.f32	s15, s15, s15
 664              		.loc 1 184 29 view .LVU157
 665 0012 70EE277A 		vadd.f32	s15, s0, s15
 666              		.loc 1 184 46 view .LVU158
 667 0016 90ED020A 		vldr.32	s0, [r0, #8]
 668              		.loc 1 184 50 view .LVU159
 669 001a 20EE000A 		vmul.f32	s0, s0, s0
 670              		.loc 1 184 12 view .LVU160
 671 001e 37EE800A 		vadd.f32	s0, s15, s0
 672 0022 FFF7FEFF 		bl	Sqrt
 673              	.LVL49:
 185:modules/algorithm/user_lib.c **** }
 674              		.loc 1 185 1 view .LVU161
 675 0026 08BD     		pop	{r3, pc}
 676              		.cfi_endproc
 677              	.LFE285:
 679              		.section	.text.Cross3d,"ax",%progbits
 680              		.align	1
 681              		.global	Cross3d
 682              		.syntax unified
 683              		.thumb
 684              		.thumb_func
 686              	Cross3d:
 687              	.LVL50:
 688              	.LFB286:
ARM GAS  C:\Users\Administrator\AppData\Local\Temp\ccCCuCma.s 			page 16


 186:modules/algorithm/user_lib.c **** 
 187:modules/algorithm/user_lib.c **** // 三维向量叉乘v1 x v2
 188:modules/algorithm/user_lib.c **** void Cross3d(float *v1, float *v2, float *res)
 189:modules/algorithm/user_lib.c **** {
 689              		.loc 1 189 1 is_stmt 1 view -0
 690              		.cfi_startproc
 691              		@ args = 0, pretend = 0, frame = 0
 692              		@ frame_needed = 0, uses_anonymous_args = 0
 693              		@ link register save eliminated.
 190:modules/algorithm/user_lib.c ****     res[0] = v1[1] * v2[2] - v1[2] * v2[1];
 694              		.loc 1 190 5 view .LVU163
 695              		.loc 1 190 16 is_stmt 0 view .LVU164
 696 0000 D0ED017A 		vldr.32	s15, [r0, #4]
 697              		.loc 1 190 24 view .LVU165
 698 0004 91ED027A 		vldr.32	s14, [r1, #8]
 699              		.loc 1 190 20 view .LVU166
 700 0008 67EE877A 		vmul.f32	s15, s15, s14
 701              		.loc 1 190 32 view .LVU167
 702 000c 90ED027A 		vldr.32	s14, [r0, #8]
 703              		.loc 1 190 40 view .LVU168
 704 0010 D1ED016A 		vldr.32	s13, [r1, #4]
 705              		.loc 1 190 36 view .LVU169
 706 0014 27EE267A 		vmul.f32	s14, s14, s13
 707              		.loc 1 190 28 view .LVU170
 708 0018 77EEC77A 		vsub.f32	s15, s15, s14
 709              		.loc 1 190 12 view .LVU171
 710 001c C2ED007A 		vstr.32	s15, [r2]
 191:modules/algorithm/user_lib.c ****     res[1] = v1[2] * v2[0] - v1[0] * v2[2];
 711              		.loc 1 191 5 is_stmt 1 view .LVU172
 712              		.loc 1 191 16 is_stmt 0 view .LVU173
 713 0020 D0ED027A 		vldr.32	s15, [r0, #8]
 714              		.loc 1 191 24 view .LVU174
 715 0024 91ED007A 		vldr.32	s14, [r1]
 716              		.loc 1 191 20 view .LVU175
 717 0028 67EE877A 		vmul.f32	s15, s15, s14
 718              		.loc 1 191 32 view .LVU176
 719 002c 90ED007A 		vldr.32	s14, [r0]
 720              		.loc 1 191 40 view .LVU177
 721 0030 D1ED026A 		vldr.32	s13, [r1, #8]
 722              		.loc 1 191 36 view .LVU178
 723 0034 27EE267A 		vmul.f32	s14, s14, s13
 724              		.loc 1 191 28 view .LVU179
 725 0038 77EEC77A 		vsub.f32	s15, s15, s14
 726              		.loc 1 191 12 view .LVU180
 727 003c C2ED017A 		vstr.32	s15, [r2, #4]
 192:modules/algorithm/user_lib.c ****     res[2] = v1[0] * v2[1] - v1[1] * v2[0];
 728              		.loc 1 192 5 is_stmt 1 view .LVU181
 729              		.loc 1 192 16 is_stmt 0 view .LVU182
 730 0040 D0ED007A 		vldr.32	s15, [r0]
 731              		.loc 1 192 24 view .LVU183
 732 0044 91ED017A 		vldr.32	s14, [r1, #4]
 733              		.loc 1 192 20 view .LVU184
 734 0048 67EE877A 		vmul.f32	s15, s15, s14
 735              		.loc 1 192 32 view .LVU185
 736 004c 90ED017A 		vldr.32	s14, [r0, #4]
 737              		.loc 1 192 40 view .LVU186
 738 0050 D1ED006A 		vldr.32	s13, [r1]
ARM GAS  C:\Users\Administrator\AppData\Local\Temp\ccCCuCma.s 			page 17


 739              		.loc 1 192 36 view .LVU187
 740 0054 27EE267A 		vmul.f32	s14, s14, s13
 741              		.loc 1 192 28 view .LVU188
 742 0058 77EEC77A 		vsub.f32	s15, s15, s14
 743              		.loc 1 192 12 view .LVU189
 744 005c C2ED027A 		vstr.32	s15, [r2, #8]
 193:modules/algorithm/user_lib.c **** }
 745              		.loc 1 193 1 view .LVU190
 746 0060 7047     		bx	lr
 747              		.cfi_endproc
 748              	.LFE286:
 750              		.section	.text.Dot3d,"ax",%progbits
 751              		.align	1
 752              		.global	Dot3d
 753              		.syntax unified
 754              		.thumb
 755              		.thumb_func
 757              	Dot3d:
 758              	.LVL51:
 759              	.LFB287:
 194:modules/algorithm/user_lib.c **** 
 195:modules/algorithm/user_lib.c **** // 三维向量点乘
 196:modules/algorithm/user_lib.c **** float Dot3d(float *v1, float *v2)
 197:modules/algorithm/user_lib.c **** {
 760              		.loc 1 197 1 is_stmt 1 view -0
 761              		.cfi_startproc
 762              		@ args = 0, pretend = 0, frame = 0
 763              		@ frame_needed = 0, uses_anonymous_args = 0
 764              		@ link register save eliminated.
 198:modules/algorithm/user_lib.c ****     return v1[0] * v2[0] + v1[1] * v2[1] + v1[2] * v2[2];
 765              		.loc 1 198 5 view .LVU192
 766              		.loc 1 198 14 is_stmt 0 view .LVU193
 767 0000 D0ED007A 		vldr.32	s15, [r0]
 768              		.loc 1 198 22 view .LVU194
 769 0004 91ED007A 		vldr.32	s14, [r1]
 770              		.loc 1 198 18 view .LVU195
 771 0008 67EE877A 		vmul.f32	s15, s15, s14
 772              		.loc 1 198 30 view .LVU196
 773 000c 90ED017A 		vldr.32	s14, [r0, #4]
 774              		.loc 1 198 38 view .LVU197
 775 0010 D1ED016A 		vldr.32	s13, [r1, #4]
 776              		.loc 1 198 34 view .LVU198
 777 0014 27EE267A 		vmul.f32	s14, s14, s13
 778              		.loc 1 198 26 view .LVU199
 779 0018 77EE877A 		vadd.f32	s15, s15, s14
 780              		.loc 1 198 46 view .LVU200
 781 001c 90ED020A 		vldr.32	s0, [r0, #8]
 782              		.loc 1 198 54 view .LVU201
 783 0020 91ED027A 		vldr.32	s14, [r1, #8]
 784              		.loc 1 198 50 view .LVU202
 785 0024 20EE070A 		vmul.f32	s0, s0, s14
 199:modules/algorithm/user_lib.c **** }
 786              		.loc 1 199 1 view .LVU203
 787 0028 37EE800A 		vadd.f32	s0, s15, s0
 788 002c 7047     		bx	lr
 789              		.cfi_endproc
 790              	.LFE287:
ARM GAS  C:\Users\Administrator\AppData\Local\Temp\ccCCuCma.s 			page 18


 792              		.section	.text.AverageFilter,"ax",%progbits
 793              		.align	1
 794              		.global	AverageFilter
 795              		.syntax unified
 796              		.thumb
 797              		.thumb_func
 799              	AverageFilter:
 800              	.LVL52:
 801              	.LFB288:
 200:modules/algorithm/user_lib.c **** 
 201:modules/algorithm/user_lib.c **** // 均值滤波,删除buffer中的最后一个元素,填入新的元素并求平均值
 202:modules/algorithm/user_lib.c **** float AverageFilter(float new_data, float *buf, uint8_t len)
 203:modules/algorithm/user_lib.c **** {
 802              		.loc 1 203 1 is_stmt 1 view -0
 803              		.cfi_startproc
 804              		@ args = 0, pretend = 0, frame = 0
 805              		@ frame_needed = 0, uses_anonymous_args = 0
 806              		@ link register save eliminated.
 204:modules/algorithm/user_lib.c ****     float sum = 0;
 807              		.loc 1 204 5 view .LVU205
 205:modules/algorithm/user_lib.c ****     for (uint8_t i = 0; i < len - 1; i++)
 808              		.loc 1 205 5 view .LVU206
 809              	.LBB4:
 810              		.loc 1 205 10 view .LVU207
 811              		.loc 1 205 18 is_stmt 0 view .LVU208
 812 0000 0023     		movs	r3, #0
 813              	.LBE4:
 204:modules/algorithm/user_lib.c ****     float sum = 0;
 814              		.loc 1 204 11 view .LVU209
 815 0002 9FED117A 		vldr.32	s14, .L75
 816              	.LBB5:
 817              		.loc 1 205 5 view .LVU210
 818 0006 0BE0     		b	.L73
 819              	.LVL53:
 820              	.L74:
 206:modules/algorithm/user_lib.c ****     {
 207:modules/algorithm/user_lib.c ****         buf[i] = buf[i + 1];
 821              		.loc 1 207 9 is_stmt 1 view .LVU211
 822              		.loc 1 207 24 is_stmt 0 view .LVU212
 823 0008 5A1C     		adds	r2, r3, #1
 824              		.loc 1 207 12 view .LVU213
 825 000a 00EB8303 		add	r3, r0, r3, lsl #2
 826              	.LVL54:
 827              		.loc 1 207 21 view .LVU214
 828 000e 00EB820C 		add	ip, r0, r2, lsl #2
 829 0012 DCED007A 		vldr.32	s15, [ip]
 830              		.loc 1 207 16 view .LVU215
 831 0016 C3ED007A 		vstr.32	s15, [r3]
 208:modules/algorithm/user_lib.c ****         sum += buf[i];
 832              		.loc 1 208 9 is_stmt 1 view .LVU216
 833              		.loc 1 208 13 is_stmt 0 view .LVU217
 834 001a 37EE277A 		vadd.f32	s14, s14, s15
 835              	.LVL55:
 205:modules/algorithm/user_lib.c ****     for (uint8_t i = 0; i < len - 1; i++)
 836              		.loc 1 205 39 is_stmt 1 discriminator 3 view .LVU218
 837 001e D3B2     		uxtb	r3, r2
 838              	.LVL56:
ARM GAS  C:\Users\Administrator\AppData\Local\Temp\ccCCuCma.s 			page 19


 839              	.L73:
 205:modules/algorithm/user_lib.c ****     for (uint8_t i = 0; i < len - 1; i++)
 840              		.loc 1 205 27 discriminator 1 view .LVU219
 205:modules/algorithm/user_lib.c ****     for (uint8_t i = 0; i < len - 1; i++)
 841              		.loc 1 205 33 is_stmt 0 discriminator 1 view .LVU220
 842 0020 4A1E     		subs	r2, r1, #1
 205:modules/algorithm/user_lib.c ****     for (uint8_t i = 0; i < len - 1; i++)
 843              		.loc 1 205 27 discriminator 1 view .LVU221
 844 0022 9342     		cmp	r3, r2
 845 0024 F0DB     		blt	.L74
 846              	.LBE5:
 209:modules/algorithm/user_lib.c ****     }
 210:modules/algorithm/user_lib.c ****     buf[len - 1] = new_data;
 847              		.loc 1 210 5 is_stmt 1 view .LVU222
 848              		.loc 1 210 13 is_stmt 0 view .LVU223
 849 0026 01F18043 		add	r3, r1, #1073741824
 850              	.LVL57:
 851              		.loc 1 210 13 view .LVU224
 852 002a 013B     		subs	r3, r3, #1
 853              		.loc 1 210 8 view .LVU225
 854 002c 00EB8300 		add	r0, r0, r3, lsl #2
 855              	.LVL58:
 856              		.loc 1 210 18 view .LVU226
 857 0030 80ED000A 		vstr.32	s0, [r0]
 211:modules/algorithm/user_lib.c ****     sum += new_data;
 858              		.loc 1 211 5 is_stmt 1 view .LVU227
 859              		.loc 1 211 9 is_stmt 0 view .LVU228
 860 0034 37EE007A 		vadd.f32	s14, s14, s0
 861              	.LVL59:
 212:modules/algorithm/user_lib.c ****     return sum / len;
 862              		.loc 1 212 5 is_stmt 1 view .LVU229
 863              		.loc 1 212 16 is_stmt 0 view .LVU230
 864 0038 07EE901A 		vmov	s15, r1	@ int
 865 003c B8EEE70A 		vcvt.f32.s32	s0, s15
 866              	.LVL60:
 213:modules/algorithm/user_lib.c **** }
 867              		.loc 1 213 1 view .LVU231
 868 0040 87EE000A 		vdiv.f32	s0, s14, s0
 869 0044 7047     		bx	lr
 870              	.L76:
 871 0046 00BF     		.align	2
 872              	.L75:
 873 0048 00000000 		.word	0
 874              		.cfi_endproc
 875              	.LFE288:
 877              		.section	.text.MatInit,"ax",%progbits
 878              		.align	1
 879              		.global	MatInit
 880              		.syntax unified
 881              		.thumb
 882              		.thumb_func
 884              	MatInit:
 885              	.LVL61:
 886              	.LFB289:
 214:modules/algorithm/user_lib.c **** 
 215:modules/algorithm/user_lib.c **** void MatInit(mat *m, uint8_t row, uint8_t col)
 216:modules/algorithm/user_lib.c **** {
ARM GAS  C:\Users\Administrator\AppData\Local\Temp\ccCCuCma.s 			page 20


 887              		.loc 1 216 1 is_stmt 1 view -0
 888              		.cfi_startproc
 889              		@ args = 0, pretend = 0, frame = 0
 890              		@ frame_needed = 0, uses_anonymous_args = 0
 891              		.loc 1 216 1 is_stmt 0 view .LVU233
 892 0000 10B5     		push	{r4, lr}
 893              		.cfi_def_cfa_offset 8
 894              		.cfi_offset 4, -8
 895              		.cfi_offset 14, -4
 896 0002 0446     		mov	r4, r0
 217:modules/algorithm/user_lib.c ****     m->numCols = col;
 897              		.loc 1 217 5 is_stmt 1 view .LVU234
 898              		.loc 1 217 16 is_stmt 0 view .LVU235
 899 0004 4280     		strh	r2, [r0, #2]	@ movhi
 218:modules/algorithm/user_lib.c ****     m->numRows = row;
 900              		.loc 1 218 5 is_stmt 1 view .LVU236
 901              		.loc 1 218 16 is_stmt 0 view .LVU237
 902 0006 0180     		strh	r1, [r0]	@ movhi
 219:modules/algorithm/user_lib.c ****     m->pData = (float *)zmalloc(row * col * sizeof(float));
 903              		.loc 1 219 5 is_stmt 1 view .LVU238
 904              		.loc 1 219 37 is_stmt 0 view .LVU239
 905 0008 02FB01F1 		mul	r1, r2, r1
 906              	.LVL62:
 907              		.loc 1 219 25 view .LVU240
 908 000c 8800     		lsls	r0, r1, #2
 909              	.LVL63:
 910              		.loc 1 219 25 view .LVU241
 911 000e FFF7FEFF 		bl	zmalloc
 912              	.LVL64:
 913              		.loc 1 219 14 discriminator 1 view .LVU242
 914 0012 6060     		str	r0, [r4, #4]
 220:modules/algorithm/user_lib.c **** }
 915              		.loc 1 220 1 view .LVU243
 916 0014 10BD     		pop	{r4, pc}
 917              		.loc 1 220 1 view .LVU244
 918              		.cfi_endproc
 919              	.LFE289:
 921              		.section	.bss.decimal.0,"aw",%nobits
 922              		.align	2
 925              	decimal.0:
 926 0000 00000000 		.space	4
 927              		.section	.bss.integer.1,"aw",%nobits
 928              		.align	2
 931              	integer.1:
 932 0000 00000000 		.space	4
 933              		.text
 934              	.Letext0:
 935              		.file 2 "C:/Users/Administrator/AppData/Roaming/Code/User/globalStorage/bmd.stm32-for-vscode/@xpac
 936              		.file 3 "C:/Users/Administrator/AppData/Roaming/Code/User/globalStorage/bmd.stm32-for-vscode/@xpac
 937              		.file 4 "C:/Users/Administrator/AppData/Roaming/Code/User/globalStorage/bmd.stm32-for-vscode/@xpac
 938              		.file 5 "Middlewares/ST/ARM/DSP/Inc/arm_math.h"
 939              		.file 6 "C:/Users/Administrator/AppData/Roaming/Code/User/globalStorage/bmd.stm32-for-vscode/@xpac
 940              		.file 7 "C:/Users/Administrator/AppData/Roaming/Code/User/globalStorage/bmd.stm32-for-vscode/@xpac
 941              		.file 8 "modules/algorithm/user_lib.h"
 942              		.file 9 "<built-in>"
ARM GAS  C:\Users\Administrator\AppData\Local\Temp\ccCCuCma.s 			page 21


DEFINED SYMBOLS
                            *ABS*:00000000 user_lib.c
C:\Users\Administrator\AppData\Local\Temp\ccCCuCma.s:21     .text.zmalloc:00000000 $t
C:\Users\Administrator\AppData\Local\Temp\ccCCuCma.s:27     .text.zmalloc:00000000 zmalloc
C:\Users\Administrator\AppData\Local\Temp\ccCCuCma.s:63     .text.Sqrt:00000000 $t
C:\Users\Administrator\AppData\Local\Temp\ccCCuCma.s:69     .text.Sqrt:00000000 Sqrt
C:\Users\Administrator\AppData\Local\Temp\ccCCuCma.s:134    .text.Sqrt:00000054 $d
C:\Users\Administrator\AppData\Local\Temp\ccCCuCma.s:140    .text.abs_limit:00000000 $t
C:\Users\Administrator\AppData\Local\Temp\ccCCuCma.s:146    .text.abs_limit:00000000 abs_limit
C:\Users\Administrator\AppData\Local\Temp\ccCCuCma.s:180    .text.sign:00000000 $t
C:\Users\Administrator\AppData\Local\Temp\ccCCuCma.s:186    .text.sign:00000000 sign
C:\Users\Administrator\AppData\Local\Temp\ccCCuCma.s:215    .text.float_deadband:00000000 $t
C:\Users\Administrator\AppData\Local\Temp\ccCCuCma.s:221    .text.float_deadband:00000000 float_deadband
C:\Users\Administrator\AppData\Local\Temp\ccCCuCma.s:248    .text.float_deadband:0000001c $d
C:\Users\Administrator\AppData\Local\Temp\ccCCuCma.s:253    .text.floatEqual:00000000 $t
C:\Users\Administrator\AppData\Local\Temp\ccCCuCma.s:259    .text.floatEqual:00000000 floatEqual
C:\Users\Administrator\AppData\Local\Temp\ccCCuCma.s:307    .text.floatEqual:0000003c $d
C:\Users\Administrator\AppData\Local\Temp\ccCCuCma.s:314    .text.float_constrain:00000000 $t
C:\Users\Administrator\AppData\Local\Temp\ccCCuCma.s:320    .text.float_constrain:00000000 float_constrain
C:\Users\Administrator\AppData\Local\Temp\ccCCuCma.s:355    .text.int16_constrain:00000000 $t
C:\Users\Administrator\AppData\Local\Temp\ccCCuCma.s:361    .text.int16_constrain:00000000 int16_constrain
C:\Users\Administrator\AppData\Local\Temp\ccCCuCma.s:394    .text.loop_float_constrain:00000000 $t
C:\Users\Administrator\AppData\Local\Temp\ccCCuCma.s:400    .text.loop_float_constrain:00000000 loop_float_constrain
C:\Users\Administrator\AppData\Local\Temp\ccCCuCma.s:474    .text.theta_format:00000000 $t
C:\Users\Administrator\AppData\Local\Temp\ccCCuCma.s:480    .text.theta_format:00000000 theta_format
C:\Users\Administrator\AppData\Local\Temp\ccCCuCma.s:503    .text.theta_format:00000010 $d
C:\Users\Administrator\AppData\Local\Temp\ccCCuCma.s:509    .text.float_rounding:00000000 $t
C:\Users\Administrator\AppData\Local\Temp\ccCCuCma.s:515    .text.float_rounding:00000000 float_rounding
C:\Users\Administrator\AppData\Local\Temp\ccCCuCma.s:560    .text.float_rounding:00000038 $d
C:\Users\Administrator\AppData\Local\Temp\ccCCuCma.s:931    .bss.integer.1:00000000 integer.1
C:\Users\Administrator\AppData\Local\Temp\ccCCuCma.s:925    .bss.decimal.0:00000000 decimal.0
C:\Users\Administrator\AppData\Local\Temp\ccCCuCma.s:566    .text.Norm3d:00000000 $t
C:\Users\Administrator\AppData\Local\Temp\ccCCuCma.s:572    .text.Norm3d:00000000 Norm3d
C:\Users\Administrator\AppData\Local\Temp\ccCCuCma.s:637    .text.NormOf3d:00000000 $t
C:\Users\Administrator\AppData\Local\Temp\ccCCuCma.s:643    .text.NormOf3d:00000000 NormOf3d
C:\Users\Administrator\AppData\Local\Temp\ccCCuCma.s:680    .text.Cross3d:00000000 $t
C:\Users\Administrator\AppData\Local\Temp\ccCCuCma.s:686    .text.Cross3d:00000000 Cross3d
C:\Users\Administrator\AppData\Local\Temp\ccCCuCma.s:751    .text.Dot3d:00000000 $t
C:\Users\Administrator\AppData\Local\Temp\ccCCuCma.s:757    .text.Dot3d:00000000 Dot3d
C:\Users\Administrator\AppData\Local\Temp\ccCCuCma.s:793    .text.AverageFilter:00000000 $t
C:\Users\Administrator\AppData\Local\Temp\ccCCuCma.s:799    .text.AverageFilter:00000000 AverageFilter
C:\Users\Administrator\AppData\Local\Temp\ccCCuCma.s:873    .text.AverageFilter:00000048 $d
C:\Users\Administrator\AppData\Local\Temp\ccCCuCma.s:878    .text.MatInit:00000000 $t
C:\Users\Administrator\AppData\Local\Temp\ccCCuCma.s:884    .text.MatInit:00000000 MatInit
C:\Users\Administrator\AppData\Local\Temp\ccCCuCma.s:922    .bss.decimal.0:00000000 $d
C:\Users\Administrator\AppData\Local\Temp\ccCCuCma.s:928    .bss.integer.1:00000000 $d

UNDEFINED SYMBOLS
malloc
memset
