ARM GAS  C:\Users\Administrator\AppData\Local\Temp\cc9bP43C.s 			page 1


   1              		.cpu cortex-m4
   2              		.arch armv7e-m
   3              		.fpu fpv4-sp-d16
   4              		.eabi_attribute 27, 1
   5              		.eabi_attribute 28, 1
   6              		.eabi_attribute 20, 1
   7              		.eabi_attribute 21, 1
   8              		.eabi_attribute 23, 3
   9              		.eabi_attribute 24, 1
  10              		.eabi_attribute 25, 1
  11              		.eabi_attribute 26, 1
  12              		.eabi_attribute 30, 1
  13              		.eabi_attribute 34, 1
  14              		.eabi_attribute 18, 4
  15              		.file	"BMI088Middleware.c"
  16              		.text
  17              		.section	.text.BMI088_ACCEL_NS_L,"ax",%progbits
  18              		.align	1
  19              		.global	BMI088_ACCEL_NS_L
  20              		.syntax unified
  21              		.thumb
  22              		.thumb_func
  24              	BMI088_ACCEL_NS_L:
  25              		@ args = 0, pretend = 0, frame = 0
  26              		@ frame_needed = 0, uses_anonymous_args = 0
  27 0000 08B5     		push	{r3, lr}
  28 0002 0022     		movs	r2, #0
  29 0004 1021     		movs	r1, #16
  30 0006 0248     		ldr	r0, .L3
  31 0008 FFF7FEFF 		bl	HAL_GPIO_WritePin
  32 000c 08BD     		pop	{r3, pc}
  33              	.L4:
  34 000e 00BF     		.align	2
  35              	.L3:
  36 0010 00000240 		.word	1073872896
  38              		.section	.text.BMI088_ACCEL_NS_H,"ax",%progbits
  39              		.align	1
  40              		.global	BMI088_ACCEL_NS_H
  41              		.syntax unified
  42              		.thumb
  43              		.thumb_func
  45              	BMI088_ACCEL_NS_H:
  46              		@ args = 0, pretend = 0, frame = 0
  47              		@ frame_needed = 0, uses_anonymous_args = 0
  48 0000 08B5     		push	{r3, lr}
  49 0002 0122     		movs	r2, #1
  50 0004 1021     		movs	r1, #16
  51 0006 0248     		ldr	r0, .L7
  52 0008 FFF7FEFF 		bl	HAL_GPIO_WritePin
  53 000c 08BD     		pop	{r3, pc}
  54              	.L8:
  55 000e 00BF     		.align	2
  56              	.L7:
  57 0010 00000240 		.word	1073872896
  59              		.section	.text.BMI088_GYRO_NS_L,"ax",%progbits
  60              		.align	1
  61              		.global	BMI088_GYRO_NS_L
ARM GAS  C:\Users\Administrator\AppData\Local\Temp\cc9bP43C.s 			page 2


  62              		.syntax unified
  63              		.thumb
  64              		.thumb_func
  66              	BMI088_GYRO_NS_L:
  67              		@ args = 0, pretend = 0, frame = 0
  68              		@ frame_needed = 0, uses_anonymous_args = 0
  69 0000 08B5     		push	{r3, lr}
  70 0002 0022     		movs	r2, #0
  71 0004 0121     		movs	r1, #1
  72 0006 0248     		ldr	r0, .L11
  73 0008 FFF7FEFF 		bl	HAL_GPIO_WritePin
  74 000c 08BD     		pop	{r3, pc}
  75              	.L12:
  76 000e 00BF     		.align	2
  77              	.L11:
  78 0010 00040240 		.word	1073873920
  80              		.section	.text.BMI088_GYRO_NS_H,"ax",%progbits
  81              		.align	1
  82              		.global	BMI088_GYRO_NS_H
  83              		.syntax unified
  84              		.thumb
  85              		.thumb_func
  87              	BMI088_GYRO_NS_H:
  88              		@ args = 0, pretend = 0, frame = 0
  89              		@ frame_needed = 0, uses_anonymous_args = 0
  90 0000 08B5     		push	{r3, lr}
  91 0002 0122     		movs	r2, #1
  92 0004 1146     		mov	r1, r2
  93 0006 0248     		ldr	r0, .L15
  94 0008 FFF7FEFF 		bl	HAL_GPIO_WritePin
  95 000c 08BD     		pop	{r3, pc}
  96              	.L16:
  97 000e 00BF     		.align	2
  98              	.L15:
  99 0010 00040240 		.word	1073873920
 101              		.section	.text.BMI088_read_write_byte,"ax",%progbits
 102              		.align	1
 103              		.global	BMI088_read_write_byte
 104              		.syntax unified
 105              		.thumb
 106              		.thumb_func
 108              	BMI088_read_write_byte:
 109              		@ args = 0, pretend = 0, frame = 16
 110              		@ frame_needed = 0, uses_anonymous_args = 0
 111 0000 00B5     		push	{lr}
 112 0002 87B0     		sub	sp, sp, #28
 113 0004 8DF80F00 		strb	r0, [sp, #15]
 114 0008 4FF47A73 		mov	r3, #1000
 115 000c 0093     		str	r3, [sp]
 116 000e 0123     		movs	r3, #1
 117 0010 0DF11702 		add	r2, sp, #23
 118 0014 0DF10F01 		add	r1, sp, #15
 119 0018 0348     		ldr	r0, .L19
 120 001a 0068     		ldr	r0, [r0]
 121 001c FFF7FEFF 		bl	HAL_SPI_TransmitReceive
 122 0020 9DF81700 		ldrb	r0, [sp, #23]	@ zero_extendqisi2
 123 0024 07B0     		add	sp, sp, #28
ARM GAS  C:\Users\Administrator\AppData\Local\Temp\cc9bP43C.s 			page 3


 124              		@ sp needed
 125 0026 00BD     		pop	{pc}
 126              	.L20:
 127              		.align	2
 128              	.L19:
 129 0028 00000000 		.word	BMI088_SPI
 131              		.global	BMI088_SPI
 132              		.section	.bss.BMI088_SPI,"aw",%nobits
 133              		.align	2
 136              	BMI088_SPI:
 137 0000 00000000 		.space	4
 138              		.ident	"GCC: (xPack GNU Arm Embedded GCC x86_64) 15.2.1 20251203"
ARM GAS  C:\Users\Administrator\AppData\Local\Temp\cc9bP43C.s 			page 4


DEFINED SYMBOLS
                            *ABS*:00000000 BMI088Middleware.c
C:\Users\Administrator\AppData\Local\Temp\cc9bP43C.s:18     .text.BMI088_ACCEL_NS_L:00000000 $t
C:\Users\Administrator\AppData\Local\Temp\cc9bP43C.s:24     .text.BMI088_ACCEL_NS_L:00000000 BMI088_ACCEL_NS_L
C:\Users\Administrator\AppData\Local\Temp\cc9bP43C.s:36     .text.BMI088_ACCEL_NS_L:00000010 $d
C:\Users\Administrator\AppData\Local\Temp\cc9bP43C.s:39     .text.BMI088_ACCEL_NS_H:00000000 $t
C:\Users\Administrator\AppData\Local\Temp\cc9bP43C.s:45     .text.BMI088_ACCEL_NS_H:00000000 BMI088_ACCEL_NS_H
C:\Users\Administrator\AppData\Local\Temp\cc9bP43C.s:57     .text.BMI088_ACCEL_NS_H:00000010 $d
C:\Users\Administrator\AppData\Local\Temp\cc9bP43C.s:60     .text.BMI088_GYRO_NS_L:00000000 $t
C:\Users\Administrator\AppData\Local\Temp\cc9bP43C.s:66     .text.BMI088_GYRO_NS_L:00000000 BMI088_GYRO_NS_L
C:\Users\Administrator\AppData\Local\Temp\cc9bP43C.s:78     .text.BMI088_GYRO_NS_L:00000010 $d
C:\Users\Administrator\AppData\Local\Temp\cc9bP43C.s:81     .text.BMI088_GYRO_NS_H:00000000 $t
C:\Users\Administrator\AppData\Local\Temp\cc9bP43C.s:87     .text.BMI088_GYRO_NS_H:00000000 BMI088_GYRO_NS_H
C:\Users\Administrator\AppData\Local\Temp\cc9bP43C.s:99     .text.BMI088_GYRO_NS_H:00000010 $d
C:\Users\Administrator\AppData\Local\Temp\cc9bP43C.s:102    .text.BMI088_read_write_byte:00000000 $t
C:\Users\Administrator\AppData\Local\Temp\cc9bP43C.s:108    .text.BMI088_read_write_byte:00000000 BMI088_read_write_byte
C:\Users\Administrator\AppData\Local\Temp\cc9bP43C.s:129    .text.BMI088_read_write_byte:00000028 $d
C:\Users\Administrator\AppData\Local\Temp\cc9bP43C.s:136    .bss.BMI088_SPI:00000000 BMI088_SPI
C:\Users\Administrator\AppData\Local\Temp\cc9bP43C.s:133    .bss.BMI088_SPI:00000000 $d

UNDEFINED SYMBOLS
HAL_GPIO_WritePin
HAL_SPI_TransmitReceive
