ARM GAS  C:\Users\Administrator\AppData\Local\Temp\cc0QaFFw.s 			page 1


   1              		.cpu cortex-m4
   2              		.arch armv7e-m
   3              		.fpu fpv4-sp-d16
   4              		.eabi_attribute 27, 1
   5              		.eabi_attribute 28, 1
   6              		.eabi_attribute 20, 1
   7              		.eabi_attribute 21, 1
   8              		.eabi_attribute 23, 3
   9              		.eabi_attribute 24, 1
  10              		.eabi_attribute 25, 1
  11              		.eabi_attribute 26, 1
  12              		.eabi_attribute 30, 1
  13              		.eabi_attribute 34, 1
  14              		.eabi_attribute 18, 4
  15              		.file	"bsp_log.c"
  16              		.text
  17              		.section	.text.BSPLogInit,"ax",%progbits
  18              		.align	1
  19              		.global	BSPLogInit
  20              		.syntax unified
  21              		.thumb
  22              		.thumb_func
  24              	BSPLogInit:
  25              		@ args = 0, pretend = 0, frame = 0
  26              		@ frame_needed = 0, uses_anonymous_args = 0
  27 0000 08B5     		push	{r3, lr}
  28 0002 FFF7FEFF 		bl	SEGGER_RTT_Init
  29 0006 08BD     		pop	{r3, pc}
  31              		.section	.text.PrintLog,"ax",%progbits
  32              		.align	1
  33              		.global	PrintLog
  34              		.syntax unified
  35              		.thumb
  36              		.thumb_func
  38              	PrintLog:
  39              		@ args = 4, pretend = 16, frame = 8
  40              		@ frame_needed = 0, uses_anonymous_args = 1
  41 0000 0FB4     		push	{r0, r1, r2, r3}
  42 0002 00B5     		push	{lr}
  43 0004 83B0     		sub	sp, sp, #12
  44 0006 04AB     		add	r3, sp, #16
  45 0008 53F8041B 		ldr	r1, [r3], #4
  46 000c 0193     		str	r3, [sp, #4]
  47 000e 01AA     		add	r2, sp, #4
  48 0010 0020     		movs	r0, #0
  49 0012 FFF7FEFF 		bl	SEGGER_RTT_vprintf
  50 0016 03B0     		add	sp, sp, #12
  51              		@ sp needed
  52 0018 5DF804EB 		ldr	lr, [sp], #4
  53 001c 04B0     		add	sp, sp, #16
  54 001e 7047     		bx	lr
  56              		.section	.rodata.Float2Str.str1.4,"aMS",%progbits,1
  57              		.align	2
  58              	.LC0:
  59 0000 2D25642E 		.ascii	"-%d.%d\000"
  59      256400
  60 0007 00       		.align	2
ARM GAS  C:\Users\Administrator\AppData\Local\Temp\cc0QaFFw.s 			page 2


  61              	.LC1:
  62 0008 25642E25 		.ascii	"%d.%d\000"
  62      6400
  63              		.section	.text.Float2Str,"ax",%progbits
  64              		.align	1
  65              		.global	Float2Str
  66              		.syntax unified
  67              		.thumb
  68              		.thumb_func
  70              	Float2Str:
  71              		@ args = 0, pretend = 0, frame = 0
  72              		@ frame_needed = 0, uses_anonymous_args = 0
  73 0000 08B5     		push	{r3, lr}
  74 0002 BDEEC07A 		vcvt.s32.f32	s14, s0
  75 0006 F8EEC77A 		vcvt.f32.s32	s15, s14
  76 000a 70EE677A 		vsub.f32	s15, s0, s15
  77 000e DFED0E6A 		vldr.32	s13, .L13
  78 0012 67EEA67A 		vmul.f32	s15, s15, s13
  79 0016 FDEEE77A 		vcvt.s32.f32	s15, s15
  80 001a 17EE903A 		vmov	r3, s15	@ int
  81 001e 17EE102A 		vmov	r2, s14	@ int
  82 0022 002A     		cmp	r2, #0
  83 0024 B8BF     		it	lt
  84 0026 5242     		rsblt	r2, r2, #0
  85 0028 002B     		cmp	r3, #0
  86 002a B8BF     		it	lt
  87 002c 5B42     		rsblt	r3, r3, #0
  88 002e B5EEC00A 		vcmpe.f32	s0, #0
  89 0032 F1EE10FA 		vmrs	APSR_nzcv, FPSCR
  90 0036 03D4     		bmi	.L12
  91 0038 0449     		ldr	r1, .L13+4
  92 003a FFF7FEFF 		bl	sprintf
  93              	.L5:
  94 003e 08BD     		pop	{r3, pc}
  95              	.L12:
  96 0040 0349     		ldr	r1, .L13+8
  97 0042 FFF7FEFF 		bl	sprintf
  98 0046 FAE7     		b	.L5
  99              	.L14:
 100              		.align	2
 101              	.L13:
 102 0048 00007A44 		.word	1148846080
 103 004c 08000000 		.word	.LC1
 104 0050 00000000 		.word	.LC0
 106              		.ident	"GCC: (xPack GNU Arm Embedded GCC x86_64) 15.2.1 20251203"
ARM GAS  C:\Users\Administrator\AppData\Local\Temp\cc0QaFFw.s 			page 3


DEFINED SYMBOLS
                            *ABS*:00000000 bsp_log.c
C:\Users\Administrator\AppData\Local\Temp\cc0QaFFw.s:18     .text.BSPLogInit:00000000 $t
C:\Users\Administrator\AppData\Local\Temp\cc0QaFFw.s:24     .text.BSPLogInit:00000000 BSPLogInit
C:\Users\Administrator\AppData\Local\Temp\cc0QaFFw.s:32     .text.PrintLog:00000000 $t
C:\Users\Administrator\AppData\Local\Temp\cc0QaFFw.s:38     .text.PrintLog:00000000 PrintLog
C:\Users\Administrator\AppData\Local\Temp\cc0QaFFw.s:57     .rodata.Float2Str.str1.4:00000000 $d
C:\Users\Administrator\AppData\Local\Temp\cc0QaFFw.s:64     .text.Float2Str:00000000 $t
C:\Users\Administrator\AppData\Local\Temp\cc0QaFFw.s:70     .text.Float2Str:00000000 Float2Str
C:\Users\Administrator\AppData\Local\Temp\cc0QaFFw.s:102    .text.Float2Str:00000048 $d

UNDEFINED SYMBOLS
SEGGER_RTT_Init
SEGGER_RTT_vprintf
sprintf
