ARM GAS  C:\Users\Administrator\AppData\Local\Temp\ccO4hRTC.s 			page 1


   1              		.cpu cortex-m4
   2              		.arch armv7e-m
   3              		.fpu fpv4-sp-d16
   4              		.eabi_attribute 27, 1
   5              		.eabi_attribute 28, 1
   6              		.eabi_attribute 20, 1
   7              		.eabi_attribute 21, 1
   8              		.eabi_attribute 23, 3
   9              		.eabi_attribute 24, 1
  10              		.eabi_attribute 25, 1
  11              		.eabi_attribute 26, 1
  12              		.eabi_attribute 30, 1
  13              		.eabi_attribute 34, 1
  14              		.eabi_attribute 18, 4
  15              		.file	"bsp_spi.c"
  16              		.text
  17              		.section	.text.SPIRegister,"ax",%progbits
  18              		.align	1
  19              		.global	SPIRegister
  20              		.syntax unified
  21              		.thumb
  22              		.thumb_func
  24              	SPIRegister:
  25              		@ args = 0, pretend = 0, frame = 0
  26              		@ frame_needed = 0, uses_anonymous_args = 0
  27 0000 70B5     		push	{r4, r5, r6, lr}
  28 0002 174B     		ldr	r3, .L10
  29 0004 1E78     		ldrb	r6, [r3]	@ zero_extendqisi2
  30 0006 032E     		cmp	r6, #3
  31 0008 00D9     		bls	.L2
  32              	.L3:
  33 000a FEE7     		b	.L3
  34              	.L2:
  35 000c 0446     		mov	r4, r0
  36 000e 2020     		movs	r0, #32
  37 0010 FFF7FEFF 		bl	malloc
  38 0014 0546     		mov	r5, r0
  39 0016 2022     		movs	r2, #32
  40 0018 0021     		movs	r1, #0
  41 001a FFF7FEFF 		bl	memset
  42 001e 2368     		ldr	r3, [r4]
  43 0020 2B60     		str	r3, [r5]
  44 0022 6268     		ldr	r2, [r4, #4]
  45 0024 6A60     		str	r2, [r5, #4]
  46 0026 2289     		ldrh	r2, [r4, #8]
  47 0028 2A81     		strh	r2, [r5, #8]	@ movhi
  48 002a A27A     		ldrb	r2, [r4, #10]	@ zero_extendqisi2
  49 002c AA72     		strb	r2, [r5, #10]
  50 002e E268     		ldr	r2, [r4, #12]
  51 0030 AA61     		str	r2, [r5, #24]
  52 0032 2269     		ldr	r2, [r4, #16]
  53 0034 EA61     		str	r2, [r5, #28]
  54 0036 1B68     		ldr	r3, [r3]
  55 0038 0A4A     		ldr	r2, .L10+4
  56 003a 9342     		cmp	r3, r2
  57 003c 03D0     		beq	.L8
  58 003e 0A4A     		ldr	r2, .L10+8
ARM GAS  C:\Users\Administrator\AppData\Local\Temp\ccO4hRTC.s 			page 2


  59 0040 9342     		cmp	r3, r2
  60 0042 0AD0     		beq	.L9
  61              	.L6:
  62 0044 FEE7     		b	.L6
  63              	.L8:
  64 0046 094B     		ldr	r3, .L10+12
  65 0048 6B61     		str	r3, [r5, #20]
  66              	.L5:
  67 004a 721C     		adds	r2, r6, #1
  68 004c 044B     		ldr	r3, .L10
  69 004e 1A70     		strb	r2, [r3]
  70 0050 074B     		ldr	r3, .L10+16
  71 0052 43F82650 		str	r5, [r3, r6, lsl #2]
  72 0056 2846     		mov	r0, r5
  73 0058 70BD     		pop	{r4, r5, r6, pc}
  74              	.L9:
  75 005a 064B     		ldr	r3, .L10+20
  76 005c 6B61     		str	r3, [r5, #20]
  77 005e F4E7     		b	.L5
  78              	.L11:
  79              		.align	2
  80              	.L10:
  81 0060 00000000 		.word	idx
  82 0064 00300140 		.word	1073819648
  83 0068 00380040 		.word	1073756160
  84 006c 00000000 		.word	SPIDeviceOnGoing
  85 0070 00000000 		.word	spi_instance
  86 0074 01000000 		.word	SPIDeviceOnGoing+1
  88              		.section	.text.SPITransmit,"ax",%progbits
  89              		.align	1
  90              		.global	SPITransmit
  91              		.syntax unified
  92              		.thumb
  93              		.thumb_func
  95              	SPITransmit:
  96              		@ args = 0, pretend = 0, frame = 0
  97              		@ frame_needed = 0, uses_anonymous_args = 0
  98 0000 70B5     		push	{r4, r5, r6, lr}
  99 0002 0446     		mov	r4, r0
 100 0004 0D46     		mov	r5, r1
 101 0006 1646     		mov	r6, r2
 102 0008 0022     		movs	r2, #0
 103 000a 0189     		ldrh	r1, [r0, #8]
 104 000c 4068     		ldr	r0, [r0, #4]
 105 000e FFF7FEFF 		bl	HAL_GPIO_WritePin
 106 0012 A37A     		ldrb	r3, [r4, #10]	@ zero_extendqisi2
 107 0014 012B     		cmp	r3, #1
 108 0016 09D0     		beq	.L13
 109 0018 022B     		cmp	r3, #2
 110 001a 01D0     		beq	.L14
 111 001c 63B1     		cbz	r3, .L15
 112              	.L16:
 113 001e FEE7     		b	.L16
 114              	.L14:
 115 0020 3246     		mov	r2, r6
 116 0022 2946     		mov	r1, r5
 117 0024 2068     		ldr	r0, [r4]
ARM GAS  C:\Users\Administrator\AppData\Local\Temp\ccO4hRTC.s 			page 3


 118 0026 FFF7FEFF 		bl	HAL_SPI_Transmit_DMA
 119              	.L12:
 120 002a 70BD     		pop	{r4, r5, r6, pc}
 121              	.L13:
 122 002c 3246     		mov	r2, r6
 123 002e 2946     		mov	r1, r5
 124 0030 2068     		ldr	r0, [r4]
 125 0032 FFF7FEFF 		bl	HAL_SPI_Transmit_IT
 126 0036 F8E7     		b	.L12
 127              	.L15:
 128 0038 4FF47A73 		mov	r3, #1000
 129 003c 3246     		mov	r2, r6
 130 003e 2946     		mov	r1, r5
 131 0040 2068     		ldr	r0, [r4]
 132 0042 FFF7FEFF 		bl	HAL_SPI_Transmit
 133 0046 0122     		movs	r2, #1
 134 0048 2189     		ldrh	r1, [r4, #8]
 135 004a 6068     		ldr	r0, [r4, #4]
 136 004c FFF7FEFF 		bl	HAL_GPIO_WritePin
 137 0050 EBE7     		b	.L12
 139              		.section	.text.SPIRecv,"ax",%progbits
 140              		.align	1
 141              		.global	SPIRecv
 142              		.syntax unified
 143              		.thumb
 144              		.thumb_func
 146              	SPIRecv:
 147              		@ args = 0, pretend = 0, frame = 0
 148              		@ frame_needed = 0, uses_anonymous_args = 0
 149 0000 70B5     		push	{r4, r5, r6, lr}
 150 0002 0446     		mov	r4, r0
 151 0004 0D46     		mov	r5, r1
 152 0006 1646     		mov	r6, r2
 153 0008 C272     		strb	r2, [r0, #11]
 154 000a C160     		str	r1, [r0, #12]
 155 000c 0022     		movs	r2, #0
 156 000e 0189     		ldrh	r1, [r0, #8]
 157 0010 4068     		ldr	r0, [r0, #4]
 158 0012 FFF7FEFF 		bl	HAL_GPIO_WritePin
 159 0016 A37A     		ldrb	r3, [r4, #10]	@ zero_extendqisi2
 160 0018 012B     		cmp	r3, #1
 161 001a 09D0     		beq	.L20
 162 001c 022B     		cmp	r3, #2
 163 001e 01D0     		beq	.L21
 164 0020 63B1     		cbz	r3, .L22
 165              	.L23:
 166 0022 FEE7     		b	.L23
 167              	.L21:
 168 0024 3246     		mov	r2, r6
 169 0026 2946     		mov	r1, r5
 170 0028 2068     		ldr	r0, [r4]
 171 002a FFF7FEFF 		bl	HAL_SPI_Receive_DMA
 172              	.L19:
 173 002e 70BD     		pop	{r4, r5, r6, pc}
 174              	.L20:
 175 0030 3246     		mov	r2, r6
 176 0032 2946     		mov	r1, r5
ARM GAS  C:\Users\Administrator\AppData\Local\Temp\ccO4hRTC.s 			page 4


 177 0034 2068     		ldr	r0, [r4]
 178 0036 FFF7FEFF 		bl	HAL_SPI_Receive_IT
 179 003a F8E7     		b	.L19
 180              	.L22:
 181 003c 4FF47A73 		mov	r3, #1000
 182 0040 3246     		mov	r2, r6
 183 0042 2946     		mov	r1, r5
 184 0044 2068     		ldr	r0, [r4]
 185 0046 FFF7FEFF 		bl	HAL_SPI_Receive
 186 004a 0122     		movs	r2, #1
 187 004c 2189     		ldrh	r1, [r4, #8]
 188 004e 6068     		ldr	r0, [r4, #4]
 189 0050 FFF7FEFF 		bl	HAL_GPIO_WritePin
 190 0054 EBE7     		b	.L19
 192              		.section	.text.SPITransRecv,"ax",%progbits
 193              		.align	1
 194              		.global	SPITransRecv
 195              		.syntax unified
 196              		.thumb
 197              		.thumb_func
 199              	SPITransRecv:
 200              		@ args = 0, pretend = 0, frame = 0
 201              		@ frame_needed = 0, uses_anonymous_args = 0
 202 0000 F0B5     		push	{r4, r5, r6, r7, lr}
 203 0002 83B0     		sub	sp, sp, #12
 204 0004 0446     		mov	r4, r0
 205 0006 0D46     		mov	r5, r1
 206 0008 1746     		mov	r7, r2
 207 000a 1E46     		mov	r6, r3
 208 000c C372     		strb	r3, [r0, #11]
 209 000e C160     		str	r1, [r0, #12]
 210 0010 0368     		ldr	r3, [r0]
 211 0012 1B68     		ldr	r3, [r3]
 212 0014 234A     		ldr	r2, .L37
 213 0016 9342     		cmp	r3, r2
 214 0018 15D0     		beq	.L28
 215 001a 234A     		ldr	r2, .L37+4
 216 001c 9342     		cmp	r3, r2
 217 001e 17D0     		beq	.L30
 218              	.L29:
 219 0020 0022     		movs	r2, #0
 220 0022 2189     		ldrh	r1, [r4, #8]
 221 0024 6068     		ldr	r0, [r4, #4]
 222 0026 FFF7FEFF 		bl	HAL_GPIO_WritePin
 223 002a 2189     		ldrh	r1, [r4, #8]
 224 002c 6068     		ldr	r0, [r4, #4]
 225 002e FFF7FEFF 		bl	HAL_GPIO_ReadPin
 226 0032 2074     		strb	r0, [r4, #16]
 227 0034 6369     		ldr	r3, [r4, #20]
 228 0036 1870     		strb	r0, [r3]
 229 0038 A37A     		ldrb	r3, [r4, #10]	@ zero_extendqisi2
 230 003a 012B     		cmp	r3, #1
 231 003c 15D0     		beq	.L31
 232 003e 022B     		cmp	r3, #2
 233 0040 0BD0     		beq	.L32
 234 0042 CBB1     		cbz	r3, .L33
 235              	.L34:
ARM GAS  C:\Users\Administrator\AppData\Local\Temp\ccO4hRTC.s 			page 5


 236 0044 FEE7     		b	.L34
 237              	.L28:
 238 0046 1948     		ldr	r0, .L37+8
 239 0048 0078     		ldrb	r0, [r0]	@ zero_extendqisi2
 240 004a 0028     		cmp	r0, #0
 241 004c FBD0     		beq	.L28
 242 004e E7E7     		b	.L29
 243              	.L30:
 244 0050 164B     		ldr	r3, .L37+8
 245 0052 5B78     		ldrb	r3, [r3, #1]	@ zero_extendqisi2
 246 0054 002B     		cmp	r3, #0
 247 0056 FBD0     		beq	.L30
 248 0058 E2E7     		b	.L29
 249              	.L32:
 250 005a 3346     		mov	r3, r6
 251 005c 2A46     		mov	r2, r5
 252 005e 3946     		mov	r1, r7
 253 0060 2068     		ldr	r0, [r4]
 254 0062 FFF7FEFF 		bl	HAL_SPI_TransmitReceive_DMA
 255              	.L26:
 256 0066 03B0     		add	sp, sp, #12
 257              		@ sp needed
 258 0068 F0BD     		pop	{r4, r5, r6, r7, pc}
 259              	.L31:
 260 006a 3346     		mov	r3, r6
 261 006c 2A46     		mov	r2, r5
 262 006e 3946     		mov	r1, r7
 263 0070 2068     		ldr	r0, [r4]
 264 0072 FFF7FEFF 		bl	HAL_SPI_TransmitReceive_IT
 265 0076 F6E7     		b	.L26
 266              	.L33:
 267 0078 4FF47A73 		mov	r3, #1000
 268 007c 0093     		str	r3, [sp]
 269 007e 3346     		mov	r3, r6
 270 0080 2A46     		mov	r2, r5
 271 0082 3946     		mov	r1, r7
 272 0084 2068     		ldr	r0, [r4]
 273 0086 FFF7FEFF 		bl	HAL_SPI_TransmitReceive
 274 008a 0122     		movs	r2, #1
 275 008c 2189     		ldrh	r1, [r4, #8]
 276 008e 6068     		ldr	r0, [r4, #4]
 277 0090 FFF7FEFF 		bl	HAL_GPIO_WritePin
 278 0094 2189     		ldrh	r1, [r4, #8]
 279 0096 6068     		ldr	r0, [r4, #4]
 280 0098 FFF7FEFF 		bl	HAL_GPIO_ReadPin
 281 009c 2074     		strb	r0, [r4, #16]
 282 009e 6369     		ldr	r3, [r4, #20]
 283 00a0 1870     		strb	r0, [r3]
 284 00a2 E0E7     		b	.L26
 285              	.L38:
 286              		.align	2
 287              	.L37:
 288 00a4 00300140 		.word	1073819648
 289 00a8 00380040 		.word	1073756160
 290 00ac 00000000 		.word	SPIDeviceOnGoing
 292              		.section	.text.SPISetMode,"ax",%progbits
 293              		.align	1
ARM GAS  C:\Users\Administrator\AppData\Local\Temp\ccO4hRTC.s 			page 6


 294              		.global	SPISetMode
 295              		.syntax unified
 296              		.thumb
 297              		.thumb_func
 299              	SPISetMode:
 300              		@ args = 0, pretend = 0, frame = 0
 301              		@ frame_needed = 0, uses_anonymous_args = 0
 302              		@ link register save eliminated.
 303 0000 0229     		cmp	r1, #2
 304 0002 00D9     		bls	.L40
 305              	.L41:
 306 0004 FEE7     		b	.L41
 307              	.L40:
 308 0006 837A     		ldrb	r3, [r0, #10]	@ zero_extendqisi2
 309 0008 8B42     		cmp	r3, r1
 310 000a 00D0     		beq	.L39
 311 000c 8172     		strb	r1, [r0, #10]
 312              	.L39:
 313 000e 7047     		bx	lr
 315              		.section	.text.HAL_SPI_RxCpltCallback,"ax",%progbits
 316              		.align	1
 317              		.global	HAL_SPI_RxCpltCallback
 318              		.syntax unified
 319              		.thumb
 320              		.thumb_func
 322              	HAL_SPI_RxCpltCallback:
 323              		@ args = 0, pretend = 0, frame = 0
 324              		@ frame_needed = 0, uses_anonymous_args = 0
 325 0000 70B5     		push	{r4, r5, r6, lr}
 326 0002 0546     		mov	r5, r0
 327 0004 0024     		movs	r4, #0
 328 0006 00E0     		b	.L44
 329              	.L45:
 330 0008 0134     		adds	r4, r4, #1
 331              	.L44:
 332 000a 144B     		ldr	r3, .L50
 333 000c 1B78     		ldrb	r3, [r3]	@ zero_extendqisi2
 334 000e A342     		cmp	r3, r4
 335 0010 22D9     		bls	.L43
 336 0012 134B     		ldr	r3, .L50+4
 337 0014 53F82430 		ldr	r3, [r3, r4, lsl #2]
 338 0018 1A68     		ldr	r2, [r3]
 339 001a AA42     		cmp	r2, r5
 340 001c F4D1     		bne	.L45
 341 001e 1989     		ldrh	r1, [r3, #8]
 342 0020 5868     		ldr	r0, [r3, #4]
 343 0022 FFF7FEFF 		bl	HAL_GPIO_ReadPin
 344 0026 0028     		cmp	r0, #0
 345 0028 EED1     		bne	.L45
 346 002a 0D4D     		ldr	r5, .L50+4
 347 002c 55F82430 		ldr	r3, [r5, r4, lsl #2]
 348 0030 0122     		movs	r2, #1
 349 0032 1989     		ldrh	r1, [r3, #8]
 350 0034 5868     		ldr	r0, [r3, #4]
 351 0036 FFF7FEFF 		bl	HAL_GPIO_WritePin
 352 003a 55F82460 		ldr	r6, [r5, r4, lsl #2]
 353 003e 3189     		ldrh	r1, [r6, #8]
ARM GAS  C:\Users\Administrator\AppData\Local\Temp\ccO4hRTC.s 			page 7


 354 0040 7068     		ldr	r0, [r6, #4]
 355 0042 FFF7FEFF 		bl	HAL_GPIO_ReadPin
 356 0046 0346     		mov	r3, r0
 357 0048 3074     		strb	r0, [r6, #16]
 358 004a 55F82400 		ldr	r0, [r5, r4, lsl #2]
 359 004e 4269     		ldr	r2, [r0, #20]
 360 0050 1370     		strb	r3, [r2]
 361 0052 8369     		ldr	r3, [r0, #24]
 362 0054 03B1     		cbz	r3, .L43
 363 0056 9847     		blx	r3
 364              	.L43:
 365 0058 70BD     		pop	{r4, r5, r6, pc}
 366              	.L51:
 367 005a 00BF     		.align	2
 368              	.L50:
 369 005c 00000000 		.word	idx
 370 0060 00000000 		.word	spi_instance
 372              		.section	.text.HAL_SPI_TxRxCpltCallback,"ax",%progbits
 373              		.align	1
 374              		.global	HAL_SPI_TxRxCpltCallback
 375              		.syntax unified
 376              		.thumb
 377              		.thumb_func
 379              	HAL_SPI_TxRxCpltCallback:
 380              		@ args = 0, pretend = 0, frame = 0
 381              		@ frame_needed = 0, uses_anonymous_args = 0
 382 0000 08B5     		push	{r3, lr}
 383 0002 FFF7FEFF 		bl	HAL_SPI_RxCpltCallback
 384 0006 08BD     		pop	{r3, pc}
 386              		.global	SPIDeviceOnGoing
 387              		.section	.data.SPIDeviceOnGoing,"aw"
 388              		.align	2
 391              	SPIDeviceOnGoing:
 392 0000 0100     		.ascii	"\001\000"
 393              		.section	.bss.idx,"aw",%nobits
 396              	idx:
 397 0000 00       		.space	1
 398              		.section	.bss.spi_instance,"aw",%nobits
 399              		.align	2
 402              	spi_instance:
 403 0000 00000000 		.space	8
 403      00000000 
 404              		.ident	"GCC: (xPack GNU Arm Embedded GCC x86_64) 15.2.1 20251203"
ARM GAS  C:\Users\Administrator\AppData\Local\Temp\ccO4hRTC.s 			page 8


DEFINED SYMBOLS
                            *ABS*:00000000 bsp_spi.c
C:\Users\Administrator\AppData\Local\Temp\ccO4hRTC.s:18     .text.SPIRegister:00000000 $t
C:\Users\Administrator\AppData\Local\Temp\ccO4hRTC.s:24     .text.SPIRegister:00000000 SPIRegister
C:\Users\Administrator\AppData\Local\Temp\ccO4hRTC.s:81     .text.SPIRegister:00000060 $d
C:\Users\Administrator\AppData\Local\Temp\ccO4hRTC.s:396    .bss.idx:00000000 idx
C:\Users\Administrator\AppData\Local\Temp\ccO4hRTC.s:391    .data.SPIDeviceOnGoing:00000000 SPIDeviceOnGoing
C:\Users\Administrator\AppData\Local\Temp\ccO4hRTC.s:402    .bss.spi_instance:00000000 spi_instance
C:\Users\Administrator\AppData\Local\Temp\ccO4hRTC.s:89     .text.SPITransmit:00000000 $t
C:\Users\Administrator\AppData\Local\Temp\ccO4hRTC.s:95     .text.SPITransmit:00000000 SPITransmit
C:\Users\Administrator\AppData\Local\Temp\ccO4hRTC.s:140    .text.SPIRecv:00000000 $t
C:\Users\Administrator\AppData\Local\Temp\ccO4hRTC.s:146    .text.SPIRecv:00000000 SPIRecv
C:\Users\Administrator\AppData\Local\Temp\ccO4hRTC.s:193    .text.SPITransRecv:00000000 $t
C:\Users\Administrator\AppData\Local\Temp\ccO4hRTC.s:199    .text.SPITransRecv:00000000 SPITransRecv
C:\Users\Administrator\AppData\Local\Temp\ccO4hRTC.s:288    .text.SPITransRecv:000000a4 $d
C:\Users\Administrator\AppData\Local\Temp\ccO4hRTC.s:293    .text.SPISetMode:00000000 $t
C:\Users\Administrator\AppData\Local\Temp\ccO4hRTC.s:299    .text.SPISetMode:00000000 SPISetMode
C:\Users\Administrator\AppData\Local\Temp\ccO4hRTC.s:316    .text.HAL_SPI_RxCpltCallback:00000000 $t
C:\Users\Administrator\AppData\Local\Temp\ccO4hRTC.s:322    .text.HAL_SPI_RxCpltCallback:00000000 HAL_SPI_RxCpltCallback
C:\Users\Administrator\AppData\Local\Temp\ccO4hRTC.s:369    .text.HAL_SPI_RxCpltCallback:0000005c $d
C:\Users\Administrator\AppData\Local\Temp\ccO4hRTC.s:373    .text.HAL_SPI_TxRxCpltCallback:00000000 $t
C:\Users\Administrator\AppData\Local\Temp\ccO4hRTC.s:379    .text.HAL_SPI_TxRxCpltCallback:00000000 HAL_SPI_TxRxCpltCallback
C:\Users\Administrator\AppData\Local\Temp\ccO4hRTC.s:388    .data.SPIDeviceOnGoing:00000000 $d
C:\Users\Administrator\AppData\Local\Temp\ccO4hRTC.s:397    .bss.idx:00000000 $d
C:\Users\Administrator\AppData\Local\Temp\ccO4hRTC.s:399    .bss.spi_instance:00000000 $d

UNDEFINED SYMBOLS
malloc
memset
HAL_GPIO_WritePin
HAL_SPI_Transmit_DMA
HAL_SPI_Transmit_IT
HAL_SPI_Transmit
HAL_SPI_Receive_DMA
HAL_SPI_Receive_IT
HAL_SPI_Receive
HAL_GPIO_ReadPin
HAL_SPI_TransmitReceive_DMA
HAL_SPI_TransmitReceive_IT
HAL_SPI_TransmitReceive
