ARM GAS  C:\Users\Administrator\AppData\Local\Temp\ccdd1pNC.s 			page 1


   1              		.cpu cortex-m4
   2              		.arch armv7e-m
   3              		.fpu fpv4-sp-d16
   4              		.eabi_attribute 27, 1
   5              		.eabi_attribute 28, 1
   6              		.eabi_attribute 20, 1
   7              		.eabi_attribute 21, 1
   8              		.eabi_attribute 23, 3
   9              		.eabi_attribute 24, 1
  10              		.eabi_attribute 25, 1
  11              		.eabi_attribute 26, 1
  12              		.eabi_attribute 30, 1
  13              		.eabi_attribute 34, 1
  14              		.eabi_attribute 18, 4
  15              		.file	"dma.c"
  16              		.text
  17              		.section	.text.MX_DMA_Init,"ax",%progbits
  18              		.align	1
  19              		.global	MX_DMA_Init
  20              		.syntax unified
  21              		.thumb
  22              		.thumb_func
  24              	MX_DMA_Init:
  25              		@ args = 0, pretend = 0, frame = 8
  26              		@ frame_needed = 0, uses_anonymous_args = 0
  27 0000 10B5     		push	{r4, lr}
  28 0002 82B0     		sub	sp, sp, #8
  29 0004 0024     		movs	r4, #0
  30 0006 0094     		str	r4, [sp]
  31 0008 2E4B     		ldr	r3, .L3
  32 000a 1A6B     		ldr	r2, [r3, #48]
  33 000c 42F48002 		orr	r2, r2, #4194304
  34 0010 1A63     		str	r2, [r3, #48]
  35 0012 1A6B     		ldr	r2, [r3, #48]
  36 0014 02F48002 		and	r2, r2, #4194304
  37 0018 0092     		str	r2, [sp]
  38 001a 009A     		ldr	r2, [sp]
  39 001c 0194     		str	r4, [sp, #4]
  40 001e 1A6B     		ldr	r2, [r3, #48]
  41 0020 42F40012 		orr	r2, r2, #2097152
  42 0024 1A63     		str	r2, [r3, #48]
  43 0026 1B6B     		ldr	r3, [r3, #48]
  44 0028 03F40013 		and	r3, r3, #2097152
  45 002c 0193     		str	r3, [sp, #4]
  46 002e 019B     		ldr	r3, [sp, #4]
  47 0030 2246     		mov	r2, r4
  48 0032 0521     		movs	r1, #5
  49 0034 0C20     		movs	r0, #12
  50 0036 FFF7FEFF 		bl	HAL_NVIC_SetPriority
  51 003a 0C20     		movs	r0, #12
  52 003c FFF7FEFF 		bl	HAL_NVIC_EnableIRQ
  53 0040 2246     		mov	r2, r4
  54 0042 0521     		movs	r1, #5
  55 0044 0D20     		movs	r0, #13
  56 0046 FFF7FEFF 		bl	HAL_NVIC_SetPriority
  57 004a 0D20     		movs	r0, #13
  58 004c FFF7FEFF 		bl	HAL_NVIC_EnableIRQ
ARM GAS  C:\Users\Administrator\AppData\Local\Temp\ccdd1pNC.s 			page 2


  59 0050 2246     		mov	r2, r4
  60 0052 0521     		movs	r1, #5
  61 0054 2F20     		movs	r0, #47
  62 0056 FFF7FEFF 		bl	HAL_NVIC_SetPriority
  63 005a 2F20     		movs	r0, #47
  64 005c FFF7FEFF 		bl	HAL_NVIC_EnableIRQ
  65 0060 2246     		mov	r2, r4
  66 0062 2146     		mov	r1, r4
  67 0064 3820     		movs	r0, #56
  68 0066 FFF7FEFF 		bl	HAL_NVIC_SetPriority
  69 006a 3820     		movs	r0, #56
  70 006c FFF7FEFF 		bl	HAL_NVIC_EnableIRQ
  71 0070 2246     		mov	r2, r4
  72 0072 0521     		movs	r1, #5
  73 0074 3A20     		movs	r0, #58
  74 0076 FFF7FEFF 		bl	HAL_NVIC_SetPriority
  75 007a 3A20     		movs	r0, #58
  76 007c FFF7FEFF 		bl	HAL_NVIC_EnableIRQ
  77 0080 2246     		mov	r2, r4
  78 0082 2146     		mov	r1, r4
  79 0084 3B20     		movs	r0, #59
  80 0086 FFF7FEFF 		bl	HAL_NVIC_SetPriority
  81 008a 3B20     		movs	r0, #59
  82 008c FFF7FEFF 		bl	HAL_NVIC_EnableIRQ
  83 0090 2246     		mov	r2, r4
  84 0092 2146     		mov	r1, r4
  85 0094 4420     		movs	r0, #68
  86 0096 FFF7FEFF 		bl	HAL_NVIC_SetPriority
  87 009a 4420     		movs	r0, #68
  88 009c FFF7FEFF 		bl	HAL_NVIC_EnableIRQ
  89 00a0 2246     		mov	r2, r4
  90 00a2 0521     		movs	r1, #5
  91 00a4 4520     		movs	r0, #69
  92 00a6 FFF7FEFF 		bl	HAL_NVIC_SetPriority
  93 00aa 4520     		movs	r0, #69
  94 00ac FFF7FEFF 		bl	HAL_NVIC_EnableIRQ
  95 00b0 2246     		mov	r2, r4
  96 00b2 0521     		movs	r1, #5
  97 00b4 4620     		movs	r0, #70
  98 00b6 FFF7FEFF 		bl	HAL_NVIC_SetPriority
  99 00ba 4620     		movs	r0, #70
 100 00bc FFF7FEFF 		bl	HAL_NVIC_EnableIRQ
 101 00c0 02B0     		add	sp, sp, #8
 102              		@ sp needed
 103 00c2 10BD     		pop	{r4, pc}
 104              	.L4:
 105              		.align	2
 106              	.L3:
 107 00c4 00380240 		.word	1073887232
 109              		.ident	"GCC: (xPack GNU Arm Embedded GCC x86_64) 15.2.1 20251203"
ARM GAS  C:\Users\Administrator\AppData\Local\Temp\ccdd1pNC.s 			page 3


DEFINED SYMBOLS
                            *ABS*:00000000 dma.c
C:\Users\Administrator\AppData\Local\Temp\ccdd1pNC.s:18     .text.MX_DMA_Init:00000000 $t
C:\Users\Administrator\AppData\Local\Temp\ccdd1pNC.s:24     .text.MX_DMA_Init:00000000 MX_DMA_Init
C:\Users\Administrator\AppData\Local\Temp\ccdd1pNC.s:107    .text.MX_DMA_Init:000000c4 $d

UNDEFINED SYMBOLS
HAL_NVIC_SetPriority
HAL_NVIC_EnableIRQ
