ARM GAS  C:\Users\Administrator\AppData\Local\Temp\ccpCMQGN.s 			page 1


   1              		.cpu cortex-m4
   2              		.arch armv7e-m
   3              		.fpu fpv4-sp-d16
   4              		.eabi_attribute 27, 1
   5              		.eabi_attribute 28, 1
   6              		.eabi_attribute 20, 1
   7              		.eabi_attribute 21, 1
   8              		.eabi_attribute 23, 3
   9              		.eabi_attribute 24, 1
  10              		.eabi_attribute 25, 1
  11              		.eabi_attribute 26, 1
  12              		.eabi_attribute 30, 1
  13              		.eabi_attribute 34, 1
  14              		.eabi_attribute 18, 4
  15              		.file	"HC05.c"
  16              		.text
  17              		.section	.text.HC05RxCallback,"ax",%progbits
  18              		.align	1
  19              		.syntax unified
  20              		.thumb
  21              		.thumb_func
  23              	HC05RxCallback:
  24              		@ args = 0, pretend = 0, frame = 0
  25              		@ frame_needed = 0, uses_anonymous_args = 0
  26              		@ link register save eliminated.
  27 0000 0A4B     		ldr	r3, .L7
  28 0002 1B68     		ldr	r3, [r3]
  29 0004 1A78     		ldrb	r2, [r3]	@ zero_extendqisi2
  30 0006 AA2A     		cmp	r2, #170
  31 0008 00D0     		beq	.L6
  32              	.L1:
  33 000a 7047     		bx	lr
  34              	.L6:
  35 000c 5A79     		ldrb	r2, [r3, #5]	@ zero_extendqisi2
  36 000e 552A     		cmp	r2, #85
  37 0010 FBD1     		bne	.L1
  38 0012 0022     		movs	r2, #0
  39 0014 07E0     		b	.L3
  40              	.L4:
  41 0016 501C     		adds	r0, r2, #1
  42 0018 13F800C0 		ldrb	ip, [r3, r0]	@ zero_extendqisi2
  43 001c 0449     		ldr	r1, .L7+4
  44 001e 0A44     		add	r2, r2, r1
  45 0020 82F806C0 		strb	ip, [r2, #6]
  46 0024 0246     		mov	r2, r0
  47              	.L3:
  48 0026 032A     		cmp	r2, #3
  49 0028 F5DD     		ble	.L4
  50 002a EEE7     		b	.L1
  51              	.L8:
  52              		.align	2
  53              	.L7:
  54 002c 00000000 		.word	hc05_usart_instance
  55 0030 00000000 		.word	hc05_msg
  57              		.section	.text.HC05Init,"ax",%progbits
  58              		.align	1
  59              		.global	HC05Init
ARM GAS  C:\Users\Administrator\AppData\Local\Temp\ccpCMQGN.s 			page 2


  60              		.syntax unified
  61              		.thumb
  62              		.thumb_func
  64              	HC05Init:
  65              		@ args = 0, pretend = 0, frame = 16
  66              		@ frame_needed = 0, uses_anonymous_args = 0
  67 0000 00B5     		push	{lr}
  68 0002 85B0     		sub	sp, sp, #20
  69 0004 084B     		ldr	r3, .L11
  70 0006 0393     		str	r3, [sp, #12]
  71 0008 0290     		str	r0, [sp, #8]
  72 000a 0623     		movs	r3, #6
  73 000c 8DF80430 		strb	r3, [sp, #4]
  74 0010 01A8     		add	r0, sp, #4
  75 0012 FFF7FEFF 		bl	USARTRegister
  76 0016 054B     		ldr	r3, .L11+4
  77 0018 1860     		str	r0, [r3]
  78 001a 054B     		ldr	r3, .L11+8
  79 001c 0122     		movs	r2, #1
  80 001e 1A70     		strb	r2, [r3]
  81 0020 0448     		ldr	r0, .L11+12
  82 0022 05B0     		add	sp, sp, #20
  83              		@ sp needed
  84 0024 00BD     		pop	{pc}
  85              	.L12:
  86 0026 00BF     		.align	2
  87              	.L11:
  88 0028 00000000 		.word	HC05RxCallback
  89 002c 00000000 		.word	hc05_usart_instance
  90 0030 00000000 		.word	hc05_init_flag
  91 0034 00000000 		.word	hc05_msg
  93              		.section	.text.HC05_SendData,"ax",%progbits
  94              		.align	1
  95              		.global	HC05_SendData
  96              		.syntax unified
  97              		.thumb
  98              		.thumb_func
 100              	HC05_SendData:
 101              		@ args = 0, pretend = 0, frame = 0
 102              		@ frame_needed = 0, uses_anonymous_args = 0
 103 0000 08B5     		push	{r3, lr}
 104 0002 8E46     		mov	lr, r1
 105 0004 0C4B     		ldr	r3, .L17
 106 0006 AA22     		movs	r2, #170
 107 0008 1A70     		strb	r2, [r3]
 108 000a 0023     		movs	r3, #0
 109 000c 07E0     		b	.L14
 110              	.L15:
 111 000e 00EB030C 		add	ip, r0, r3
 112 0012 0133     		adds	r3, r3, #1
 113 0014 9CF800C0 		ldrb	ip, [ip]	@ zero_extendqisi2
 114 0018 074A     		ldr	r2, .L17
 115 001a 02F803C0 		strb	ip, [r2, r3]
 116              	.L14:
 117 001e 9E45     		cmp	lr, r3
 118 0020 F5DC     		bgt	.L15
 119 0022 0549     		ldr	r1, .L17
ARM GAS  C:\Users\Administrator\AppData\Local\Temp\ccpCMQGN.s 			page 3


 120 0024 5523     		movs	r3, #85
 121 0026 4B71     		strb	r3, [r1, #5]
 122 0028 0223     		movs	r3, #2
 123 002a 0EEB0302 		add	r2, lr, r3
 124 002e 0348     		ldr	r0, .L17+4
 125 0030 0068     		ldr	r0, [r0]
 126 0032 FFF7FEFF 		bl	USARTSend
 127 0036 08BD     		pop	{r3, pc}
 128              	.L18:
 129              		.align	2
 130              	.L17:
 131 0038 00000000 		.word	hc05_msg
 132 003c 00000000 		.word	hc05_usart_instance
 134              		.section	.bss.hc05_init_flag,"aw",%nobits
 137              	hc05_init_flag:
 138 0000 00       		.space	1
 139              		.section	.bss.hc05_usart_instance,"aw",%nobits
 140              		.align	2
 143              	hc05_usart_instance:
 144 0000 00000000 		.space	4
 145              		.section	.bss.hc05_msg,"aw",%nobits
 146              		.align	2
 149              	hc05_msg:
 150 0000 00000000 		.space	10
 150      00000000 
 150      0000
 151              		.ident	"GCC: (xPack GNU Arm Embedded GCC x86_64) 15.2.1 20251203"
ARM GAS  C:\Users\Administrator\AppData\Local\Temp\ccpCMQGN.s 			page 4


DEFINED SYMBOLS
                            *ABS*:00000000 HC05.c
C:\Users\Administrator\AppData\Local\Temp\ccpCMQGN.s:18     .text.HC05RxCallback:00000000 $t
C:\Users\Administrator\AppData\Local\Temp\ccpCMQGN.s:23     .text.HC05RxCallback:00000000 HC05RxCallback
C:\Users\Administrator\AppData\Local\Temp\ccpCMQGN.s:54     .text.HC05RxCallback:0000002c $d
C:\Users\Administrator\AppData\Local\Temp\ccpCMQGN.s:143    .bss.hc05_usart_instance:00000000 hc05_usart_instance
C:\Users\Administrator\AppData\Local\Temp\ccpCMQGN.s:149    .bss.hc05_msg:00000000 hc05_msg
C:\Users\Administrator\AppData\Local\Temp\ccpCMQGN.s:58     .text.HC05Init:00000000 $t
C:\Users\Administrator\AppData\Local\Temp\ccpCMQGN.s:64     .text.HC05Init:00000000 HC05Init
C:\Users\Administrator\AppData\Local\Temp\ccpCMQGN.s:88     .text.HC05Init:00000028 $d
C:\Users\Administrator\AppData\Local\Temp\ccpCMQGN.s:137    .bss.hc05_init_flag:00000000 hc05_init_flag
C:\Users\Administrator\AppData\Local\Temp\ccpCMQGN.s:94     .text.HC05_SendData:00000000 $t
C:\Users\Administrator\AppData\Local\Temp\ccpCMQGN.s:100    .text.HC05_SendData:00000000 HC05_SendData
C:\Users\Administrator\AppData\Local\Temp\ccpCMQGN.s:131    .text.HC05_SendData:00000038 $d
C:\Users\Administrator\AppData\Local\Temp\ccpCMQGN.s:138    .bss.hc05_init_flag:00000000 $d
C:\Users\Administrator\AppData\Local\Temp\ccpCMQGN.s:140    .bss.hc05_usart_instance:00000000 $d
C:\Users\Administrator\AppData\Local\Temp\ccpCMQGN.s:146    .bss.hc05_msg:00000000 $d

UNDEFINED SYMBOLS
USARTRegister
USARTSend
