ARM GAS  C:\Users\Administrator\AppData\Local\Temp\cc185VEa.s 			page 1


   1              		.cpu cortex-m4
   2              		.arch armv7e-m
   3              		.fpu fpv4-sp-d16
   4              		.eabi_attribute 27, 1
   5              		.eabi_attribute 28, 1
   6              		.eabi_attribute 20, 1
   7              		.eabi_attribute 21, 1
   8              		.eabi_attribute 23, 3
   9              		.eabi_attribute 24, 1
  10              		.eabi_attribute 25, 1
  11              		.eabi_attribute 26, 1
  12              		.eabi_attribute 30, 1
  13              		.eabi_attribute 34, 1
  14              		.eabi_attribute 18, 4
  15              		.file	"hero_config.c"
  16              		.text
  17              		.section	.text.HeroConfigInit,"ax",%progbits
  18              		.align	1
  19              		.global	HeroConfigInit
  20              		.syntax unified
  21              		.thumb
  22              		.thumb_func
  24              	HeroConfigInit:
  25              		@ args = 0, pretend = 0, frame = 0
  26              		@ frame_needed = 0, uses_anonymous_args = 0
  27              		@ link register save eliminated.
  28 0000 0048     		ldr	r0, .L2
  29 0002 7047     		bx	lr
  30              	.L3:
  31              		.align	2
  32              	.L2:
  33 0004 00000000 		.word	hero_config.0
  35              		.section	.data.hero_config.0,"aw"
  36              		.align	2
  39              	hero_config.0:
  40 0000 00       		.byte	0
  41 0001 000000   		.space	3
  42 0004 00000000 		.word	0
  43 0008 00000000 		.word	0
  44 000c 0000B943 		.word	1136197632
  45 0010 0000D243 		.word	1137836032
  46 0014 00009642 		.word	1117126656
  47 0018 00009841 		.word	1100480512
  48 001c 00000000 		.space	16
  48      00000000 
  48      00000000 
  48      00000000 
  49 002c 0000003F 		.word	1056964608
  50 0030 00000000 		.word	0
  51 0034 00000000 		.word	0
  52 0038 00606A46 		.word	1181376512
  53 003c 00000000 		.space	4
  54 0040 07       		.byte	7
  55 0041 000000   		.space	3
  56 0044 00803B45 		.word	1161527296
  57 0048 00000000 		.space	16
  57      00000000 
ARM GAS  C:\Users\Administrator\AppData\Local\Temp\cc185VEa.s 			page 2


  57      00000000 
  57      00000000 
  58 0058 0000A040 		.word	1084227584
  59 005c 0000803F 		.word	1065353216
  60 0060 00000000 		.word	0
  61 0064 00803B46 		.word	1178304512
  62 0068 00000000 		.space	4
  63 006c 07       		.byte	7
  64 006d 000000   		.space	3
  65 0070 00803B45 		.word	1161527296
  66 0074 00000000 		.space	16
  66      00000000 
  66      00000000 
  66      00000000 
  67 0084 00000000 		.space	44
  67      00000000 
  67      00000000 
  67      00000000 
  67      00000000 
  68 00b0 02       		.byte	2
  69 00b1 03       		.byte	3
  70 00b2 0000     		.space	2
  71 00b4 00       		.byte	0
  72 00b5 00       		.byte	0
  73 00b6 0000     		.space	2
  74 00b8 02       		.byte	2
  75 00b9 000000   		.space	3
  76 00bc 00000000 		.word	hcan1
  77 00c0 00000000 		.space	24
  77      00000000 
  77      00000000 
  77      00000000 
  77      00000000 
  78 00d8 00000000 		.space	44
  78      00000000 
  78      00000000 
  78      00000000 
  78      00000000 
  79 0104 01040203 		.ascii	"\001\004\002\003\000"
  79      00
  80 0109 000000   		.space	3
  81 010c 00       		.byte	0
  82 010d 00000000 		.space	19
  82      00000000 
  82      00000000 
  82      00000000 
  82      000000
  83 0120 00000000 		.space	60
  83      00000000 
  83      00000000 
  83      00000000 
  83      00000000 
  84 015c 00004843 		.word	1128792064
  85 0160 00001643 		.word	1125515264
  86 0164 00000000 		.word	0
  87 0168 00409C46 		.word	1184645120
  88 016c 00000000 		.space	4
ARM GAS  C:\Users\Administrator\AppData\Local\Temp\cc185VEa.s 			page 3


  89 0170 07       		.byte	7
  90 0171 000000   		.space	3
  91 0174 00803B45 		.word	1161527296
  92 0178 00000000 		.space	16
  92      00000000 
  92      00000000 
  92      00000000 
  93 0188 00002041 		.word	1092616192
  94 018c 00000000 		.word	0
  95 0190 0000003F 		.word	1056964608
  96 0194 0000FA43 		.word	1140457472
  97 0198 CDCCCC3D 		.word	1036831949
  98 019c 07       		.byte	7
  99 019d 000000   		.space	3
 100 01a0 0000C842 		.word	1120403456
 101 01a4 00000000 		.space	16
 101      00000000 
 101      00000000 
 101      00000000 
 102 01b4 04       		.byte	4
 103 01b5 06       		.byte	6
 104 01b6 01       		.byte	1
 105 01b7 00       		.byte	0
 106 01b8 01       		.byte	1
 107 01b9 01       		.byte	1
 108 01ba 0000     		.space	2
 109 01bc 01       		.byte	1
 110 01bd 000000   		.space	3
 111 01c0 00000000 		.word	hcan1
 112 01c4 01000000 		.word	1
 113 01c8 00000000 		.space	20
 113      00000000 
 113      00000000 
 113      00000000 
 113      00000000 
 114 01dc 00000000 		.space	188
 114      00000000 
 114      00000000 
 114      00000000 
 114      00000000 
 115 0298 00000000 		.space	60
 115      00000000 
 115      00000000 
 115      00000000 
 115      00000000 
 116 02d4 CDCC4C3D 		.word	1028443341
 117 02d8 00000000 		.word	0
 118 02dc A69B443B 		.word	994352038
 119 02e0 0000F041 		.word	1106247680
 120 02e4 00000000 		.space	4
 121 02e8 07       		.byte	7
 122 02e9 000000   		.space	3
 123 02ec 00401C45 		.word	1159479296
 124 02f0 00000000 		.space	16
 124      00000000 
 124      00000000 
 124      00000000 
ARM GAS  C:\Users\Administrator\AppData\Local\Temp\cc185VEa.s 			page 4


 125 0300 00002041 		.word	1092616192
 126 0304 0000803F 		.word	1065353216
 127 0308 0000003F 		.word	1056964608
 128 030c 0000C842 		.word	1120403456
 129 0310 00000000 		.space	4
 130 0314 07       		.byte	7
 131 0315 000000   		.space	3
 132 0318 0000C842 		.word	1120403456
 133 031c 00000000 		.space	16
 133      00000000 
 133      00000000 
 133      00000000 
 134 032c 04       		.byte	4
 135 032d 06       		.byte	6
 136 032e 00       		.byte	0
 137 032f 00       		.byte	0
 138 0330 01       		.byte	1
 139 0331 01       		.byte	1
 140 0332 0000     		.space	2
 141 0334 07       		.byte	7
 142 0335 000000   		.space	3
 143 0338 00000000 		.word	hcan2
 144 033c 7F000000 		.word	127
 145 0340 00000000 		.space	4
 146 0344 7F000000 		.word	127
 147 0348 00000000 		.space	12
 147      00000000 
 147      00000000 
 148 0354 02       		.byte	2
 149 0355 000000   		.space	3
 150 0358 00000000 		.space	16
 150      00000000 
 150      00000000 
 150      00000000 
 151 0368 CDCCCC3E 		.word	1053609165
 152 036c 00000000 		.word	0
 153 0370 00000000 		.word	0
 154 0374 00606A46 		.word	1181376512
 155 0378 00000000 		.space	4
 156 037c 01       		.byte	1
 157 037d 000000   		.space	3
 158 0380 00401C46 		.word	1176256512
 159 0384 00000000 		.space	16
 159      00000000 
 159      00000000 
 159      00000000 
 160 0394 00007041 		.word	1097859072
 161 0398 0000803F 		.word	1065353216
 162 039c 00000000 		.word	0
 163 03a0 00606A46 		.word	1181376512
 164 03a4 00000000 		.space	4
 165 03a8 01       		.byte	1
 166 03a9 000000   		.space	3
 167 03ac 00401C46 		.word	1176256512
 168 03b0 00000000 		.space	16
 168      00000000 
 168      00000000 
ARM GAS  C:\Users\Administrator\AppData\Local\Temp\cc185VEa.s 			page 5


 168      00000000 
 169 03c0 00000000 		.space	44
 169      00000000 
 169      00000000 
 169      00000000 
 169      00000000 
 170 03ec 02       		.byte	2
 171 03ed 03       		.byte	3
 172 03ee 01       		.byte	1
 173 03ef 00       		.space	1
 174 03f0 00       		.byte	0
 175 03f1 00       		.byte	0
 176 03f2 0000     		.space	2
 177 03f4 02       		.byte	2
 178 03f5 000000   		.space	3
 179 03f8 00000000 		.word	hcan2
 180 03fc 00000000 		.space	24
 180      00000000 
 180      00000000 
 180      00000000 
 180      00000000 
 181 0414 00000000 		.space	16
 181      00000000 
 181      00000000 
 181      00000000 
 182 0424 CDCCCC3E 		.word	1053609165
 183 0428 00000000 		.word	0
 184 042c 00000000 		.word	0
 185 0430 00409C45 		.word	1167867904
 186 0434 00000000 		.space	4
 187 0438 01       		.byte	1
 188 0439 000000   		.space	3
 189 043c 00409C45 		.word	1167867904
 190 0440 00000000 		.space	16
 190      00000000 
 190      00000000 
 190      00000000 
 191 0450 00002041 		.word	1092616192
 192 0454 0000803F 		.word	1065353216
 193 0458 00000000 		.word	0
 194 045c 00401C46 		.word	1176256512
 195 0460 00000000 		.space	4
 196 0464 01       		.byte	1
 197 0465 000000   		.space	3
 198 0468 0000FA45 		.word	1174011904
 199 046c 00000000 		.space	16
 199      00000000 
 199      00000000 
 199      00000000 
 200 047c 00002041 		.word	1092616192
 201 0480 0000803F 		.word	1065353216
 202 0484 00000000 		.word	0
 203 0488 00004843 		.word	1128792064
 204 048c 00000000 		.space	28
 204      00000000 
 204      00000000 
 204      00000000 
ARM GAS  C:\Users\Administrator\AppData\Local\Temp\cc185VEa.s 			page 6


 204      00000000 
 205 04a8 02       		.byte	2
 206 04a9 03       		.byte	3
 207 04aa 00       		.byte	0
 208 04ab 00       		.space	1
 209 04ac 00       		.byte	0
 210 04ad 00       		.byte	0
 211 04ae 0000     		.space	2
 212 04b0 02       		.byte	2
 213 04b1 000000   		.space	3
 214 04b4 00000000 		.word	hcan1
 215 04b8 06000000 		.word	6
 216 04bc 00000000 		.space	20
 216      00000000 
 216      00000000 
 216      00000000 
 216      00000000 
 217 04d0 03050104 		.ascii	"\003\005\001\004"
 218 04d4 00000000 		.space	4
 219              		.ident	"GCC: (xPack GNU Arm Embedded GCC x86_64) 15.2.1 20251203"
ARM GAS  C:\Users\Administrator\AppData\Local\Temp\cc185VEa.s 			page 7


DEFINED SYMBOLS
                            *ABS*:00000000 hero_config.c
C:\Users\Administrator\AppData\Local\Temp\cc185VEa.s:18     .text.HeroConfigInit:00000000 $t
C:\Users\Administrator\AppData\Local\Temp\cc185VEa.s:24     .text.HeroConfigInit:00000000 HeroConfigInit
C:\Users\Administrator\AppData\Local\Temp\cc185VEa.s:33     .text.HeroConfigInit:00000004 $d
C:\Users\Administrator\AppData\Local\Temp\cc185VEa.s:39     .data.hero_config.0:00000000 hero_config.0
C:\Users\Administrator\AppData\Local\Temp\cc185VEa.s:36     .data.hero_config.0:00000000 $d

UNDEFINED SYMBOLS
hcan1
hcan2
