ARM GAS  C:\Users\Administrator\AppData\Local\Temp\ccAKwWuX.s 			page 1


   1              		.cpu cortex-m4
   2              		.arch armv7e-m
   3              		.fpu fpv4-sp-d16
   4              		.eabi_attribute 27, 1
   5              		.eabi_attribute 28, 1
   6              		.eabi_attribute 20, 1
   7              		.eabi_attribute 21, 1
   8              		.eabi_attribute 23, 3
   9              		.eabi_attribute 24, 1
  10              		.eabi_attribute 25, 1
  11              		.eabi_attribute 26, 1
  12              		.eabi_attribute 30, 1
  13              		.eabi_attribute 34, 1
  14              		.eabi_attribute 18, 4
  15              		.file	"queue.c"
  16              		.text
  17              		.section	.text.prvGetDisinheritPriorityAfterTimeout,"ax",%progbits
  18              		.align	1
  19              		.syntax unified
  20              		.thumb
  21              		.thumb_func
  23              	prvGetDisinheritPriorityAfterTimeout:
  24              		@ args = 0, pretend = 0, frame = 0
  25              		@ frame_needed = 0, uses_anonymous_args = 0
  26              		@ link register save eliminated.
  27 0000 0346     		mov	r3, r0
  28 0002 406A     		ldr	r0, [r0, #36]
  29 0004 18B1     		cbz	r0, .L1
  30 0006 1B6B     		ldr	r3, [r3, #48]
  31 0008 1868     		ldr	r0, [r3]
  32 000a C0F10700 		rsb	r0, r0, #7
  33              	.L1:
  34 000e 7047     		bx	lr
  36              		.section	.text.prvIsQueueFull,"ax",%progbits
  37              		.align	1
  38              		.syntax unified
  39              		.thumb
  40              		.thumb_func
  42              	prvIsQueueFull:
  43              		@ args = 0, pretend = 0, frame = 0
  44              		@ frame_needed = 0, uses_anonymous_args = 0
  45 0000 10B5     		push	{r4, lr}
  46 0002 0446     		mov	r4, r0
  47 0004 FFF7FEFF 		bl	vPortEnterCritical
  48 0008 A26B     		ldr	r2, [r4, #56]
  49 000a E36B     		ldr	r3, [r4, #60]
  50 000c 9A42     		cmp	r2, r3
  51 000e 04D0     		beq	.L7
  52 0010 0024     		movs	r4, #0
  53              	.L4:
  54 0012 FFF7FEFF 		bl	vPortExitCritical
  55 0016 2046     		mov	r0, r4
  56 0018 10BD     		pop	{r4, pc}
  57              	.L7:
  58 001a 0124     		movs	r4, #1
  59 001c F9E7     		b	.L4
  61              		.section	.text.prvIsQueueEmpty,"ax",%progbits
ARM GAS  C:\Users\Administrator\AppData\Local\Temp\ccAKwWuX.s 			page 2


  62              		.align	1
  63              		.syntax unified
  64              		.thumb
  65              		.thumb_func
  67              	prvIsQueueEmpty:
  68              		@ args = 0, pretend = 0, frame = 0
  69              		@ frame_needed = 0, uses_anonymous_args = 0
  70 0000 10B5     		push	{r4, lr}
  71 0002 0446     		mov	r4, r0
  72 0004 FFF7FEFF 		bl	vPortEnterCritical
  73 0008 A36B     		ldr	r3, [r4, #56]
  74 000a 2BB9     		cbnz	r3, .L10
  75 000c 0123     		movs	r3, #1
  76 000e 1C46     		mov	r4, r3
  77              	.L9:
  78 0010 FFF7FEFF 		bl	vPortExitCritical
  79 0014 2046     		mov	r0, r4
  80 0016 10BD     		pop	{r4, pc}
  81              	.L10:
  82 0018 0023     		movs	r3, #0
  83 001a 1C46     		mov	r4, r3
  84 001c F8E7     		b	.L9
  86              		.section	.text.prvCopyDataToQueue,"ax",%progbits
  87              		.align	1
  88              		.syntax unified
  89              		.thumb
  90              		.thumb_func
  92              	prvCopyDataToQueue:
  93              		@ args = 0, pretend = 0, frame = 0
  94              		@ frame_needed = 0, uses_anonymous_args = 0
  95 0000 70B5     		push	{r4, r5, r6, lr}
  96 0002 0446     		mov	r4, r0
  97 0004 1646     		mov	r6, r2
  98 0006 856B     		ldr	r5, [r0, #56]
  99 0008 026C     		ldr	r2, [r0, #64]
 100 000a 5AB9     		cbnz	r2, .L13
 101 000c 0368     		ldr	r3, [r0]
 102 000e 1BB1     		cbz	r3, .L22
 103 0010 0020     		movs	r0, #0
 104              	.L14:
 105 0012 0135     		adds	r5, r5, #1
 106 0014 A563     		str	r5, [r4, #56]
 107 0016 70BD     		pop	{r4, r5, r6, pc}
 108              	.L22:
 109 0018 8068     		ldr	r0, [r0, #8]
 110 001a FFF7FEFF 		bl	xTaskPriorityDisinherit
 111 001e 0023     		movs	r3, #0
 112 0020 A360     		str	r3, [r4, #8]
 113 0022 F6E7     		b	.L14
 114              	.L13:
 115 0024 6EB9     		cbnz	r6, .L15
 116 0026 4068     		ldr	r0, [r0, #4]
 117 0028 FFF7FEFF 		bl	memcpy
 118 002c 6368     		ldr	r3, [r4, #4]
 119 002e 226C     		ldr	r2, [r4, #64]
 120 0030 1344     		add	r3, r3, r2
 121 0032 6360     		str	r3, [r4, #4]
ARM GAS  C:\Users\Administrator\AppData\Local\Temp\ccAKwWuX.s 			page 3


 122 0034 A268     		ldr	r2, [r4, #8]
 123 0036 9342     		cmp	r3, r2
 124 0038 19D3     		bcc	.L18
 125 003a 2368     		ldr	r3, [r4]
 126 003c 6360     		str	r3, [r4, #4]
 127 003e 3046     		mov	r0, r6
 128 0040 E7E7     		b	.L14
 129              	.L15:
 130 0042 C068     		ldr	r0, [r0, #12]
 131 0044 FFF7FEFF 		bl	memcpy
 132 0048 E368     		ldr	r3, [r4, #12]
 133 004a 226C     		ldr	r2, [r4, #64]
 134 004c 5142     		rsbs	r1, r2, #0
 135 004e 9B1A     		subs	r3, r3, r2
 136 0050 E360     		str	r3, [r4, #12]
 137 0052 2268     		ldr	r2, [r4]
 138 0054 9342     		cmp	r3, r2
 139 0056 02D2     		bcs	.L16
 140 0058 A368     		ldr	r3, [r4, #8]
 141 005a 0B44     		add	r3, r3, r1
 142 005c E360     		str	r3, [r4, #12]
 143              	.L16:
 144 005e 022E     		cmp	r6, #2
 145 0060 01D0     		beq	.L23
 146 0062 0020     		movs	r0, #0
 147 0064 D5E7     		b	.L14
 148              	.L23:
 149 0066 25B1     		cbz	r5, .L20
 150 0068 013D     		subs	r5, r5, #1
 151 006a 0020     		movs	r0, #0
 152 006c D1E7     		b	.L14
 153              	.L18:
 154 006e 3046     		mov	r0, r6
 155 0070 CFE7     		b	.L14
 156              	.L20:
 157 0072 2846     		mov	r0, r5
 158 0074 CDE7     		b	.L14
 160              		.section	.text.prvCopyDataFromQueue,"ax",%progbits
 161              		.align	1
 162              		.syntax unified
 163              		.thumb
 164              		.thumb_func
 166              	prvCopyDataFromQueue:
 167              		@ args = 0, pretend = 0, frame = 0
 168              		@ frame_needed = 0, uses_anonymous_args = 0
 169 0000 0346     		mov	r3, r0
 170 0002 026C     		ldr	r2, [r0, #64]
 171 0004 6AB1     		cbz	r2, .L28
 172 0006 10B5     		push	{r4, lr}
 173 0008 0846     		mov	r0, r1
 174 000a D968     		ldr	r1, [r3, #12]
 175 000c 1144     		add	r1, r1, r2
 176 000e D960     		str	r1, [r3, #12]
 177 0010 9C68     		ldr	r4, [r3, #8]
 178 0012 A142     		cmp	r1, r4
 179 0014 01D3     		bcc	.L26
 180 0016 1968     		ldr	r1, [r3]
ARM GAS  C:\Users\Administrator\AppData\Local\Temp\ccAKwWuX.s 			page 4


 181 0018 D960     		str	r1, [r3, #12]
 182              	.L26:
 183 001a D968     		ldr	r1, [r3, #12]
 184 001c FFF7FEFF 		bl	memcpy
 185 0020 10BD     		pop	{r4, pc}
 186              	.L28:
 187 0022 7047     		bx	lr
 189              		.section	.text.prvUnlockQueue,"ax",%progbits
 190              		.align	1
 191              		.syntax unified
 192              		.thumb
 193              		.thumb_func
 195              	prvUnlockQueue:
 196              		@ args = 0, pretend = 0, frame = 0
 197              		@ frame_needed = 0, uses_anonymous_args = 0
 198 0000 38B5     		push	{r3, r4, r5, lr}
 199 0002 0546     		mov	r5, r0
 200 0004 FFF7FEFF 		bl	vPortEnterCritical
 201 0008 95F84540 		ldrb	r4, [r5, #69]	@ zero_extendqisi2
 202 000c 64B2     		sxtb	r4, r4
 203 000e 01E0     		b	.L32
 204              	.L34:
 205 0010 013C     		subs	r4, r4, #1
 206 0012 64B2     		sxtb	r4, r4
 207              	.L32:
 208 0014 002C     		cmp	r4, #0
 209 0016 0ADD     		ble	.L33
 210 0018 6B6A     		ldr	r3, [r5, #36]
 211 001a 43B1     		cbz	r3, .L33
 212 001c 05F12400 		add	r0, r5, #36
 213 0020 FFF7FEFF 		bl	xTaskRemoveFromEventList
 214 0024 0028     		cmp	r0, #0
 215 0026 F3D0     		beq	.L34
 216 0028 FFF7FEFF 		bl	vTaskMissedYield
 217 002c F0E7     		b	.L34
 218              	.L33:
 219 002e FF23     		movs	r3, #255
 220 0030 85F84530 		strb	r3, [r5, #69]
 221 0034 FFF7FEFF 		bl	vPortExitCritical
 222 0038 FFF7FEFF 		bl	vPortEnterCritical
 223 003c 95F84440 		ldrb	r4, [r5, #68]	@ zero_extendqisi2
 224 0040 64B2     		sxtb	r4, r4
 225 0042 01E0     		b	.L36
 226              	.L38:
 227 0044 013C     		subs	r4, r4, #1
 228 0046 64B2     		sxtb	r4, r4
 229              	.L36:
 230 0048 002C     		cmp	r4, #0
 231 004a 0ADD     		ble	.L37
 232 004c 2B69     		ldr	r3, [r5, #16]
 233 004e 43B1     		cbz	r3, .L37
 234 0050 05F11000 		add	r0, r5, #16
 235 0054 FFF7FEFF 		bl	xTaskRemoveFromEventList
 236 0058 0028     		cmp	r0, #0
 237 005a F3D0     		beq	.L38
 238 005c FFF7FEFF 		bl	vTaskMissedYield
 239 0060 F0E7     		b	.L38
ARM GAS  C:\Users\Administrator\AppData\Local\Temp\ccAKwWuX.s 			page 5


 240              	.L37:
 241 0062 FF23     		movs	r3, #255
 242 0064 85F84430 		strb	r3, [r5, #68]
 243 0068 FFF7FEFF 		bl	vPortExitCritical
 244 006c 38BD     		pop	{r3, r4, r5, pc}
 246              		.section	.text.xQueueGenericReset,"ax",%progbits
 247              		.align	1
 248              		.global	xQueueGenericReset
 249              		.syntax unified
 250              		.thumb
 251              		.thumb_func
 253              	xQueueGenericReset:
 254              		@ args = 0, pretend = 0, frame = 0
 255              		@ frame_needed = 0, uses_anonymous_args = 0
 256 0000 38B5     		push	{r3, r4, r5, lr}
 257 0002 E0B1     		cbz	r0, .L47
 258 0004 0D46     		mov	r5, r1
 259 0006 0446     		mov	r4, r0
 260 0008 FFF7FEFF 		bl	vPortEnterCritical
 261 000c 2368     		ldr	r3, [r4]
 262 000e E26B     		ldr	r2, [r4, #60]
 263 0010 216C     		ldr	r1, [r4, #64]
 264 0012 01FB0230 		mla	r0, r1, r2, r3
 265 0016 A060     		str	r0, [r4, #8]
 266 0018 0020     		movs	r0, #0
 267 001a A063     		str	r0, [r4, #56]
 268 001c 6360     		str	r3, [r4, #4]
 269 001e 013A     		subs	r2, r2, #1
 270 0020 02FB0133 		mla	r3, r2, r1, r3
 271 0024 E360     		str	r3, [r4, #12]
 272 0026 FF23     		movs	r3, #255
 273 0028 84F84430 		strb	r3, [r4, #68]
 274 002c 84F84530 		strb	r3, [r4, #69]
 275 0030 FDB9     		cbnz	r5, .L44
 276 0032 2369     		ldr	r3, [r4, #16]
 277 0034 63B9     		cbnz	r3, .L48
 278              	.L45:
 279 0036 FFF7FEFF 		bl	vPortExitCritical
 280 003a 0120     		movs	r0, #1
 281 003c 38BD     		pop	{r3, r4, r5, pc}
 282              	.L47:
 283              		.syntax unified
 284              	@ 195 "Middlewares/Third_Party/FreeRTOS/Source/portable/GCC/ARM_CM4F/portmacro.h" 1
 285 003e 4FF05003 			mov r3, #80												
 286 0042 83F31188 		msr basepri, r3											
 287 0046 BFF36F8F 		isb														
 288 004a BFF34F8F 		dsb														
 289              	
 290              	@ 0 "" 2
 291              		.thumb
 292              		.syntax unified
 293              	.L43:
 294 004e FEE7     		b	.L43
 295              	.L48:
 296 0050 04F11000 		add	r0, r4, #16
 297 0054 FFF7FEFF 		bl	xTaskRemoveFromEventList
 298 0058 0028     		cmp	r0, #0
ARM GAS  C:\Users\Administrator\AppData\Local\Temp\ccAKwWuX.s 			page 6


 299 005a ECD0     		beq	.L45
 300 005c 4FF0E023 		mov	r3, #-536813568
 301 0060 4FF08052 		mov	r2, #268435456
 302 0064 C3F8042D 		str	r2, [r3, #3332]
 303              		.syntax unified
 304              	@ 281 "Middlewares/Third_Party/FreeRTOS/Source/queue.c" 1
 305 0068 BFF34F8F 		dsb
 306              	@ 0 "" 2
 307              	@ 281 "Middlewares/Third_Party/FreeRTOS/Source/queue.c" 1
 308 006c BFF36F8F 		isb
 309              	@ 0 "" 2
 310              		.thumb
 311              		.syntax unified
 312 0070 E1E7     		b	.L45
 313              	.L44:
 314 0072 04F11000 		add	r0, r4, #16
 315 0076 FFF7FEFF 		bl	vListInitialise
 316 007a 04F12400 		add	r0, r4, #36
 317 007e FFF7FEFF 		bl	vListInitialise
 318 0082 D8E7     		b	.L45
 320              		.section	.text.prvInitialiseNewQueue,"ax",%progbits
 321              		.align	1
 322              		.syntax unified
 323              		.thumb
 324              		.thumb_func
 326              	prvInitialiseNewQueue:
 327              		@ args = 4, pretend = 0, frame = 0
 328              		@ frame_needed = 0, uses_anonymous_args = 0
 329 0000 08B5     		push	{r3, lr}
 330 0002 0346     		mov	r3, r0
 331 0004 0298     		ldr	r0, [sp, #8]
 332 0006 8C46     		mov	ip, r1
 333 0008 39B9     		cbnz	r1, .L50
 334 000a 0060     		str	r0, [r0]
 335              	.L51:
 336 000c C363     		str	r3, [r0, #60]
 337 000e C0F840C0 		str	ip, [r0, #64]
 338 0012 0121     		movs	r1, #1
 339 0014 FFF7FEFF 		bl	xQueueGenericReset
 340 0018 08BD     		pop	{r3, pc}
 341              	.L50:
 342 001a 0260     		str	r2, [r0]
 343 001c F6E7     		b	.L51
 345              		.section	.text.xQueueGenericCreateStatic,"ax",%progbits
 346              		.align	1
 347              		.global	xQueueGenericCreateStatic
 348              		.syntax unified
 349              		.thumb
 350              		.thumb_func
 352              	xQueueGenericCreateStatic:
 353              		@ args = 4, pretend = 0, frame = 8
 354              		@ frame_needed = 0, uses_anonymous_args = 0
 355 0000 40B9     		cbnz	r0, .L54
 356              		.syntax unified
 357              	@ 195 "Middlewares/Third_Party/FreeRTOS/Source/portable/GCC/ARM_CM4F/portmacro.h" 1
 358 0002 4FF05003 			mov r3, #80												
 359 0006 83F31188 		msr basepri, r3											
ARM GAS  C:\Users\Administrator\AppData\Local\Temp\ccAKwWuX.s 			page 7


 360 000a BFF36F8F 		isb														
 361 000e BFF34F8F 		dsb														
 362              	
 363              	@ 0 "" 2
 364              		.thumb
 365              		.syntax unified
 366              	.L55:
 367 0012 FEE7     		b	.L55
 368              	.L54:
 369 0014 10B5     		push	{r4, lr}
 370 0016 84B0     		sub	sp, sp, #16
 371 0018 1C46     		mov	r4, r3
 372 001a 8446     		mov	ip, r0
 373 001c 53B1     		cbz	r3, .L66
 374 001e 92B1     		cbz	r2, .L58
 375 0020 89B9     		cbnz	r1, .L58
 376              		.syntax unified
 377              	@ 195 "Middlewares/Third_Party/FreeRTOS/Source/portable/GCC/ARM_CM4F/portmacro.h" 1
 378 0022 4FF05003 			mov r3, #80												
 379 0026 83F31188 		msr basepri, r3											
 380 002a BFF36F8F 		isb														
 381 002e BFF34F8F 		dsb														
 382              	
 383              	@ 0 "" 2
 384              		.thumb
 385              		.syntax unified
 386              	.L59:
 387 0032 FEE7     		b	.L59
 388              	.L66:
 389              		.syntax unified
 390              	@ 195 "Middlewares/Third_Party/FreeRTOS/Source/portable/GCC/ARM_CM4F/portmacro.h" 1
 391 0034 4FF05003 			mov r3, #80												
 392 0038 83F31188 		msr basepri, r3											
 393 003c BFF36F8F 		isb														
 394 0040 BFF34F8F 		dsb														
 395              	
 396              	@ 0 "" 2
 397              		.thumb
 398              		.syntax unified
 399              	.L57:
 400 0044 FEE7     		b	.L57
 401              	.L58:
 402 0046 6AB1     		cbz	r2, .L67
 403              	.L60:
 404 0048 4823     		movs	r3, #72
 405 004a 0393     		str	r3, [sp, #12]
 406 004c 039B     		ldr	r3, [sp, #12]
 407 004e 482B     		cmp	r3, #72
 408 0050 13D0     		beq	.L62
 409              		.syntax unified
 410              	@ 195 "Middlewares/Third_Party/FreeRTOS/Source/portable/GCC/ARM_CM4F/portmacro.h" 1
 411 0052 4FF05003 			mov r3, #80												
 412 0056 83F31188 		msr basepri, r3											
 413 005a BFF36F8F 		isb														
 414 005e BFF34F8F 		dsb														
 415              	
 416              	@ 0 "" 2
ARM GAS  C:\Users\Administrator\AppData\Local\Temp\ccAKwWuX.s 			page 8


 417              		.thumb
 418              		.syntax unified
 419              	.L63:
 420 0062 FEE7     		b	.L63
 421              	.L67:
 422 0064 0029     		cmp	r1, #0
 423 0066 EFD0     		beq	.L60
 424              		.syntax unified
 425              	@ 195 "Middlewares/Third_Party/FreeRTOS/Source/portable/GCC/ARM_CM4F/portmacro.h" 1
 426 0068 4FF05003 			mov r3, #80												
 427 006c 83F31188 		msr basepri, r3											
 428 0070 BFF36F8F 		isb														
 429 0074 BFF34F8F 		dsb														
 430              	
 431              	@ 0 "" 2
 432              		.thumb
 433              		.syntax unified
 434              	.L61:
 435 0078 FEE7     		b	.L61
 436              	.L62:
 437 007a 039B     		ldr	r3, [sp, #12]
 438 007c 0123     		movs	r3, #1
 439 007e 84F84630 		strb	r3, [r4, #70]
 440 0082 0094     		str	r4, [sp]
 441 0084 9DF81830 		ldrb	r3, [sp, #24]	@ zero_extendqisi2
 442 0088 6046     		mov	r0, ip
 443 008a FFF7FEFF 		bl	prvInitialiseNewQueue
 444 008e 2046     		mov	r0, r4
 445 0090 04B0     		add	sp, sp, #16
 446              		@ sp needed
 447 0092 10BD     		pop	{r4, pc}
 449              		.section	.text.xQueueGenericCreate,"ax",%progbits
 450              		.align	1
 451              		.global	xQueueGenericCreate
 452              		.syntax unified
 453              		.thumb
 454              		.thumb_func
 456              	xQueueGenericCreate:
 457              		@ args = 0, pretend = 0, frame = 0
 458              		@ frame_needed = 0, uses_anonymous_args = 0
 459 0000 40B9     		cbnz	r0, .L69
 460              		.syntax unified
 461              	@ 195 "Middlewares/Third_Party/FreeRTOS/Source/portable/GCC/ARM_CM4F/portmacro.h" 1
 462 0002 4FF05003 			mov r3, #80												
 463 0006 83F31188 		msr basepri, r3											
 464 000a BFF36F8F 		isb														
 465 000e BFF34F8F 		dsb														
 466              	
 467              	@ 0 "" 2
 468              		.thumb
 469              		.syntax unified
 470              	.L70:
 471 0012 FEE7     		b	.L70
 472              	.L69:
 473 0014 F0B5     		push	{r4, r5, r6, r7, lr}
 474 0016 83B0     		sub	sp, sp, #12
 475 0018 1646     		mov	r6, r2
ARM GAS  C:\Users\Administrator\AppData\Local\Temp\ccAKwWuX.s 			page 9


 476 001a 0446     		mov	r4, r0
 477 001c 0D46     		mov	r5, r1
 478 001e 01FB00F0 		mul	r0, r1, r0
 479 0022 4830     		adds	r0, r0, #72
 480 0024 FFF7FEFF 		bl	pvPortMalloc
 481 0028 0246     		mov	r2, r0
 482 002a 0746     		mov	r7, r0
 483 002c 48B1     		cbz	r0, .L68
 484 002e 0023     		movs	r3, #0
 485 0030 80F84630 		strb	r3, [r0, #70]
 486 0034 0090     		str	r0, [sp]
 487 0036 3346     		mov	r3, r6
 488 0038 4832     		adds	r2, r2, #72
 489 003a 2946     		mov	r1, r5
 490 003c 2046     		mov	r0, r4
 491 003e FFF7FEFF 		bl	prvInitialiseNewQueue
 492              	.L68:
 493 0042 3846     		mov	r0, r7
 494 0044 03B0     		add	sp, sp, #12
 495              		@ sp needed
 496 0046 F0BD     		pop	{r4, r5, r6, r7, pc}
 498              		.section	.text.xQueueCreateCountingSemaphoreStatic,"ax",%progbits
 499              		.align	1
 500              		.global	xQueueCreateCountingSemaphoreStatic
 501              		.syntax unified
 502              		.thumb
 503              		.thumb_func
 505              	xQueueCreateCountingSemaphoreStatic:
 506              		@ args = 0, pretend = 0, frame = 0
 507              		@ frame_needed = 0, uses_anonymous_args = 0
 508 0000 40B9     		cbnz	r0, .L75
 509              		.syntax unified
 510              	@ 195 "Middlewares/Third_Party/FreeRTOS/Source/portable/GCC/ARM_CM4F/portmacro.h" 1
 511 0002 4FF05003 			mov r3, #80												
 512 0006 83F31188 		msr basepri, r3											
 513 000a BFF36F8F 		isb														
 514 000e BFF34F8F 		dsb														
 515              	
 516              	@ 0 "" 2
 517              		.thumb
 518              		.syntax unified
 519              	.L76:
 520 0012 FEE7     		b	.L76
 521              	.L75:
 522 0014 10B5     		push	{r4, lr}
 523 0016 82B0     		sub	sp, sp, #8
 524 0018 0C46     		mov	r4, r1
 525 001a 8842     		cmp	r0, r1
 526 001c 08D2     		bcs	.L77
 527              		.syntax unified
 528              	@ 195 "Middlewares/Third_Party/FreeRTOS/Source/portable/GCC/ARM_CM4F/portmacro.h" 1
 529 001e 4FF05003 			mov r3, #80												
 530 0022 83F31188 		msr basepri, r3											
 531 0026 BFF36F8F 		isb														
 532 002a BFF34F8F 		dsb														
 533              	
 534              	@ 0 "" 2
ARM GAS  C:\Users\Administrator\AppData\Local\Temp\ccAKwWuX.s 			page 10


 535              		.thumb
 536              		.syntax unified
 537              	.L78:
 538 002e FEE7     		b	.L78
 539              	.L77:
 540 0030 0223     		movs	r3, #2
 541 0032 0093     		str	r3, [sp]
 542 0034 1346     		mov	r3, r2
 543 0036 0022     		movs	r2, #0
 544 0038 1146     		mov	r1, r2
 545 003a FFF7FEFF 		bl	xQueueGenericCreateStatic
 546 003e 00B1     		cbz	r0, .L74
 547 0040 8463     		str	r4, [r0, #56]
 548              	.L74:
 549 0042 02B0     		add	sp, sp, #8
 550              		@ sp needed
 551 0044 10BD     		pop	{r4, pc}
 553              		.section	.text.xQueueCreateCountingSemaphore,"ax",%progbits
 554              		.align	1
 555              		.global	xQueueCreateCountingSemaphore
 556              		.syntax unified
 557              		.thumb
 558              		.thumb_func
 560              	xQueueCreateCountingSemaphore:
 561              		@ args = 0, pretend = 0, frame = 0
 562              		@ frame_needed = 0, uses_anonymous_args = 0
 563 0000 40B9     		cbnz	r0, .L83
 564              		.syntax unified
 565              	@ 195 "Middlewares/Third_Party/FreeRTOS/Source/portable/GCC/ARM_CM4F/portmacro.h" 1
 566 0002 4FF05003 			mov r3, #80												
 567 0006 83F31188 		msr basepri, r3											
 568 000a BFF36F8F 		isb														
 569 000e BFF34F8F 		dsb														
 570              	
 571              	@ 0 "" 2
 572              		.thumb
 573              		.syntax unified
 574              	.L84:
 575 0012 FEE7     		b	.L84
 576              	.L83:
 577 0014 10B5     		push	{r4, lr}
 578 0016 0C46     		mov	r4, r1
 579 0018 8842     		cmp	r0, r1
 580 001a 08D2     		bcs	.L85
 581              		.syntax unified
 582              	@ 195 "Middlewares/Third_Party/FreeRTOS/Source/portable/GCC/ARM_CM4F/portmacro.h" 1
 583 001c 4FF05003 			mov r3, #80												
 584 0020 83F31188 		msr basepri, r3											
 585 0024 BFF36F8F 		isb														
 586 0028 BFF34F8F 		dsb														
 587              	
 588              	@ 0 "" 2
 589              		.thumb
 590              		.syntax unified
 591              	.L86:
 592 002c FEE7     		b	.L86
 593              	.L85:
ARM GAS  C:\Users\Administrator\AppData\Local\Temp\ccAKwWuX.s 			page 11


 594 002e 0222     		movs	r2, #2
 595 0030 0021     		movs	r1, #0
 596 0032 FFF7FEFF 		bl	xQueueGenericCreate
 597 0036 00B1     		cbz	r0, .L82
 598 0038 8463     		str	r4, [r0, #56]
 599              	.L82:
 600 003a 10BD     		pop	{r4, pc}
 602              		.section	.text.xQueueGenericSend,"ax",%progbits
 603              		.align	1
 604              		.global	xQueueGenericSend
 605              		.syntax unified
 606              		.thumb
 607              		.thumb_func
 609              	xQueueGenericSend:
 610              		@ args = 0, pretend = 0, frame = 16
 611              		@ frame_needed = 0, uses_anonymous_args = 0
 612 0000 F0B5     		push	{r4, r5, r6, r7, lr}
 613 0002 85B0     		sub	sp, sp, #20
 614 0004 0192     		str	r2, [sp, #4]
 615 0006 88B1     		cbz	r0, .L114
 616 0008 0F46     		mov	r7, r1
 617 000a 1D46     		mov	r5, r3
 618 000c 0446     		mov	r4, r0
 619 000e B1B1     		cbz	r1, .L115
 620              	.L93:
 621 0010 022D     		cmp	r5, #2
 622 0012 20D1     		bne	.L95
 623 0014 E36B     		ldr	r3, [r4, #60]
 624 0016 012B     		cmp	r3, #1
 625 0018 1DD0     		beq	.L95
 626              		.syntax unified
 627              	@ 195 "Middlewares/Third_Party/FreeRTOS/Source/portable/GCC/ARM_CM4F/portmacro.h" 1
 628 001a 4FF05003 			mov r3, #80												
 629 001e 83F31188 		msr basepri, r3											
 630 0022 BFF36F8F 		isb														
 631 0026 BFF34F8F 		dsb														
 632              	
 633              	@ 0 "" 2
 634              		.thumb
 635              		.syntax unified
 636              	.L96:
 637 002a FEE7     		b	.L96
 638              	.L114:
 639              		.syntax unified
 640              	@ 195 "Middlewares/Third_Party/FreeRTOS/Source/portable/GCC/ARM_CM4F/portmacro.h" 1
 641 002c 4FF05003 			mov r3, #80												
 642 0030 83F31188 		msr basepri, r3											
 643 0034 BFF36F8F 		isb														
 644 0038 BFF34F8F 		dsb														
 645              	
 646              	@ 0 "" 2
 647              		.thumb
 648              		.syntax unified
 649              	.L92:
 650 003c FEE7     		b	.L92
 651              	.L115:
 652 003e 036C     		ldr	r3, [r0, #64]
ARM GAS  C:\Users\Administrator\AppData\Local\Temp\ccAKwWuX.s 			page 12


 653 0040 002B     		cmp	r3, #0
 654 0042 E5D0     		beq	.L93
 655              		.syntax unified
 656              	@ 195 "Middlewares/Third_Party/FreeRTOS/Source/portable/GCC/ARM_CM4F/portmacro.h" 1
 657 0044 4FF05003 			mov r3, #80												
 658 0048 83F31188 		msr basepri, r3											
 659 004c BFF36F8F 		isb														
 660 0050 BFF34F8F 		dsb														
 661              	
 662              	@ 0 "" 2
 663              		.thumb
 664              		.syntax unified
 665              	.L94:
 666 0054 FEE7     		b	.L94
 667              	.L95:
 668 0056 FFF7FEFF 		bl	xTaskGetSchedulerState
 669 005a 0646     		mov	r6, r0
 670 005c 58B9     		cbnz	r0, .L112
 671 005e 019B     		ldr	r3, [sp, #4]
 672 0060 002B     		cmp	r3, #0
 673 0062 48D0     		beq	.L99
 674              		.syntax unified
 675              	@ 195 "Middlewares/Third_Party/FreeRTOS/Source/portable/GCC/ARM_CM4F/portmacro.h" 1
 676 0064 4FF05003 			mov r3, #80												
 677 0068 83F31188 		msr basepri, r3											
 678 006c BFF36F8F 		isb														
 679 0070 BFF34F8F 		dsb														
 680              	
 681              	@ 0 "" 2
 682              		.thumb
 683              		.syntax unified
 684              	.L98:
 685 0074 FEE7     		b	.L98
 686              	.L112:
 687 0076 0026     		movs	r6, #0
 688 0078 3DE0     		b	.L99
 689              	.L100:
 690 007a 2A46     		mov	r2, r5
 691 007c 3946     		mov	r1, r7
 692 007e 2046     		mov	r0, r4
 693 0080 FFF7FEFF 		bl	prvCopyDataToQueue
 694 0084 636A     		ldr	r3, [r4, #36]
 695 0086 7BB9     		cbnz	r3, .L116
 696 0088 48B1     		cbz	r0, .L103
 697 008a 4FF0E023 		mov	r3, #-536813568
 698 008e 4FF08052 		mov	r2, #268435456
 699 0092 C3F8042D 		str	r2, [r3, #3332]
 700              		.syntax unified
 701              	@ 858 "Middlewares/Third_Party/FreeRTOS/Source/queue.c" 1
 702 0096 BFF34F8F 		dsb
 703              	@ 0 "" 2
 704              	@ 858 "Middlewares/Third_Party/FreeRTOS/Source/queue.c" 1
 705 009a BFF36F8F 		isb
 706              	@ 0 "" 2
 707              		.thumb
 708              		.syntax unified
 709              	.L103:
ARM GAS  C:\Users\Administrator\AppData\Local\Temp\ccAKwWuX.s 			page 13


 710 009e FFF7FEFF 		bl	vPortExitCritical
 711 00a2 0120     		movs	r0, #1
 712              	.L90:
 713 00a4 05B0     		add	sp, sp, #20
 714              		@ sp needed
 715 00a6 F0BD     		pop	{r4, r5, r6, r7, pc}
 716              	.L116:
 717 00a8 04F12400 		add	r0, r4, #36
 718 00ac FFF7FEFF 		bl	xTaskRemoveFromEventList
 719 00b0 0028     		cmp	r0, #0
 720 00b2 F4D0     		beq	.L103
 721 00b4 4FF0E023 		mov	r3, #-536813568
 722 00b8 4FF08052 		mov	r2, #268435456
 723 00bc C3F8042D 		str	r2, [r3, #3332]
 724              		.syntax unified
 725              	@ 845 "Middlewares/Third_Party/FreeRTOS/Source/queue.c" 1
 726 00c0 BFF34F8F 		dsb
 727              	@ 0 "" 2
 728              	@ 845 "Middlewares/Third_Party/FreeRTOS/Source/queue.c" 1
 729 00c4 BFF36F8F 		isb
 730              	@ 0 "" 2
 731              		.thumb
 732              		.syntax unified
 733 00c8 E9E7     		b	.L103
 734              	.L117:
 735 00ca FFF7FEFF 		bl	vPortExitCritical
 736 00ce 0020     		movs	r0, #0
 737 00d0 E8E7     		b	.L90
 738              	.L118:
 739 00d2 02A8     		add	r0, sp, #8
 740 00d4 FFF7FEFF 		bl	vTaskInternalSetTimeOutState
 741 00d8 0126     		movs	r6, #1
 742 00da 19E0     		b	.L106
 743              	.L119:
 744 00dc 0023     		movs	r3, #0
 745 00de 84F84430 		strb	r3, [r4, #68]
 746 00e2 21E0     		b	.L107
 747              	.L120:
 748 00e4 0023     		movs	r3, #0
 749 00e6 84F84530 		strb	r3, [r4, #69]
 750 00ea 23E0     		b	.L108
 751              	.L110:
 752 00ec 2046     		mov	r0, r4
 753 00ee FFF7FEFF 		bl	prvUnlockQueue
 754 00f2 FFF7FEFF 		bl	xTaskResumeAll
 755              	.L99:
 756 00f6 FFF7FEFF 		bl	vPortEnterCritical
 757 00fa A26B     		ldr	r2, [r4, #56]
 758 00fc E36B     		ldr	r3, [r4, #60]
 759 00fe 9A42     		cmp	r2, r3
 760 0100 BBD3     		bcc	.L100
 761 0102 022D     		cmp	r5, #2
 762 0104 B9D0     		beq	.L100
 763 0106 019B     		ldr	r3, [sp, #4]
 764 0108 002B     		cmp	r3, #0
 765 010a DED0     		beq	.L117
 766 010c 002E     		cmp	r6, #0
ARM GAS  C:\Users\Administrator\AppData\Local\Temp\ccAKwWuX.s 			page 14


 767 010e E0D0     		beq	.L118
 768              	.L106:
 769 0110 FFF7FEFF 		bl	vPortExitCritical
 770 0114 FFF7FEFF 		bl	vTaskSuspendAll
 771 0118 FFF7FEFF 		bl	vPortEnterCritical
 772 011c 94F84420 		ldrb	r2, [r4, #68]	@ zero_extendqisi2
 773 0120 52B2     		sxtb	r2, r2
 774 0122 B2F1FF3F 		cmp	r2, #-1
 775 0126 D9D0     		beq	.L119
 776              	.L107:
 777 0128 94F84520 		ldrb	r2, [r4, #69]	@ zero_extendqisi2
 778 012c 52B2     		sxtb	r2, r2
 779 012e B2F1FF3F 		cmp	r2, #-1
 780 0132 D7D0     		beq	.L120
 781              	.L108:
 782 0134 FFF7FEFF 		bl	vPortExitCritical
 783 0138 01A9     		add	r1, sp, #4
 784 013a 02A8     		add	r0, sp, #8
 785 013c FFF7FEFF 		bl	xTaskCheckForTimeOut
 786 0140 D8B9     		cbnz	r0, .L109
 787 0142 2046     		mov	r0, r4
 788 0144 FFF7FEFF 		bl	prvIsQueueFull
 789 0148 0028     		cmp	r0, #0
 790 014a CFD0     		beq	.L110
 791 014c 0199     		ldr	r1, [sp, #4]
 792 014e 04F11000 		add	r0, r4, #16
 793 0152 FFF7FEFF 		bl	vTaskPlaceOnEventList
 794 0156 2046     		mov	r0, r4
 795 0158 FFF7FEFF 		bl	prvUnlockQueue
 796 015c FFF7FEFF 		bl	xTaskResumeAll
 797 0160 0028     		cmp	r0, #0
 798 0162 C8D1     		bne	.L99
 799 0164 4FF0E023 		mov	r3, #-536813568
 800 0168 4FF08052 		mov	r2, #268435456
 801 016c C3F8042D 		str	r2, [r3, #3332]
 802              		.syntax unified
 803              	@ 927 "Middlewares/Third_Party/FreeRTOS/Source/queue.c" 1
 804 0170 BFF34F8F 		dsb
 805              	@ 0 "" 2
 806              	@ 927 "Middlewares/Third_Party/FreeRTOS/Source/queue.c" 1
 807 0174 BFF36F8F 		isb
 808              	@ 0 "" 2
 809              		.thumb
 810              		.syntax unified
 811 0178 BDE7     		b	.L99
 812              	.L109:
 813 017a 2046     		mov	r0, r4
 814 017c FFF7FEFF 		bl	prvUnlockQueue
 815 0180 FFF7FEFF 		bl	xTaskResumeAll
 816 0184 0020     		movs	r0, #0
 817 0186 8DE7     		b	.L90
 819              		.section	.text.prvInitialiseMutex,"ax",%progbits
 820              		.align	1
 821              		.syntax unified
 822              		.thumb
 823              		.thumb_func
 825              	prvInitialiseMutex:
ARM GAS  C:\Users\Administrator\AppData\Local\Temp\ccAKwWuX.s 			page 15


 826              		@ args = 0, pretend = 0, frame = 0
 827              		@ frame_needed = 0, uses_anonymous_args = 0
 828 0000 48B1     		cbz	r0, .L124
 829 0002 08B5     		push	{r3, lr}
 830 0004 0021     		movs	r1, #0
 831 0006 8160     		str	r1, [r0, #8]
 832 0008 0160     		str	r1, [r0]
 833 000a C160     		str	r1, [r0, #12]
 834 000c 0B46     		mov	r3, r1
 835 000e 0A46     		mov	r2, r1
 836 0010 FFF7FEFF 		bl	xQueueGenericSend
 837 0014 08BD     		pop	{r3, pc}
 838              	.L124:
 839 0016 7047     		bx	lr
 841              		.section	.text.xQueueCreateMutex,"ax",%progbits
 842              		.align	1
 843              		.global	xQueueCreateMutex
 844              		.syntax unified
 845              		.thumb
 846              		.thumb_func
 848              	xQueueCreateMutex:
 849              		@ args = 0, pretend = 0, frame = 0
 850              		@ frame_needed = 0, uses_anonymous_args = 0
 851 0000 10B5     		push	{r4, lr}
 852 0002 0246     		mov	r2, r0
 853 0004 0021     		movs	r1, #0
 854 0006 0120     		movs	r0, #1
 855 0008 FFF7FEFF 		bl	xQueueGenericCreate
 856 000c 0446     		mov	r4, r0
 857 000e FFF7FEFF 		bl	prvInitialiseMutex
 858 0012 2046     		mov	r0, r4
 859 0014 10BD     		pop	{r4, pc}
 861              		.section	.text.xQueueCreateMutexStatic,"ax",%progbits
 862              		.align	1
 863              		.global	xQueueCreateMutexStatic
 864              		.syntax unified
 865              		.thumb
 866              		.thumb_func
 868              	xQueueCreateMutexStatic:
 869              		@ args = 0, pretend = 0, frame = 0
 870              		@ frame_needed = 0, uses_anonymous_args = 0
 871 0000 10B5     		push	{r4, lr}
 872 0002 82B0     		sub	sp, sp, #8
 873 0004 0B46     		mov	r3, r1
 874 0006 0090     		str	r0, [sp]
 875 0008 0022     		movs	r2, #0
 876 000a 1146     		mov	r1, r2
 877 000c 0120     		movs	r0, #1
 878 000e FFF7FEFF 		bl	xQueueGenericCreateStatic
 879 0012 0446     		mov	r4, r0
 880 0014 FFF7FEFF 		bl	prvInitialiseMutex
 881 0018 2046     		mov	r0, r4
 882 001a 02B0     		add	sp, sp, #8
 883              		@ sp needed
 884 001c 10BD     		pop	{r4, pc}
 886              		.section	.text.xQueueGenericSendFromISR,"ax",%progbits
 887              		.align	1
ARM GAS  C:\Users\Administrator\AppData\Local\Temp\ccAKwWuX.s 			page 16


 888              		.global	xQueueGenericSendFromISR
 889              		.syntax unified
 890              		.thumb
 891              		.thumb_func
 893              	xQueueGenericSendFromISR:
 894              		@ args = 0, pretend = 0, frame = 0
 895              		@ frame_needed = 0, uses_anonymous_args = 0
 896 0000 2DE9F843 		push	{r3, r4, r5, r6, r7, r8, r9, lr}
 897 0004 90B1     		cbz	r0, .L146
 898 0006 0F46     		mov	r7, r1
 899 0008 9046     		mov	r8, r2
 900 000a 1E46     		mov	r6, r3
 901 000c 0446     		mov	r4, r0
 902 000e B1B1     		cbz	r1, .L147
 903              	.L134:
 904 0010 022E     		cmp	r6, #2
 905 0012 20D1     		bne	.L136
 906 0014 E36B     		ldr	r3, [r4, #60]
 907 0016 012B     		cmp	r3, #1
 908 0018 1DD0     		beq	.L136
 909              		.syntax unified
 910              	@ 195 "Middlewares/Third_Party/FreeRTOS/Source/portable/GCC/ARM_CM4F/portmacro.h" 1
 911 001a 4FF05003 			mov r3, #80												
 912 001e 83F31188 		msr basepri, r3											
 913 0022 BFF36F8F 		isb														
 914 0026 BFF34F8F 		dsb														
 915              	
 916              	@ 0 "" 2
 917              		.thumb
 918              		.syntax unified
 919              	.L137:
 920 002a FEE7     		b	.L137
 921              	.L146:
 922              		.syntax unified
 923              	@ 195 "Middlewares/Third_Party/FreeRTOS/Source/portable/GCC/ARM_CM4F/portmacro.h" 1
 924 002c 4FF05003 			mov r3, #80												
 925 0030 83F31188 		msr basepri, r3											
 926 0034 BFF36F8F 		isb														
 927 0038 BFF34F8F 		dsb														
 928              	
 929              	@ 0 "" 2
 930              		.thumb
 931              		.syntax unified
 932              	.L133:
 933 003c FEE7     		b	.L133
 934              	.L147:
 935 003e 036C     		ldr	r3, [r0, #64]
 936 0040 002B     		cmp	r3, #0
 937 0042 E5D0     		beq	.L134
 938              		.syntax unified
 939              	@ 195 "Middlewares/Third_Party/FreeRTOS/Source/portable/GCC/ARM_CM4F/portmacro.h" 1
 940 0044 4FF05003 			mov r3, #80												
 941 0048 83F31188 		msr basepri, r3											
 942 004c BFF36F8F 		isb														
 943 0050 BFF34F8F 		dsb														
 944              	
 945              	@ 0 "" 2
ARM GAS  C:\Users\Administrator\AppData\Local\Temp\ccAKwWuX.s 			page 17


 946              		.thumb
 947              		.syntax unified
 948              	.L135:
 949 0054 FEE7     		b	.L135
 950              	.L136:
 951 0056 FFF7FEFF 		bl	vPortValidateInterruptPriority
 952              		.syntax unified
 953              	@ 211 "Middlewares/Third_Party/FreeRTOS/Source/portable/GCC/ARM_CM4F/portmacro.h" 1
 954 005a EFF31183 			mrs r3, basepri											
 955 005e 4FF05002 		mov r2, #80												
 956 0062 82F31188 		msr basepri, r2											
 957 0066 BFF36F8F 		isb														
 958 006a BFF34F8F 		dsb														
 959              	
 960              	@ 0 "" 2
 961              		.thumb
 962              		.syntax unified
 963 006e 9946     		mov	r9, r3
 964 0070 A26B     		ldr	r2, [r4, #56]
 965 0072 E36B     		ldr	r3, [r4, #60]
 966 0074 9A42     		cmp	r2, r3
 967 0076 06D3     		bcc	.L138
 968 0078 022E     		cmp	r6, #2
 969 007a 04D0     		beq	.L138
 970 007c 0020     		movs	r0, #0
 971              	.L139:
 972              		.syntax unified
 973              	@ 229 "Middlewares/Third_Party/FreeRTOS/Source/portable/GCC/ARM_CM4F/portmacro.h" 1
 974 007e 89F31188 			msr basepri, r9	
 975              	@ 0 "" 2
 976              		.thumb
 977              		.syntax unified
 978 0082 BDE8F883 		pop	{r3, r4, r5, r6, r7, r8, r9, pc}
 979              	.L138:
 980 0086 94F84530 		ldrb	r3, [r4, #69]	@ zero_extendqisi2
 981 008a 5DB2     		sxtb	r5, r3
 982 008c A36B     		ldr	r3, [r4, #56]
 983 008e 3246     		mov	r2, r6
 984 0090 3946     		mov	r1, r7
 985 0092 2046     		mov	r0, r4
 986 0094 FFF7FEFF 		bl	prvCopyDataToQueue
 987 0098 B5F1FF3F 		cmp	r5, #-1
 988 009c 06D0     		beq	.L148
 989 009e 2B46     		mov	r3, r5
 990 00a0 0133     		adds	r3, r3, #1
 991 00a2 5BB2     		sxtb	r3, r3
 992 00a4 84F84530 		strb	r3, [r4, #69]
 993 00a8 0120     		movs	r0, #1
 994 00aa E8E7     		b	.L139
 995              	.L148:
 996 00ac 636A     		ldr	r3, [r4, #36]
 997 00ae 0BB9     		cbnz	r3, .L149
 998 00b0 0120     		movs	r0, #1
 999 00b2 E4E7     		b	.L139
 1000              	.L149:
 1001 00b4 04F12400 		add	r0, r4, #36
 1002 00b8 FFF7FEFF 		bl	xTaskRemoveFromEventList
ARM GAS  C:\Users\Administrator\AppData\Local\Temp\ccAKwWuX.s 			page 18


 1003 00bc 28B1     		cbz	r0, .L143
 1004 00be 4346     		mov	r3, r8
 1005 00c0 2BB1     		cbz	r3, .L144
 1006 00c2 0120     		movs	r0, #1
 1007 00c4 C8F80000 		str	r0, [r8]
 1008 00c8 D9E7     		b	.L139
 1009              	.L143:
 1010 00ca 0120     		movs	r0, #1
 1011 00cc D7E7     		b	.L139
 1012              	.L144:
 1013 00ce 0120     		movs	r0, #1
 1014 00d0 D5E7     		b	.L139
 1016              		.section	.text.xQueueGiveFromISR,"ax",%progbits
 1017              		.align	1
 1018              		.global	xQueueGiveFromISR
 1019              		.syntax unified
 1020              		.thumb
 1021              		.thumb_func
 1023              	xQueueGiveFromISR:
 1024              		@ args = 0, pretend = 0, frame = 0
 1025              		@ frame_needed = 0, uses_anonymous_args = 0
 1026 0000 68B1     		cbz	r0, .L165
 1027 0002 70B5     		push	{r4, r5, r6, lr}
 1028 0004 0D46     		mov	r5, r1
 1029 0006 0446     		mov	r4, r0
 1030 0008 036C     		ldr	r3, [r0, #64]
 1031 000a 8BB1     		cbz	r3, .L153
 1032              		.syntax unified
 1033              	@ 195 "Middlewares/Third_Party/FreeRTOS/Source/portable/GCC/ARM_CM4F/portmacro.h" 1
 1034 000c 4FF05003 			mov r3, #80												
 1035 0010 83F31188 		msr basepri, r3											
 1036 0014 BFF36F8F 		isb														
 1037 0018 BFF34F8F 		dsb														
 1038              	
 1039              	@ 0 "" 2
 1040              		.thumb
 1041              		.syntax unified
 1042              	.L154:
 1043 001c FEE7     		b	.L154
 1044              	.L165:
 1045              		.syntax unified
 1046              	@ 195 "Middlewares/Third_Party/FreeRTOS/Source/portable/GCC/ARM_CM4F/portmacro.h" 1
 1047 001e 4FF05003 			mov r3, #80												
 1048 0022 83F31188 		msr basepri, r3											
 1049 0026 BFF36F8F 		isb														
 1050 002a BFF34F8F 		dsb														
 1051              	
 1052              	@ 0 "" 2
 1053              		.thumb
 1054              		.syntax unified
 1055              	.L152:
 1056 002e FEE7     		b	.L152
 1057              	.L153:
 1058 0030 0368     		ldr	r3, [r0]
 1059 0032 F3B1     		cbz	r3, .L166
 1060              	.L155:
 1061 0034 FFF7FEFF 		bl	vPortValidateInterruptPriority
ARM GAS  C:\Users\Administrator\AppData\Local\Temp\ccAKwWuX.s 			page 19


 1062              		.syntax unified
 1063              	@ 211 "Middlewares/Third_Party/FreeRTOS/Source/portable/GCC/ARM_CM4F/portmacro.h" 1
 1064 0038 EFF31183 			mrs r3, basepri											
 1065 003c 4FF05002 		mov r2, #80												
 1066 0040 82F31188 		msr basepri, r2											
 1067 0044 BFF36F8F 		isb														
 1068 0048 BFF34F8F 		dsb														
 1069              	
 1070              	@ 0 "" 2
 1071              		.thumb
 1072              		.syntax unified
 1073 004c 1E46     		mov	r6, r3
 1074 004e A26B     		ldr	r2, [r4, #56]
 1075 0050 E36B     		ldr	r3, [r4, #60]
 1076 0052 9342     		cmp	r3, r2
 1077 0054 26D9     		bls	.L159
 1078 0056 94F84530 		ldrb	r3, [r4, #69]	@ zero_extendqisi2
 1079 005a 5BB2     		sxtb	r3, r3
 1080 005c 0132     		adds	r2, r2, #1
 1081 005e A263     		str	r2, [r4, #56]
 1082 0060 B3F1FF3F 		cmp	r3, #-1
 1083 0064 11D0     		beq	.L167
 1084 0066 0133     		adds	r3, r3, #1
 1085 0068 5BB2     		sxtb	r3, r3
 1086 006a 84F84530 		strb	r3, [r4, #69]
 1087 006e 0120     		movs	r0, #1
 1088 0070 19E0     		b	.L157
 1089              	.L166:
 1090 0072 8368     		ldr	r3, [r0, #8]
 1091 0074 002B     		cmp	r3, #0
 1092 0076 DDD0     		beq	.L155
 1093              		.syntax unified
 1094              	@ 195 "Middlewares/Third_Party/FreeRTOS/Source/portable/GCC/ARM_CM4F/portmacro.h" 1
 1095 0078 4FF05003 			mov r3, #80												
 1096 007c 83F31188 		msr basepri, r3											
 1097 0080 BFF36F8F 		isb														
 1098 0084 BFF34F8F 		dsb														
 1099              	
 1100              	@ 0 "" 2
 1101              		.thumb
 1102              		.syntax unified
 1103              	.L156:
 1104 0088 FEE7     		b	.L156
 1105              	.L167:
 1106 008a 636A     		ldr	r3, [r4, #36]
 1107 008c 0BB9     		cbnz	r3, .L168
 1108 008e 0120     		movs	r0, #1
 1109 0090 09E0     		b	.L157
 1110              	.L168:
 1111 0092 04F12400 		add	r0, r4, #36
 1112 0096 FFF7FEFF 		bl	xTaskRemoveFromEventList
 1113 009a 38B1     		cbz	r0, .L161
 1114 009c 45B1     		cbz	r5, .L162
 1115 009e 0120     		movs	r0, #1
 1116 00a0 2860     		str	r0, [r5]
 1117 00a2 00E0     		b	.L157
 1118              	.L159:
ARM GAS  C:\Users\Administrator\AppData\Local\Temp\ccAKwWuX.s 			page 20


 1119 00a4 0020     		movs	r0, #0
 1120              	.L157:
 1121              		.syntax unified
 1122              	@ 229 "Middlewares/Third_Party/FreeRTOS/Source/portable/GCC/ARM_CM4F/portmacro.h" 1
 1123 00a6 86F31188 			msr basepri, r6	
 1124              	@ 0 "" 2
 1125              		.thumb
 1126              		.syntax unified
 1127 00aa 70BD     		pop	{r4, r5, r6, pc}
 1128              	.L161:
 1129 00ac 0120     		movs	r0, #1
 1130 00ae FAE7     		b	.L157
 1131              	.L162:
 1132 00b0 0120     		movs	r0, #1
 1133 00b2 F8E7     		b	.L157
 1135              		.section	.text.xQueueReceive,"ax",%progbits
 1136              		.align	1
 1137              		.global	xQueueReceive
 1138              		.syntax unified
 1139              		.thumb
 1140              		.thumb_func
 1142              	xQueueReceive:
 1143              		@ args = 0, pretend = 0, frame = 16
 1144              		@ frame_needed = 0, uses_anonymous_args = 0
 1145 0000 F0B5     		push	{r4, r5, r6, r7, lr}
 1146 0002 85B0     		sub	sp, sp, #20
 1147 0004 0192     		str	r2, [sp, #4]
 1148 0006 90B1     		cbz	r0, .L189
 1149 0008 0F46     		mov	r7, r1
 1150 000a 0446     		mov	r4, r0
 1151 000c C1B1     		cbz	r1, .L190
 1152              	.L172:
 1153 000e FFF7FEFF 		bl	xTaskGetSchedulerState
 1154 0012 0646     		mov	r6, r0
 1155 0014 00BB     		cbnz	r0, .L187
 1156 0016 019B     		ldr	r3, [sp, #4]
 1157 0018 002B     		cmp	r3, #0
 1158 001a 5ED0     		beq	.L176
 1159              		.syntax unified
 1160              	@ 195 "Middlewares/Third_Party/FreeRTOS/Source/portable/GCC/ARM_CM4F/portmacro.h" 1
 1161 001c 4FF05003 			mov r3, #80												
 1162 0020 83F31188 		msr basepri, r3											
 1163 0024 BFF36F8F 		isb														
 1164 0028 BFF34F8F 		dsb														
 1165              	
 1166              	@ 0 "" 2
 1167              		.thumb
 1168              		.syntax unified
 1169              	.L175:
 1170 002c FEE7     		b	.L175
 1171              	.L189:
 1172              		.syntax unified
 1173              	@ 195 "Middlewares/Third_Party/FreeRTOS/Source/portable/GCC/ARM_CM4F/portmacro.h" 1
 1174 002e 4FF05003 			mov r3, #80												
 1175 0032 83F31188 		msr basepri, r3											
 1176 0036 BFF36F8F 		isb														
 1177 003a BFF34F8F 		dsb														
ARM GAS  C:\Users\Administrator\AppData\Local\Temp\ccAKwWuX.s 			page 21


 1178              	
 1179              	@ 0 "" 2
 1180              		.thumb
 1181              		.syntax unified
 1182              	.L171:
 1183 003e FEE7     		b	.L171
 1184              	.L190:
 1185 0040 036C     		ldr	r3, [r0, #64]
 1186 0042 002B     		cmp	r3, #0
 1187 0044 E3D0     		beq	.L172
 1188              		.syntax unified
 1189              	@ 195 "Middlewares/Third_Party/FreeRTOS/Source/portable/GCC/ARM_CM4F/portmacro.h" 1
 1190 0046 4FF05003 			mov r3, #80												
 1191 004a 83F31188 		msr basepri, r3											
 1192 004e BFF36F8F 		isb														
 1193 0052 BFF34F8F 		dsb														
 1194              	
 1195              	@ 0 "" 2
 1196              		.thumb
 1197              		.syntax unified
 1198              	.L173:
 1199 0056 FEE7     		b	.L173
 1200              	.L187:
 1201 0058 0026     		movs	r6, #0
 1202 005a 3EE0     		b	.L176
 1203              	.L193:
 1204 005c 3946     		mov	r1, r7
 1205 005e 2046     		mov	r0, r4
 1206 0060 FFF7FEFF 		bl	prvCopyDataFromQueue
 1207 0064 013D     		subs	r5, r5, #1
 1208 0066 A563     		str	r5, [r4, #56]
 1209 0068 2369     		ldr	r3, [r4, #16]
 1210 006a 23B9     		cbnz	r3, .L191
 1211              	.L178:
 1212 006c FFF7FEFF 		bl	vPortExitCritical
 1213 0070 0120     		movs	r0, #1
 1214              	.L169:
 1215 0072 05B0     		add	sp, sp, #20
 1216              		@ sp needed
 1217 0074 F0BD     		pop	{r4, r5, r6, r7, pc}
 1218              	.L191:
 1219 0076 04F11000 		add	r0, r4, #16
 1220 007a FFF7FEFF 		bl	xTaskRemoveFromEventList
 1221 007e 0028     		cmp	r0, #0
 1222 0080 F4D0     		beq	.L178
 1223 0082 4FF0E023 		mov	r3, #-536813568
 1224 0086 4FF08052 		mov	r2, #268435456
 1225 008a C3F8042D 		str	r2, [r3, #3332]
 1226              		.syntax unified
 1227              	@ 1323 "Middlewares/Third_Party/FreeRTOS/Source/queue.c" 1
 1228 008e BFF34F8F 		dsb
 1229              	@ 0 "" 2
 1230              	@ 1323 "Middlewares/Third_Party/FreeRTOS/Source/queue.c" 1
 1231 0092 BFF36F8F 		isb
 1232              	@ 0 "" 2
 1233              		.thumb
 1234              		.syntax unified
ARM GAS  C:\Users\Administrator\AppData\Local\Temp\ccAKwWuX.s 			page 22


 1235 0096 E9E7     		b	.L178
 1236              	.L194:
 1237 0098 FFF7FEFF 		bl	vPortExitCritical
 1238 009c 2846     		mov	r0, r5
 1239 009e E8E7     		b	.L169
 1240              	.L195:
 1241 00a0 02A8     		add	r0, sp, #8
 1242 00a2 FFF7FEFF 		bl	vTaskInternalSetTimeOutState
 1243 00a6 0126     		movs	r6, #1
 1244 00a8 21E0     		b	.L181
 1245              	.L196:
 1246 00aa 0023     		movs	r3, #0
 1247 00ac 84F84430 		strb	r3, [r4, #68]
 1248 00b0 29E0     		b	.L182
 1249              	.L197:
 1250 00b2 0023     		movs	r3, #0
 1251 00b4 84F84530 		strb	r3, [r4, #69]
 1252 00b8 2BE0     		b	.L183
 1253              	.L185:
 1254 00ba 2046     		mov	r0, r4
 1255 00bc FFF7FEFF 		bl	prvUnlockQueue
 1256 00c0 FFF7FEFF 		bl	xTaskResumeAll
 1257 00c4 09E0     		b	.L176
 1258              	.L184:
 1259 00c6 2046     		mov	r0, r4
 1260 00c8 FFF7FEFF 		bl	prvUnlockQueue
 1261 00cc FFF7FEFF 		bl	xTaskResumeAll
 1262 00d0 2046     		mov	r0, r4
 1263 00d2 FFF7FEFF 		bl	prvIsQueueEmpty
 1264 00d6 0028     		cmp	r0, #0
 1265 00d8 3FD1     		bne	.L192
 1266              	.L176:
 1267 00da FFF7FEFF 		bl	vPortEnterCritical
 1268 00de A56B     		ldr	r5, [r4, #56]
 1269 00e0 002D     		cmp	r5, #0
 1270 00e2 BBD1     		bne	.L193
 1271 00e4 019B     		ldr	r3, [sp, #4]
 1272 00e6 002B     		cmp	r3, #0
 1273 00e8 D6D0     		beq	.L194
 1274 00ea 002E     		cmp	r6, #0
 1275 00ec D8D0     		beq	.L195
 1276              	.L181:
 1277 00ee FFF7FEFF 		bl	vPortExitCritical
 1278 00f2 FFF7FEFF 		bl	vTaskSuspendAll
 1279 00f6 FFF7FEFF 		bl	vPortEnterCritical
 1280 00fa 94F84430 		ldrb	r3, [r4, #68]	@ zero_extendqisi2
 1281 00fe 5BB2     		sxtb	r3, r3
 1282 0100 B3F1FF3F 		cmp	r3, #-1
 1283 0104 D1D0     		beq	.L196
 1284              	.L182:
 1285 0106 94F84530 		ldrb	r3, [r4, #69]	@ zero_extendqisi2
 1286 010a 5BB2     		sxtb	r3, r3
 1287 010c B3F1FF3F 		cmp	r3, #-1
 1288 0110 CFD0     		beq	.L197
 1289              	.L183:
 1290 0112 FFF7FEFF 		bl	vPortExitCritical
 1291 0116 01A9     		add	r1, sp, #4
ARM GAS  C:\Users\Administrator\AppData\Local\Temp\ccAKwWuX.s 			page 23


 1292 0118 02A8     		add	r0, sp, #8
 1293 011a FFF7FEFF 		bl	xTaskCheckForTimeOut
 1294 011e 0028     		cmp	r0, #0
 1295 0120 D1D1     		bne	.L184
 1296 0122 2046     		mov	r0, r4
 1297 0124 FFF7FEFF 		bl	prvIsQueueEmpty
 1298 0128 0028     		cmp	r0, #0
 1299 012a C6D0     		beq	.L185
 1300 012c 0199     		ldr	r1, [sp, #4]
 1301 012e 04F12400 		add	r0, r4, #36
 1302 0132 FFF7FEFF 		bl	vTaskPlaceOnEventList
 1303 0136 2046     		mov	r0, r4
 1304 0138 FFF7FEFF 		bl	prvUnlockQueue
 1305 013c FFF7FEFF 		bl	xTaskResumeAll
 1306 0140 0028     		cmp	r0, #0
 1307 0142 CAD1     		bne	.L176
 1308 0144 4FF0E023 		mov	r3, #-536813568
 1309 0148 4FF08052 		mov	r2, #268435456
 1310 014c C3F8042D 		str	r2, [r3, #3332]
 1311              		.syntax unified
 1312              	@ 1382 "Middlewares/Third_Party/FreeRTOS/Source/queue.c" 1
 1313 0150 BFF34F8F 		dsb
 1314              	@ 0 "" 2
 1315              	@ 1382 "Middlewares/Third_Party/FreeRTOS/Source/queue.c" 1
 1316 0154 BFF36F8F 		isb
 1317              	@ 0 "" 2
 1318              		.thumb
 1319              		.syntax unified
 1320 0158 BFE7     		b	.L176
 1321              	.L192:
 1322 015a 0020     		movs	r0, #0
 1323 015c 89E7     		b	.L169
 1325              		.section	.text.xQueueSemaphoreTake,"ax",%progbits
 1326              		.align	1
 1327              		.global	xQueueSemaphoreTake
 1328              		.syntax unified
 1329              		.thumb
 1330              		.thumb_func
 1332              	xQueueSemaphoreTake:
 1333              		@ args = 0, pretend = 0, frame = 16
 1334              		@ frame_needed = 0, uses_anonymous_args = 0
 1335 0000 70B5     		push	{r4, r5, r6, lr}
 1336 0002 84B0     		sub	sp, sp, #16
 1337 0004 0191     		str	r1, [sp, #4]
 1338 0006 58B1     		cbz	r0, .L224
 1339 0008 0446     		mov	r4, r0
 1340 000a 036C     		ldr	r3, [r0, #64]
 1341 000c 8BB1     		cbz	r3, .L201
 1342              		.syntax unified
 1343              	@ 195 "Middlewares/Third_Party/FreeRTOS/Source/portable/GCC/ARM_CM4F/portmacro.h" 1
 1344 000e 4FF05003 			mov r3, #80												
 1345 0012 83F31188 		msr basepri, r3											
 1346 0016 BFF36F8F 		isb														
 1347 001a BFF34F8F 		dsb														
 1348              	
 1349              	@ 0 "" 2
 1350              		.thumb
ARM GAS  C:\Users\Administrator\AppData\Local\Temp\ccAKwWuX.s 			page 24


 1351              		.syntax unified
 1352              	.L202:
 1353 001e FEE7     		b	.L202
 1354              	.L224:
 1355              		.syntax unified
 1356              	@ 195 "Middlewares/Third_Party/FreeRTOS/Source/portable/GCC/ARM_CM4F/portmacro.h" 1
 1357 0020 4FF05003 			mov r3, #80												
 1358 0024 83F31188 		msr basepri, r3											
 1359 0028 BFF36F8F 		isb														
 1360 002c BFF34F8F 		dsb														
 1361              	
 1362              	@ 0 "" 2
 1363              		.thumb
 1364              		.syntax unified
 1365              	.L200:
 1366 0030 FEE7     		b	.L200
 1367              	.L201:
 1368 0032 FFF7FEFF 		bl	xTaskGetSchedulerState
 1369 0036 0546     		mov	r5, r0
 1370 0038 50B9     		cbnz	r0, .L221
 1371 003a 019B     		ldr	r3, [sp, #4]
 1372 003c 63B1     		cbz	r3, .L222
 1373              		.syntax unified
 1374              	@ 195 "Middlewares/Third_Party/FreeRTOS/Source/portable/GCC/ARM_CM4F/portmacro.h" 1
 1375 003e 4FF05003 			mov r3, #80												
 1376 0042 83F31188 		msr basepri, r3											
 1377 0046 BFF36F8F 		isb														
 1378 004a BFF34F8F 		dsb														
 1379              	
 1380              	@ 0 "" 2
 1381              		.thumb
 1382              		.syntax unified
 1383              	.L204:
 1384 004e FEE7     		b	.L204
 1385              	.L221:
 1386 0050 0023     		movs	r3, #0
 1387 0052 1E46     		mov	r6, r3
 1388 0054 1D46     		mov	r5, r3
 1389 0056 56E0     		b	.L205
 1390              	.L222:
 1391 0058 0646     		mov	r6, r0
 1392 005a 54E0     		b	.L205
 1393              	.L228:
 1394 005c 013B     		subs	r3, r3, #1
 1395 005e A363     		str	r3, [r4, #56]
 1396 0060 2368     		ldr	r3, [r4]
 1397 0062 43B1     		cbz	r3, .L225
 1398              	.L207:
 1399 0064 2369     		ldr	r3, [r4, #16]
 1400 0066 53B9     		cbnz	r3, .L226
 1401              	.L208:
 1402 0068 FFF7FEFF 		bl	vPortExitCritical
 1403 006c 0123     		movs	r3, #1
 1404 006e 1E46     		mov	r6, r3
 1405              	.L198:
 1406 0070 3046     		mov	r0, r6
 1407 0072 04B0     		add	sp, sp, #16
ARM GAS  C:\Users\Administrator\AppData\Local\Temp\ccAKwWuX.s 			page 25


 1408              		@ sp needed
 1409 0074 70BD     		pop	{r4, r5, r6, pc}
 1410              	.L225:
 1411 0076 FFF7FEFF 		bl	pvTaskIncrementMutexHeldCount
 1412 007a A060     		str	r0, [r4, #8]
 1413 007c F2E7     		b	.L207
 1414              	.L226:
 1415 007e 04F11000 		add	r0, r4, #16
 1416 0082 FFF7FEFF 		bl	xTaskRemoveFromEventList
 1417 0086 0028     		cmp	r0, #0
 1418 0088 EED0     		beq	.L208
 1419 008a 4FF0E023 		mov	r3, #-536813568
 1420 008e 4FF08052 		mov	r2, #268435456
 1421 0092 C3F8042D 		str	r2, [r3, #3332]
 1422              		.syntax unified
 1423              	@ 1485 "Middlewares/Third_Party/FreeRTOS/Source/queue.c" 1
 1424 0096 BFF34F8F 		dsb
 1425              	@ 0 "" 2
 1426              	@ 1485 "Middlewares/Third_Party/FreeRTOS/Source/queue.c" 1
 1427 009a BFF36F8F 		isb
 1428              	@ 0 "" 2
 1429              		.thumb
 1430              		.syntax unified
 1431 009e E3E7     		b	.L208
 1432              	.L229:
 1433 00a0 46B1     		cbz	r6, .L211
 1434              		.syntax unified
 1435              	@ 195 "Middlewares/Third_Party/FreeRTOS/Source/portable/GCC/ARM_CM4F/portmacro.h" 1
 1436 00a2 4FF05003 			mov r3, #80												
 1437 00a6 83F31188 		msr basepri, r3											
 1438 00aa BFF36F8F 		isb														
 1439 00ae BFF34F8F 		dsb														
 1440              	
 1441              	@ 0 "" 2
 1442              		.thumb
 1443              		.syntax unified
 1444              	.L212:
 1445 00b2 FEE7     		b	.L212
 1446              	.L211:
 1447 00b4 FFF7FEFF 		bl	vPortExitCritical
 1448 00b8 DAE7     		b	.L198
 1449              	.L230:
 1450 00ba 02A8     		add	r0, sp, #8
 1451 00bc FFF7FEFF 		bl	vTaskInternalSetTimeOutState
 1452 00c0 0125     		movs	r5, #1
 1453 00c2 2AE0     		b	.L213
 1454              	.L231:
 1455 00c4 0023     		movs	r3, #0
 1456 00c6 84F84430 		strb	r3, [r4, #68]
 1457 00ca 32E0     		b	.L214
 1458              	.L232:
 1459 00cc 0023     		movs	r3, #0
 1460 00ce 84F84530 		strb	r3, [r4, #69]
 1461 00d2 34E0     		b	.L215
 1462              	.L233:
 1463 00d4 FFF7FEFF 		bl	vPortEnterCritical
 1464 00d8 A068     		ldr	r0, [r4, #8]
ARM GAS  C:\Users\Administrator\AppData\Local\Temp\ccAKwWuX.s 			page 26


 1465 00da FFF7FEFF 		bl	xTaskPriorityInherit
 1466 00de 0646     		mov	r6, r0
 1467 00e0 FFF7FEFF 		bl	vPortExitCritical
 1468 00e4 3BE0     		b	.L218
 1469              	.L217:
 1470 00e6 2046     		mov	r0, r4
 1471 00e8 FFF7FEFF 		bl	prvUnlockQueue
 1472 00ec FFF7FEFF 		bl	xTaskResumeAll
 1473 00f0 09E0     		b	.L205
 1474              	.L216:
 1475 00f2 2046     		mov	r0, r4
 1476 00f4 FFF7FEFF 		bl	prvUnlockQueue
 1477 00f8 FFF7FEFF 		bl	xTaskResumeAll
 1478 00fc 2046     		mov	r0, r4
 1479 00fe FFF7FEFF 		bl	prvIsQueueEmpty
 1480 0102 0028     		cmp	r0, #0
 1481 0104 42D1     		bne	.L227
 1482              	.L205:
 1483 0106 FFF7FEFF 		bl	vPortEnterCritical
 1484 010a A36B     		ldr	r3, [r4, #56]
 1485 010c 002B     		cmp	r3, #0
 1486 010e A5D1     		bne	.L228
 1487 0110 019B     		ldr	r3, [sp, #4]
 1488 0112 002B     		cmp	r3, #0
 1489 0114 C4D0     		beq	.L229
 1490 0116 002D     		cmp	r5, #0
 1491 0118 CFD0     		beq	.L230
 1492              	.L213:
 1493 011a FFF7FEFF 		bl	vPortExitCritical
 1494 011e FFF7FEFF 		bl	vTaskSuspendAll
 1495 0122 FFF7FEFF 		bl	vPortEnterCritical
 1496 0126 94F84430 		ldrb	r3, [r4, #68]	@ zero_extendqisi2
 1497 012a 5BB2     		sxtb	r3, r3
 1498 012c B3F1FF3F 		cmp	r3, #-1
 1499 0130 C8D0     		beq	.L231
 1500              	.L214:
 1501 0132 94F84530 		ldrb	r3, [r4, #69]	@ zero_extendqisi2
 1502 0136 5BB2     		sxtb	r3, r3
 1503 0138 B3F1FF3F 		cmp	r3, #-1
 1504 013c C6D0     		beq	.L232
 1505              	.L215:
 1506 013e FFF7FEFF 		bl	vPortExitCritical
 1507 0142 01A9     		add	r1, sp, #4
 1508 0144 02A8     		add	r0, sp, #8
 1509 0146 FFF7FEFF 		bl	xTaskCheckForTimeOut
 1510 014a 0028     		cmp	r0, #0
 1511 014c D1D1     		bne	.L216
 1512 014e 2046     		mov	r0, r4
 1513 0150 FFF7FEFF 		bl	prvIsQueueEmpty
 1514 0154 0028     		cmp	r0, #0
 1515 0156 C6D0     		beq	.L217
 1516 0158 2368     		ldr	r3, [r4]
 1517 015a 002B     		cmp	r3, #0
 1518 015c BAD0     		beq	.L233
 1519              	.L218:
 1520 015e 0199     		ldr	r1, [sp, #4]
 1521 0160 04F12400 		add	r0, r4, #36
ARM GAS  C:\Users\Administrator\AppData\Local\Temp\ccAKwWuX.s 			page 27


 1522 0164 FFF7FEFF 		bl	vTaskPlaceOnEventList
 1523 0168 2046     		mov	r0, r4
 1524 016a FFF7FEFF 		bl	prvUnlockQueue
 1525 016e FFF7FEFF 		bl	xTaskResumeAll
 1526 0172 0028     		cmp	r0, #0
 1527 0174 C7D1     		bne	.L205
 1528 0176 4FF0E023 		mov	r3, #-536813568
 1529 017a 4FF08052 		mov	r2, #268435456
 1530 017e C3F8042D 		str	r2, [r3, #3332]
 1531              		.syntax unified
 1532              	@ 1573 "Middlewares/Third_Party/FreeRTOS/Source/queue.c" 1
 1533 0182 BFF34F8F 		dsb
 1534              	@ 0 "" 2
 1535              	@ 1573 "Middlewares/Third_Party/FreeRTOS/Source/queue.c" 1
 1536 0186 BFF36F8F 		isb
 1537              	@ 0 "" 2
 1538              		.thumb
 1539              		.syntax unified
 1540 018a BCE7     		b	.L205
 1541              	.L227:
 1542 018c 16B9     		cbnz	r6, .L234
 1543              	.L220:
 1544 018e 0023     		movs	r3, #0
 1545 0190 1E46     		mov	r6, r3
 1546 0192 6DE7     		b	.L198
 1547              	.L234:
 1548 0194 FFF7FEFF 		bl	vPortEnterCritical
 1549 0198 2046     		mov	r0, r4
 1550 019a FFF7FEFF 		bl	prvGetDisinheritPriorityAfterTimeout
 1551 019e 0146     		mov	r1, r0
 1552 01a0 A068     		ldr	r0, [r4, #8]
 1553 01a2 FFF7FEFF 		bl	vTaskPriorityDisinheritAfterTimeout
 1554 01a6 FFF7FEFF 		bl	vPortExitCritical
 1555 01aa F0E7     		b	.L220
 1557              		.section	.text.xQueuePeek,"ax",%progbits
 1558              		.align	1
 1559              		.global	xQueuePeek
 1560              		.syntax unified
 1561              		.thumb
 1562              		.thumb_func
 1564              	xQueuePeek:
 1565              		@ args = 0, pretend = 0, frame = 16
 1566              		@ frame_needed = 0, uses_anonymous_args = 0
 1567 0000 70B5     		push	{r4, r5, r6, lr}
 1568 0002 84B0     		sub	sp, sp, #16
 1569 0004 0192     		str	r2, [sp, #4]
 1570 0006 90B1     		cbz	r0, .L255
 1571 0008 0E46     		mov	r6, r1
 1572 000a 0446     		mov	r4, r0
 1573 000c C1B1     		cbz	r1, .L256
 1574              	.L238:
 1575 000e FFF7FEFF 		bl	xTaskGetSchedulerState
 1576 0012 0546     		mov	r5, r0
 1577 0014 00BB     		cbnz	r0, .L253
 1578 0016 019B     		ldr	r3, [sp, #4]
 1579 0018 002B     		cmp	r3, #0
 1580 001a 5ED0     		beq	.L242
ARM GAS  C:\Users\Administrator\AppData\Local\Temp\ccAKwWuX.s 			page 28


 1581              		.syntax unified
 1582              	@ 195 "Middlewares/Third_Party/FreeRTOS/Source/portable/GCC/ARM_CM4F/portmacro.h" 1
 1583 001c 4FF05003 			mov r3, #80												
 1584 0020 83F31188 		msr basepri, r3											
 1585 0024 BFF36F8F 		isb														
 1586 0028 BFF34F8F 		dsb														
 1587              	
 1588              	@ 0 "" 2
 1589              		.thumb
 1590              		.syntax unified
 1591              	.L241:
 1592 002c FEE7     		b	.L241
 1593              	.L255:
 1594              		.syntax unified
 1595              	@ 195 "Middlewares/Third_Party/FreeRTOS/Source/portable/GCC/ARM_CM4F/portmacro.h" 1
 1596 002e 4FF05003 			mov r3, #80												
 1597 0032 83F31188 		msr basepri, r3											
 1598 0036 BFF36F8F 		isb														
 1599 003a BFF34F8F 		dsb														
 1600              	
 1601              	@ 0 "" 2
 1602              		.thumb
 1603              		.syntax unified
 1604              	.L237:
 1605 003e FEE7     		b	.L237
 1606              	.L256:
 1607 0040 036C     		ldr	r3, [r0, #64]
 1608 0042 002B     		cmp	r3, #0
 1609 0044 E3D0     		beq	.L238
 1610              		.syntax unified
 1611              	@ 195 "Middlewares/Third_Party/FreeRTOS/Source/portable/GCC/ARM_CM4F/portmacro.h" 1
 1612 0046 4FF05003 			mov r3, #80												
 1613 004a 83F31188 		msr basepri, r3											
 1614 004e BFF36F8F 		isb														
 1615 0052 BFF34F8F 		dsb														
 1616              	
 1617              	@ 0 "" 2
 1618              		.thumb
 1619              		.syntax unified
 1620              	.L239:
 1621 0056 FEE7     		b	.L239
 1622              	.L253:
 1623 0058 0025     		movs	r5, #0
 1624 005a 3EE0     		b	.L242
 1625              	.L259:
 1626 005c E568     		ldr	r5, [r4, #12]
 1627 005e 3146     		mov	r1, r6
 1628 0060 2046     		mov	r0, r4
 1629 0062 FFF7FEFF 		bl	prvCopyDataFromQueue
 1630 0066 E560     		str	r5, [r4, #12]
 1631 0068 636A     		ldr	r3, [r4, #36]
 1632 006a 23B9     		cbnz	r3, .L257
 1633              	.L244:
 1634 006c FFF7FEFF 		bl	vPortExitCritical
 1635 0070 0120     		movs	r0, #1
 1636              	.L235:
 1637 0072 04B0     		add	sp, sp, #16
ARM GAS  C:\Users\Administrator\AppData\Local\Temp\ccAKwWuX.s 			page 29


 1638              		@ sp needed
 1639 0074 70BD     		pop	{r4, r5, r6, pc}
 1640              	.L257:
 1641 0076 04F12400 		add	r0, r4, #36
 1642 007a FFF7FEFF 		bl	xTaskRemoveFromEventList
 1643 007e 0028     		cmp	r0, #0
 1644 0080 F4D0     		beq	.L244
 1645 0082 4FF0E023 		mov	r3, #-536813568
 1646 0086 4FF08052 		mov	r2, #268435456
 1647 008a C3F8042D 		str	r2, [r3, #3332]
 1648              		.syntax unified
 1649              	@ 1689 "Middlewares/Third_Party/FreeRTOS/Source/queue.c" 1
 1650 008e BFF34F8F 		dsb
 1651              	@ 0 "" 2
 1652              	@ 1689 "Middlewares/Third_Party/FreeRTOS/Source/queue.c" 1
 1653 0092 BFF36F8F 		isb
 1654              	@ 0 "" 2
 1655              		.thumb
 1656              		.syntax unified
 1657 0096 E9E7     		b	.L244
 1658              	.L260:
 1659 0098 FFF7FEFF 		bl	vPortExitCritical
 1660 009c 0020     		movs	r0, #0
 1661 009e E8E7     		b	.L235
 1662              	.L261:
 1663 00a0 02A8     		add	r0, sp, #8
 1664 00a2 FFF7FEFF 		bl	vTaskInternalSetTimeOutState
 1665 00a6 0125     		movs	r5, #1
 1666 00a8 21E0     		b	.L247
 1667              	.L262:
 1668 00aa 0023     		movs	r3, #0
 1669 00ac 84F84430 		strb	r3, [r4, #68]
 1670 00b0 29E0     		b	.L248
 1671              	.L263:
 1672 00b2 0023     		movs	r3, #0
 1673 00b4 84F84530 		strb	r3, [r4, #69]
 1674 00b8 2BE0     		b	.L249
 1675              	.L251:
 1676 00ba 2046     		mov	r0, r4
 1677 00bc FFF7FEFF 		bl	prvUnlockQueue
 1678 00c0 FFF7FEFF 		bl	xTaskResumeAll
 1679 00c4 09E0     		b	.L242
 1680              	.L250:
 1681 00c6 2046     		mov	r0, r4
 1682 00c8 FFF7FEFF 		bl	prvUnlockQueue
 1683 00cc FFF7FEFF 		bl	xTaskResumeAll
 1684 00d0 2046     		mov	r0, r4
 1685 00d2 FFF7FEFF 		bl	prvIsQueueEmpty
 1686 00d6 0028     		cmp	r0, #0
 1687 00d8 3FD1     		bne	.L258
 1688              	.L242:
 1689 00da FFF7FEFF 		bl	vPortEnterCritical
 1690 00de A36B     		ldr	r3, [r4, #56]
 1691 00e0 002B     		cmp	r3, #0
 1692 00e2 BBD1     		bne	.L259
 1693 00e4 019B     		ldr	r3, [sp, #4]
 1694 00e6 002B     		cmp	r3, #0
ARM GAS  C:\Users\Administrator\AppData\Local\Temp\ccAKwWuX.s 			page 30


 1695 00e8 D6D0     		beq	.L260
 1696 00ea 002D     		cmp	r5, #0
 1697 00ec D8D0     		beq	.L261
 1698              	.L247:
 1699 00ee FFF7FEFF 		bl	vPortExitCritical
 1700 00f2 FFF7FEFF 		bl	vTaskSuspendAll
 1701 00f6 FFF7FEFF 		bl	vPortEnterCritical
 1702 00fa 94F84430 		ldrb	r3, [r4, #68]	@ zero_extendqisi2
 1703 00fe 5BB2     		sxtb	r3, r3
 1704 0100 B3F1FF3F 		cmp	r3, #-1
 1705 0104 D1D0     		beq	.L262
 1706              	.L248:
 1707 0106 94F84530 		ldrb	r3, [r4, #69]	@ zero_extendqisi2
 1708 010a 5BB2     		sxtb	r3, r3
 1709 010c B3F1FF3F 		cmp	r3, #-1
 1710 0110 CFD0     		beq	.L263
 1711              	.L249:
 1712 0112 FFF7FEFF 		bl	vPortExitCritical
 1713 0116 01A9     		add	r1, sp, #4
 1714 0118 02A8     		add	r0, sp, #8
 1715 011a FFF7FEFF 		bl	xTaskCheckForTimeOut
 1716 011e 0028     		cmp	r0, #0
 1717 0120 D1D1     		bne	.L250
 1718 0122 2046     		mov	r0, r4
 1719 0124 FFF7FEFF 		bl	prvIsQueueEmpty
 1720 0128 0028     		cmp	r0, #0
 1721 012a C6D0     		beq	.L251
 1722 012c 0199     		ldr	r1, [sp, #4]
 1723 012e 04F12400 		add	r0, r4, #36
 1724 0132 FFF7FEFF 		bl	vTaskPlaceOnEventList
 1725 0136 2046     		mov	r0, r4
 1726 0138 FFF7FEFF 		bl	prvUnlockQueue
 1727 013c FFF7FEFF 		bl	xTaskResumeAll
 1728 0140 0028     		cmp	r0, #0
 1729 0142 CAD1     		bne	.L242
 1730 0144 4FF0E023 		mov	r3, #-536813568
 1731 0148 4FF08052 		mov	r2, #268435456
 1732 014c C3F8042D 		str	r2, [r3, #3332]
 1733              		.syntax unified
 1734              	@ 1749 "Middlewares/Third_Party/FreeRTOS/Source/queue.c" 1
 1735 0150 BFF34F8F 		dsb
 1736              	@ 0 "" 2
 1737              	@ 1749 "Middlewares/Third_Party/FreeRTOS/Source/queue.c" 1
 1738 0154 BFF36F8F 		isb
 1739              	@ 0 "" 2
 1740              		.thumb
 1741              		.syntax unified
 1742 0158 BFE7     		b	.L242
 1743              	.L258:
 1744 015a 0020     		movs	r0, #0
 1745 015c 89E7     		b	.L235
 1747              		.section	.text.xQueueReceiveFromISR,"ax",%progbits
 1748              		.align	1
 1749              		.global	xQueueReceiveFromISR
 1750              		.syntax unified
 1751              		.thumb
 1752              		.thumb_func
ARM GAS  C:\Users\Administrator\AppData\Local\Temp\ccAKwWuX.s 			page 31


 1754              	xQueueReceiveFromISR:
 1755              		@ args = 0, pretend = 0, frame = 0
 1756              		@ frame_needed = 0, uses_anonymous_args = 0
 1757 0000 2DE9F843 		push	{r3, r4, r5, r6, r7, r8, r9, lr}
 1758 0004 C0B1     		cbz	r0, .L276
 1759 0006 0E46     		mov	r6, r1
 1760 0008 9046     		mov	r8, r2
 1761 000a 0446     		mov	r4, r0
 1762 000c E9B1     		cbz	r1, .L277
 1763              	.L267:
 1764 000e FFF7FEFF 		bl	vPortValidateInterruptPriority
 1765              		.syntax unified
 1766              	@ 211 "Middlewares/Third_Party/FreeRTOS/Source/portable/GCC/ARM_CM4F/portmacro.h" 1
 1767 0012 EFF31183 			mrs r3, basepri											
 1768 0016 4FF05002 		mov r2, #80												
 1769 001a 82F31188 		msr basepri, r2											
 1770 001e BFF36F8F 		isb														
 1771 0022 BFF34F8F 		dsb														
 1772              	
 1773              	@ 0 "" 2
 1774              		.thumb
 1775              		.syntax unified
 1776 0026 1F46     		mov	r7, r3
 1777 0028 A36B     		ldr	r3, [r4, #56]
 1778 002a 9946     		mov	r9, r3
 1779 002c CBB9     		cbnz	r3, .L278
 1780 002e 1846     		mov	r0, r3
 1781              	.L269:
 1782              		.syntax unified
 1783              	@ 229 "Middlewares/Third_Party/FreeRTOS/Source/portable/GCC/ARM_CM4F/portmacro.h" 1
 1784 0030 87F31188 			msr basepri, r7	
 1785              	@ 0 "" 2
 1786              		.thumb
 1787              		.syntax unified
 1788 0034 BDE8F883 		pop	{r3, r4, r5, r6, r7, r8, r9, pc}
 1789              	.L276:
 1790              		.syntax unified
 1791              	@ 195 "Middlewares/Third_Party/FreeRTOS/Source/portable/GCC/ARM_CM4F/portmacro.h" 1
 1792 0038 4FF05003 			mov r3, #80												
 1793 003c 83F31188 		msr basepri, r3											
 1794 0040 BFF36F8F 		isb														
 1795 0044 BFF34F8F 		dsb														
 1796              	
 1797              	@ 0 "" 2
 1798              		.thumb
 1799              		.syntax unified
 1800              	.L266:
 1801 0048 FEE7     		b	.L266
 1802              	.L277:
 1803 004a 036C     		ldr	r3, [r0, #64]
 1804 004c 002B     		cmp	r3, #0
 1805 004e DED0     		beq	.L267
 1806              		.syntax unified
 1807              	@ 195 "Middlewares/Third_Party/FreeRTOS/Source/portable/GCC/ARM_CM4F/portmacro.h" 1
 1808 0050 4FF05003 			mov r3, #80												
 1809 0054 83F31188 		msr basepri, r3											
 1810 0058 BFF36F8F 		isb														
ARM GAS  C:\Users\Administrator\AppData\Local\Temp\ccAKwWuX.s 			page 32


 1811 005c BFF34F8F 		dsb														
 1812              	
 1813              	@ 0 "" 2
 1814              		.thumb
 1815              		.syntax unified
 1816              	.L268:
 1817 0060 FEE7     		b	.L268
 1818              	.L278:
 1819 0062 94F84430 		ldrb	r3, [r4, #68]	@ zero_extendqisi2
 1820 0066 5DB2     		sxtb	r5, r3
 1821 0068 3146     		mov	r1, r6
 1822 006a 2046     		mov	r0, r4
 1823 006c FFF7FEFF 		bl	prvCopyDataFromQueue
 1824 0070 09F1FF33 		add	r3, r9, #-1
 1825 0074 A363     		str	r3, [r4, #56]
 1826 0076 B5F1FF3F 		cmp	r5, #-1
 1827 007a 06D0     		beq	.L279
 1828 007c 2B46     		mov	r3, r5
 1829 007e 0133     		adds	r3, r3, #1
 1830 0080 5BB2     		sxtb	r3, r3
 1831 0082 84F84430 		strb	r3, [r4, #68]
 1832 0086 0120     		movs	r0, #1
 1833 0088 D2E7     		b	.L269
 1834              	.L279:
 1835 008a 2369     		ldr	r3, [r4, #16]
 1836 008c 0BB9     		cbnz	r3, .L280
 1837 008e 0120     		movs	r0, #1
 1838 0090 CEE7     		b	.L269
 1839              	.L280:
 1840 0092 04F11000 		add	r0, r4, #16
 1841 0096 FFF7FEFF 		bl	xTaskRemoveFromEventList
 1842 009a 28B1     		cbz	r0, .L273
 1843 009c 4346     		mov	r3, r8
 1844 009e 2BB1     		cbz	r3, .L274
 1845 00a0 0120     		movs	r0, #1
 1846 00a2 C8F80000 		str	r0, [r8]
 1847 00a6 C3E7     		b	.L269
 1848              	.L273:
 1849 00a8 0120     		movs	r0, #1
 1850 00aa C1E7     		b	.L269
 1851              	.L274:
 1852 00ac 0120     		movs	r0, #1
 1853 00ae BFE7     		b	.L269
 1855              		.section	.text.xQueuePeekFromISR,"ax",%progbits
 1856              		.align	1
 1857              		.global	xQueuePeekFromISR
 1858              		.syntax unified
 1859              		.thumb
 1860              		.thumb_func
 1862              	xQueuePeekFromISR:
 1863              		@ args = 0, pretend = 0, frame = 0
 1864              		@ frame_needed = 0, uses_anonymous_args = 0
 1865 0000 F8B5     		push	{r3, r4, r5, r6, r7, lr}
 1866 0002 68B1     		cbz	r0, .L291
 1867 0004 0E46     		mov	r6, r1
 1868 0006 0446     		mov	r4, r0
 1869 0008 99B1     		cbz	r1, .L292
ARM GAS  C:\Users\Administrator\AppData\Local\Temp\ccAKwWuX.s 			page 33


 1870              	.L284:
 1871 000a 236C     		ldr	r3, [r4, #64]
 1872 000c EBB9     		cbnz	r3, .L286
 1873              		.syntax unified
 1874              	@ 195 "Middlewares/Third_Party/FreeRTOS/Source/portable/GCC/ARM_CM4F/portmacro.h" 1
 1875 000e 4FF05003 			mov r3, #80												
 1876 0012 83F31188 		msr basepri, r3											
 1877 0016 BFF36F8F 		isb														
 1878 001a BFF34F8F 		dsb														
 1879              	
 1880              	@ 0 "" 2
 1881              		.thumb
 1882              		.syntax unified
 1883              	.L287:
 1884 001e FEE7     		b	.L287
 1885              	.L291:
 1886              		.syntax unified
 1887              	@ 195 "Middlewares/Third_Party/FreeRTOS/Source/portable/GCC/ARM_CM4F/portmacro.h" 1
 1888 0020 4FF05003 			mov r3, #80												
 1889 0024 83F31188 		msr basepri, r3											
 1890 0028 BFF36F8F 		isb														
 1891 002c BFF34F8F 		dsb														
 1892              	
 1893              	@ 0 "" 2
 1894              		.thumb
 1895              		.syntax unified
 1896              	.L283:
 1897 0030 FEE7     		b	.L283
 1898              	.L292:
 1899 0032 036C     		ldr	r3, [r0, #64]
 1900 0034 002B     		cmp	r3, #0
 1901 0036 E8D0     		beq	.L284
 1902              		.syntax unified
 1903              	@ 195 "Middlewares/Third_Party/FreeRTOS/Source/portable/GCC/ARM_CM4F/portmacro.h" 1
 1904 0038 4FF05003 			mov r3, #80												
 1905 003c 83F31188 		msr basepri, r3											
 1906 0040 BFF36F8F 		isb														
 1907 0044 BFF34F8F 		dsb														
 1908              	
 1909              	@ 0 "" 2
 1910              		.thumb
 1911              		.syntax unified
 1912              	.L285:
 1913 0048 FEE7     		b	.L285
 1914              	.L286:
 1915 004a FFF7FEFF 		bl	vPortValidateInterruptPriority
 1916              		.syntax unified
 1917              	@ 211 "Middlewares/Third_Party/FreeRTOS/Source/portable/GCC/ARM_CM4F/portmacro.h" 1
 1918 004e EFF31183 			mrs r3, basepri											
 1919 0052 4FF05002 		mov r2, #80												
 1920 0056 82F31188 		msr basepri, r2											
 1921 005a BFF36F8F 		isb														
 1922 005e BFF34F8F 		dsb														
 1923              	
 1924              	@ 0 "" 2
 1925              		.thumb
 1926              		.syntax unified
ARM GAS  C:\Users\Administrator\AppData\Local\Temp\ccAKwWuX.s 			page 34


 1927 0062 1F46     		mov	r7, r3
 1928 0064 A36B     		ldr	r3, [r4, #56]
 1929 0066 1BB9     		cbnz	r3, .L293
 1930 0068 1846     		mov	r0, r3
 1931              	.L288:
 1932              		.syntax unified
 1933              	@ 229 "Middlewares/Third_Party/FreeRTOS/Source/portable/GCC/ARM_CM4F/portmacro.h" 1
 1934 006a 87F31188 			msr basepri, r7	
 1935              	@ 0 "" 2
 1936              		.thumb
 1937              		.syntax unified
 1938 006e F8BD     		pop	{r3, r4, r5, r6, r7, pc}
 1939              	.L293:
 1940 0070 E368     		ldr	r3, [r4, #12]
 1941 0072 1D46     		mov	r5, r3
 1942 0074 3146     		mov	r1, r6
 1943 0076 2046     		mov	r0, r4
 1944 0078 FFF7FEFF 		bl	prvCopyDataFromQueue
 1945 007c E560     		str	r5, [r4, #12]
 1946 007e 0120     		movs	r0, #1
 1947 0080 F3E7     		b	.L288
 1949              		.section	.text.uxQueueMessagesWaiting,"ax",%progbits
 1950              		.align	1
 1951              		.global	uxQueueMessagesWaiting
 1952              		.syntax unified
 1953              		.thumb
 1954              		.thumb_func
 1956              	uxQueueMessagesWaiting:
 1957              		@ args = 0, pretend = 0, frame = 0
 1958              		@ frame_needed = 0, uses_anonymous_args = 0
 1959 0000 48B1     		cbz	r0, .L299
 1960 0002 10B5     		push	{r4, lr}
 1961 0004 0446     		mov	r4, r0
 1962 0006 FFF7FEFF 		bl	vPortEnterCritical
 1963 000a A36B     		ldr	r3, [r4, #56]
 1964 000c 1C46     		mov	r4, r3
 1965 000e FFF7FEFF 		bl	vPortExitCritical
 1966 0012 2046     		mov	r0, r4
 1967 0014 10BD     		pop	{r4, pc}
 1968              	.L299:
 1969              		.syntax unified
 1970              	@ 195 "Middlewares/Third_Party/FreeRTOS/Source/portable/GCC/ARM_CM4F/portmacro.h" 1
 1971 0016 4FF05003 			mov r3, #80												
 1972 001a 83F31188 		msr basepri, r3											
 1973 001e BFF36F8F 		isb														
 1974 0022 BFF34F8F 		dsb														
 1975              	
 1976              	@ 0 "" 2
 1977              		.thumb
 1978              		.syntax unified
 1979              	.L296:
 1980 0026 FEE7     		b	.L296
 1982              		.section	.text.uxQueueSpacesAvailable,"ax",%progbits
 1983              		.align	1
 1984              		.global	uxQueueSpacesAvailable
 1985              		.syntax unified
 1986              		.thumb
ARM GAS  C:\Users\Administrator\AppData\Local\Temp\ccAKwWuX.s 			page 35


 1987              		.thumb_func
 1989              	uxQueueSpacesAvailable:
 1990              		@ args = 0, pretend = 0, frame = 0
 1991              		@ frame_needed = 0, uses_anonymous_args = 0
 1992 0000 58B1     		cbz	r0, .L305
 1993 0002 10B5     		push	{r4, lr}
 1994 0004 0446     		mov	r4, r0
 1995 0006 FFF7FEFF 		bl	vPortEnterCritical
 1996 000a E36B     		ldr	r3, [r4, #60]
 1997 000c A26B     		ldr	r2, [r4, #56]
 1998 000e 9B1A     		subs	r3, r3, r2
 1999 0010 1C46     		mov	r4, r3
 2000 0012 FFF7FEFF 		bl	vPortExitCritical
 2001 0016 2046     		mov	r0, r4
 2002 0018 10BD     		pop	{r4, pc}
 2003              	.L305:
 2004              		.syntax unified
 2005              	@ 195 "Middlewares/Third_Party/FreeRTOS/Source/portable/GCC/ARM_CM4F/portmacro.h" 1
 2006 001a 4FF05003 			mov r3, #80												
 2007 001e 83F31188 		msr basepri, r3											
 2008 0022 BFF36F8F 		isb														
 2009 0026 BFF34F8F 		dsb														
 2010              	
 2011              	@ 0 "" 2
 2012              		.thumb
 2013              		.syntax unified
 2014              	.L302:
 2015 002a FEE7     		b	.L302
 2017              		.section	.text.uxQueueMessagesWaitingFromISR,"ax",%progbits
 2018              		.align	1
 2019              		.global	uxQueueMessagesWaitingFromISR
 2020              		.syntax unified
 2021              		.thumb
 2022              		.thumb_func
 2024              	uxQueueMessagesWaitingFromISR:
 2025              		@ args = 0, pretend = 0, frame = 0
 2026              		@ frame_needed = 0, uses_anonymous_args = 0
 2027              		@ link register save eliminated.
 2028 0000 08B1     		cbz	r0, .L309
 2029 0002 806B     		ldr	r0, [r0, #56]
 2030 0004 7047     		bx	lr
 2031              	.L309:
 2032              		.syntax unified
 2033              	@ 195 "Middlewares/Third_Party/FreeRTOS/Source/portable/GCC/ARM_CM4F/portmacro.h" 1
 2034 0006 4FF05003 			mov r3, #80												
 2035 000a 83F31188 		msr basepri, r3											
 2036 000e BFF36F8F 		isb														
 2037 0012 BFF34F8F 		dsb														
 2038              	
 2039              	@ 0 "" 2
 2040              		.thumb
 2041              		.syntax unified
 2042              	.L308:
 2043 0016 FEE7     		b	.L308
 2045              		.section	.text.xQueueIsQueueEmptyFromISR,"ax",%progbits
 2046              		.align	1
 2047              		.global	xQueueIsQueueEmptyFromISR
ARM GAS  C:\Users\Administrator\AppData\Local\Temp\ccAKwWuX.s 			page 36


 2048              		.syntax unified
 2049              		.thumb
 2050              		.thumb_func
 2052              	xQueueIsQueueEmptyFromISR:
 2053              		@ args = 0, pretend = 0, frame = 0
 2054              		@ frame_needed = 0, uses_anonymous_args = 0
 2055              		@ link register save eliminated.
 2056 0000 18B1     		cbz	r0, .L315
 2057 0002 836B     		ldr	r3, [r0, #56]
 2058 0004 53B9     		cbnz	r3, .L314
 2059 0006 0120     		movs	r0, #1
 2060 0008 7047     		bx	lr
 2061              	.L315:
 2062              		.syntax unified
 2063              	@ 195 "Middlewares/Third_Party/FreeRTOS/Source/portable/GCC/ARM_CM4F/portmacro.h" 1
 2064 000a 4FF05003 			mov r3, #80												
 2065 000e 83F31188 		msr basepri, r3											
 2066 0012 BFF36F8F 		isb														
 2067 0016 BFF34F8F 		dsb														
 2068              	
 2069              	@ 0 "" 2
 2070              		.thumb
 2071              		.syntax unified
 2072              	.L312:
 2073 001a FEE7     		b	.L312
 2074              	.L314:
 2075 001c 0020     		movs	r0, #0
 2076 001e 7047     		bx	lr
 2078              		.section	.text.xQueueIsQueueFullFromISR,"ax",%progbits
 2079              		.align	1
 2080              		.global	xQueueIsQueueFullFromISR
 2081              		.syntax unified
 2082              		.thumb
 2083              		.thumb_func
 2085              	xQueueIsQueueFullFromISR:
 2086              		@ args = 0, pretend = 0, frame = 0
 2087              		@ frame_needed = 0, uses_anonymous_args = 0
 2088              		@ link register save eliminated.
 2089 0000 28B1     		cbz	r0, .L321
 2090 0002 826B     		ldr	r2, [r0, #56]
 2091 0004 C36B     		ldr	r3, [r0, #60]
 2092 0006 9A42     		cmp	r2, r3
 2093 0008 0AD0     		beq	.L322
 2094 000a 0020     		movs	r0, #0
 2095 000c 7047     		bx	lr
 2096              	.L321:
 2097              		.syntax unified
 2098              	@ 195 "Middlewares/Third_Party/FreeRTOS/Source/portable/GCC/ARM_CM4F/portmacro.h" 1
 2099 000e 4FF05003 			mov r3, #80												
 2100 0012 83F31188 		msr basepri, r3											
 2101 0016 BFF36F8F 		isb														
 2102 001a BFF34F8F 		dsb														
 2103              	
 2104              	@ 0 "" 2
 2105              		.thumb
 2106              		.syntax unified
 2107              	.L318:
ARM GAS  C:\Users\Administrator\AppData\Local\Temp\ccAKwWuX.s 			page 37


 2108 001e FEE7     		b	.L318
 2109              	.L322:
 2110 0020 0120     		movs	r0, #1
 2111 0022 7047     		bx	lr
 2113              		.section	.text.vQueueAddToRegistry,"ax",%progbits
 2114              		.align	1
 2115              		.global	vQueueAddToRegistry
 2116              		.syntax unified
 2117              		.thumb
 2118              		.thumb_func
 2120              	vQueueAddToRegistry:
 2121              		@ args = 0, pretend = 0, frame = 0
 2122              		@ frame_needed = 0, uses_anonymous_args = 0
 2123              		@ link register save eliminated.
 2124 0000 0023     		movs	r3, #0
 2125              	.L324:
 2126 0002 072B     		cmp	r3, #7
 2127 0004 0CD8     		bhi	.L328
 2128 0006 074A     		ldr	r2, .L330
 2129 0008 52F83320 		ldr	r2, [r2, r3, lsl #3]
 2130 000c 0AB1     		cbz	r2, .L329
 2131 000e 0133     		adds	r3, r3, #1
 2132 0010 F7E7     		b	.L324
 2133              	.L329:
 2134 0012 044A     		ldr	r2, .L330
 2135 0014 42F83310 		str	r1, [r2, r3, lsl #3]
 2136 0018 02EBC302 		add	r2, r2, r3, lsl #3
 2137 001c 5060     		str	r0, [r2, #4]
 2138 001e 7047     		bx	lr
 2139              	.L328:
 2140 0020 7047     		bx	lr
 2141              	.L331:
 2142 0022 00BF     		.align	2
 2143              	.L330:
 2144 0024 00000000 		.word	xQueueRegistry
 2146              		.section	.text.pcQueueGetName,"ax",%progbits
 2147              		.align	1
 2148              		.global	pcQueueGetName
 2149              		.syntax unified
 2150              		.thumb
 2151              		.thumb_func
 2153              	pcQueueGetName:
 2154              		@ args = 0, pretend = 0, frame = 0
 2155              		@ frame_needed = 0, uses_anonymous_args = 0
 2156              		@ link register save eliminated.
 2157 0000 0023     		movs	r3, #0
 2158              	.L333:
 2159 0002 072B     		cmp	r3, #7
 2160 0004 0BD8     		bhi	.L337
 2161 0006 074A     		ldr	r2, .L339
 2162 0008 02EBC302 		add	r2, r2, r3, lsl #3
 2163 000c 5268     		ldr	r2, [r2, #4]
 2164 000e 8242     		cmp	r2, r0
 2165 0010 01D0     		beq	.L338
 2166 0012 0133     		adds	r3, r3, #1
 2167 0014 F5E7     		b	.L333
 2168              	.L338:
ARM GAS  C:\Users\Administrator\AppData\Local\Temp\ccAKwWuX.s 			page 38


 2169 0016 034A     		ldr	r2, .L339
 2170 0018 52F83300 		ldr	r0, [r2, r3, lsl #3]
 2171 001c 7047     		bx	lr
 2172              	.L337:
 2173 001e 0020     		movs	r0, #0
 2174 0020 7047     		bx	lr
 2175              	.L340:
 2176 0022 00BF     		.align	2
 2177              	.L339:
 2178 0024 00000000 		.word	xQueueRegistry
 2180              		.section	.text.vQueueUnregisterQueue,"ax",%progbits
 2181              		.align	1
 2182              		.global	vQueueUnregisterQueue
 2183              		.syntax unified
 2184              		.thumb
 2185              		.thumb_func
 2187              	vQueueUnregisterQueue:
 2188              		@ args = 0, pretend = 0, frame = 0
 2189              		@ frame_needed = 0, uses_anonymous_args = 0
 2190              		@ link register save eliminated.
 2191 0000 0023     		movs	r3, #0
 2192              	.L342:
 2193 0002 072B     		cmp	r3, #7
 2194 0004 0FD8     		bhi	.L346
 2195 0006 084A     		ldr	r2, .L348
 2196 0008 02EBC302 		add	r2, r2, r3, lsl #3
 2197 000c 5268     		ldr	r2, [r2, #4]
 2198 000e 8242     		cmp	r2, r0
 2199 0010 01D0     		beq	.L347
 2200 0012 0133     		adds	r3, r3, #1
 2201 0014 F5E7     		b	.L342
 2202              	.L347:
 2203 0016 044A     		ldr	r2, .L348
 2204 0018 0021     		movs	r1, #0
 2205 001a 42F83310 		str	r1, [r2, r3, lsl #3]
 2206 001e 02EBC302 		add	r2, r2, r3, lsl #3
 2207 0022 5160     		str	r1, [r2, #4]
 2208 0024 7047     		bx	lr
 2209              	.L346:
 2210 0026 7047     		bx	lr
 2211              	.L349:
 2212              		.align	2
 2213              	.L348:
 2214 0028 00000000 		.word	xQueueRegistry
 2216              		.section	.text.vQueueDelete,"ax",%progbits
 2217              		.align	1
 2218              		.global	vQueueDelete
 2219              		.syntax unified
 2220              		.thumb
 2221              		.thumb_func
 2223              	vQueueDelete:
 2224              		@ args = 0, pretend = 0, frame = 0
 2225              		@ frame_needed = 0, uses_anonymous_args = 0
 2226 0000 38B1     		cbz	r0, .L356
 2227 0002 10B5     		push	{r4, lr}
 2228 0004 0446     		mov	r4, r0
 2229 0006 FFF7FEFF 		bl	vQueueUnregisterQueue
ARM GAS  C:\Users\Administrator\AppData\Local\Temp\ccAKwWuX.s 			page 39


 2230 000a 94F84630 		ldrb	r3, [r4, #70]	@ zero_extendqisi2
 2231 000e 4BB1     		cbz	r3, .L357
 2232              	.L350:
 2233 0010 10BD     		pop	{r4, pc}
 2234              	.L356:
 2235              		.syntax unified
 2236              	@ 195 "Middlewares/Third_Party/FreeRTOS/Source/portable/GCC/ARM_CM4F/portmacro.h" 1
 2237 0012 4FF05003 			mov r3, #80												
 2238 0016 83F31188 		msr basepri, r3											
 2239 001a BFF36F8F 		isb														
 2240 001e BFF34F8F 		dsb														
 2241              	
 2242              	@ 0 "" 2
 2243              		.thumb
 2244              		.syntax unified
 2245              	.L352:
 2246 0022 FEE7     		b	.L352
 2247              	.L357:
 2248 0024 2046     		mov	r0, r4
 2249 0026 FFF7FEFF 		bl	vPortFree
 2250 002a F1E7     		b	.L350
 2252              		.global	xQueueRegistry
 2253              		.section	.bss.xQueueRegistry,"aw",%nobits
 2254              		.align	2
 2257              	xQueueRegistry:
 2258 0000 00000000 		.space	64
 2258      00000000 
 2258      00000000 
 2258      00000000 
 2258      00000000 
 2259              		.ident	"GCC: (xPack GNU Arm Embedded GCC x86_64) 15.2.1 20251203"
ARM GAS  C:\Users\Administrator\AppData\Local\Temp\ccAKwWuX.s 			page 40


DEFINED SYMBOLS
                            *ABS*:00000000 queue.c
C:\Users\Administrator\AppData\Local\Temp\ccAKwWuX.s:18     .text.prvGetDisinheritPriorityAfterTimeout:00000000 $t
C:\Users\Administrator\AppData\Local\Temp\ccAKwWuX.s:23     .text.prvGetDisinheritPriorityAfterTimeout:00000000 prvGetDisinheritPriorityAfterTimeout
C:\Users\Administrator\AppData\Local\Temp\ccAKwWuX.s:37     .text.prvIsQueueFull:00000000 $t
C:\Users\Administrator\AppData\Local\Temp\ccAKwWuX.s:42     .text.prvIsQueueFull:00000000 prvIsQueueFull
C:\Users\Administrator\AppData\Local\Temp\ccAKwWuX.s:62     .text.prvIsQueueEmpty:00000000 $t
C:\Users\Administrator\AppData\Local\Temp\ccAKwWuX.s:67     .text.prvIsQueueEmpty:00000000 prvIsQueueEmpty
C:\Users\Administrator\AppData\Local\Temp\ccAKwWuX.s:87     .text.prvCopyDataToQueue:00000000 $t
C:\Users\Administrator\AppData\Local\Temp\ccAKwWuX.s:92     .text.prvCopyDataToQueue:00000000 prvCopyDataToQueue
C:\Users\Administrator\AppData\Local\Temp\ccAKwWuX.s:161    .text.prvCopyDataFromQueue:00000000 $t
C:\Users\Administrator\AppData\Local\Temp\ccAKwWuX.s:166    .text.prvCopyDataFromQueue:00000000 prvCopyDataFromQueue
C:\Users\Administrator\AppData\Local\Temp\ccAKwWuX.s:190    .text.prvUnlockQueue:00000000 $t
C:\Users\Administrator\AppData\Local\Temp\ccAKwWuX.s:195    .text.prvUnlockQueue:00000000 prvUnlockQueue
C:\Users\Administrator\AppData\Local\Temp\ccAKwWuX.s:247    .text.xQueueGenericReset:00000000 $t
C:\Users\Administrator\AppData\Local\Temp\ccAKwWuX.s:253    .text.xQueueGenericReset:00000000 xQueueGenericReset
C:\Users\Administrator\AppData\Local\Temp\ccAKwWuX.s:321    .text.prvInitialiseNewQueue:00000000 $t
C:\Users\Administrator\AppData\Local\Temp\ccAKwWuX.s:326    .text.prvInitialiseNewQueue:00000000 prvInitialiseNewQueue
C:\Users\Administrator\AppData\Local\Temp\ccAKwWuX.s:346    .text.xQueueGenericCreateStatic:00000000 $t
C:\Users\Administrator\AppData\Local\Temp\ccAKwWuX.s:352    .text.xQueueGenericCreateStatic:00000000 xQueueGenericCreateStatic
C:\Users\Administrator\AppData\Local\Temp\ccAKwWuX.s:450    .text.xQueueGenericCreate:00000000 $t
C:\Users\Administrator\AppData\Local\Temp\ccAKwWuX.s:456    .text.xQueueGenericCreate:00000000 xQueueGenericCreate
C:\Users\Administrator\AppData\Local\Temp\ccAKwWuX.s:499    .text.xQueueCreateCountingSemaphoreStatic:00000000 $t
C:\Users\Administrator\AppData\Local\Temp\ccAKwWuX.s:505    .text.xQueueCreateCountingSemaphoreStatic:00000000 xQueueCreateCountingSemaphoreStatic
C:\Users\Administrator\AppData\Local\Temp\ccAKwWuX.s:554    .text.xQueueCreateCountingSemaphore:00000000 $t
C:\Users\Administrator\AppData\Local\Temp\ccAKwWuX.s:560    .text.xQueueCreateCountingSemaphore:00000000 xQueueCreateCountingSemaphore
C:\Users\Administrator\AppData\Local\Temp\ccAKwWuX.s:603    .text.xQueueGenericSend:00000000 $t
C:\Users\Administrator\AppData\Local\Temp\ccAKwWuX.s:609    .text.xQueueGenericSend:00000000 xQueueGenericSend
C:\Users\Administrator\AppData\Local\Temp\ccAKwWuX.s:820    .text.prvInitialiseMutex:00000000 $t
C:\Users\Administrator\AppData\Local\Temp\ccAKwWuX.s:825    .text.prvInitialiseMutex:00000000 prvInitialiseMutex
C:\Users\Administrator\AppData\Local\Temp\ccAKwWuX.s:842    .text.xQueueCreateMutex:00000000 $t
C:\Users\Administrator\AppData\Local\Temp\ccAKwWuX.s:848    .text.xQueueCreateMutex:00000000 xQueueCreateMutex
C:\Users\Administrator\AppData\Local\Temp\ccAKwWuX.s:862    .text.xQueueCreateMutexStatic:00000000 $t
C:\Users\Administrator\AppData\Local\Temp\ccAKwWuX.s:868    .text.xQueueCreateMutexStatic:00000000 xQueueCreateMutexStatic
C:\Users\Administrator\AppData\Local\Temp\ccAKwWuX.s:887    .text.xQueueGenericSendFromISR:00000000 $t
C:\Users\Administrator\AppData\Local\Temp\ccAKwWuX.s:893    .text.xQueueGenericSendFromISR:00000000 xQueueGenericSendFromISR
C:\Users\Administrator\AppData\Local\Temp\ccAKwWuX.s:1017   .text.xQueueGiveFromISR:00000000 $t
C:\Users\Administrator\AppData\Local\Temp\ccAKwWuX.s:1023   .text.xQueueGiveFromISR:00000000 xQueueGiveFromISR
C:\Users\Administrator\AppData\Local\Temp\ccAKwWuX.s:1136   .text.xQueueReceive:00000000 $t
C:\Users\Administrator\AppData\Local\Temp\ccAKwWuX.s:1142   .text.xQueueReceive:00000000 xQueueReceive
C:\Users\Administrator\AppData\Local\Temp\ccAKwWuX.s:1326   .text.xQueueSemaphoreTake:00000000 $t
C:\Users\Administrator\AppData\Local\Temp\ccAKwWuX.s:1332   .text.xQueueSemaphoreTake:00000000 xQueueSemaphoreTake
C:\Users\Administrator\AppData\Local\Temp\ccAKwWuX.s:1558   .text.xQueuePeek:00000000 $t
C:\Users\Administrator\AppData\Local\Temp\ccAKwWuX.s:1564   .text.xQueuePeek:00000000 xQueuePeek
C:\Users\Administrator\AppData\Local\Temp\ccAKwWuX.s:1748   .text.xQueueReceiveFromISR:00000000 $t
C:\Users\Administrator\AppData\Local\Temp\ccAKwWuX.s:1754   .text.xQueueReceiveFromISR:00000000 xQueueReceiveFromISR
C:\Users\Administrator\AppData\Local\Temp\ccAKwWuX.s:1856   .text.xQueuePeekFromISR:00000000 $t
C:\Users\Administrator\AppData\Local\Temp\ccAKwWuX.s:1862   .text.xQueuePeekFromISR:00000000 xQueuePeekFromISR
C:\Users\Administrator\AppData\Local\Temp\ccAKwWuX.s:1950   .text.uxQueueMessagesWaiting:00000000 $t
C:\Users\Administrator\AppData\Local\Temp\ccAKwWuX.s:1956   .text.uxQueueMessagesWaiting:00000000 uxQueueMessagesWaiting
C:\Users\Administrator\AppData\Local\Temp\ccAKwWuX.s:1983   .text.uxQueueSpacesAvailable:00000000 $t
C:\Users\Administrator\AppData\Local\Temp\ccAKwWuX.s:1989   .text.uxQueueSpacesAvailable:00000000 uxQueueSpacesAvailable
C:\Users\Administrator\AppData\Local\Temp\ccAKwWuX.s:2018   .text.uxQueueMessagesWaitingFromISR:00000000 $t
C:\Users\Administrator\AppData\Local\Temp\ccAKwWuX.s:2024   .text.uxQueueMessagesWaitingFromISR:00000000 uxQueueMessagesWaitingFromISR
C:\Users\Administrator\AppData\Local\Temp\ccAKwWuX.s:2046   .text.xQueueIsQueueEmptyFromISR:00000000 $t
C:\Users\Administrator\AppData\Local\Temp\ccAKwWuX.s:2052   .text.xQueueIsQueueEmptyFromISR:00000000 xQueueIsQueueEmptyFromISR
C:\Users\Administrator\AppData\Local\Temp\ccAKwWuX.s:2079   .text.xQueueIsQueueFullFromISR:00000000 $t
ARM GAS  C:\Users\Administrator\AppData\Local\Temp\ccAKwWuX.s 			page 41


C:\Users\Administrator\AppData\Local\Temp\ccAKwWuX.s:2085   .text.xQueueIsQueueFullFromISR:00000000 xQueueIsQueueFullFromISR
C:\Users\Administrator\AppData\Local\Temp\ccAKwWuX.s:2114   .text.vQueueAddToRegistry:00000000 $t
C:\Users\Administrator\AppData\Local\Temp\ccAKwWuX.s:2120   .text.vQueueAddToRegistry:00000000 vQueueAddToRegistry
C:\Users\Administrator\AppData\Local\Temp\ccAKwWuX.s:2144   .text.vQueueAddToRegistry:00000024 $d
C:\Users\Administrator\AppData\Local\Temp\ccAKwWuX.s:2257   .bss.xQueueRegistry:00000000 xQueueRegistry
C:\Users\Administrator\AppData\Local\Temp\ccAKwWuX.s:2147   .text.pcQueueGetName:00000000 $t
C:\Users\Administrator\AppData\Local\Temp\ccAKwWuX.s:2153   .text.pcQueueGetName:00000000 pcQueueGetName
C:\Users\Administrator\AppData\Local\Temp\ccAKwWuX.s:2178   .text.pcQueueGetName:00000024 $d
C:\Users\Administrator\AppData\Local\Temp\ccAKwWuX.s:2181   .text.vQueueUnregisterQueue:00000000 $t
C:\Users\Administrator\AppData\Local\Temp\ccAKwWuX.s:2187   .text.vQueueUnregisterQueue:00000000 vQueueUnregisterQueue
C:\Users\Administrator\AppData\Local\Temp\ccAKwWuX.s:2214   .text.vQueueUnregisterQueue:00000028 $d
C:\Users\Administrator\AppData\Local\Temp\ccAKwWuX.s:2217   .text.vQueueDelete:00000000 $t
C:\Users\Administrator\AppData\Local\Temp\ccAKwWuX.s:2223   .text.vQueueDelete:00000000 vQueueDelete
C:\Users\Administrator\AppData\Local\Temp\ccAKwWuX.s:2254   .bss.xQueueRegistry:00000000 $d

UNDEFINED SYMBOLS
vPortEnterCritical
vPortExitCritical
xTaskPriorityDisinherit
memcpy
xTaskRemoveFromEventList
vTaskMissedYield
vListInitialise
pvPortMalloc
xTaskGetSchedulerState
vTaskInternalSetTimeOutState
xTaskResumeAll
vTaskSuspendAll
xTaskCheckForTimeOut
vTaskPlaceOnEventList
vPortValidateInterruptPriority
pvTaskIncrementMutexHeldCount
xTaskPriorityInherit
vTaskPriorityDisinheritAfterTimeout
vPortFree
