ARM GAS  C:\Users\Administrator\AppData\Local\Temp\ccs0VnOf.s 			page 1


   1              		.cpu cortex-m4
   2              		.arch armv7e-m
   3              		.fpu fpv4-sp-d16
   4              		.eabi_attribute 27, 1
   5              		.eabi_attribute 28, 1
   6              		.eabi_attribute 20, 1
   7              		.eabi_attribute 21, 1
   8              		.eabi_attribute 23, 3
   9              		.eabi_attribute 24, 1
  10              		.eabi_attribute 25, 1
  11              		.eabi_attribute 26, 1
  12              		.eabi_attribute 30, 1
  13              		.eabi_attribute 34, 1
  14              		.eabi_attribute 18, 4
  15              		.file	"remote_control.c"
  16              		.text
  17              		.section	.text.RectifyRCjoystick,"ax",%progbits
  18              		.align	1
  19              		.syntax unified
  20              		.thumb
  21              		.thumb_func
  23              	RectifyRCjoystick:
  24              		@ args = 0, pretend = 0, frame = 0
  25              		@ frame_needed = 0, uses_anonymous_args = 0
  26              		@ link register save eliminated.
  27 0000 0023     		movs	r3, #0
  28 0002 01E0     		b	.L2
  29              	.L3:
  30 0004 0133     		adds	r3, r3, #1
  31 0006 DBB2     		uxtb	r3, r3
  32              	.L2:
  33 0008 042B     		cmp	r3, #4
  34 000a 0DD8     		bhi	.L5
  35 000c 0749     		ldr	r1, .L6
  36 000e 31F91320 		ldrsh	r2, [r1, r3, lsl #1]
  37 0012 002A     		cmp	r2, #0
  38 0014 B8BF     		it	lt
  39 0016 5242     		rsblt	r2, r2, #0
  40 0018 92B2     		uxth	r2, r2
  41 001a B2F5257F 		cmp	r2, #660
  42 001e F1D9     		bls	.L3
  43 0020 0022     		movs	r2, #0
  44 0022 21F81320 		strh	r2, [r1, r3, lsl #1]	@ movhi
  45 0026 EDE7     		b	.L3
  46              	.L5:
  47 0028 7047     		bx	lr
  48              	.L7:
  49 002a 00BF     		.align	2
  50              	.L6:
  51 002c 00000000 		.word	rc_ctrl
  53              		.section	.text.sbus_to_rc,"ax",%progbits
  54              		.align	1
  55              		.syntax unified
  56              		.thumb
  57              		.thumb_func
  59              	sbus_to_rc:
  60              		@ args = 0, pretend = 0, frame = 0
ARM GAS  C:\Users\Administrator\AppData\Local\Temp\ccs0VnOf.s 			page 2


  61              		@ frame_needed = 0, uses_anonymous_args = 0
  62 0000 F8B5     		push	{r3, r4, r5, r6, r7, lr}
  63 0002 0446     		mov	r4, r0
  64 0004 0378     		ldrb	r3, [r0]	@ zero_extendqisi2
  65 0006 4278     		ldrb	r2, [r0, #1]	@ zero_extendqisi2
  66 0008 43EA0223 		orr	r3, r3, r2, lsl #8
  67 000c C3F30A03 		ubfx	r3, r3, #0, #11
  68 0010 A3F58063 		sub	r3, r3, #1024
  69 0014 4F4D     		ldr	r5, .L20
  70 0016 AB80     		strh	r3, [r5, #4]	@ movhi
  71 0018 4278     		ldrb	r2, [r0, #1]	@ zero_extendqisi2
  72 001a 8378     		ldrb	r3, [r0, #2]	@ zero_extendqisi2
  73 001c 5B01     		lsls	r3, r3, #5
  74 001e 43EAD203 		orr	r3, r3, r2, lsr #3
  75 0022 C3F30A03 		ubfx	r3, r3, #0, #11
  76 0026 A3F58063 		sub	r3, r3, #1024
  77 002a EB80     		strh	r3, [r5, #6]	@ movhi
  78 002c 8278     		ldrb	r2, [r0, #2]	@ zero_extendqisi2
  79 002e C378     		ldrb	r3, [r0, #3]	@ zero_extendqisi2
  80 0030 9B00     		lsls	r3, r3, #2
  81 0032 43EA9213 		orr	r3, r3, r2, lsr #6
  82 0036 0279     		ldrb	r2, [r0, #4]	@ zero_extendqisi2
  83 0038 43EA8223 		orr	r3, r3, r2, lsl #10
  84 003c C3F30A03 		ubfx	r3, r3, #0, #11
  85 0040 A3F58063 		sub	r3, r3, #1024
  86 0044 2B80     		strh	r3, [r5]	@ movhi
  87 0046 4379     		ldrb	r3, [r0, #5]	@ zero_extendqisi2
  88 0048 DB01     		lsls	r3, r3, #7
  89 004a 43EA5203 		orr	r3, r3, r2, lsr #1
  90 004e C3F30A03 		ubfx	r3, r3, #0, #11
  91 0052 A3F58063 		sub	r3, r3, #1024
  92 0056 6B80     		strh	r3, [r5, #2]	@ movhi
  93 0058 037C     		ldrb	r3, [r0, #16]	@ zero_extendqisi2
  94 005a 427C     		ldrb	r2, [r0, #17]	@ zero_extendqisi2
  95 005c 43EA0223 		orr	r3, r3, r2, lsl #8
  96 0060 C3F30A03 		ubfx	r3, r3, #0, #11
  97 0064 A3F58063 		sub	r3, r3, #1024
  98 0068 2B81     		strh	r3, [r5, #8]	@ movhi
  99 006a FFF7FEFF 		bl	RectifyRCjoystick
 100 006e 6379     		ldrb	r3, [r4, #5]	@ zero_extendqisi2
 101 0070 C3F30113 		ubfx	r3, r3, #4, #2
 102 0074 EB72     		strb	r3, [r5, #11]
 103 0076 6379     		ldrb	r3, [r4, #5]	@ zero_extendqisi2
 104 0078 9B09     		lsrs	r3, r3, #6
 105 007a AB72     		strb	r3, [r5, #10]
 106 007c A379     		ldrb	r3, [r4, #6]	@ zero_extendqisi2
 107 007e E279     		ldrb	r2, [r4, #7]	@ zero_extendqisi2
 108 0080 43EA0223 		orr	r3, r3, r2, lsl #8
 109 0084 AB81     		strh	r3, [r5, #12]	@ movhi
 110 0086 237A     		ldrb	r3, [r4, #8]	@ zero_extendqisi2
 111 0088 627A     		ldrb	r2, [r4, #9]	@ zero_extendqisi2
 112 008a 43EA0223 		orr	r3, r3, r2, lsl #8
 113 008e EB81     		strh	r3, [r5, #14]	@ movhi
 114 0090 237B     		ldrb	r3, [r4, #12]	@ zero_extendqisi2
 115 0092 2B74     		strb	r3, [r5, #16]
 116 0094 637B     		ldrb	r3, [r4, #13]	@ zero_extendqisi2
 117 0096 6B74     		strb	r3, [r5, #17]
ARM GAS  C:\Users\Administrator\AppData\Local\Temp\ccs0VnOf.s 			page 3


 118 0098 A07B     		ldrb	r0, [r4, #14]	@ zero_extendqisi2
 119 009a E37B     		ldrb	r3, [r4, #15]	@ zero_extendqisi2
 120 009c 40EA0320 		orr	r0, r0, r3, lsl #8
 121 00a0 6882     		strh	r0, [r5, #18]	@ movhi
 122 00a2 C2B2     		uxtb	r2, r0
 123 00a4 10F0200F 		tst	r0, #32
 124 00a8 14D0     		beq	.L9
 125 00aa 81B2     		uxth	r1, r0
 126 00ac A982     		strh	r1, [r5, #20]	@ movhi
 127              	.L10:
 128 00ae 12F0100F 		tst	r2, #16
 129 00b2 13D0     		beq	.L11
 130 00b4 274B     		ldr	r3, .L20
 131 00b6 5A8A     		ldrh	r2, [r3, #18]
 132 00b8 DA82     		strh	r2, [r3, #22]	@ movhi
 133              	.L12:
 134 00ba 264B     		ldr	r3, .L20
 135 00bc B3F85A60 		ldrh	r6, [r3, #90]
 136 00c0 9C8A     		ldrh	r4, [r3, #20]
 137 00c2 B3F816C0 		ldrh	ip, [r3, #22]
 138 00c6 B3F85C50 		ldrh	r5, [r3, #92]
 139 00ca B3F85EE0 		ldrh	lr, [r3, #94]
 140 00ce 0123     		movs	r3, #1
 141 00d0 0022     		movs	r2, #0
 142 00d2 23E0     		b	.L13
 143              	.L9:
 144 00d4 204B     		ldr	r3, .L20+4
 145 00d6 0021     		movs	r1, #0
 146 00d8 1980     		strh	r1, [r3]	@ movhi
 147 00da E8E7     		b	.L10
 148              	.L11:
 149 00dc 1F4B     		ldr	r3, .L20+8
 150 00de 0022     		movs	r2, #0
 151 00e0 1A80     		strh	r2, [r3]	@ movhi
 152 00e2 EAE7     		b	.L12
 153              	.L15:
 154 00e4 2342     		tst	r3, r4
 155 00e6 08D0     		beq	.L16
 156 00e8 2B42     		tst	r3, r5
 157 00ea 06D1     		bne	.L16
 158 00ec 1949     		ldr	r1, .L20
 159 00ee 1144     		add	r1, r1, r2
 160 00f0 91F82870 		ldrb	r7, [r1, #40]	@ zero_extendqisi2
 161 00f4 0137     		adds	r7, r7, #1
 162 00f6 81F82870 		strb	r7, [r1, #40]
 163              	.L16:
 164 00fa 13EA0C0F 		tst	r3, ip
 165 00fe 09D0     		beq	.L14
 166 0100 13EA0E0F 		tst	r3, lr
 167 0104 06D1     		bne	.L14
 168 0106 1349     		ldr	r1, .L20
 169 0108 1144     		add	r1, r1, r2
 170 010a 91F83870 		ldrb	r7, [r1, #56]	@ zero_extendqisi2
 171 010e 0137     		adds	r7, r7, #1
 172 0110 81F83870 		strb	r7, [r1, #56]
 173              	.L14:
 174 0114 5B00     		lsls	r3, r3, #1
ARM GAS  C:\Users\Administrator\AppData\Local\Temp\ccs0VnOf.s 			page 4


 175 0116 9BB2     		uxth	r3, r3
 176 0118 0132     		adds	r2, r2, #1
 177 011a 92B2     		uxth	r2, r2
 178              	.L13:
 179 011c 0F2A     		cmp	r2, #15
 180 011e 12D8     		bhi	.L19
 181 0120 111F     		subs	r1, r2, #4
 182 0122 89B2     		uxth	r1, r1
 183 0124 0129     		cmp	r1, #1
 184 0126 F5D9     		bls	.L14
 185 0128 1842     		tst	r0, r3
 186 012a DBD0     		beq	.L15
 187 012c 3342     		tst	r3, r6
 188 012e D9D1     		bne	.L15
 189 0130 2342     		tst	r3, r4
 190 0132 D7D1     		bne	.L15
 191 0134 13EA0C0F 		tst	r3, ip
 192 0138 D4D1     		bne	.L15
 193 013a 0649     		ldr	r1, .L20
 194 013c 1144     		add	r1, r1, r2
 195 013e 0F7E     		ldrb	r7, [r1, #24]	@ zero_extendqisi2
 196 0140 0137     		adds	r7, r7, #1
 197 0142 0F76     		strb	r7, [r1, #24]
 198 0144 CEE7     		b	.L15
 199              	.L19:
 200 0146 0349     		ldr	r1, .L20
 201 0148 4822     		movs	r2, #72
 202 014a 8818     		adds	r0, r1, r2
 203 014c FFF7FEFF 		bl	memcpy
 204 0150 F8BD     		pop	{r3, r4, r5, r6, r7, pc}
 205              	.L21:
 206 0152 00BF     		.align	2
 207              	.L20:
 208 0154 00000000 		.word	rc_ctrl
 209 0158 14000000 		.word	rc_ctrl+20
 210 015c 16000000 		.word	rc_ctrl+22
 212              		.section	.text.RCLostCallback,"ax",%progbits
 213              		.align	1
 214              		.syntax unified
 215              		.thumb
 216              		.thumb_func
 218              	RCLostCallback:
 219              		@ args = 0, pretend = 0, frame = 0
 220              		@ frame_needed = 0, uses_anonymous_args = 0
 221 0000 08B5     		push	{r3, lr}
 222 0002 9022     		movs	r2, #144
 223 0004 0021     		movs	r1, #0
 224 0006 0448     		ldr	r0, .L24
 225 0008 FFF7FEFF 		bl	memset
 226 000c 034B     		ldr	r3, .L24+4
 227 000e 1868     		ldr	r0, [r3]
 228 0010 FFF7FEFF 		bl	USARTServiceInit
 229 0014 08BD     		pop	{r3, pc}
 230              	.L25:
 231 0016 00BF     		.align	2
 232              	.L24:
 233 0018 00000000 		.word	rc_ctrl
ARM GAS  C:\Users\Administrator\AppData\Local\Temp\ccs0VnOf.s 			page 5


 234 001c 00000000 		.word	rc_usart_instance
 236              		.section	.text.RemoteControlRxCallback,"ax",%progbits
 237              		.align	1
 238              		.syntax unified
 239              		.thumb
 240              		.thumb_func
 242              	RemoteControlRxCallback:
 243              		@ args = 0, pretend = 0, frame = 0
 244              		@ frame_needed = 0, uses_anonymous_args = 0
 245 0000 08B5     		push	{r3, lr}
 246 0002 044B     		ldr	r3, .L28
 247 0004 1868     		ldr	r0, [r3]
 248 0006 FFF7FEFF 		bl	DaemonReload
 249 000a 034B     		ldr	r3, .L28+4
 250 000c 1868     		ldr	r0, [r3]
 251 000e FFF7FEFF 		bl	sbus_to_rc
 252 0012 08BD     		pop	{r3, pc}
 253              	.L29:
 254              		.align	2
 255              	.L28:
 256 0014 00000000 		.word	rc_daemon_instance
 257 0018 00000000 		.word	rc_usart_instance
 259              		.section	.text.RemoteControlInit,"ax",%progbits
 260              		.align	1
 261              		.global	RemoteControlInit
 262              		.syntax unified
 263              		.thumb
 264              		.thumb_func
 266              	RemoteControlInit:
 267              		@ args = 0, pretend = 0, frame = 24
 268              		@ frame_needed = 0, uses_anonymous_args = 0
 269 0000 00B5     		push	{lr}
 270 0002 87B0     		sub	sp, sp, #28
 271 0004 0F4B     		ldr	r3, .L32
 272 0006 0593     		str	r3, [sp, #20]
 273 0008 0490     		str	r0, [sp, #16]
 274 000a 1223     		movs	r3, #18
 275 000c 8DF80C30 		strb	r3, [sp, #12]
 276 0010 03A8     		add	r0, sp, #12
 277 0012 FFF7FEFF 		bl	USARTRegister
 278 0016 0C4B     		ldr	r3, .L32+4
 279 0018 1860     		str	r0, [r3]
 280 001a 6846     		mov	r0, sp
 281 001c 0023     		movs	r3, #0
 282 001e 0093     		str	r3, [sp]
 283 0020 0193     		str	r3, [sp, #4]
 284 0022 0293     		str	r3, [sp, #8]
 285 0024 0A23     		movs	r3, #10
 286 0026 ADF80030 		strh	r3, [sp]	@ movhi
 287 002a 084B     		ldr	r3, .L32+8
 288 002c 0193     		str	r3, [sp, #4]
 289 002e FFF7FEFF 		bl	DaemonRegister
 290 0032 074B     		ldr	r3, .L32+12
 291 0034 1860     		str	r0, [r3]
 292 0036 074B     		ldr	r3, .L32+16
 293 0038 0122     		movs	r2, #1
 294 003a 1A70     		strb	r2, [r3]
ARM GAS  C:\Users\Administrator\AppData\Local\Temp\ccs0VnOf.s 			page 6


 295 003c 0648     		ldr	r0, .L32+20
 296 003e 07B0     		add	sp, sp, #28
 297              		@ sp needed
 298 0040 00BD     		pop	{pc}
 299              	.L33:
 300 0042 00BF     		.align	2
 301              	.L32:
 302 0044 00000000 		.word	RemoteControlRxCallback
 303 0048 00000000 		.word	rc_usart_instance
 304 004c 00000000 		.word	RCLostCallback
 305 0050 00000000 		.word	rc_daemon_instance
 306 0054 00000000 		.word	rc_init_flag
 307 0058 00000000 		.word	rc_ctrl
 309              		.section	.text.RemoteControlIsOnline,"ax",%progbits
 310              		.align	1
 311              		.global	RemoteControlIsOnline
 312              		.syntax unified
 313              		.thumb
 314              		.thumb_func
 316              	RemoteControlIsOnline:
 317              		@ args = 0, pretend = 0, frame = 0
 318              		@ frame_needed = 0, uses_anonymous_args = 0
 319 0000 08B5     		push	{r3, lr}
 320 0002 044B     		ldr	r3, .L38
 321 0004 1878     		ldrb	r0, [r3]	@ zero_extendqisi2
 322 0006 00B9     		cbnz	r0, .L37
 323              	.L35:
 324 0008 08BD     		pop	{r3, pc}
 325              	.L37:
 326 000a 034B     		ldr	r3, .L38+4
 327 000c 1868     		ldr	r0, [r3]
 328 000e FFF7FEFF 		bl	DaemonIsOnline
 329 0012 F9E7     		b	.L35
 330              	.L39:
 331              		.align	2
 332              	.L38:
 333 0014 00000000 		.word	rc_init_flag
 334 0018 00000000 		.word	rc_daemon_instance
 336              		.section	.bss.rc_daemon_instance,"aw",%nobits
 337              		.align	2
 340              	rc_daemon_instance:
 341 0000 00000000 		.space	4
 342              		.section	.bss.rc_usart_instance,"aw",%nobits
 343              		.align	2
 346              	rc_usart_instance:
 347 0000 00000000 		.space	4
 348              		.section	.bss.rc_init_flag,"aw",%nobits
 351              	rc_init_flag:
 352 0000 00       		.space	1
 353              		.section	.bss.rc_ctrl,"aw",%nobits
 354              		.align	2
 357              	rc_ctrl:
 358 0000 00000000 		.space	144
 358      00000000 
 358      00000000 
 358      00000000 
 358      00000000 
ARM GAS  C:\Users\Administrator\AppData\Local\Temp\ccs0VnOf.s 			page 7


 359              		.ident	"GCC: (xPack GNU Arm Embedded GCC x86_64) 15.2.1 20251203"
ARM GAS  C:\Users\Administrator\AppData\Local\Temp\ccs0VnOf.s 			page 8


DEFINED SYMBOLS
                            *ABS*:00000000 remote_control.c
C:\Users\Administrator\AppData\Local\Temp\ccs0VnOf.s:18     .text.RectifyRCjoystick:00000000 $t
C:\Users\Administrator\AppData\Local\Temp\ccs0VnOf.s:23     .text.RectifyRCjoystick:00000000 RectifyRCjoystick
C:\Users\Administrator\AppData\Local\Temp\ccs0VnOf.s:51     .text.RectifyRCjoystick:0000002c $d
C:\Users\Administrator\AppData\Local\Temp\ccs0VnOf.s:357    .bss.rc_ctrl:00000000 rc_ctrl
C:\Users\Administrator\AppData\Local\Temp\ccs0VnOf.s:54     .text.sbus_to_rc:00000000 $t
C:\Users\Administrator\AppData\Local\Temp\ccs0VnOf.s:59     .text.sbus_to_rc:00000000 sbus_to_rc
C:\Users\Administrator\AppData\Local\Temp\ccs0VnOf.s:208    .text.sbus_to_rc:00000154 $d
C:\Users\Administrator\AppData\Local\Temp\ccs0VnOf.s:213    .text.RCLostCallback:00000000 $t
C:\Users\Administrator\AppData\Local\Temp\ccs0VnOf.s:218    .text.RCLostCallback:00000000 RCLostCallback
C:\Users\Administrator\AppData\Local\Temp\ccs0VnOf.s:233    .text.RCLostCallback:00000018 $d
C:\Users\Administrator\AppData\Local\Temp\ccs0VnOf.s:346    .bss.rc_usart_instance:00000000 rc_usart_instance
C:\Users\Administrator\AppData\Local\Temp\ccs0VnOf.s:237    .text.RemoteControlRxCallback:00000000 $t
C:\Users\Administrator\AppData\Local\Temp\ccs0VnOf.s:242    .text.RemoteControlRxCallback:00000000 RemoteControlRxCallback
C:\Users\Administrator\AppData\Local\Temp\ccs0VnOf.s:256    .text.RemoteControlRxCallback:00000014 $d
C:\Users\Administrator\AppData\Local\Temp\ccs0VnOf.s:340    .bss.rc_daemon_instance:00000000 rc_daemon_instance
C:\Users\Administrator\AppData\Local\Temp\ccs0VnOf.s:260    .text.RemoteControlInit:00000000 $t
C:\Users\Administrator\AppData\Local\Temp\ccs0VnOf.s:266    .text.RemoteControlInit:00000000 RemoteControlInit
C:\Users\Administrator\AppData\Local\Temp\ccs0VnOf.s:302    .text.RemoteControlInit:00000044 $d
C:\Users\Administrator\AppData\Local\Temp\ccs0VnOf.s:351    .bss.rc_init_flag:00000000 rc_init_flag
C:\Users\Administrator\AppData\Local\Temp\ccs0VnOf.s:310    .text.RemoteControlIsOnline:00000000 $t
C:\Users\Administrator\AppData\Local\Temp\ccs0VnOf.s:316    .text.RemoteControlIsOnline:00000000 RemoteControlIsOnline
C:\Users\Administrator\AppData\Local\Temp\ccs0VnOf.s:333    .text.RemoteControlIsOnline:00000014 $d
C:\Users\Administrator\AppData\Local\Temp\ccs0VnOf.s:337    .bss.rc_daemon_instance:00000000 $d
C:\Users\Administrator\AppData\Local\Temp\ccs0VnOf.s:343    .bss.rc_usart_instance:00000000 $d
C:\Users\Administrator\AppData\Local\Temp\ccs0VnOf.s:352    .bss.rc_init_flag:00000000 $d
C:\Users\Administrator\AppData\Local\Temp\ccs0VnOf.s:354    .bss.rc_ctrl:00000000 $d

UNDEFINED SYMBOLS
memcpy
memset
USARTServiceInit
DaemonReload
USARTRegister
DaemonRegister
DaemonIsOnline
