ARM GAS  C:\Users\Administrator\AppData\Local\Temp\cc7kaHwl.s 			page 1


   1              		.cpu cortex-m4
   2              		.arch armv7e-m
   3              		.fpu fpv4-sp-d16
   4              		.eabi_attribute 27, 1
   5              		.eabi_attribute 28, 1
   6              		.eabi_attribute 20, 1
   7              		.eabi_attribute 21, 1
   8              		.eabi_attribute 23, 3
   9              		.eabi_attribute 24, 1
  10              		.eabi_attribute 25, 1
  11              		.eabi_attribute 26, 1
  12              		.eabi_attribute 30, 1
  13              		.eabi_attribute 34, 1
  14              		.eabi_attribute 18, 4
  15              		.file	"robot_cmd.c"
  16              		.text
  17              		.section	.text.CalcOffsetAngle,"ax",%progbits
  18              		.align	1
  19              		.syntax unified
  20              		.thumb
  21              		.thumb_func
  23              	CalcOffsetAngle:
  24              		@ args = 0, pretend = 0, frame = 0
  25              		@ frame_needed = 0, uses_anonymous_args = 0
  26              		@ link register save eliminated.
  27 0000 394B     		ldr	r3, .L25
  28 0002 1B8D     		ldrh	r3, [r3, #40]
  29 0004 07EE903A 		vmov	s15, r3	@ int
  30 0008 F8EE677A 		vcvt.f32.u32	s15, s15
  31 000c 374A     		ldr	r2, .L25+4
  32 000e C2ED007A 		vstr.32	s15, [r2]
  33 0012 374A     		ldr	r2, .L25+8
  34 0014 1268     		ldr	r2, [r2]
  35 0016 D2ED456A 		vldr.32	s13, [r2, #276]
  36 001a 9FED367A 		vldr.32	s14, .L25+12
  37 001e 26EE877A 		vmul.f32	s14, s13, s14
  38 0022 9FED356A 		vldr.32	s12, .L25+16
  39 0026 F4EEC66A 		vcmpe.f32	s13, s12
  40 002a F1EE10FA 		vmrs	APSR_nzcv, FPSCR
  41 002e 31DD     		ble	.L24
  42 0030 F4EEC77A 		vcmpe.f32	s15, s14
  43 0034 F1EE10FA 		vmrs	APSR_nzcv, FPSCR
  44 0038 0EDD     		ble	.L4
  45 003a DFED306A 		vldr.32	s13, .L25+20
  46 003e 77EE266A 		vadd.f32	s13, s14, s13
  47 0042 F4EEE67A 		vcmpe.f32	s15, s13
  48 0046 F1EE10FA 		vmrs	APSR_nzcv, FPSCR
  49 004a 05D8     		bhi	.L4
  50 004c 77EEC77A 		vsub.f32	s15, s15, s14
  51 0050 2B4B     		ldr	r3, .L25+24
  52 0052 C3ED037A 		vstr.32	s15, [r3, #12]
  53 0056 7047     		bx	lr
  54              	.L4:
  55 0058 DFED286A 		vldr.32	s13, .L25+20
  56 005c 77EE666A 		vsub.f32	s13, s14, s13
  57 0060 F4EEE67A 		vcmpe.f32	s15, s13
  58 0064 F1EE10FA 		vmrs	APSR_nzcv, FPSCR
ARM GAS  C:\Users\Administrator\AppData\Local\Temp\cc7kaHwl.s 			page 2


  59 0068 0ADD     		ble	.L8
  60 006a F4EEC77A 		vcmpe.f32	s15, s14
  61 006e F1EE10FA 		vmrs	APSR_nzcv, FPSCR
  62 0072 05D8     		bhi	.L8
  63 0074 77EEC77A 		vsub.f32	s15, s15, s14
  64 0078 214B     		ldr	r3, .L25+24
  65 007a C3ED037A 		vstr.32	s15, [r3, #12]
  66 007e 7047     		bx	lr
  67              	.L8:
  68 0080 DFED206A 		vldr.32	s13, .L25+28
  69 0084 36EEC77A 		vsub.f32	s14, s13, s14
  70 0088 77EE877A 		vadd.f32	s15, s15, s14
  71 008c 1C4B     		ldr	r3, .L25+24
  72 008e C3ED037A 		vstr.32	s15, [r3, #12]
  73 0092 7047     		bx	lr
  74              	.L24:
  75 0094 F4EEC77A 		vcmpe.f32	s15, s14
  76 0098 F1EE10FA 		vmrs	APSR_nzcv, FPSCR
  77 009c 0EDD     		ble	.L11
  78 009e DFED176A 		vldr.32	s13, .L25+20
  79 00a2 77EE266A 		vadd.f32	s13, s14, s13
  80 00a6 F4EEE67A 		vcmpe.f32	s15, s13
  81 00aa F1EE10FA 		vmrs	APSR_nzcv, FPSCR
  82 00ae 05D8     		bhi	.L11
  83 00b0 77EEC77A 		vsub.f32	s15, s15, s14
  84 00b4 124B     		ldr	r3, .L25+24
  85 00b6 C3ED037A 		vstr.32	s15, [r3, #12]
  86 00ba 7047     		bx	lr
  87              	.L11:
  88 00bc 53B1     		cbz	r3, .L14
  89 00be F4EEC77A 		vcmpe.f32	s15, s14
  90 00c2 F1EE10FA 		vmrs	APSR_nzcv, FPSCR
  91 00c6 05D8     		bhi	.L14
  92 00c8 77EEC77A 		vsub.f32	s15, s15, s14
  93 00cc 0C4B     		ldr	r3, .L25+24
  94 00ce C3ED037A 		vstr.32	s15, [r3, #12]
  95 00d2 7047     		bx	lr
  96              	.L14:
  97 00d4 DFED0B6A 		vldr.32	s13, .L25+28
  98 00d8 77EEE67A 		vsub.f32	s15, s15, s13
  99 00dc 77EEC77A 		vsub.f32	s15, s15, s14
 100 00e0 074B     		ldr	r3, .L25+24
 101 00e2 C3ED037A 		vstr.32	s15, [r3, #12]
 102 00e6 7047     		bx	lr
 103              	.L26:
 104              		.align	2
 105              	.L25:
 106 00e8 00000000 		.word	gimbal_fetch_data
 107 00ec 00000000 		.word	angle.5
 108 00f0 00000000 		.word	robot_config
 109 00f4 ACFF333D 		.word	1026817964
 110 00f8 00008045 		.word	1166016512
 111 00fc 00003443 		.word	1127481344
 112 0100 00000000 		.word	chassis_cmd_send
 113 0104 0000B443 		.word	1135869952
 115              		.section	.text.RemoteControlSet,"ax",%progbits
 116              		.align	1
ARM GAS  C:\Users\Administrator\AppData\Local\Temp\cc7kaHwl.s 			page 3


 117              		.syntax unified
 118              		.thumb
 119              		.thumb_func
 121              	RemoteControlSet:
 122              		@ args = 0, pretend = 0, frame = 0
 123              		@ frame_needed = 0, uses_anonymous_args = 0
 124              		@ link register save eliminated.
 125 0000 864B     		ldr	r3, .L62
 126 0002 5B7C     		ldrb	r3, [r3, #17]	@ zero_extendqisi2
 127 0004 1BB9     		cbnz	r3, .L28
 128 0006 854B     		ldr	r3, .L62
 129 0008 1B7C     		ldrb	r3, [r3, #16]	@ zero_extendqisi2
 130 000a 012B     		cmp	r3, #1
 131 000c 6ED0     		beq	.L50
 132              	.L28:
 133 000e 834B     		ldr	r3, .L62
 134 0010 1A7C     		ldrb	r2, [r3, #16]	@ zero_extendqisi2
 135 0012 5A74     		strb	r2, [r3, #17]
 136 0014 824B     		ldr	r3, .L62+4
 137 0016 1B68     		ldr	r3, [r3]
 138 0018 9A7A     		ldrb	r2, [r3, #10]	@ zero_extendqisi2
 139 001a 022A     		cmp	r2, #2
 140 001c 6BD0     		beq	.L51
 141              	.L29:
 142 001e DA7A     		ldrb	r2, [r3, #11]	@ zero_extendqisi2
 143 0020 022A     		cmp	r2, #2
 144 0022 72D0     		beq	.L52
 145              	.L31:
 146 0024 DA7A     		ldrb	r2, [r3, #11]	@ zero_extendqisi2
 147 0026 032A     		cmp	r2, #3
 148 0028 79D0     		beq	.L53
 149              	.L33:
 150 002a B3F90020 		ldrsh	r2, [r3]
 151 002e 07EE102A 		vmov	s14, r2	@ int
 152 0032 B8EEC77A 		vcvt.f32.s32	s14, s14
 153 0036 DFED7B7A 		vldr.32	s15, .L62+8
 154 003a 27EE277A 		vmul.f32	s14, s14, s15
 155 003e 7A4A     		ldr	r2, .L62+12
 156 0040 82ED007A 		vstr.32	s14, [r2]
 157 0044 B3F90220 		ldrsh	r2, [r3, #2]
 158 0048 07EE902A 		vmov	s15, r2	@ int
 159 004c F8EEE77A 		vcvt.f32.s32	s15, s15
 160 0050 DFED766A 		vldr.32	s13, .L62+16
 161 0054 67EEA67A 		vmul.f32	s15, s15, s13
 162 0058 754A     		ldr	r2, .L62+20
 163 005a C2ED007A 		vstr.32	s15, [r2]
 164 005e 754A     		ldr	r2, .L62+24
 165 0060 1278     		ldrb	r2, [r2]	@ zero_extendqisi2
 166 0062 012A     		cmp	r2, #1
 167 0064 6DD0     		beq	.L54
 168              	.L36:
 169 0066 6D4A     		ldr	r2, .L62
 170 0068 D2ED027A 		vldr.32	s15, [r2, #8]
 171 006c 724A     		ldr	r2, .L62+28
 172 006e 1268     		ldr	r2, [r2]
 173 0070 92ED477A 		vldr.32	s14, [r2, #284]
 174 0074 F4EEC77A 		vcmpe.f32	s15, s14
ARM GAS  C:\Users\Administrator\AppData\Local\Temp\cc7kaHwl.s 			page 4


 175 0078 F1EE10FA 		vmrs	APSR_nzcv, FPSCR
 176 007c 00F28D80 		bhi	.L49
 177 0080 664A     		ldr	r2, .L62
 178 0082 82ED027A 		vstr.32	s14, [r2, #8]
 179              	.L39:
 180 0086 B3F90420 		ldrsh	r2, [r3, #4]
 181 008a 07EE902A 		vmov	s15, r2	@ int
 182 008e F8EEE77A 		vcvt.f32.s32	s15, s15
 183 0092 9FED6A7A 		vldr.32	s14, .L62+32
 184 0096 67EE877A 		vmul.f32	s15, s15, s14
 185 009a 694A     		ldr	r2, .L62+36
 186 009c C2ED007A 		vstr.32	s15, [r2]
 187 00a0 B3F90610 		ldrsh	r1, [r3, #6]
 188 00a4 07EE901A 		vmov	s15, r1	@ int
 189 00a8 F8EEE77A 		vcvt.f32.s32	s15, s15
 190 00ac 9FED657A 		vldr.32	s14, .L62+40
 191 00b0 67EE877A 		vmul.f32	s15, s15, s14
 192 00b4 C2ED017A 		vstr.32	s15, [r2, #4]
 193 00b8 B3F90010 		ldrsh	r1, [r3]
 194 00bc 07EE901A 		vmov	s15, r1	@ int
 195 00c0 F8EEE77A 		vcvt.f32.s32	s15, s15
 196 00c4 9FED607A 		vldr.32	s14, .L62+44
 197 00c8 67EE877A 		vmul.f32	s15, s15, s14
 198 00cc C2ED027A 		vstr.32	s15, [r2, #8]
 199 00d0 DA7A     		ldrb	r2, [r3, #11]	@ zero_extendqisi2
 200 00d2 032A     		cmp	r2, #3
 201 00d4 6DD0     		beq	.L55
 202              	.L41:
 203 00d6 012A     		cmp	r2, #1
 204 00d8 00F09680 		beq	.L56
 205              	.L45:
 206 00dc 022A     		cmp	r2, #2
 207 00de 00F09780 		beq	.L57
 208              	.L46:
 209 00e2 5A4B     		ldr	r3, .L62+48
 210 00e4 1A78     		ldrb	r2, [r3]	@ zero_extendqisi2
 211 00e6 5A4B     		ldr	r3, .L62+52
 212 00e8 1A70     		strb	r2, [r3]
 213 00ea 7047     		bx	lr
 214              	.L50:
 215 00ec 594B     		ldr	r3, .L62+56
 216 00ee DA69     		ldr	r2, [r3, #28]	@ float
 217 00f0 4A4B     		ldr	r3, .L62
 218 00f2 9A60     		str	r2, [r3, #8]	@ float
 219 00f4 8BE7     		b	.L28
 220              	.L51:
 221 00f6 DA7A     		ldrb	r2, [r3, #11]	@ zero_extendqisi2
 222 00f8 022A     		cmp	r2, #2
 223 00fa 02D0     		beq	.L30
 224 00fc 474A     		ldr	r2, .L62
 225 00fe 0121     		movs	r1, #1
 226 0100 1174     		strb	r1, [r2, #16]
 227              	.L30:
 228 0102 4F4A     		ldr	r2, .L62+36
 229 0104 0021     		movs	r1, #0
 230 0106 1175     		strb	r1, [r2, #20]
 231 0108 89E7     		b	.L29
ARM GAS  C:\Users\Administrator\AppData\Local\Temp\cc7kaHwl.s 			page 5


 232              	.L52:
 233 010a 9A7A     		ldrb	r2, [r3, #10]	@ zero_extendqisi2
 234 010c 022A     		cmp	r2, #2
 235 010e 02D0     		beq	.L32
 236 0110 4B4A     		ldr	r2, .L62+36
 237 0112 0221     		movs	r1, #2
 238 0114 1175     		strb	r1, [r2, #20]
 239              	.L32:
 240 0116 414A     		ldr	r2, .L62
 241 0118 0021     		movs	r1, #0
 242 011a 1174     		strb	r1, [r2, #16]
 243 011c 82E7     		b	.L31
 244              	.L53:
 245 011e 9A7A     		ldrb	r2, [r3, #10]	@ zero_extendqisi2
 246 0120 032A     		cmp	r2, #3
 247 0122 06D0     		beq	.L58
 248              	.L34:
 249 0124 9A7A     		ldrb	r2, [r3, #10]	@ zero_extendqisi2
 250 0126 012A     		cmp	r2, #1
 251 0128 07D0     		beq	.L59
 252              	.L35:
 253 012a 3C4A     		ldr	r2, .L62
 254 012c 0121     		movs	r1, #1
 255 012e 1174     		strb	r1, [r2, #16]
 256 0130 7BE7     		b	.L33
 257              	.L58:
 258 0132 434A     		ldr	r2, .L62+36
 259 0134 0321     		movs	r1, #3
 260 0136 1175     		strb	r1, [r2, #20]
 261 0138 F4E7     		b	.L34
 262              	.L59:
 263 013a 414A     		ldr	r2, .L62+36
 264 013c 0121     		movs	r1, #1
 265 013e 1175     		strb	r1, [r2, #20]
 266 0140 F3E7     		b	.L35
 267              	.L54:
 268 0142 364A     		ldr	r2, .L62
 269 0144 127C     		ldrb	r2, [r2, #16]	@ zero_extendqisi2
 270 0146 012A     		cmp	r2, #1
 271 0148 8DD1     		bne	.L36
 272 014a 344A     		ldr	r2, .L62
 273 014c D2ED016A 		vldr.32	s13, [r2, #4]
 274 0150 37EE267A 		vadd.f32	s14, s14, s13
 275 0154 82ED017A 		vstr.32	s14, [r2, #4]
 276 0158 92ED027A 		vldr.32	s14, [r2, #8]
 277 015c 77EE877A 		vadd.f32	s15, s15, s14
 278 0160 C2ED027A 		vstr.32	s15, [r2, #8]
 279 0164 3C4A     		ldr	r2, .L62+60
 280 0166 1268     		ldr	r2, [r2]
 281 0168 1178     		ldrb	r1, [r2]	@ zero_extendqisi2
 282 016a 0129     		cmp	r1, #1
 283 016c 7FF47BAF 		bne	.L36
 284 0170 3849     		ldr	r1, .L62+56
 285 0172 D1ED097A 		vldr.32	s15, [r1, #36]
 286 0176 D2F80610 		ldr	r1, [r2, #6]	@ unaligned
 287 017a 07EE101A 		vmov	s14, r1
 288 017e 77EEC77A 		vsub.f32	s15, s15, s14
ARM GAS  C:\Users\Administrator\AppData\Local\Temp\cc7kaHwl.s 			page 6


 289 0182 2649     		ldr	r1, .L62
 290 0184 C1ED017A 		vstr.32	s15, [r1, #4]
 291 0188 D2F80220 		ldr	r2, [r2, #2]	@ unaligned
 292 018c 8A60     		str	r2, [r1, #8]	@ float
 293 018e 0022     		movs	r2, #0
 294 0190 2549     		ldr	r1, .L62+12
 295 0192 0A60     		str	r2, [r1]	@ float
 296 0194 2649     		ldr	r1, .L62+20
 297 0196 0A60     		str	r2, [r1]	@ float
 298 0198 65E7     		b	.L36
 299              	.L49:
 300 019a 92ED467A 		vldr.32	s14, [r2, #280]
 301 019e F4EEC77A 		vcmpe.f32	s15, s14
 302 01a2 F1EE10FA 		vmrs	APSR_nzcv, FPSCR
 303 01a6 FFF66EAF 		blt	.L39
 304 01aa 1C4A     		ldr	r2, .L62
 305 01ac 82ED027A 		vstr.32	s14, [r2, #8]
 306 01b0 69E7     		b	.L39
 307              	.L55:
 308 01b2 2649     		ldr	r1, .L62+48
 309 01b4 0220     		movs	r0, #2
 310 01b6 0870     		strb	r0, [r1]
 311 01b8 2549     		ldr	r1, .L62+52
 312 01ba 0978     		ldrb	r1, [r1]	@ zero_extendqisi2
 313 01bc 0129     		cmp	r1, #1
 314 01be 13D0     		beq	.L60
 315              	.L42:
 316 01c0 0129     		cmp	r1, #1
 317 01c2 19D0     		beq	.L61
 318              	.L43:
 319 01c4 B3F90830 		ldrsh	r3, [r3, #8]
 320 01c8 092B     		cmp	r3, #9
 321 01ca 02DC     		bgt	.L44
 322 01cc 1F49     		ldr	r1, .L62+48
 323 01ce 0020     		movs	r0, #0
 324 01d0 4870     		strb	r0, [r1, #1]
 325              	.L44:
 326 01d2 B3F5167F 		cmp	r3, #600
 327 01d6 7FF77EAF 		ble	.L41
 328 01da 1C4B     		ldr	r3, .L62+48
 329 01dc 1F49     		ldr	r1, .L62+64
 330 01de C3F80610 		str	r1, [r3, #6]	@ unaligned
 331 01e2 0421     		movs	r1, #4
 332 01e4 5970     		strb	r1, [r3, #1]
 333 01e6 76E7     		b	.L41
 334              	.L60:
 335 01e8 1848     		ldr	r0, .L62+48
 336 01ea C078     		ldrb	r0, [r0, #3]	@ zero_extendqisi2
 337 01ec 0128     		cmp	r0, #1
 338 01ee E7D1     		bne	.L42
 339 01f0 1649     		ldr	r1, .L62+48
 340 01f2 0020     		movs	r0, #0
 341 01f4 C870     		strb	r0, [r1, #3]
 342 01f6 E5E7     		b	.L43
 343              	.L61:
 344 01f8 1449     		ldr	r1, .L62+48
 345 01fa C978     		ldrb	r1, [r1, #3]	@ zero_extendqisi2
ARM GAS  C:\Users\Administrator\AppData\Local\Temp\cc7kaHwl.s 			page 7


 346 01fc 0129     		cmp	r1, #1
 347 01fe E1D0     		beq	.L43
 348 0200 1249     		ldr	r1, .L62+48
 349 0202 0120     		movs	r0, #1
 350 0204 C870     		strb	r0, [r1, #3]
 351 0206 DDE7     		b	.L43
 352              	.L56:
 353 0208 104B     		ldr	r3, .L62+48
 354 020a 0121     		movs	r1, #1
 355 020c 1970     		strb	r1, [r3]
 356 020e 65E7     		b	.L45
 357              	.L57:
 358 0210 0E4B     		ldr	r3, .L62+48
 359 0212 1A70     		strb	r2, [r3]
 360 0214 0022     		movs	r2, #0
 361 0216 DA70     		strb	r2, [r3, #3]
 362 0218 63E7     		b	.L46
 363              	.L63:
 364 021a 00BF     		.align	2
 365              	.L62:
 366 021c 00000000 		.word	gimbal_cmd_send
 367 0220 00000000 		.word	rc_data
 368 0224 6F12033B 		.word	990057071
 369 0228 00000000 		.word	add_yaw.2
 370 022c ACC52738 		.word	942130604
 371 0230 00000000 		.word	add_pitch.1
 372 0234 00000000 		.word	robot_state
 373 0238 00000000 		.word	robot_config
 374 023c 09F2943B 		.word	999617033
 375 0240 00000000 		.word	chassis_cmd_send
 376 0244 0BC5AD3B 		.word	1001243915
 377 0248 103E783B 		.word	997735952
 378 024c 00000000 		.word	shoot_cmd_send
 379 0250 00000000 		.word	last_shoot_mode.0
 380 0254 00000000 		.word	gimbal_fetch_data
 381 0258 00000000 		.word	vision_recv_data
 382 025c 00002041 		.word	1092616192
 384              		.section	.text.MouseKeySet,"ax",%progbits
 385              		.align	1
 386              		.syntax unified
 387              		.thumb
 388              		.thumb_func
 390              	MouseKeySet:
 391              		@ args = 0, pretend = 0, frame = 0
 392              		@ frame_needed = 0, uses_anonymous_args = 0
 393              		@ link register save eliminated.
 394 0000 694B     		ldr	r3, .L89
 395 0002 1A68     		ldr	r2, [r3]
 396 0004 B2F90C30 		ldrsh	r3, [r2, #12]
 397 0008 07EE103A 		vmov	s14, r3	@ int
 398 000c B8EEC77A 		vcvt.f32.s32	s14, s14
 399 0010 9FED666A 		vldr.32	s12, .L89+4
 400 0014 C7EE067A 		vdiv.f32	s15, s14, s12
 401 0018 F2EE046A 		vmov.f32	s13, #1.0e+1
 402 001c 67EEA67A 		vmul.f32	s15, s15, s13
 403 0020 634B     		ldr	r3, .L89+8
 404 0022 C3ED007A 		vstr.32	s15, [r3]
ARM GAS  C:\Users\Administrator\AppData\Local\Temp\cc7kaHwl.s 			page 8


 405 0026 B2F90E30 		ldrsh	r3, [r2, #14]
 406 002a 07EE903A 		vmov	s15, r3	@ int
 407 002e F8EEE77A 		vcvt.f32.s32	s15, s15
 408 0032 F1EE677A 		vneg.f32	s15, s15
 409 0036 87EE867A 		vdiv.f32	s14, s15, s12
 410 003a 67EE267A 		vmul.f32	s15, s14, s13
 411 003e 5D4B     		ldr	r3, .L89+12
 412 0040 C3ED007A 		vstr.32	s15, [r3]
 413 0044 917C     		ldrb	r1, [r2, #18]	@ zero_extendqisi2
 414 0046 C1F3C003 		ubfx	r3, r1, #3, #1
 415 004a C1F38000 		ubfx	r0, r1, #2, #1
 416 004e 1B1A     		subs	r3, r3, r0
 417 0050 4FF4967C 		mov	ip, #300
 418 0054 0CFB03F3 		mul	r3, ip, r3
 419 0058 5748     		ldr	r0, .L89+16
 420 005a 07EE903A 		vmov	s15, r3	@ int
 421 005e F8EEE77A 		vcvt.f32.s32	s15, s15
 422 0062 C0ED007A 		vstr.32	s15, [r0]
 423 0066 01F00103 		and	r3, r1, #1
 424 006a C1F34001 		ubfx	r1, r1, #1, #1
 425 006e 5B1A     		subs	r3, r3, r1
 426 0070 0CFB03F3 		mul	r3, ip, r3
 427 0074 07EE903A 		vmov	s15, r3	@ int
 428 0078 F8EEE77A 		vcvt.f32.s32	s15, s15
 429 007c C0ED017A 		vstr.32	s15, [r0, #4]
 430 0080 92F82230 		ldrb	r3, [r2, #34]	@ zero_extendqisi2
 431 0084 13F00103 		ands	r3, r3, #1
 432 0088 07D0     		beq	.L65
 433 008a DBB9     		cbnz	r3, .L66
 434 008c 4A4B     		ldr	r3, .L89+16
 435 008e 0321     		movs	r1, #3
 436 0090 1975     		strb	r1, [r3, #20]
 437 0092 4A4B     		ldr	r3, .L89+20
 438 0094 0121     		movs	r1, #1
 439 0096 1974     		strb	r1, [r3, #16]
 440 0098 05E0     		b	.L68
 441              	.L65:
 442 009a 474B     		ldr	r3, .L89+16
 443 009c 0321     		movs	r1, #3
 444 009e 1975     		strb	r1, [r3, #20]
 445 00a0 464B     		ldr	r3, .L89+20
 446 00a2 0121     		movs	r1, #1
 447 00a4 1974     		strb	r1, [r3, #16]
 448              	.L68:
 449 00a6 464B     		ldr	r3, .L89+24
 450 00a8 0F21     		movs	r1, #15
 451 00aa 1971     		strb	r1, [r3, #4]
 452 00ac 92F82130 		ldrb	r3, [r2, #33]	@ zero_extendqisi2
 453 00b0 13F00103 		ands	r3, r3, #1
 454 00b4 0CD0     		beq	.L69
 455 00b6 7BBB     		cbnz	r3, .L70
 456 00b8 414B     		ldr	r3, .L89+24
 457 00ba 0221     		movs	r1, #2
 458 00bc 1970     		strb	r1, [r3]
 459 00be 0021     		movs	r1, #0
 460 00c0 D970     		strb	r1, [r3, #3]
 461 00c2 0AE0     		b	.L72
ARM GAS  C:\Users\Administrator\AppData\Local\Temp\cc7kaHwl.s 			page 9


 462              	.L66:
 463 00c4 0123     		movs	r3, #1
 464 00c6 3C49     		ldr	r1, .L89+16
 465 00c8 0B75     		strb	r3, [r1, #20]
 466 00ca 3C49     		ldr	r1, .L89+20
 467 00cc 0B74     		strb	r3, [r1, #16]
 468 00ce EAE7     		b	.L68
 469              	.L69:
 470 00d0 3B4B     		ldr	r3, .L89+24
 471 00d2 0221     		movs	r1, #2
 472 00d4 1970     		strb	r1, [r3]
 473 00d6 0021     		movs	r1, #0
 474 00d8 D970     		strb	r1, [r3, #3]
 475              	.L72:
 476 00da 394B     		ldr	r3, .L89+24
 477 00dc DB78     		ldrb	r3, [r3, #3]	@ zero_extendqisi2
 478 00de 012B     		cmp	r3, #1
 479 00e0 20D0     		beq	.L86
 480              	.L73:
 481 00e2 537C     		ldrb	r3, [r2, #17]	@ zero_extendqisi2
 482 00e4 012B     		cmp	r3, #1
 483 00e6 2CD0     		beq	.L87
 484              	.L76:
 485 00e8 344B     		ldr	r3, .L89+20
 486 00ea 93ED017A 		vldr.32	s14, [r3, #4]
 487 00ee 304A     		ldr	r2, .L89+8
 488 00f0 D2ED007A 		vldr.32	s15, [r2]
 489 00f4 77EE877A 		vadd.f32	s15, s15, s14
 490 00f8 C3ED017A 		vstr.32	s15, [r3, #4]
 491 00fc D3ED027A 		vldr.32	s15, [r3, #8]
 492 0100 2C4A     		ldr	r2, .L89+12
 493 0102 92ED007A 		vldr.32	s14, [r2]
 494 0106 77EE877A 		vadd.f32	s15, s15, s14
 495 010a C3ED027A 		vstr.32	s15, [r3, #8]
 496 010e 2A4B     		ldr	r3, .L89+16
 497 0110 1B7D     		ldrb	r3, [r3, #20]	@ zero_extendqisi2
 498 0112 032B     		cmp	r3, #3
 499 0114 2FD0     		beq	.L88
 500              	.L64:
 501 0116 7047     		bx	lr
 502              	.L70:
 503 0118 294B     		ldr	r3, .L89+24
 504 011a 0221     		movs	r1, #2
 505 011c 1970     		strb	r1, [r3]
 506 011e 0121     		movs	r1, #1
 507 0120 D970     		strb	r1, [r3, #3]
 508 0122 DAE7     		b	.L72
 509              	.L86:
 510 0124 137C     		ldrb	r3, [r2, #16]	@ zero_extendqisi2
 511 0126 43B1     		cbz	r3, .L74
 512 0128 012B     		cmp	r3, #1
 513 012a DAD1     		bne	.L73
 514 012c 244B     		ldr	r3, .L89+24
 515 012e 2549     		ldr	r1, .L89+28
 516 0130 C3F80610 		str	r1, [r3, #6]	@ unaligned
 517 0134 0421     		movs	r1, #4
 518 0136 5970     		strb	r1, [r3, #1]
ARM GAS  C:\Users\Administrator\AppData\Local\Temp\cc7kaHwl.s 			page 10


 519 0138 D3E7     		b	.L73
 520              	.L74:
 521 013a 214B     		ldr	r3, .L89+24
 522 013c 0021     		movs	r1, #0
 523 013e 5970     		strb	r1, [r3, #1]
 524 0140 CFE7     		b	.L73
 525              	.L87:
 526 0142 214B     		ldr	r3, .L89+32
 527 0144 1B68     		ldr	r3, [r3]
 528 0146 1A78     		ldrb	r2, [r3]	@ zero_extendqisi2
 529 0148 012A     		cmp	r2, #1
 530 014a CDD1     		bne	.L76
 531 014c 1F4A     		ldr	r2, .L89+36
 532 014e D2ED097A 		vldr.32	s15, [r2, #36]
 533 0152 D3F80620 		ldr	r2, [r3, #6]	@ unaligned
 534 0156 07EE102A 		vmov	s14, r2
 535 015a 77EEC77A 		vsub.f32	s15, s15, s14
 536 015e 174A     		ldr	r2, .L89+20
 537 0160 C2ED017A 		vstr.32	s15, [r2, #4]
 538 0164 D3F80230 		ldr	r3, [r3, #2]	@ unaligned
 539 0168 9360     		str	r3, [r2, #8]	@ float
 540 016a 0023     		movs	r3, #0
 541 016c 104A     		ldr	r2, .L89+8
 542 016e 1360     		str	r3, [r2]	@ float
 543 0170 104A     		ldr	r2, .L89+12
 544 0172 1360     		str	r3, [r2]	@ float
 545 0174 B8E7     		b	.L76
 546              	.L88:
 547 0176 164B     		ldr	r3, .L89+40
 548 0178 1B68     		ldr	r3, [r3]
 549 017a 93ED477A 		vldr.32	s14, [r3, #284]
 550 017e F4EEC77A 		vcmpe.f32	s15, s14
 551 0182 F1EE10FA 		vmrs	APSR_nzcv, FPSCR
 552 0186 03D8     		bhi	.L85
 553 0188 0C4B     		ldr	r3, .L89+20
 554 018a 83ED027A 		vstr.32	s14, [r3, #8]
 555 018e 7047     		bx	lr
 556              	.L85:
 557 0190 93ED467A 		vldr.32	s14, [r3, #280]
 558 0194 F4EEC77A 		vcmpe.f32	s15, s14
 559 0198 F1EE10FA 		vmrs	APSR_nzcv, FPSCR
 560 019c BBDB     		blt	.L64
 561 019e 074B     		ldr	r3, .L89+20
 562 01a0 83ED027A 		vstr.32	s14, [r3, #8]
 563 01a4 B7E7     		b	.L64
 564              	.L90:
 565 01a6 00BF     		.align	2
 566              	.L89:
 567 01a8 00000000 		.word	rc_data
 568 01ac 00002544 		.word	1143275520
 569 01b0 00000000 		.word	add_yaw.4
 570 01b4 00000000 		.word	add_pitch.3
 571 01b8 00000000 		.word	chassis_cmd_send
 572 01bc 00000000 		.word	gimbal_cmd_send
 573 01c0 00000000 		.word	shoot_cmd_send
 574 01c4 00002041 		.word	1092616192
 575 01c8 00000000 		.word	vision_recv_data
ARM GAS  C:\Users\Administrator\AppData\Local\Temp\cc7kaHwl.s 			page 11


 576 01cc 00000000 		.word	gimbal_fetch_data
 577 01d0 00000000 		.word	robot_config
 579              		.section	.text.RefereeHandler,"ax",%progbits
 580              		.align	1
 581              		.syntax unified
 582              		.thumb
 583              		.thumb_func
 585              	RefereeHandler:
 586              		@ args = 0, pretend = 0, frame = 0
 587              		@ frame_needed = 0, uses_anonymous_args = 0
 588 0000 08B5     		push	{r3, lr}
 589 0002 114B     		ldr	r3, .L96
 590 0004 1B68     		ldr	r3, [r3]
 591 0006 B3F84C20 		ldrh	r2, [r3, #76]	@ unaligned
 592 000a AAB9     		cbnz	r2, .L92
 593 000c 0F4A     		ldr	r2, .L96+4
 594 000e 1049     		ldr	r1, .L96+8
 595 0010 1161     		str	r1, [r2, #16]	@ float
 596              	.L93:
 597 0012 B3F85920 		ldrh	r2, [r3, #89]	@ unaligned
 598 0016 B2F5967F 		cmp	r2, #300
 599 001a 02D9     		bls	.L94
 600 001c 0D4A     		ldr	r2, .L96+12
 601 001e 0021     		movs	r1, #0
 602 0020 5170     		strb	r1, [r2, #1]
 603              	.L94:
 604 0022 93F84200 		ldrb	r0, [r3, #66]	@ zero_extendqisi2
 605 0026 0728     		cmp	r0, #7
 606 0028 8CBF     		ite	hi
 607 002a 0020     		movhi	r0, #0
 608 002c 0120     		movls	r0, #1
 609 002e 0A4B     		ldr	r3, .L96+16
 610 0030 1870     		strb	r0, [r3]
 611 0032 FFF7FEFF 		bl	VisionSetFlag
 612 0036 08BD     		pop	{r3, pc}
 613              	.L92:
 614 0038 07EE902A 		vmov	s15, r2	@ int
 615 003c F8EE677A 		vcvt.f32.u32	s15, s15
 616 0040 024A     		ldr	r2, .L96+4
 617 0042 C2ED047A 		vstr.32	s15, [r2, #16]
 618 0046 E4E7     		b	.L93
 619              	.L97:
 620              		.align	2
 621              	.L96:
 622 0048 00000000 		.word	referee_data
 623 004c 00000000 		.word	chassis_cmd_send
 624 0050 00003442 		.word	1110704128
 625 0054 00000000 		.word	shoot_cmd_send
 626 0058 00000000 		.word	vision_send_data
 628              		.section	.rodata.RobotCMDInit.str1.4,"aMS",%progbits,1
 629              		.align	2
 630              	.LC1:
 631 0000 67696D62 		.ascii	"gimbal_cmd\000"
 631      616C5F63 
 631      6D6400
 632 000b 00       		.align	2
 633              	.LC2:
ARM GAS  C:\Users\Administrator\AppData\Local\Temp\cc7kaHwl.s 			page 12


 634 000c 67696D62 		.ascii	"gimbal_feed\000"
 634      616C5F66 
 634      65656400 
 635              		.align	2
 636              	.LC3:
 637 0018 73686F6F 		.ascii	"shoot_cmd\000"
 637      745F636D 
 637      6400
 638 0022 0000     		.align	2
 639              	.LC4:
 640 0024 73686F6F 		.ascii	"shoot_feed\000"
 640      745F6665 
 640      656400
 641 002f 00       		.align	2
 642              	.LC5:
 643 0030 63686173 		.ascii	"chassis_cmd\000"
 643      7369735F 
 643      636D6400 
 644              		.align	2
 645              	.LC6:
 646 003c 63686173 		.ascii	"chassis_feed\000"
 646      7369735F 
 646      66656564 
 646      00
 647              		.section	.text.RobotCMDInit,"ax",%progbits
 648              		.align	1
 649              		.global	RobotCMDInit
 650              		.syntax unified
 651              		.thumb
 652              		.thumb_func
 654              	RobotCMDInit:
 655              		@ args = 0, pretend = 0, frame = 16
 656              		@ frame_needed = 0, uses_anonymous_args = 0
 657 0000 10B5     		push	{r4, lr}
 658 0002 84B0     		sub	sp, sp, #16
 659 0004 0720     		movs	r0, #7
 660 0006 FFF7FEFF 		bl	RobotConfigInit
 661 000a 2A4B     		ldr	r3, .L100
 662 000c 1860     		str	r0, [r3]
 663 000e 02A8     		add	r0, sp, #8
 664 0010 0024     		movs	r4, #0
 665 0012 0294     		str	r4, [sp, #8]
 666 0014 4460     		str	r4, [r0, #4]
 667 0016 284B     		ldr	r3, .L100+4
 668 0018 0393     		str	r3, [sp, #12]	@ float
 669 001a FFF7FEFF 		bl	BuzzerRegister
 670 001e 274B     		ldr	r3, .L100+8
 671 0020 1860     		str	r0, [r3]
 672 0022 274B     		ldr	r3, .L100+12
 673 0024 1B68     		ldr	r3, [r3]
 674 0026 ADF80430 		strh	r3, [sp, #4]	@ movhi
 675 002a 1B0C     		lsrs	r3, r3, #16
 676 002c 8DF80630 		strb	r3, [sp, #6]
 677 0030 01A8     		add	r0, sp, #4
 678 0032 FFF7FEFF 		bl	LEDRegister
 679 0036 234B     		ldr	r3, .L100+16
 680 0038 1860     		str	r0, [r3]
ARM GAS  C:\Users\Administrator\AppData\Local\Temp\cc7kaHwl.s 			page 13


 681 003a 2348     		ldr	r0, .L100+20
 682 003c FFF7FEFF 		bl	RemoteControlInit
 683 0040 224B     		ldr	r3, .L100+24
 684 0042 1860     		str	r0, [r3]
 685 0044 2248     		ldr	r0, .L100+28
 686 0046 FFF7FEFF 		bl	VisionInit
 687 004a 224B     		ldr	r3, .L100+32
 688 004c 1860     		str	r0, [r3]
 689 004e 2249     		ldr	r1, .L100+36
 690 0050 2248     		ldr	r0, .L100+40
 691 0052 FFF7FEFF 		bl	UITaskInit
 692 0056 224B     		ldr	r3, .L100+44
 693 0058 1860     		str	r0, [r3]
 694 005a 1221     		movs	r1, #18
 695 005c 2148     		ldr	r0, .L100+48
 696 005e FFF7FEFF 		bl	PubRegister
 697 0062 214B     		ldr	r3, .L100+52
 698 0064 1860     		str	r0, [r3]
 699 0066 2C21     		movs	r1, #44
 700 0068 2048     		ldr	r0, .L100+56
 701 006a FFF7FEFF 		bl	SubRegister
 702 006e 204B     		ldr	r3, .L100+60
 703 0070 1860     		str	r0, [r3]
 704 0072 0A21     		movs	r1, #10
 705 0074 1F48     		ldr	r0, .L100+64
 706 0076 FFF7FEFF 		bl	PubRegister
 707 007a 1F4B     		ldr	r3, .L100+68
 708 007c 1860     		str	r0, [r3]
 709 007e 2146     		mov	r1, r4
 710 0080 1E48     		ldr	r0, .L100+72
 711 0082 FFF7FEFF 		bl	SubRegister
 712 0086 1E4B     		ldr	r3, .L100+76
 713 0088 1860     		str	r0, [r3]
 714 008a 1921     		movs	r1, #25
 715 008c 1D48     		ldr	r0, .L100+80
 716 008e FFF7FEFF 		bl	PubRegister
 717 0092 1D4B     		ldr	r3, .L100+84
 718 0094 1860     		str	r0, [r3]
 719 0096 0E21     		movs	r1, #14
 720 0098 1C48     		ldr	r0, .L100+88
 721 009a FFF7FEFF 		bl	SubRegister
 722 009e 1C4B     		ldr	r3, .L100+92
 723 00a0 1860     		str	r0, [r3]
 724 00a2 1C4B     		ldr	r3, .L100+96
 725 00a4 0022     		movs	r2, #0
 726 00a6 9A60     		str	r2, [r3, #8]	@ float
 727 00a8 1B4B     		ldr	r3, .L100+100
 728 00aa 0122     		movs	r2, #1
 729 00ac 1A70     		strb	r2, [r3]
 730 00ae 04B0     		add	sp, sp, #16
 731              		@ sp needed
 732 00b0 10BD     		pop	{r4, pc}
 733              	.L101:
 734 00b2 00BF     		.align	2
 735              	.L100:
 736 00b4 00000000 		.word	robot_config
 737 00b8 CDCCCC3E 		.word	1053609165
ARM GAS  C:\Users\Administrator\AppData\Local\Temp\cc7kaHwl.s 			page 14


 738 00bc 00000000 		.word	buzzer_alarm
 739 00c0 00000000 		.word	.LANCHOR0
 740 00c4 00000000 		.word	led_alarm
 741 00c8 00000000 		.word	huart3
 742 00cc 00000000 		.word	rc_data
 743 00d0 00000000 		.word	huart1
 744 00d4 00000000 		.word	vision_recv_data
 745 00d8 00000000 		.word	ui_data
 746 00dc 00000000 		.word	huart6
 747 00e0 00000000 		.word	referee_data
 748 00e4 00000000 		.word	.LC1
 749 00e8 00000000 		.word	gimbal_cmd_pub
 750 00ec 0C000000 		.word	.LC2
 751 00f0 00000000 		.word	gimbal_feed_sub
 752 00f4 18000000 		.word	.LC3
 753 00f8 00000000 		.word	shoot_cmd_pub
 754 00fc 24000000 		.word	.LC4
 755 0100 00000000 		.word	shoot_feed_sub
 756 0104 30000000 		.word	.LC5
 757 0108 00000000 		.word	chassis_cmd_pub
 758 010c 3C000000 		.word	.LC6
 759 0110 00000000 		.word	chassis_feed_sub
 760 0114 00000000 		.word	gimbal_cmd_send
 761 0118 00000000 		.word	robot_state
 763              		.section	.text.RobotCMDTask,"ax",%progbits
 764              		.align	1
 765              		.global	RobotCMDTask
 766              		.syntax unified
 767              		.thumb
 768              		.thumb_func
 770              	RobotCMDTask:
 771              		@ args = 0, pretend = 0, frame = 0
 772              		@ frame_needed = 0, uses_anonymous_args = 0
 773 0000 08B5     		push	{r3, lr}
 774 0002 2949     		ldr	r1, .L110
 775 0004 294B     		ldr	r3, .L110+4
 776 0006 1868     		ldr	r0, [r3]
 777 0008 FFF7FEFF 		bl	SubGetMessage
 778 000c 2849     		ldr	r1, .L110+8
 779 000e 294B     		ldr	r3, .L110+12
 780 0010 1868     		ldr	r0, [r3]
 781 0012 FFF7FEFF 		bl	SubGetMessage
 782 0016 2849     		ldr	r1, .L110+16
 783 0018 284B     		ldr	r3, .L110+20
 784 001a 1868     		ldr	r0, [r3]
 785 001c FFF7FEFF 		bl	SubGetMessage
 786 0020 FFF7FEFF 		bl	CalcOffsetAngle
 787 0024 264B     		ldr	r3, .L110+24
 788 0026 1B68     		ldr	r3, [r3]
 789 0028 93F82730 		ldrb	r3, [r3, #39]	@ zero_extendqisi2
 790 002c 13F00103 		ands	r3, r3, #1
 791 0030 03D0     		beq	.L103
 792 0032 13BB     		cbnz	r3, .L104
 793 0034 FFF7FEFF 		bl	RemoteControlSet
 794 0038 0DE0     		b	.L106
 795              	.L103:
 796 003a FFF7FEFF 		bl	RemoteControlSet
ARM GAS  C:\Users\Administrator\AppData\Local\Temp\cc7kaHwl.s 			page 15


 797 003e 204B     		ldr	r3, .L110+24
 798 0040 1B68     		ldr	r3, [r3]
 799 0042 0022     		movs	r2, #0
 800 0044 83F82220 		strb	r2, [r3, #34]
 801 0048 83F82120 		strb	r2, [r3, #33]
 802 004c 1D4A     		ldr	r2, .L110+28
 803 004e 1378     		ldrb	r3, [r2]	@ zero_extendqisi2
 804 0050 23F0C003 		bic	r3, r3, #192
 805 0054 1370     		strb	r3, [r2]
 806              	.L106:
 807 0056 FFF7FEFF 		bl	RefereeHandler
 808 005a 1B49     		ldr	r1, .L110+32
 809 005c 1B4B     		ldr	r3, .L110+36
 810 005e 1868     		ldr	r0, [r3]
 811 0060 FFF7FEFF 		bl	PubPushMessage
 812 0064 1A49     		ldr	r1, .L110+40
 813 0066 1B4B     		ldr	r3, .L110+44
 814 0068 1868     		ldr	r0, [r3]
 815 006a FFF7FEFF 		bl	PubPushMessage
 816 006e 1A49     		ldr	r1, .L110+48
 817 0070 1A4B     		ldr	r3, .L110+52
 818 0072 1868     		ldr	r0, [r3]
 819 0074 FFF7FEFF 		bl	PubPushMessage
 820 0078 08BD     		pop	{r3, pc}
 821              	.L104:
 822 007a FFF7FEFF 		bl	MouseKeySet
 823 007e 114B     		ldr	r3, .L110+28
 824 0080 1B78     		ldrb	r3, [r3]	@ zero_extendqisi2
 825 0082 3F2B     		cmp	r3, #63
 826 0084 05D8     		bhi	.L107
 827 0086 0F4B     		ldr	r3, .L110+28
 828 0088 1A78     		ldrb	r2, [r3]	@ zero_extendqisi2
 829 008a 0121     		movs	r1, #1
 830 008c 61F38712 		bfi	r2, r1, #6, #2
 831 0090 1A70     		strb	r2, [r3]
 832              	.L107:
 833 0092 0B4B     		ldr	r3, .L110+24
 834 0094 1B68     		ldr	r3, [r3]
 835 0096 B3F90820 		ldrsh	r2, [r3, #8]
 836 009a 12F5C87F 		cmn	r2, #400
 837 009e DADA     		bge	.L106
 838 00a0 0022     		movs	r2, #0
 839 00a2 83F82720 		strb	r2, [r3, #39]
 840 00a6 D6E7     		b	.L106
 841              	.L111:
 842              		.align	2
 843              	.L110:
 844 00a8 00000000 		.word	chassis_fetch_data
 845 00ac 00000000 		.word	chassis_feed_sub
 846 00b0 00000000 		.word	shoot_fetch_data
 847 00b4 00000000 		.word	shoot_feed_sub
 848 00b8 00000000 		.word	gimbal_fetch_data
 849 00bc 00000000 		.word	gimbal_feed_sub
 850 00c0 00000000 		.word	rc_data
 851 00c4 00000000 		.word	ui_data
 852 00c8 00000000 		.word	chassis_cmd_send
 853 00cc 00000000 		.word	chassis_cmd_pub
ARM GAS  C:\Users\Administrator\AppData\Local\Temp\cc7kaHwl.s 			page 16


 854 00d0 00000000 		.word	shoot_cmd_send
 855 00d4 00000000 		.word	shoot_cmd_pub
 856 00d8 00000000 		.word	gimbal_cmd_send
 857 00dc 00000000 		.word	gimbal_cmd_pub
 859              		.section	.bss.last_shoot_mode.0,"aw",%nobits
 862              	last_shoot_mode.0:
 863 0000 00       		.space	1
 864              		.section	.bss.add_pitch.1,"aw",%nobits
 865              		.align	2
 868              	add_pitch.1:
 869 0000 00000000 		.space	4
 870              		.section	.bss.add_yaw.2,"aw",%nobits
 871              		.align	2
 874              	add_yaw.2:
 875 0000 00000000 		.space	4
 876              		.section	.bss.add_pitch.3,"aw",%nobits
 877              		.align	2
 880              	add_pitch.3:
 881 0000 00000000 		.space	4
 882              		.section	.bss.add_yaw.4,"aw",%nobits
 883              		.align	2
 886              	add_yaw.4:
 887 0000 00000000 		.space	4
 888              		.section	.bss.angle.5,"aw",%nobits
 889              		.align	2
 892              	angle.5:
 893 0000 00000000 		.space	4
 894              		.global	led_alarm
 895              		.section	.bss.led_alarm,"aw",%nobits
 896              		.align	2
 899              	led_alarm:
 900 0000 00000000 		.space	4
 901              		.global	buzzer_alarm
 902              		.section	.bss.buzzer_alarm,"aw",%nobits
 903              		.align	2
 906              	buzzer_alarm:
 907 0000 00000000 		.space	4
 908              		.section	.bss.robot_state,"aw",%nobits
 911              	robot_state:
 912 0000 00       		.space	1
 913              		.section	.bss.ui_data,"aw",%nobits
 914              		.align	2
 917              	ui_data:
 918 0000 00000000 		.space	28
 918      00000000 
 918      00000000 
 918      00000000 
 918      00000000 
 919              		.section	.bss.referee_data,"aw",%nobits
 920              		.align	2
 923              	referee_data:
 924 0000 00000000 		.space	4
 925              		.section	.bss.shoot_fetch_data,"aw",%nobits
 926              		.align	2
 929              	shoot_fetch_data:
 930              		.section	.bss.shoot_cmd_send,"aw",%nobits
 931              		.align	2
ARM GAS  C:\Users\Administrator\AppData\Local\Temp\cc7kaHwl.s 			page 17


 934              	shoot_cmd_send:
 935 0000 00000000 		.space	10
 935      00000000 
 935      0000
 936              		.section	.bss.shoot_feed_sub,"aw",%nobits
 937              		.align	2
 940              	shoot_feed_sub:
 941 0000 00000000 		.space	4
 942              		.section	.bss.shoot_cmd_pub,"aw",%nobits
 943              		.align	2
 946              	shoot_cmd_pub:
 947 0000 00000000 		.space	4
 948              		.section	.bss.gimbal_fetch_data,"aw",%nobits
 949              		.align	2
 952              	gimbal_fetch_data:
 953 0000 00000000 		.space	44
 953      00000000 
 953      00000000 
 953      00000000 
 953      00000000 
 954              		.section	.bss.gimbal_cmd_send,"aw",%nobits
 955              		.align	2
 958              	gimbal_cmd_send:
 959 0000 00000000 		.space	18
 959      00000000 
 959      00000000 
 959      00000000 
 959      0000
 960              		.section	.bss.gimbal_feed_sub,"aw",%nobits
 961              		.align	2
 964              	gimbal_feed_sub:
 965 0000 00000000 		.space	4
 966              		.section	.bss.gimbal_cmd_pub,"aw",%nobits
 967              		.align	2
 970              	gimbal_cmd_pub:
 971 0000 00000000 		.space	4
 972              		.section	.bss.vision_send_data,"aw",%nobits
 973              		.align	2
 976              	vision_send_data:
 977 0000 00000000 		.space	13
 977      00000000 
 977      00000000 
 977      00
 978              		.section	.bss.vision_recv_data,"aw",%nobits
 979              		.align	2
 982              	vision_recv_data:
 983 0000 00000000 		.space	4
 984              		.section	.bss.rc_data,"aw",%nobits
 985              		.align	2
 988              	rc_data:
 989 0000 00000000 		.space	4
 990              		.section	.bss.chassis_fetch_data,"aw",%nobits
 991              		.align	2
 994              	chassis_fetch_data:
 995 0000 00000000 		.space	14
 995      00000000 
 995      00000000 
ARM GAS  C:\Users\Administrator\AppData\Local\Temp\cc7kaHwl.s 			page 18


 995      0000
 996              		.section	.bss.chassis_cmd_send,"aw",%nobits
 997              		.align	2
 1000              	chassis_cmd_send:
 1001 0000 00000000 		.space	25
 1001      00000000 
 1001      00000000 
 1001      00000000 
 1001      00000000 
 1002              		.section	.bss.chassis_feed_sub,"aw",%nobits
 1003              		.align	2
 1006              	chassis_feed_sub:
 1007 0000 00000000 		.space	4
 1008              		.section	.bss.chassis_cmd_pub,"aw",%nobits
 1009              		.align	2
 1012              	chassis_cmd_pub:
 1013 0000 00000000 		.space	4
 1014              		.section	.bss.robot_config,"aw",%nobits
 1015              		.align	2
 1018              	robot_config:
 1019 0000 00000000 		.space	4
 1020              		.section	.rodata
 1021              		.align	2
 1022              		.set	.LANCHOR0,. + 0
 1023              	.LC0:
 1024 0000 02       		.byte	2
 1025 0001 04       		.byte	4
 1026 0002 00       		.byte	0
 1027              		.ident	"GCC: (xPack GNU Arm Embedded GCC x86_64) 15.2.1 20251203"
ARM GAS  C:\Users\Administrator\AppData\Local\Temp\cc7kaHwl.s 			page 19


DEFINED SYMBOLS
                            *ABS*:00000000 robot_cmd.c
C:\Users\Administrator\AppData\Local\Temp\cc7kaHwl.s:18     .text.CalcOffsetAngle:00000000 $t
C:\Users\Administrator\AppData\Local\Temp\cc7kaHwl.s:23     .text.CalcOffsetAngle:00000000 CalcOffsetAngle
C:\Users\Administrator\AppData\Local\Temp\cc7kaHwl.s:106    .text.CalcOffsetAngle:000000e8 $d
C:\Users\Administrator\AppData\Local\Temp\cc7kaHwl.s:952    .bss.gimbal_fetch_data:00000000 gimbal_fetch_data
C:\Users\Administrator\AppData\Local\Temp\cc7kaHwl.s:892    .bss.angle.5:00000000 angle.5
C:\Users\Administrator\AppData\Local\Temp\cc7kaHwl.s:1018   .bss.robot_config:00000000 robot_config
C:\Users\Administrator\AppData\Local\Temp\cc7kaHwl.s:1000   .bss.chassis_cmd_send:00000000 chassis_cmd_send
C:\Users\Administrator\AppData\Local\Temp\cc7kaHwl.s:116    .text.RemoteControlSet:00000000 $t
C:\Users\Administrator\AppData\Local\Temp\cc7kaHwl.s:121    .text.RemoteControlSet:00000000 RemoteControlSet
C:\Users\Administrator\AppData\Local\Temp\cc7kaHwl.s:366    .text.RemoteControlSet:0000021c $d
C:\Users\Administrator\AppData\Local\Temp\cc7kaHwl.s:958    .bss.gimbal_cmd_send:00000000 gimbal_cmd_send
C:\Users\Administrator\AppData\Local\Temp\cc7kaHwl.s:988    .bss.rc_data:00000000 rc_data
C:\Users\Administrator\AppData\Local\Temp\cc7kaHwl.s:874    .bss.add_yaw.2:00000000 add_yaw.2
C:\Users\Administrator\AppData\Local\Temp\cc7kaHwl.s:868    .bss.add_pitch.1:00000000 add_pitch.1
C:\Users\Administrator\AppData\Local\Temp\cc7kaHwl.s:911    .bss.robot_state:00000000 robot_state
C:\Users\Administrator\AppData\Local\Temp\cc7kaHwl.s:934    .bss.shoot_cmd_send:00000000 shoot_cmd_send
C:\Users\Administrator\AppData\Local\Temp\cc7kaHwl.s:862    .bss.last_shoot_mode.0:00000000 last_shoot_mode.0
C:\Users\Administrator\AppData\Local\Temp\cc7kaHwl.s:982    .bss.vision_recv_data:00000000 vision_recv_data
C:\Users\Administrator\AppData\Local\Temp\cc7kaHwl.s:385    .text.MouseKeySet:00000000 $t
C:\Users\Administrator\AppData\Local\Temp\cc7kaHwl.s:390    .text.MouseKeySet:00000000 MouseKeySet
C:\Users\Administrator\AppData\Local\Temp\cc7kaHwl.s:567    .text.MouseKeySet:000001a8 $d
C:\Users\Administrator\AppData\Local\Temp\cc7kaHwl.s:886    .bss.add_yaw.4:00000000 add_yaw.4
C:\Users\Administrator\AppData\Local\Temp\cc7kaHwl.s:880    .bss.add_pitch.3:00000000 add_pitch.3
C:\Users\Administrator\AppData\Local\Temp\cc7kaHwl.s:580    .text.RefereeHandler:00000000 $t
C:\Users\Administrator\AppData\Local\Temp\cc7kaHwl.s:585    .text.RefereeHandler:00000000 RefereeHandler
C:\Users\Administrator\AppData\Local\Temp\cc7kaHwl.s:622    .text.RefereeHandler:00000048 $d
C:\Users\Administrator\AppData\Local\Temp\cc7kaHwl.s:923    .bss.referee_data:00000000 referee_data
C:\Users\Administrator\AppData\Local\Temp\cc7kaHwl.s:976    .bss.vision_send_data:00000000 vision_send_data
C:\Users\Administrator\AppData\Local\Temp\cc7kaHwl.s:629    .rodata.RobotCMDInit.str1.4:00000000 $d
C:\Users\Administrator\AppData\Local\Temp\cc7kaHwl.s:648    .text.RobotCMDInit:00000000 $t
C:\Users\Administrator\AppData\Local\Temp\cc7kaHwl.s:654    .text.RobotCMDInit:00000000 RobotCMDInit
C:\Users\Administrator\AppData\Local\Temp\cc7kaHwl.s:736    .text.RobotCMDInit:000000b4 $d
C:\Users\Administrator\AppData\Local\Temp\cc7kaHwl.s:906    .bss.buzzer_alarm:00000000 buzzer_alarm
C:\Users\Administrator\AppData\Local\Temp\cc7kaHwl.s:899    .bss.led_alarm:00000000 led_alarm
C:\Users\Administrator\AppData\Local\Temp\cc7kaHwl.s:917    .bss.ui_data:00000000 ui_data
C:\Users\Administrator\AppData\Local\Temp\cc7kaHwl.s:970    .bss.gimbal_cmd_pub:00000000 gimbal_cmd_pub
C:\Users\Administrator\AppData\Local\Temp\cc7kaHwl.s:964    .bss.gimbal_feed_sub:00000000 gimbal_feed_sub
C:\Users\Administrator\AppData\Local\Temp\cc7kaHwl.s:946    .bss.shoot_cmd_pub:00000000 shoot_cmd_pub
C:\Users\Administrator\AppData\Local\Temp\cc7kaHwl.s:940    .bss.shoot_feed_sub:00000000 shoot_feed_sub
C:\Users\Administrator\AppData\Local\Temp\cc7kaHwl.s:1012   .bss.chassis_cmd_pub:00000000 chassis_cmd_pub
C:\Users\Administrator\AppData\Local\Temp\cc7kaHwl.s:1006   .bss.chassis_feed_sub:00000000 chassis_feed_sub
C:\Users\Administrator\AppData\Local\Temp\cc7kaHwl.s:764    .text.RobotCMDTask:00000000 $t
C:\Users\Administrator\AppData\Local\Temp\cc7kaHwl.s:770    .text.RobotCMDTask:00000000 RobotCMDTask
C:\Users\Administrator\AppData\Local\Temp\cc7kaHwl.s:844    .text.RobotCMDTask:000000a8 $d
C:\Users\Administrator\AppData\Local\Temp\cc7kaHwl.s:994    .bss.chassis_fetch_data:00000000 chassis_fetch_data
C:\Users\Administrator\AppData\Local\Temp\cc7kaHwl.s:929    .bss.shoot_fetch_data:00000000 shoot_fetch_data
C:\Users\Administrator\AppData\Local\Temp\cc7kaHwl.s:863    .bss.last_shoot_mode.0:00000000 $d
C:\Users\Administrator\AppData\Local\Temp\cc7kaHwl.s:865    .bss.add_pitch.1:00000000 $d
C:\Users\Administrator\AppData\Local\Temp\cc7kaHwl.s:871    .bss.add_yaw.2:00000000 $d
C:\Users\Administrator\AppData\Local\Temp\cc7kaHwl.s:877    .bss.add_pitch.3:00000000 $d
C:\Users\Administrator\AppData\Local\Temp\cc7kaHwl.s:883    .bss.add_yaw.4:00000000 $d
C:\Users\Administrator\AppData\Local\Temp\cc7kaHwl.s:889    .bss.angle.5:00000000 $d
C:\Users\Administrator\AppData\Local\Temp\cc7kaHwl.s:896    .bss.led_alarm:00000000 $d
C:\Users\Administrator\AppData\Local\Temp\cc7kaHwl.s:903    .bss.buzzer_alarm:00000000 $d
C:\Users\Administrator\AppData\Local\Temp\cc7kaHwl.s:912    .bss.robot_state:00000000 $d
ARM GAS  C:\Users\Administrator\AppData\Local\Temp\cc7kaHwl.s 			page 20


C:\Users\Administrator\AppData\Local\Temp\cc7kaHwl.s:914    .bss.ui_data:00000000 $d
C:\Users\Administrator\AppData\Local\Temp\cc7kaHwl.s:920    .bss.referee_data:00000000 $d
C:\Users\Administrator\AppData\Local\Temp\cc7kaHwl.s:931    .bss.shoot_cmd_send:00000000 $d
C:\Users\Administrator\AppData\Local\Temp\cc7kaHwl.s:937    .bss.shoot_feed_sub:00000000 $d
C:\Users\Administrator\AppData\Local\Temp\cc7kaHwl.s:943    .bss.shoot_cmd_pub:00000000 $d
C:\Users\Administrator\AppData\Local\Temp\cc7kaHwl.s:949    .bss.gimbal_fetch_data:00000000 $d
C:\Users\Administrator\AppData\Local\Temp\cc7kaHwl.s:955    .bss.gimbal_cmd_send:00000000 $d
C:\Users\Administrator\AppData\Local\Temp\cc7kaHwl.s:961    .bss.gimbal_feed_sub:00000000 $d
C:\Users\Administrator\AppData\Local\Temp\cc7kaHwl.s:967    .bss.gimbal_cmd_pub:00000000 $d
C:\Users\Administrator\AppData\Local\Temp\cc7kaHwl.s:973    .bss.vision_send_data:00000000 $d
C:\Users\Administrator\AppData\Local\Temp\cc7kaHwl.s:979    .bss.vision_recv_data:00000000 $d
C:\Users\Administrator\AppData\Local\Temp\cc7kaHwl.s:985    .bss.rc_data:00000000 $d
C:\Users\Administrator\AppData\Local\Temp\cc7kaHwl.s:991    .bss.chassis_fetch_data:00000000 $d
C:\Users\Administrator\AppData\Local\Temp\cc7kaHwl.s:997    .bss.chassis_cmd_send:00000000 $d
C:\Users\Administrator\AppData\Local\Temp\cc7kaHwl.s:1003   .bss.chassis_feed_sub:00000000 $d
C:\Users\Administrator\AppData\Local\Temp\cc7kaHwl.s:1009   .bss.chassis_cmd_pub:00000000 $d
C:\Users\Administrator\AppData\Local\Temp\cc7kaHwl.s:1015   .bss.robot_config:00000000 $d
C:\Users\Administrator\AppData\Local\Temp\cc7kaHwl.s:1021   .rodata:00000000 $d

UNDEFINED SYMBOLS
VisionSetFlag
RobotConfigInit
BuzzerRegister
LEDRegister
RemoteControlInit
VisionInit
UITaskInit
PubRegister
SubRegister
huart3
huart1
huart6
SubGetMessage
PubPushMessage
