ARM GAS  C:\Users\Administrator\AppData\Local\Temp\cclYXAYr.s 			page 1


   1              		.cpu cortex-m4
   2              		.arch armv7e-m
   3              		.fpu fpv4-sp-d16
   4              		.eabi_attribute 27, 1
   5              		.eabi_attribute 28, 1
   6              		.eabi_attribute 20, 1
   7              		.eabi_attribute 21, 1
   8              		.eabi_attribute 23, 3
   9              		.eabi_attribute 24, 1
  10              		.eabi_attribute 25, 1
  11              		.eabi_attribute 26, 1
  12              		.eabi_attribute 30, 1
  13              		.eabi_attribute 34, 1
  14              		.eabi_attribute 18, 4
  15              		.file	"rtc.c"
  16              		.text
  17              		.section	.text.MX_RTC_Init,"ax",%progbits
  18              		.align	1
  19              		.global	MX_RTC_Init
  20              		.syntax unified
  21              		.thumb
  22              		.thumb_func
  24              	MX_RTC_Init:
  25              		@ args = 0, pretend = 0, frame = 0
  26              		@ frame_needed = 0, uses_anonymous_args = 0
  27 0000 08B5     		push	{r3, lr}
  28 0002 0A48     		ldr	r0, .L5
  29 0004 0A4B     		ldr	r3, .L5+4
  30 0006 0360     		str	r3, [r0]
  31 0008 0023     		movs	r3, #0
  32 000a 4360     		str	r3, [r0, #4]
  33 000c 7C22     		movs	r2, #124
  34 000e 8260     		str	r2, [r0, #8]
  35 0010 40F67F42 		movw	r2, #3199
  36 0014 C260     		str	r2, [r0, #12]
  37 0016 0361     		str	r3, [r0, #16]
  38 0018 4361     		str	r3, [r0, #20]
  39 001a 8361     		str	r3, [r0, #24]
  40 001c FFF7FEFF 		bl	HAL_RTC_Init
  41 0020 00B9     		cbnz	r0, .L4
  42              	.L1:
  43 0022 08BD     		pop	{r3, pc}
  44              	.L4:
  45 0024 FFF7FEFF 		bl	Error_Handler
  46 0028 FBE7     		b	.L1
  47              	.L6:
  48 002a 00BF     		.align	2
  49              	.L5:
  50 002c 00000000 		.word	hrtc
  51 0030 00280040 		.word	1073752064
  53              		.section	.text.HAL_RTC_MspInit,"ax",%progbits
  54              		.align	1
  55              		.global	HAL_RTC_MspInit
  56              		.syntax unified
  57              		.thumb
  58              		.thumb_func
  60              	HAL_RTC_MspInit:
ARM GAS  C:\Users\Administrator\AppData\Local\Temp\cclYXAYr.s 			page 2


  61              		@ args = 0, pretend = 0, frame = 16
  62              		@ frame_needed = 0, uses_anonymous_args = 0
  63 0000 00B5     		push	{lr}
  64 0002 85B0     		sub	sp, sp, #20
  65 0004 0023     		movs	r3, #0
  66 0006 0093     		str	r3, [sp]
  67 0008 0193     		str	r3, [sp, #4]
  68 000a 0293     		str	r3, [sp, #8]
  69 000c 0393     		str	r3, [sp, #12]
  70 000e 0268     		ldr	r2, [r0]
  71 0010 0A4B     		ldr	r3, .L13
  72 0012 9A42     		cmp	r2, r3
  73 0014 01D0     		beq	.L11
  74              	.L7:
  75 0016 05B0     		add	sp, sp, #20
  76              		@ sp needed
  77 0018 00BD     		pop	{pc}
  78              	.L11:
  79 001a 0223     		movs	r3, #2
  80 001c 0093     		str	r3, [sp]
  81 001e 084B     		ldr	r3, .L13+4
  82 0020 0393     		str	r3, [sp, #12]
  83 0022 6846     		mov	r0, sp
  84 0024 FFF7FEFF 		bl	HAL_RCCEx_PeriphCLKConfig
  85 0028 20B9     		cbnz	r0, .L12
  86              	.L9:
  87 002a 064B     		ldr	r3, .L13+8
  88 002c 0122     		movs	r2, #1
  89 002e C3F83C2E 		str	r2, [r3, #3644]
  90 0032 F0E7     		b	.L7
  91              	.L12:
  92 0034 FFF7FEFF 		bl	Error_Handler
  93 0038 F7E7     		b	.L9
  94              	.L14:
  95 003a 00BF     		.align	2
  96              	.L13:
  97 003c 00280040 		.word	1073752064
  98 0040 00031E00 		.word	1966848
  99 0044 00004742 		.word	1111949312
 101              		.section	.text.HAL_RTC_MspDeInit,"ax",%progbits
 102              		.align	1
 103              		.global	HAL_RTC_MspDeInit
 104              		.syntax unified
 105              		.thumb
 106              		.thumb_func
 108              	HAL_RTC_MspDeInit:
 109              		@ args = 0, pretend = 0, frame = 0
 110              		@ frame_needed = 0, uses_anonymous_args = 0
 111              		@ link register save eliminated.
 112 0000 0268     		ldr	r2, [r0]
 113 0002 044B     		ldr	r3, .L18
 114 0004 9A42     		cmp	r2, r3
 115 0006 00D0     		beq	.L17
 116              	.L15:
 117 0008 7047     		bx	lr
 118              	.L17:
 119 000a 034B     		ldr	r3, .L18+4
ARM GAS  C:\Users\Administrator\AppData\Local\Temp\cclYXAYr.s 			page 3


 120 000c 0022     		movs	r2, #0
 121 000e C3F83C2E 		str	r2, [r3, #3644]
 122 0012 F9E7     		b	.L15
 123              	.L19:
 124              		.align	2
 125              	.L18:
 126 0014 00280040 		.word	1073752064
 127 0018 00004742 		.word	1111949312
 129              		.global	hrtc
 130              		.section	.bss.hrtc,"aw",%nobits
 131              		.align	2
 134              	hrtc:
 135 0000 00000000 		.space	32
 135      00000000 
 135      00000000 
 135      00000000 
 135      00000000 
 136              		.ident	"GCC: (xPack GNU Arm Embedded GCC x86_64) 15.2.1 20251203"
ARM GAS  C:\Users\Administrator\AppData\Local\Temp\cclYXAYr.s 			page 4


DEFINED SYMBOLS
                            *ABS*:00000000 rtc.c
C:\Users\Administrator\AppData\Local\Temp\cclYXAYr.s:18     .text.MX_RTC_Init:00000000 $t
C:\Users\Administrator\AppData\Local\Temp\cclYXAYr.s:24     .text.MX_RTC_Init:00000000 MX_RTC_Init
C:\Users\Administrator\AppData\Local\Temp\cclYXAYr.s:50     .text.MX_RTC_Init:0000002c $d
C:\Users\Administrator\AppData\Local\Temp\cclYXAYr.s:134    .bss.hrtc:00000000 hrtc
C:\Users\Administrator\AppData\Local\Temp\cclYXAYr.s:54     .text.HAL_RTC_MspInit:00000000 $t
C:\Users\Administrator\AppData\Local\Temp\cclYXAYr.s:60     .text.HAL_RTC_MspInit:00000000 HAL_RTC_MspInit
C:\Users\Administrator\AppData\Local\Temp\cclYXAYr.s:97     .text.HAL_RTC_MspInit:0000003c $d
C:\Users\Administrator\AppData\Local\Temp\cclYXAYr.s:102    .text.HAL_RTC_MspDeInit:00000000 $t
C:\Users\Administrator\AppData\Local\Temp\cclYXAYr.s:108    .text.HAL_RTC_MspDeInit:00000000 HAL_RTC_MspDeInit
C:\Users\Administrator\AppData\Local\Temp\cclYXAYr.s:126    .text.HAL_RTC_MspDeInit:00000014 $d
C:\Users\Administrator\AppData\Local\Temp\cclYXAYr.s:131    .bss.hrtc:00000000 $d

UNDEFINED SYMBOLS
HAL_RTC_Init
Error_Handler
HAL_RCCEx_PeriphCLKConfig
