ARM GAS  C:\Users\Administrator\AppData\Local\Temp\ccDr4NCx.s 			page 1


   1              		.cpu cortex-m4
   2              		.arch armv7e-m
   3              		.fpu fpv4-sp-d16
   4              		.eabi_attribute 27, 1
   5              		.eabi_attribute 28, 1
   6              		.eabi_attribute 20, 1
   7              		.eabi_attribute 21, 1
   8              		.eabi_attribute 23, 3
   9              		.eabi_attribute 24, 1
  10              		.eabi_attribute 25, 1
  11              		.eabi_attribute 26, 1
  12              		.eabi_attribute 30, 1
  13              		.eabi_attribute 34, 1
  14              		.eabi_attribute 18, 4
  15              		.file	"sentinel_config.c"
  16              		.text
  17              		.section	.text.SentinelConfigInit,"ax",%progbits
  18              		.align	1
  19              		.global	SentinelConfigInit
  20              		.syntax unified
  21              		.thumb
  22              		.thumb_func
  24              	SentinelConfigInit:
  25              		@ args = 0, pretend = 0, frame = 0
  26              		@ frame_needed = 0, uses_anonymous_args = 0
  27              		@ link register save eliminated.
  28 0000 0048     		ldr	r0, .L2
  29 0002 7047     		bx	lr
  30              	.L3:
  31              		.align	2
  32              	.L2:
  33 0004 00000000 		.word	sentinel_config.0
  35              		.section	.data.sentinel_config.0,"aw"
  36              		.align	2
  39              	sentinel_config.0:
  40 0000 01       		.byte	1
  41 0001 000000   		.space	3
  42 0004 00000000 		.word	0
  43 0008 00000000 		.word	0
  44 000c 0000B943 		.word	1136197632
  45 0010 0000D243 		.word	1137836032
  46 0014 00009642 		.word	1117126656
  47 0018 00009841 		.word	1100480512
  48 001c 00000000 		.space	16
  48      00000000 
  48      00000000 
  48      00000000 
  49 002c 0000003F 		.word	1056964608
  50 0030 00000000 		.word	0
  51 0034 00000000 		.word	0
  52 0038 00606A46 		.word	1181376512
  53 003c 00000000 		.space	4
  54 0040 07       		.byte	7
  55 0041 000000   		.space	3
  56 0044 00803B45 		.word	1161527296
  57 0048 00000000 		.space	16
  57      00000000 
ARM GAS  C:\Users\Administrator\AppData\Local\Temp\ccDr4NCx.s 			page 2


  57      00000000 
  57      00000000 
  58 0058 0000A040 		.word	1084227584
  59 005c 0000803F 		.word	1065353216
  60 0060 00000000 		.word	0
  61 0064 00803B46 		.word	1178304512
  62 0068 00000000 		.space	4
  63 006c 07       		.byte	7
  64 006d 000000   		.space	3
  65 0070 00803B45 		.word	1161527296
  66 0074 00000000 		.space	16
  66      00000000 
  66      00000000 
  66      00000000 
  67 0084 00000000 		.space	44
  67      00000000 
  67      00000000 
  67      00000000 
  67      00000000 
  68 00b0 02       		.byte	2
  69 00b1 03       		.byte	3
  70 00b2 0000     		.space	2
  71 00b4 00       		.byte	0
  72 00b5 00       		.byte	0
  73 00b6 0000     		.space	2
  74 00b8 02       		.byte	2
  75 00b9 000000   		.space	3
  76 00bc 00000000 		.word	hcan1
  77 00c0 00000000 		.space	24
  77      00000000 
  77      00000000 
  77      00000000 
  77      00000000 
  78 00d8 00000000 		.space	44
  78      00000000 
  78      00000000 
  78      00000000 
  78      00000000 
  79 0104 03020401 		.ascii	"\003\002\004\001\000"
  79      00
  80 0109 000000   		.space	3
  81 010c 01       		.byte	1
  82 010d 000000   		.space	3
  83 0110 000010C2 		.word	-1039138816
  84 0114 0000EC42 		.word	1122762752
  85 0118 0000C841 		.word	1103626240
  86 011c 0000C0C1 		.word	-1044381696
  87 0120 00000000 		.space	60
  87      00000000 
  87      00000000 
  87      00000000 
  87      00000000 
  88 015c 0000C842 		.word	1120403456
  89 0160 00000000 		.word	0
  90 0164 00000000 		.word	0
  91 0168 00409C46 		.word	1184645120
  92 016c 00000000 		.space	4
ARM GAS  C:\Users\Administrator\AppData\Local\Temp\ccDr4NCx.s 			page 3


  93 0170 07       		.byte	7
  94 0171 000000   		.space	3
  95 0174 00803B45 		.word	1161527296
  96 0178 00000000 		.space	16
  96      00000000 
  96      00000000 
  96      00000000 
  97 0188 00002041 		.word	1092616192
  98 018c 00000000 		.word	0
  99 0190 3333333F 		.word	1060320051
 100 0194 0000FA43 		.word	1140457472
 101 0198 CDCCCC3D 		.word	1036831949
 102 019c 07       		.byte	7
 103 019d 000000   		.space	3
 104 01a0 0000C842 		.word	1120403456
 105 01a4 00000000 		.space	16
 105      00000000 
 105      00000000 
 105      00000000 
 106 01b4 04       		.byte	4
 107 01b5 06       		.byte	6
 108 01b6 01       		.byte	1
 109 01b7 00       		.byte	0
 110 01b8 01       		.byte	1
 111 01b9 01       		.byte	1
 112 01ba 0000     		.space	2
 113 01bc 01       		.byte	1
 114 01bd 000000   		.space	3
 115 01c0 00000000 		.word	hcan1
 116 01c4 05000000 		.word	5
 117 01c8 00000000 		.space	20
 117      00000000 
 117      00000000 
 117      00000000 
 117      00000000 
 118 01dc 00000000 		.space	60
 118      00000000 
 118      00000000 
 118      00000000 
 118      00000000 
 119 0218 00002042 		.word	1109393408
 120 021c 00000000 		.word	0
 121 0220 00000000 		.word	0
 122 0224 00401C46 		.word	1176256512
 123 0228 00000000 		.space	4
 124 022c 07       		.byte	7
 125 022d 000000   		.space	3
 126 0230 0000FA45 		.word	1174011904
 127 0234 00000000 		.space	16
 127      00000000 
 127      00000000 
 127      00000000 
 128 0244 00002041 		.word	1092616192
 129 0248 00000000 		.word	0
 130 024c 00000000 		.word	0
 131 0250 00009643 		.word	1133903872
 132 0254 CDCCCC3D 		.word	1036831949
ARM GAS  C:\Users\Administrator\AppData\Local\Temp\ccDr4NCx.s 			page 4


 133 0258 07       		.byte	7
 134 0259 000000   		.space	3
 135 025c 0000C842 		.word	1120403456
 136 0260 00000000 		.space	16
 136      00000000 
 136      00000000 
 136      00000000 
 137 0270 04       		.byte	4
 138 0271 06       		.byte	6
 139 0272 00       		.byte	0
 140 0273 00       		.byte	0
 141 0274 00       		.byte	0
 142 0275 00       		.byte	0
 143 0276 0000     		.space	2
 144 0278 01       		.byte	1
 145 0279 000000   		.space	3
 146 027c 00000000 		.word	hcan2
 147 0280 01000000 		.word	1
 148 0284 00000000 		.space	20
 148      00000000 
 148      00000000 
 148      00000000 
 148      00000000 
 149 0298 00000000 		.space	60
 149      00000000 
 149      00000000 
 149      00000000 
 149      00000000 
 150 02d4 0000F041 		.word	1106247680
 151 02d8 00000000 		.word	0
 152 02dc 00000000 		.word	0
 153 02e0 00409C46 		.word	1184645120
 154 02e4 00000000 		.space	4
 155 02e8 07       		.byte	7
 156 02e9 000000   		.space	3
 157 02ec 00401C45 		.word	1159479296
 158 02f0 00000000 		.space	16
 158      00000000 
 158      00000000 
 158      00000000 
 159 0300 00000041 		.word	1090519040
 160 0304 00000000 		.word	0
 161 0308 CDCC4C3E 		.word	1045220557
 162 030c 0000FA43 		.word	1140457472
 163 0310 00000000 		.space	4
 164 0314 07       		.byte	7
 165 0315 000000   		.space	3
 166 0318 0000C842 		.word	1120403456
 167 031c 00000000 		.space	16
 167      00000000 
 167      00000000 
 167      00000000 
 168 032c 04       		.byte	4
 169 032d 06       		.byte	6
 170 032e 01       		.byte	1
 171 032f 01       		.byte	1
 172 0330 01       		.byte	1
ARM GAS  C:\Users\Administrator\AppData\Local\Temp\ccDr4NCx.s 			page 5


 173 0331 01       		.byte	1
 174 0332 0000     		.space	2
 175 0334 01       		.byte	1
 176 0335 000000   		.space	3
 177 0338 00000000 		.word	hcan1
 178 033c 02000000 		.word	2
 179 0340 00000000 		.space	20
 179      00000000 
 179      00000000 
 179      00000000 
 179      00000000 
 180 0354 00       		.byte	0
 181 0355 000000   		.space	3
 182 0358 00000000 		.space	16
 182      00000000 
 182      00000000 
 182      00000000 
 183 0368 CDCCCC3E 		.word	1053609165
 184 036c 00000000 		.word	0
 185 0370 00000000 		.word	0
 186 0374 00606A46 		.word	1181376512
 187 0378 00000000 		.space	4
 188 037c 01       		.byte	1
 189 037d 000000   		.space	3
 190 0380 00401C46 		.word	1176256512
 191 0384 00000000 		.space	16
 191      00000000 
 191      00000000 
 191      00000000 
 192 0394 00007041 		.word	1097859072
 193 0398 0000803F 		.word	1065353216
 194 039c 00000000 		.word	0
 195 03a0 00606A46 		.word	1181376512
 196 03a4 00000000 		.space	4
 197 03a8 01       		.byte	1
 198 03a9 000000   		.space	3
 199 03ac 00401C46 		.word	1176256512
 200 03b0 00000000 		.space	16
 200      00000000 
 200      00000000 
 200      00000000 
 201 03c0 00000000 		.space	44
 201      00000000 
 201      00000000 
 201      00000000 
 201      00000000 
 202 03ec 02       		.byte	2
 203 03ed 03       		.byte	3
 204 03ee 01       		.byte	1
 205 03ef 00       		.space	1
 206 03f0 00       		.byte	0
 207 03f1 00       		.byte	0
 208 03f2 0000     		.space	2
 209 03f4 02       		.byte	2
 210 03f5 000000   		.space	3
 211 03f8 00000000 		.word	hcan2
 212 03fc 00000000 		.space	24
ARM GAS  C:\Users\Administrator\AppData\Local\Temp\ccDr4NCx.s 			page 6


 212      00000000 
 212      00000000 
 212      00000000 
 212      00000000 
 213 0414 00000000 		.space	16
 213      00000000 
 213      00000000 
 213      00000000 
 214 0424 CDCCCC3E 		.word	1053609165
 215 0428 00000000 		.word	0
 216 042c 00000000 		.word	0
 217 0430 00409C45 		.word	1167867904
 218 0434 00000000 		.space	4
 219 0438 01       		.byte	1
 220 0439 000000   		.space	3
 221 043c 00409C45 		.word	1167867904
 222 0440 00000000 		.space	16
 222      00000000 
 222      00000000 
 222      00000000 
 223 0450 0000A040 		.word	1084227584
 224 0454 0000803F 		.word	1065353216
 225 0458 00000000 		.word	0
 226 045c 00401C46 		.word	1176256512
 227 0460 00000000 		.space	4
 228 0464 01       		.byte	1
 229 0465 000000   		.space	3
 230 0468 0000FA45 		.word	1174011904
 231 046c 00000000 		.space	16
 231      00000000 
 231      00000000 
 231      00000000 
 232 047c 0000A040 		.word	1084227584
 233 0480 0000803F 		.word	1065353216
 234 0484 00000000 		.word	0
 235 0488 00004843 		.word	1128792064
 236 048c 00000000 		.space	28
 236      00000000 
 236      00000000 
 236      00000000 
 236      00000000 
 237 04a8 02       		.byte	2
 238 04a9 03       		.byte	3
 239 04aa 00       		.byte	0
 240 04ab 00       		.space	1
 241 04ac 00       		.byte	0
 242 04ad 00       		.byte	0
 243 04ae 0000     		.space	2
 244 04b0 03       		.byte	3
 245 04b1 000000   		.space	3
 246 04b4 00000000 		.word	hcan1
 247 04b8 07000000 		.word	7
 248 04bc 00000000 		.space	20
 248      00000000 
 248      00000000 
 248      00000000 
 248      00000000 
ARM GAS  C:\Users\Administrator\AppData\Local\Temp\ccDr4NCx.s 			page 7


 249 04d0 080400   		.ascii	"\010\004\000"
 250 04d3 00       		.space	1
 251 04d4 01       		.byte	1
 252 04d5 00       		.byte	0
 253 04d6 0000     		.space	2
 254              		.ident	"GCC: (xPack GNU Arm Embedded GCC x86_64) 15.2.1 20251203"
ARM GAS  C:\Users\Administrator\AppData\Local\Temp\ccDr4NCx.s 			page 8


DEFINED SYMBOLS
                            *ABS*:00000000 sentinel_config.c
C:\Users\Administrator\AppData\Local\Temp\ccDr4NCx.s:18     .text.SentinelConfigInit:00000000 $t
C:\Users\Administrator\AppData\Local\Temp\ccDr4NCx.s:24     .text.SentinelConfigInit:00000000 SentinelConfigInit
C:\Users\Administrator\AppData\Local\Temp\ccDr4NCx.s:33     .text.SentinelConfigInit:00000004 $d
C:\Users\Administrator\AppData\Local\Temp\ccDr4NCx.s:39     .data.sentinel_config.0:00000000 sentinel_config.0
C:\Users\Administrator\AppData\Local\Temp\ccDr4NCx.s:36     .data.sentinel_config.0:00000000 $d

UNDEFINED SYMBOLS
hcan1
hcan2
