ARM GAS  C:\Users\Administrator\AppData\Local\Temp\ccDJhtjD.s 			page 1


   1              		.cpu cortex-m4
   2              		.arch armv7e-m
   3              		.fpu fpv4-sp-d16
   4              		.eabi_attribute 27, 1
   5              		.eabi_attribute 28, 1
   6              		.eabi_attribute 20, 1
   7              		.eabi_attribute 21, 1
   8              		.eabi_attribute 23, 3
   9              		.eabi_attribute 24, 1
  10              		.eabi_attribute 25, 1
  11              		.eabi_attribute 26, 1
  12              		.eabi_attribute 30, 1
  13              		.eabi_attribute 34, 1
  14              		.eabi_attribute 18, 4
  15              		.file	"servo_motor.c"
  16              		.text
  17              		.section	.text.DecodeServo,"ax",%progbits
  18              		.align	1
  19              		.syntax unified
  20              		.thumb
  21              		.thumb_func
  23              	DecodeServo:
  24              		@ args = 0, pretend = 0, frame = 0
  25              		@ frame_needed = 0, uses_anonymous_args = 0
  26              		@ link register save eliminated.
  27 0000 0023     		movs	r3, #0
  28 0002 01E0     		b	.L2
  29              	.L3:
  30 0004 0133     		adds	r3, r3, #1
  31 0006 DBB2     		uxtb	r3, r3
  32              	.L2:
  33 0008 0D4A     		ldr	r2, .L6
  34 000a 1278     		ldrb	r2, [r2]	@ zero_extendqisi2
  35 000c 9A42     		cmp	r2, r3
  36 000e 15D9     		bls	.L5
  37 0010 0C4A     		ldr	r2, .L6+4
  38 0012 52F82320 		ldr	r2, [r2, r3, lsl #2]
  39 0016 117D     		ldrb	r1, [r2, #20]	@ zero_extendqisi2
  40 0018 0129     		cmp	r1, #1
  41 001a F3D1     		bne	.L3
  42 001c 1169     		ldr	r1, [r2, #16]
  43 001e 0878     		ldrb	r0, [r1]	@ zero_extendqisi2
  44 0020 5528     		cmp	r0, #85
  45 0022 EFD1     		bne	.L3
  46 0024 4878     		ldrb	r0, [r1, #1]	@ zero_extendqisi2
  47 0026 5528     		cmp	r0, #85
  48 0028 ECD1     		bne	.L3
  49 002a C878     		ldrb	r0, [r1, #3]	@ zero_extendqisi2
  50 002c 1528     		cmp	r0, #21
  51 002e E9D1     		bne	.L3
  52 0030 C879     		ldrb	r0, [r1, #7]	@ zero_extendqisi2
  53 0032 8979     		ldrb	r1, [r1, #6]	@ zero_extendqisi2
  54 0034 41EA0021 		orr	r1, r1, r0, lsl #8
  55 0038 1181     		strh	r1, [r2, #8]	@ movhi
  56 003a E3E7     		b	.L3
  57              	.L5:
  58 003c 7047     		bx	lr
ARM GAS  C:\Users\Administrator\AppData\Local\Temp\ccDJhtjD.s 			page 2


  59              	.L7:
  60 003e 00BF     		.align	2
  61              	.L6:
  62 0040 00000000 		.word	servo_idx
  63 0044 00000000 		.word	servo_motor_instance
  65              		.section	.text.ServoInit,"ax",%progbits
  66              		.align	1
  67              		.global	ServoInit
  68              		.syntax unified
  69              		.thumb
  70              		.thumb_func
  72              	ServoInit:
  73              		@ args = 0, pretend = 0, frame = 16
  74              		@ frame_needed = 0, uses_anonymous_args = 0
  75 0000 30B5     		push	{r4, r5, lr}
  76 0002 85B0     		sub	sp, sp, #20
  77 0004 0546     		mov	r5, r0
  78 0006 1820     		movs	r0, #24
  79 0008 FFF7FEFF 		bl	malloc
  80 000c 0446     		mov	r4, r0
  81 000e 0023     		movs	r3, #0
  82 0010 0360     		str	r3, [r0]	@ unaligned
  83 0012 4360     		str	r3, [r0, #4]	@ unaligned
  84 0014 8360     		str	r3, [r0, #8]	@ unaligned
  85 0016 C360     		str	r3, [r0, #12]	@ unaligned
  86 0018 0361     		str	r3, [r0, #16]	@ unaligned
  87 001a 4361     		str	r3, [r0, #20]	@ unaligned
  88 001c 2B7E     		ldrb	r3, [r5, #24]	@ zero_extendqisi2
  89 001e 0375     		strb	r3, [r0, #20]
  90 0020 012B     		cmp	r3, #1
  91 0022 06D0     		beq	.L9
  92 0024 022B     		cmp	r3, #2
  93 0026 0FD1     		bne	.L11
  94 0028 2846     		mov	r0, r5
  95 002a FFF7FEFF 		bl	PWMRegister
  96 002e E060     		str	r0, [r4, #12]
  97 0030 0AE0     		b	.L11
  98              	.L9:
  99 0032 0C4B     		ldr	r3, .L13
 100 0034 0393     		str	r3, [sp, #12]
 101 0036 0A23     		movs	r3, #10
 102 0038 8DF80430 		strb	r3, [sp, #4]
 103 003c EB69     		ldr	r3, [r5, #28]
 104 003e 0293     		str	r3, [sp, #8]
 105 0040 01A8     		add	r0, sp, #4
 106 0042 FFF7FEFF 		bl	USARTRegister
 107 0046 2061     		str	r0, [r4, #16]
 108              	.L11:
 109 0048 95F82020 		ldrb	r2, [r5, #32]	@ zero_extendqisi2
 110 004c 2270     		strb	r2, [r4]
 111 004e 0649     		ldr	r1, .L13+4
 112 0050 0B78     		ldrb	r3, [r1]	@ zero_extendqisi2
 113 0052 0133     		adds	r3, r3, #1
 114 0054 0B70     		strb	r3, [r1]
 115 0056 054B     		ldr	r3, .L13+8
 116 0058 43F82240 		str	r4, [r3, r2, lsl #2]
 117 005c 2046     		mov	r0, r4
ARM GAS  C:\Users\Administrator\AppData\Local\Temp\ccDJhtjD.s 			page 3


 118 005e 05B0     		add	sp, sp, #20
 119              		@ sp needed
 120 0060 30BD     		pop	{r4, r5, pc}
 121              	.L14:
 122 0062 00BF     		.align	2
 123              	.L13:
 124 0064 00000000 		.word	DecodeServo
 125 0068 00000000 		.word	servo_idx
 126 006c 00000000 		.word	servo_motor_instance
 128              		.section	.text.ServoSetAngle,"ax",%progbits
 129              		.align	1
 130              		.global	ServoSetAngle
 131              		.syntax unified
 132              		.thumb
 133              		.thumb_func
 135              	ServoSetAngle:
 136              		@ args = 0, pretend = 0, frame = 0
 137              		@ frame_needed = 0, uses_anonymous_args = 0
 138 0000 08B5     		push	{r3, lr}
 139 0002 037D     		ldrb	r3, [r0, #20]	@ zero_extendqisi2
 140 0004 012B     		cmp	r3, #1
 141 0006 07D0     		beq	.L16
 142 0008 022B     		cmp	r3, #2
 143 000a 13D1     		bne	.L15
 144 000c 80ED010A 		vstr.32	s0, [r0, #4]
 145 0010 C068     		ldr	r0, [r0, #12]
 146 0012 FFF7FEFF 		bl	PWMSetDutyRatio
 147 0016 0DE0     		b	.L15
 148              	.L16:
 149 0018 BCEEC00A 		vcvt.u32.f32	s0, s0
 150 001c 10EE103A 		vmov	r3, s0	@ int
 151 0020 9BB2     		uxth	r3, r3
 152 0022 0549     		ldr	r1, .L20
 153 0024 0B72     		strb	r3, [r1, #8]
 154 0026 1B0A     		lsrs	r3, r3, #8
 155 0028 4B72     		strb	r3, [r1, #9]
 156 002a 0323     		movs	r3, #3
 157 002c 1022     		movs	r2, #16
 158 002e 0069     		ldr	r0, [r0, #16]
 159 0030 FFF7FEFF 		bl	USARTSend
 160              	.L15:
 161 0034 08BD     		pop	{r3, pc}
 162              	.L21:
 163 0036 00BF     		.align	2
 164              	.L20:
 165 0038 00000000 		.word	servo_angle_write
 167              		.section	.bss.servo_idx,"aw",%nobits
 170              	servo_idx:
 171 0000 00       		.space	1
 172              		.section	.bss.servo_motor_instance,"aw",%nobits
 173              		.align	2
 176              	servo_motor_instance:
 177 0000 00000000 		.space	28
 177      00000000 
 177      00000000 
 177      00000000 
 177      00000000 
ARM GAS  C:\Users\Administrator\AppData\Local\Temp\ccDJhtjD.s 			page 4


 178              		.global	servo_unload
 179              		.section	.data.servo_unload,"aw"
 180              		.align	2
 183              	servo_unload:
 184 0000 55550414 		.ascii	"UU\004\024\001\001"
 184      0101
 185              		.global	servo_angle_write
 186              		.section	.data.servo_angle_write,"aw"
 187              		.align	2
 190              	servo_angle_write:
 191 0000 55550803 		.ascii	"UU\010\003\001\364\001\001 \003UU\004\025\001\001"
 191      01F40101 
 191      20035555 
 191      04150101 
 192              		.global	servo_angle_read
 193              		.section	.data.servo_angle_read,"aw"
 194              		.align	2
 197              	servo_angle_read:
 198 0000 55550415 		.ascii	"UU\004\025\001\001"
 198      0101
 199              		.ident	"GCC: (xPack GNU Arm Embedded GCC x86_64) 15.2.1 20251203"
ARM GAS  C:\Users\Administrator\AppData\Local\Temp\ccDJhtjD.s 			page 5


DEFINED SYMBOLS
                            *ABS*:00000000 servo_motor.c
C:\Users\Administrator\AppData\Local\Temp\ccDJhtjD.s:18     .text.DecodeServo:00000000 $t
C:\Users\Administrator\AppData\Local\Temp\ccDJhtjD.s:23     .text.DecodeServo:00000000 DecodeServo
C:\Users\Administrator\AppData\Local\Temp\ccDJhtjD.s:62     .text.DecodeServo:00000040 $d
C:\Users\Administrator\AppData\Local\Temp\ccDJhtjD.s:170    .bss.servo_idx:00000000 servo_idx
C:\Users\Administrator\AppData\Local\Temp\ccDJhtjD.s:176    .bss.servo_motor_instance:00000000 servo_motor_instance
C:\Users\Administrator\AppData\Local\Temp\ccDJhtjD.s:66     .text.ServoInit:00000000 $t
C:\Users\Administrator\AppData\Local\Temp\ccDJhtjD.s:72     .text.ServoInit:00000000 ServoInit
C:\Users\Administrator\AppData\Local\Temp\ccDJhtjD.s:124    .text.ServoInit:00000064 $d
C:\Users\Administrator\AppData\Local\Temp\ccDJhtjD.s:129    .text.ServoSetAngle:00000000 $t
C:\Users\Administrator\AppData\Local\Temp\ccDJhtjD.s:135    .text.ServoSetAngle:00000000 ServoSetAngle
C:\Users\Administrator\AppData\Local\Temp\ccDJhtjD.s:165    .text.ServoSetAngle:00000038 $d
C:\Users\Administrator\AppData\Local\Temp\ccDJhtjD.s:190    .data.servo_angle_write:00000000 servo_angle_write
C:\Users\Administrator\AppData\Local\Temp\ccDJhtjD.s:171    .bss.servo_idx:00000000 $d
C:\Users\Administrator\AppData\Local\Temp\ccDJhtjD.s:173    .bss.servo_motor_instance:00000000 $d
C:\Users\Administrator\AppData\Local\Temp\ccDJhtjD.s:183    .data.servo_unload:00000000 servo_unload
C:\Users\Administrator\AppData\Local\Temp\ccDJhtjD.s:180    .data.servo_unload:00000000 $d
C:\Users\Administrator\AppData\Local\Temp\ccDJhtjD.s:187    .data.servo_angle_write:00000000 $d
C:\Users\Administrator\AppData\Local\Temp\ccDJhtjD.s:197    .data.servo_angle_read:00000000 servo_angle_read
C:\Users\Administrator\AppData\Local\Temp\ccDJhtjD.s:194    .data.servo_angle_read:00000000 $d

UNDEFINED SYMBOLS
malloc
PWMRegister
USARTRegister
PWMSetDutyRatio
USARTSend
