ARM GAS  C:\Users\Administrator\AppData\Local\Temp\ccvhhLVN.s 			page 1


   1              		.cpu cortex-m4
   2              		.arch armv7e-m
   3              		.fpu fpv4-sp-d16
   4              		.eabi_attribute 27, 1
   5              		.eabi_attribute 28, 1
   6              		.eabi_attribute 20, 1
   7              		.eabi_attribute 21, 1
   8              		.eabi_attribute 23, 3
   9              		.eabi_attribute 24, 1
  10              		.eabi_attribute 25, 1
  11              		.eabi_attribute 26, 1
  12              		.eabi_attribute 30, 1
  13              		.eabi_attribute 34, 1
  14              		.eabi_attribute 18, 4
  15              		.file	"spi.c"
  16              		.text
  17              		.section	.text.MX_SPI1_Init,"ax",%progbits
  18              		.align	1
  19              		.global	MX_SPI1_Init
  20              		.syntax unified
  21              		.thumb
  22              		.thumb_func
  24              	MX_SPI1_Init:
  25              		@ args = 0, pretend = 0, frame = 0
  26              		@ frame_needed = 0, uses_anonymous_args = 0
  27 0000 08B5     		push	{r3, lr}
  28 0002 0F48     		ldr	r0, .L5
  29 0004 0F4B     		ldr	r3, .L5+4
  30 0006 0360     		str	r3, [r0]
  31 0008 4FF48273 		mov	r3, #260
  32 000c 4360     		str	r3, [r0, #4]
  33 000e 0023     		movs	r3, #0
  34 0010 8360     		str	r3, [r0, #8]
  35 0012 C360     		str	r3, [r0, #12]
  36 0014 0222     		movs	r2, #2
  37 0016 0261     		str	r2, [r0, #16]
  38 0018 0122     		movs	r2, #1
  39 001a 4261     		str	r2, [r0, #20]
  40 001c 4FF40072 		mov	r2, #512
  41 0020 8261     		str	r2, [r0, #24]
  42 0022 1022     		movs	r2, #16
  43 0024 C261     		str	r2, [r0, #28]
  44 0026 0362     		str	r3, [r0, #32]
  45 0028 4362     		str	r3, [r0, #36]
  46 002a 8362     		str	r3, [r0, #40]
  47 002c 0A23     		movs	r3, #10
  48 002e C362     		str	r3, [r0, #44]
  49 0030 FFF7FEFF 		bl	HAL_SPI_Init
  50 0034 00B9     		cbnz	r0, .L4
  51              	.L1:
  52 0036 08BD     		pop	{r3, pc}
  53              	.L4:
  54 0038 FFF7FEFF 		bl	Error_Handler
  55 003c FBE7     		b	.L1
  56              	.L6:
  57 003e 00BF     		.align	2
  58              	.L5:
ARM GAS  C:\Users\Administrator\AppData\Local\Temp\ccvhhLVN.s 			page 2


  59 0040 00000000 		.word	hspi1
  60 0044 00300140 		.word	1073819648
  62              		.section	.text.MX_SPI2_Init,"ax",%progbits
  63              		.align	1
  64              		.global	MX_SPI2_Init
  65              		.syntax unified
  66              		.thumb
  67              		.thumb_func
  69              	MX_SPI2_Init:
  70              		@ args = 0, pretend = 0, frame = 0
  71              		@ frame_needed = 0, uses_anonymous_args = 0
  72 0000 08B5     		push	{r3, lr}
  73 0002 0F48     		ldr	r0, .L11
  74 0004 0F4B     		ldr	r3, .L11+4
  75 0006 0360     		str	r3, [r0]
  76 0008 4FF48273 		mov	r3, #260
  77 000c 4360     		str	r3, [r0, #4]
  78 000e 0023     		movs	r3, #0
  79 0010 8360     		str	r3, [r0, #8]
  80 0012 C360     		str	r3, [r0, #12]
  81 0014 0222     		movs	r2, #2
  82 0016 0261     		str	r2, [r0, #16]
  83 0018 0122     		movs	r2, #1
  84 001a 4261     		str	r2, [r0, #20]
  85 001c 4FF40072 		mov	r2, #512
  86 0020 8261     		str	r2, [r0, #24]
  87 0022 3822     		movs	r2, #56
  88 0024 C261     		str	r2, [r0, #28]
  89 0026 0362     		str	r3, [r0, #32]
  90 0028 4362     		str	r3, [r0, #36]
  91 002a 8362     		str	r3, [r0, #40]
  92 002c 0A23     		movs	r3, #10
  93 002e C362     		str	r3, [r0, #44]
  94 0030 FFF7FEFF 		bl	HAL_SPI_Init
  95 0034 00B9     		cbnz	r0, .L10
  96              	.L7:
  97 0036 08BD     		pop	{r3, pc}
  98              	.L10:
  99 0038 FFF7FEFF 		bl	Error_Handler
 100 003c FBE7     		b	.L7
 101              	.L12:
 102 003e 00BF     		.align	2
 103              	.L11:
 104 0040 00000000 		.word	hspi2
 105 0044 00380040 		.word	1073756160
 107              		.section	.text.HAL_SPI_MspInit,"ax",%progbits
 108              		.align	1
 109              		.global	HAL_SPI_MspInit
 110              		.syntax unified
 111              		.thumb
 112              		.thumb_func
 114              	HAL_SPI_MspInit:
 115              		@ args = 0, pretend = 0, frame = 40
 116              		@ frame_needed = 0, uses_anonymous_args = 0
 117 0000 2DE9F041 		push	{r4, r5, r6, r7, r8, lr}
 118 0004 8AB0     		sub	sp, sp, #40
 119 0006 0023     		movs	r3, #0
ARM GAS  C:\Users\Administrator\AppData\Local\Temp\ccvhhLVN.s 			page 3


 120 0008 0593     		str	r3, [sp, #20]
 121 000a 0693     		str	r3, [sp, #24]
 122 000c 0793     		str	r3, [sp, #28]
 123 000e 0893     		str	r3, [sp, #32]
 124 0010 0993     		str	r3, [sp, #36]
 125 0012 0368     		ldr	r3, [r0]
 126 0014 5C4A     		ldr	r2, .L23
 127 0016 9342     		cmp	r3, r2
 128 0018 06D0     		beq	.L19
 129 001a 5C4A     		ldr	r2, .L23+4
 130 001c 9342     		cmp	r3, r2
 131 001e 00F08680 		beq	.L20
 132              	.L13:
 133 0022 0AB0     		add	sp, sp, #40
 134              		@ sp needed
 135 0024 BDE8F081 		pop	{r4, r5, r6, r7, r8, pc}
 136              	.L19:
 137 0028 8046     		mov	r8, r0
 138 002a 0024     		movs	r4, #0
 139 002c 0094     		str	r4, [sp]
 140 002e 584B     		ldr	r3, .L23+8
 141 0030 5A6C     		ldr	r2, [r3, #68]
 142 0032 42F48052 		orr	r2, r2, #4096
 143 0036 5A64     		str	r2, [r3, #68]
 144 0038 5A6C     		ldr	r2, [r3, #68]
 145 003a 02F48052 		and	r2, r2, #4096
 146 003e 0092     		str	r2, [sp]
 147 0040 009A     		ldr	r2, [sp]
 148 0042 0194     		str	r4, [sp, #4]
 149 0044 1A6B     		ldr	r2, [r3, #48]
 150 0046 42F00202 		orr	r2, r2, #2
 151 004a 1A63     		str	r2, [r3, #48]
 152 004c 1A6B     		ldr	r2, [r3, #48]
 153 004e 02F00202 		and	r2, r2, #2
 154 0052 0192     		str	r2, [sp, #4]
 155 0054 019A     		ldr	r2, [sp, #4]
 156 0056 0294     		str	r4, [sp, #8]
 157 0058 1A6B     		ldr	r2, [r3, #48]
 158 005a 42F00102 		orr	r2, r2, #1
 159 005e 1A63     		str	r2, [r3, #48]
 160 0060 1B6B     		ldr	r3, [r3, #48]
 161 0062 03F00103 		and	r3, r3, #1
 162 0066 0293     		str	r3, [sp, #8]
 163 0068 029B     		ldr	r3, [sp, #8]
 164 006a 1823     		movs	r3, #24
 165 006c 0593     		str	r3, [sp, #20]
 166 006e 0226     		movs	r6, #2
 167 0070 0696     		str	r6, [sp, #24]
 168 0072 0127     		movs	r7, #1
 169 0074 0797     		str	r7, [sp, #28]
 170 0076 0325     		movs	r5, #3
 171 0078 0895     		str	r5, [sp, #32]
 172 007a 0523     		movs	r3, #5
 173 007c 0993     		str	r3, [sp, #36]
 174 007e 05A9     		add	r1, sp, #20
 175 0080 4448     		ldr	r0, .L23+12
 176 0082 FFF7FEFF 		bl	HAL_GPIO_Init
ARM GAS  C:\Users\Administrator\AppData\Local\Temp\ccvhhLVN.s 			page 4


 177 0086 8023     		movs	r3, #128
 178 0088 0593     		str	r3, [sp, #20]
 179 008a 0696     		str	r6, [sp, #24]
 180 008c 0797     		str	r7, [sp, #28]
 181 008e 0895     		str	r5, [sp, #32]
 182 0090 0523     		movs	r3, #5
 183 0092 0993     		str	r3, [sp, #36]
 184 0094 05A9     		add	r1, sp, #20
 185 0096 4048     		ldr	r0, .L23+16
 186 0098 FFF7FEFF 		bl	HAL_GPIO_Init
 187 009c 3F48     		ldr	r0, .L23+20
 188 009e 404B     		ldr	r3, .L23+24
 189 00a0 0360     		str	r3, [r0]
 190 00a2 4FF0C063 		mov	r3, #100663296
 191 00a6 4360     		str	r3, [r0, #4]
 192 00a8 8460     		str	r4, [r0, #8]
 193 00aa C460     		str	r4, [r0, #12]
 194 00ac 4FF48063 		mov	r3, #1024
 195 00b0 0361     		str	r3, [r0, #16]
 196 00b2 4461     		str	r4, [r0, #20]
 197 00b4 8461     		str	r4, [r0, #24]
 198 00b6 C461     		str	r4, [r0, #28]
 199 00b8 4FF44033 		mov	r3, #196608
 200 00bc 0362     		str	r3, [r0, #32]
 201 00be 0423     		movs	r3, #4
 202 00c0 4362     		str	r3, [r0, #36]
 203 00c2 8562     		str	r5, [r0, #40]
 204 00c4 C462     		str	r4, [r0, #44]
 205 00c6 0463     		str	r4, [r0, #48]
 206 00c8 FFF7FEFF 		bl	HAL_DMA_Init
 207 00cc 48BB     		cbnz	r0, .L21
 208              	.L15:
 209 00ce 334B     		ldr	r3, .L23+20
 210 00d0 C8F84C30 		str	r3, [r8, #76]
 211 00d4 C3F83880 		str	r8, [r3, #56]
 212 00d8 3248     		ldr	r0, .L23+28
 213 00da 334B     		ldr	r3, .L23+32
 214 00dc 0360     		str	r3, [r0]
 215 00de 4FF0C063 		mov	r3, #100663296
 216 00e2 4360     		str	r3, [r0, #4]
 217 00e4 4023     		movs	r3, #64
 218 00e6 8360     		str	r3, [r0, #8]
 219 00e8 0023     		movs	r3, #0
 220 00ea C360     		str	r3, [r0, #12]
 221 00ec 4FF48062 		mov	r2, #1024
 222 00f0 0261     		str	r2, [r0, #16]
 223 00f2 4361     		str	r3, [r0, #20]
 224 00f4 8361     		str	r3, [r0, #24]
 225 00f6 C361     		str	r3, [r0, #28]
 226 00f8 4FF44032 		mov	r2, #196608
 227 00fc 0262     		str	r2, [r0, #32]
 228 00fe 4362     		str	r3, [r0, #36]
 229 0100 FFF7FEFF 		bl	HAL_DMA_Init
 230 0104 80B9     		cbnz	r0, .L22
 231              	.L16:
 232 0106 274B     		ldr	r3, .L23+28
 233 0108 C8F84830 		str	r3, [r8, #72]
ARM GAS  C:\Users\Administrator\AppData\Local\Temp\ccvhhLVN.s 			page 5


 234 010c C3F83880 		str	r8, [r3, #56]
 235 0110 0022     		movs	r2, #0
 236 0112 0521     		movs	r1, #5
 237 0114 2320     		movs	r0, #35
 238 0116 FFF7FEFF 		bl	HAL_NVIC_SetPriority
 239 011a 2320     		movs	r0, #35
 240 011c FFF7FEFF 		bl	HAL_NVIC_EnableIRQ
 241 0120 7FE7     		b	.L13
 242              	.L21:
 243 0122 FFF7FEFF 		bl	Error_Handler
 244 0126 D2E7     		b	.L15
 245              	.L22:
 246 0128 FFF7FEFF 		bl	Error_Handler
 247 012c EBE7     		b	.L16
 248              	.L20:
 249 012e 0021     		movs	r1, #0
 250 0130 0391     		str	r1, [sp, #12]
 251 0132 174B     		ldr	r3, .L23+8
 252 0134 1A6C     		ldr	r2, [r3, #64]
 253 0136 42F48042 		orr	r2, r2, #16384
 254 013a 1A64     		str	r2, [r3, #64]
 255 013c 1A6C     		ldr	r2, [r3, #64]
 256 013e 02F48042 		and	r2, r2, #16384
 257 0142 0392     		str	r2, [sp, #12]
 258 0144 039A     		ldr	r2, [sp, #12]
 259 0146 0491     		str	r1, [sp, #16]
 260 0148 1A6B     		ldr	r2, [r3, #48]
 261 014a 42F00202 		orr	r2, r2, #2
 262 014e 1A63     		str	r2, [r3, #48]
 263 0150 1B6B     		ldr	r3, [r3, #48]
 264 0152 03F00203 		and	r3, r3, #2
 265 0156 0493     		str	r3, [sp, #16]
 266 0158 049B     		ldr	r3, [sp, #16]
 267 015a 4FF46043 		mov	r3, #57344
 268 015e 0593     		str	r3, [sp, #20]
 269 0160 0223     		movs	r3, #2
 270 0162 0693     		str	r3, [sp, #24]
 271 0164 0323     		movs	r3, #3
 272 0166 0893     		str	r3, [sp, #32]
 273 0168 0523     		movs	r3, #5
 274 016a 0993     		str	r3, [sp, #36]
 275 016c 05A9     		add	r1, sp, #20
 276 016e 0948     		ldr	r0, .L23+12
 277 0170 FFF7FEFF 		bl	HAL_GPIO_Init
 278 0174 0022     		movs	r2, #0
 279 0176 0521     		movs	r1, #5
 280 0178 2420     		movs	r0, #36
 281 017a FFF7FEFF 		bl	HAL_NVIC_SetPriority
 282 017e 2420     		movs	r0, #36
 283 0180 FFF7FEFF 		bl	HAL_NVIC_EnableIRQ
 284 0184 4DE7     		b	.L13
 285              	.L24:
 286 0186 00BF     		.align	2
 287              	.L23:
 288 0188 00300140 		.word	1073819648
 289 018c 00380040 		.word	1073756160
 290 0190 00380240 		.word	1073887232
ARM GAS  C:\Users\Administrator\AppData\Local\Temp\ccvhhLVN.s 			page 6


 291 0194 00040240 		.word	1073873920
 292 0198 00000240 		.word	1073872896
 293 019c 00000000 		.word	hdma_spi1_rx
 294 01a0 10640240 		.word	1073898512
 295 01a4 00000000 		.word	hdma_spi1_tx
 296 01a8 58640240 		.word	1073898584
 298              		.section	.text.HAL_SPI_MspDeInit,"ax",%progbits
 299              		.align	1
 300              		.global	HAL_SPI_MspDeInit
 301              		.syntax unified
 302              		.thumb
 303              		.thumb_func
 305              	HAL_SPI_MspDeInit:
 306              		@ args = 0, pretend = 0, frame = 0
 307              		@ frame_needed = 0, uses_anonymous_args = 0
 308 0000 10B5     		push	{r4, lr}
 309 0002 0368     		ldr	r3, [r0]
 310 0004 174A     		ldr	r2, .L31
 311 0006 9342     		cmp	r3, r2
 312 0008 03D0     		beq	.L29
 313 000a 174A     		ldr	r2, .L31+4
 314 000c 9342     		cmp	r3, r2
 315 000e 19D0     		beq	.L30
 316              	.L25:
 317 0010 10BD     		pop	{r4, pc}
 318              	.L29:
 319 0012 0446     		mov	r4, r0
 320 0014 02F58432 		add	r2, r2, #67584
 321 0018 536C     		ldr	r3, [r2, #68]
 322 001a 23F48053 		bic	r3, r3, #4096
 323 001e 5364     		str	r3, [r2, #68]
 324 0020 1821     		movs	r1, #24
 325 0022 1248     		ldr	r0, .L31+8
 326 0024 FFF7FEFF 		bl	HAL_GPIO_DeInit
 327 0028 8021     		movs	r1, #128
 328 002a 1148     		ldr	r0, .L31+12
 329 002c FFF7FEFF 		bl	HAL_GPIO_DeInit
 330 0030 E06C     		ldr	r0, [r4, #76]
 331 0032 FFF7FEFF 		bl	HAL_DMA_DeInit
 332 0036 A06C     		ldr	r0, [r4, #72]
 333 0038 FFF7FEFF 		bl	HAL_DMA_DeInit
 334 003c 2320     		movs	r0, #35
 335 003e FFF7FEFF 		bl	HAL_NVIC_DisableIRQ
 336 0042 E5E7     		b	.L25
 337              	.L30:
 338 0044 02F50032 		add	r2, r2, #131072
 339 0048 136C     		ldr	r3, [r2, #64]
 340 004a 23F48043 		bic	r3, r3, #16384
 341 004e 1364     		str	r3, [r2, #64]
 342 0050 4FF46041 		mov	r1, #57344
 343 0054 0548     		ldr	r0, .L31+8
 344 0056 FFF7FEFF 		bl	HAL_GPIO_DeInit
 345 005a 2420     		movs	r0, #36
 346 005c FFF7FEFF 		bl	HAL_NVIC_DisableIRQ
 347 0060 D6E7     		b	.L25
 348              	.L32:
 349 0062 00BF     		.align	2
ARM GAS  C:\Users\Administrator\AppData\Local\Temp\ccvhhLVN.s 			page 7


 350              	.L31:
 351 0064 00300140 		.word	1073819648
 352 0068 00380040 		.word	1073756160
 353 006c 00040240 		.word	1073873920
 354 0070 00000240 		.word	1073872896
 356              		.global	hdma_spi1_tx
 357              		.section	.bss.hdma_spi1_tx,"aw",%nobits
 358              		.align	2
 361              	hdma_spi1_tx:
 362 0000 00000000 		.space	96
 362      00000000 
 362      00000000 
 362      00000000 
 362      00000000 
 363              		.global	hdma_spi1_rx
 364              		.section	.bss.hdma_spi1_rx,"aw",%nobits
 365              		.align	2
 368              	hdma_spi1_rx:
 369 0000 00000000 		.space	96
 369      00000000 
 369      00000000 
 369      00000000 
 369      00000000 
 370              		.global	hspi2
 371              		.section	.bss.hspi2,"aw",%nobits
 372              		.align	2
 375              	hspi2:
 376 0000 00000000 		.space	88
 376      00000000 
 376      00000000 
 376      00000000 
 376      00000000 
 377              		.global	hspi1
 378              		.section	.bss.hspi1,"aw",%nobits
 379              		.align	2
 382              	hspi1:
 383 0000 00000000 		.space	88
 383      00000000 
 383      00000000 
 383      00000000 
 383      00000000 
 384              		.ident	"GCC: (xPack GNU Arm Embedded GCC x86_64) 15.2.1 20251203"
ARM GAS  C:\Users\Administrator\AppData\Local\Temp\ccvhhLVN.s 			page 8


DEFINED SYMBOLS
                            *ABS*:00000000 spi.c
C:\Users\Administrator\AppData\Local\Temp\ccvhhLVN.s:18     .text.MX_SPI1_Init:00000000 $t
C:\Users\Administrator\AppData\Local\Temp\ccvhhLVN.s:24     .text.MX_SPI1_Init:00000000 MX_SPI1_Init
C:\Users\Administrator\AppData\Local\Temp\ccvhhLVN.s:59     .text.MX_SPI1_Init:00000040 $d
C:\Users\Administrator\AppData\Local\Temp\ccvhhLVN.s:382    .bss.hspi1:00000000 hspi1
C:\Users\Administrator\AppData\Local\Temp\ccvhhLVN.s:63     .text.MX_SPI2_Init:00000000 $t
C:\Users\Administrator\AppData\Local\Temp\ccvhhLVN.s:69     .text.MX_SPI2_Init:00000000 MX_SPI2_Init
C:\Users\Administrator\AppData\Local\Temp\ccvhhLVN.s:104    .text.MX_SPI2_Init:00000040 $d
C:\Users\Administrator\AppData\Local\Temp\ccvhhLVN.s:375    .bss.hspi2:00000000 hspi2
C:\Users\Administrator\AppData\Local\Temp\ccvhhLVN.s:108    .text.HAL_SPI_MspInit:00000000 $t
C:\Users\Administrator\AppData\Local\Temp\ccvhhLVN.s:114    .text.HAL_SPI_MspInit:00000000 HAL_SPI_MspInit
C:\Users\Administrator\AppData\Local\Temp\ccvhhLVN.s:288    .text.HAL_SPI_MspInit:00000188 $d
C:\Users\Administrator\AppData\Local\Temp\ccvhhLVN.s:368    .bss.hdma_spi1_rx:00000000 hdma_spi1_rx
C:\Users\Administrator\AppData\Local\Temp\ccvhhLVN.s:361    .bss.hdma_spi1_tx:00000000 hdma_spi1_tx
C:\Users\Administrator\AppData\Local\Temp\ccvhhLVN.s:299    .text.HAL_SPI_MspDeInit:00000000 $t
C:\Users\Administrator\AppData\Local\Temp\ccvhhLVN.s:305    .text.HAL_SPI_MspDeInit:00000000 HAL_SPI_MspDeInit
C:\Users\Administrator\AppData\Local\Temp\ccvhhLVN.s:351    .text.HAL_SPI_MspDeInit:00000064 $d
C:\Users\Administrator\AppData\Local\Temp\ccvhhLVN.s:358    .bss.hdma_spi1_tx:00000000 $d
C:\Users\Administrator\AppData\Local\Temp\ccvhhLVN.s:365    .bss.hdma_spi1_rx:00000000 $d
C:\Users\Administrator\AppData\Local\Temp\ccvhhLVN.s:372    .bss.hspi2:00000000 $d
C:\Users\Administrator\AppData\Local\Temp\ccvhhLVN.s:379    .bss.hspi1:00000000 $d

UNDEFINED SYMBOLS
HAL_SPI_Init
Error_Handler
HAL_GPIO_Init
HAL_DMA_Init
HAL_NVIC_SetPriority
HAL_NVIC_EnableIRQ
HAL_GPIO_DeInit
HAL_DMA_DeInit
HAL_NVIC_DisableIRQ
