ARM GAS  C:\Users\Administrator\AppData\Local\Temp\ccjSWm6e.s 			page 1


   1              		.cpu cortex-m4
   2              		.arch armv7e-m
   3              		.fpu fpv4-sp-d16
   4              		.eabi_attribute 27, 1
   5              		.eabi_attribute 28, 1
   6              		.eabi_attribute 20, 1
   7              		.eabi_attribute 21, 1
   8              		.eabi_attribute 23, 3
   9              		.eabi_attribute 24, 1
  10              		.eabi_attribute 25, 1
  11              		.eabi_attribute 26, 1
  12              		.eabi_attribute 30, 1
  13              		.eabi_attribute 34, 1
  14              		.eabi_attribute 18, 4
  15              		.file	"stm32f4xx_hal_rtc_ex.c"
  16              		.text
  17              		.section	.text.HAL_RTCEx_SetTimeStamp,"ax",%progbits
  18              		.align	1
  19              		.global	HAL_RTCEx_SetTimeStamp
  20              		.syntax unified
  21              		.thumb
  22              		.thumb_func
  24              	HAL_RTCEx_SetTimeStamp:
  25              		@ args = 0, pretend = 0, frame = 0
  26              		@ frame_needed = 0, uses_anonymous_args = 0
  27 0000 0346     		mov	r3, r0
  28 0002 007F     		ldrb	r0, [r0, #28]	@ zero_extendqisi2
  29 0004 0128     		cmp	r0, #1
  30 0006 3FD0     		beq	.L3
  31 0008 10B5     		push	{r4, lr}
  32 000a 0120     		movs	r0, #1
  33 000c 1877     		strb	r0, [r3, #28]
  34 000e 4FF0020C 		mov	ip, #2
  35 0012 83F81DC0 		strb	ip, [r3, #29]
  36 0016 D3F800E0 		ldr	lr, [r3]
  37 001a DEF840C0 		ldr	ip, [lr, #64]
  38 001e 2CF4003C 		bic	ip, ip, #131072
  39 0022 CEF840C0 		str	ip, [lr, #64]
  40 0026 D3F800E0 		ldr	lr, [r3]
  41 002a DEF840C0 		ldr	ip, [lr, #64]
  42 002e 4CEA0202 		orr	r2, ip, r2
  43 0032 CEF84020 		str	r2, [lr, #64]
  44 0036 D3F800C0 		ldr	ip, [r3]
  45 003a DCF80820 		ldr	r2, [ip, #8]
  46 003e 22F40062 		bic	r2, r2, #2048
  47 0042 22F00802 		bic	r2, r2, #8
  48 0046 0A43     		orrs	r2, r2, r1
  49 0048 CA21     		movs	r1, #202
  50 004a CCF82410 		str	r1, [ip, #36]
  51 004e 5321     		movs	r1, #83
  52 0050 1C68     		ldr	r4, [r3]
  53 0052 6162     		str	r1, [r4, #36]
  54 0054 1968     		ldr	r1, [r3]
  55 0056 8A60     		str	r2, [r1, #8]
  56 0058 1968     		ldr	r1, [r3]
  57 005a CA68     		ldr	r2, [r1, #12]
  58 005c D2B2     		uxtb	r2, r2
ARM GAS  C:\Users\Administrator\AppData\Local\Temp\ccjSWm6e.s 			page 2


  59 005e 62F40862 		orn	r2, r2, #2176
  60 0062 CA60     		str	r2, [r1, #12]
  61 0064 1968     		ldr	r1, [r3]
  62 0066 CA68     		ldr	r2, [r1, #12]
  63 0068 D2B2     		uxtb	r2, r2
  64 006a 62F48452 		orn	r2, r2, #4224
  65 006e CA60     		str	r2, [r1, #12]
  66 0070 1968     		ldr	r1, [r3]
  67 0072 8A68     		ldr	r2, [r1, #8]
  68 0074 42F40062 		orr	r2, r2, #2048
  69 0078 8A60     		str	r2, [r1, #8]
  70 007a 1A68     		ldr	r2, [r3]
  71 007c FF21     		movs	r1, #255
  72 007e 5162     		str	r1, [r2, #36]
  73 0080 5877     		strb	r0, [r3, #29]
  74 0082 0020     		movs	r0, #0
  75 0084 1877     		strb	r0, [r3, #28]
  76 0086 10BD     		pop	{r4, pc}
  77              	.L3:
  78 0088 0220     		movs	r0, #2
  79 008a 7047     		bx	lr
  81              		.section	.text.HAL_RTCEx_SetTimeStamp_IT,"ax",%progbits
  82              		.align	1
  83              		.global	HAL_RTCEx_SetTimeStamp_IT
  84              		.syntax unified
  85              		.thumb
  86              		.thumb_func
  88              	HAL_RTCEx_SetTimeStamp_IT:
  89              		@ args = 0, pretend = 0, frame = 0
  90              		@ frame_needed = 0, uses_anonymous_args = 0
  91 0000 0346     		mov	r3, r0
  92 0002 007F     		ldrb	r0, [r0, #28]	@ zero_extendqisi2
  93 0004 0128     		cmp	r0, #1
  94 0006 4DD0     		beq	.L10
  95 0008 10B5     		push	{r4, lr}
  96 000a 0120     		movs	r0, #1
  97 000c 1877     		strb	r0, [r3, #28]
  98 000e 4FF0020C 		mov	ip, #2
  99 0012 83F81DC0 		strb	ip, [r3, #29]
 100 0016 D3F800E0 		ldr	lr, [r3]
 101 001a DEF840C0 		ldr	ip, [lr, #64]
 102 001e 2CF4003C 		bic	ip, ip, #131072
 103 0022 CEF840C0 		str	ip, [lr, #64]
 104 0026 D3F800E0 		ldr	lr, [r3]
 105 002a DEF840C0 		ldr	ip, [lr, #64]
 106 002e 4CEA0202 		orr	r2, ip, r2
 107 0032 CEF84020 		str	r2, [lr, #64]
 108 0036 D3F800C0 		ldr	ip, [r3]
 109 003a DCF80820 		ldr	r2, [ip, #8]
 110 003e 22F40062 		bic	r2, r2, #2048
 111 0042 22F00802 		bic	r2, r2, #8
 112 0046 0A43     		orrs	r2, r2, r1
 113 0048 CA21     		movs	r1, #202
 114 004a CCF82410 		str	r1, [ip, #36]
 115 004e 5321     		movs	r1, #83
 116 0050 1C68     		ldr	r4, [r3]
 117 0052 6162     		str	r1, [r4, #36]
ARM GAS  C:\Users\Administrator\AppData\Local\Temp\ccjSWm6e.s 			page 3


 118 0054 1968     		ldr	r1, [r3]
 119 0056 8A60     		str	r2, [r1, #8]
 120 0058 1968     		ldr	r1, [r3]
 121 005a CA68     		ldr	r2, [r1, #12]
 122 005c D2B2     		uxtb	r2, r2
 123 005e 62F40862 		orn	r2, r2, #2176
 124 0062 CA60     		str	r2, [r1, #12]
 125 0064 1968     		ldr	r1, [r3]
 126 0066 CA68     		ldr	r2, [r1, #12]
 127 0068 D2B2     		uxtb	r2, r2
 128 006a 62F48452 		orn	r2, r2, #4224
 129 006e CA60     		str	r2, [r1, #12]
 130 0070 1968     		ldr	r1, [r3]
 131 0072 8A68     		ldr	r2, [r1, #8]
 132 0074 42F40062 		orr	r2, r2, #2048
 133 0078 8A60     		str	r2, [r1, #8]
 134 007a 1968     		ldr	r1, [r3]
 135 007c 8A68     		ldr	r2, [r1, #8]
 136 007e 42F40042 		orr	r2, r2, #32768
 137 0082 8A60     		str	r2, [r1, #8]
 138 0084 1A68     		ldr	r2, [r3]
 139 0086 FF21     		movs	r1, #255
 140 0088 5162     		str	r1, [r2, #36]
 141 008a 074A     		ldr	r2, .L15
 142 008c 1168     		ldr	r1, [r2]
 143 008e 41F40011 		orr	r1, r1, #2097152
 144 0092 1160     		str	r1, [r2]
 145 0094 9168     		ldr	r1, [r2, #8]
 146 0096 41F40011 		orr	r1, r1, #2097152
 147 009a 9160     		str	r1, [r2, #8]
 148 009c 5877     		strb	r0, [r3, #29]
 149 009e 0020     		movs	r0, #0
 150 00a0 1877     		strb	r0, [r3, #28]
 151 00a2 10BD     		pop	{r4, pc}
 152              	.L10:
 153 00a4 0220     		movs	r0, #2
 154 00a6 7047     		bx	lr
 155              	.L16:
 156              		.align	2
 157              	.L15:
 158 00a8 003C0140 		.word	1073822720
 160              		.section	.text.HAL_RTCEx_DeactivateTimeStamp,"ax",%progbits
 161              		.align	1
 162              		.global	HAL_RTCEx_DeactivateTimeStamp
 163              		.syntax unified
 164              		.thumb
 165              		.thumb_func
 167              	HAL_RTCEx_DeactivateTimeStamp:
 168              		@ args = 0, pretend = 0, frame = 0
 169              		@ frame_needed = 0, uses_anonymous_args = 0
 170              		@ link register save eliminated.
 171 0000 0346     		mov	r3, r0
 172 0002 027F     		ldrb	r2, [r0, #28]	@ zero_extendqisi2
 173 0004 012A     		cmp	r2, #1
 174 0006 1CD0     		beq	.L19
 175 0008 0121     		movs	r1, #1
 176 000a 0177     		strb	r1, [r0, #28]
ARM GAS  C:\Users\Administrator\AppData\Local\Temp\ccjSWm6e.s 			page 4


 177 000c 0222     		movs	r2, #2
 178 000e 4277     		strb	r2, [r0, #29]
 179 0010 0268     		ldr	r2, [r0]
 180 0012 CA20     		movs	r0, #202
 181 0014 5062     		str	r0, [r2, #36]
 182 0016 1A68     		ldr	r2, [r3]
 183 0018 5320     		movs	r0, #83
 184 001a 5062     		str	r0, [r2, #36]
 185 001c 1868     		ldr	r0, [r3]
 186 001e 8268     		ldr	r2, [r0, #8]
 187 0020 22F40042 		bic	r2, r2, #32768
 188 0024 8260     		str	r2, [r0, #8]
 189 0026 1868     		ldr	r0, [r3]
 190 0028 8268     		ldr	r2, [r0, #8]
 191 002a 22F40062 		bic	r2, r2, #2048
 192 002e 22F00802 		bic	r2, r2, #8
 193 0032 8260     		str	r2, [r0, #8]
 194 0034 1A68     		ldr	r2, [r3]
 195 0036 FF20     		movs	r0, #255
 196 0038 5062     		str	r0, [r2, #36]
 197 003a 5977     		strb	r1, [r3, #29]
 198 003c 0020     		movs	r0, #0
 199 003e 1877     		strb	r0, [r3, #28]
 200 0040 7047     		bx	lr
 201              	.L19:
 202 0042 0220     		movs	r0, #2
 203 0044 7047     		bx	lr
 205              		.section	.text.HAL_RTCEx_GetTimeStamp,"ax",%progbits
 206              		.align	1
 207              		.global	HAL_RTCEx_GetTimeStamp
 208              		.syntax unified
 209              		.thumb
 210              		.thumb_func
 212              	HAL_RTCEx_GetTimeStamp:
 213              		@ args = 0, pretend = 0, frame = 0
 214              		@ frame_needed = 0, uses_anonymous_args = 0
 215 0000 70B5     		push	{r4, r5, r6, lr}
 216 0002 0646     		mov	r6, r0
 217 0004 0C46     		mov	r4, r1
 218 0006 1546     		mov	r5, r2
 219 0008 0168     		ldr	r1, [r0]
 220 000a 0A6B     		ldr	r2, [r1, #48]
 221 000c 496B     		ldr	r1, [r1, #52]
 222 000e C2F30540 		ubfx	r0, r2, #16, #6
 223 0012 2070     		strb	r0, [r4]
 224 0014 C2F30620 		ubfx	r0, r2, #8, #7
 225 0018 6070     		strb	r0, [r4, #1]
 226 001a 02F07F00 		and	r0, r2, #127
 227 001e A070     		strb	r0, [r4, #2]
 228 0020 C2F38052 		ubfx	r2, r2, #22, #1
 229 0024 E270     		strb	r2, [r4, #3]
 230 0026 3268     		ldr	r2, [r6]
 231 0028 926B     		ldr	r2, [r2, #56]
 232 002a 6260     		str	r2, [r4, #4]
 233 002c 0022     		movs	r2, #0
 234 002e EA70     		strb	r2, [r5, #3]
 235 0030 C1F30422 		ubfx	r2, r1, #8, #5
ARM GAS  C:\Users\Administrator\AppData\Local\Temp\ccjSWm6e.s 			page 5


 236 0034 6A70     		strb	r2, [r5, #1]
 237 0036 01F03F02 		and	r2, r1, #63
 238 003a AA70     		strb	r2, [r5, #2]
 239 003c C1F34231 		ubfx	r1, r1, #13, #3
 240 0040 2970     		strb	r1, [r5]
 241 0042 3BB1     		cbz	r3, .L23
 242              	.L21:
 243 0044 3268     		ldr	r2, [r6]
 244 0046 D368     		ldr	r3, [r2, #12]
 245 0048 DBB2     		uxtb	r3, r3
 246 004a 63F40863 		orn	r3, r3, #2176
 247 004e D360     		str	r3, [r2, #12]
 248 0050 0020     		movs	r0, #0
 249 0052 70BD     		pop	{r4, r5, r6, pc}
 250              	.L23:
 251 0054 2078     		ldrb	r0, [r4]	@ zero_extendqisi2
 252 0056 FFF7FEFF 		bl	RTC_Bcd2ToByte
 253 005a 2070     		strb	r0, [r4]
 254 005c 6078     		ldrb	r0, [r4, #1]	@ zero_extendqisi2
 255 005e FFF7FEFF 		bl	RTC_Bcd2ToByte
 256 0062 6070     		strb	r0, [r4, #1]
 257 0064 A078     		ldrb	r0, [r4, #2]	@ zero_extendqisi2
 258 0066 FFF7FEFF 		bl	RTC_Bcd2ToByte
 259 006a A070     		strb	r0, [r4, #2]
 260 006c 6878     		ldrb	r0, [r5, #1]	@ zero_extendqisi2
 261 006e FFF7FEFF 		bl	RTC_Bcd2ToByte
 262 0072 6870     		strb	r0, [r5, #1]
 263 0074 A878     		ldrb	r0, [r5, #2]	@ zero_extendqisi2
 264 0076 FFF7FEFF 		bl	RTC_Bcd2ToByte
 265 007a A870     		strb	r0, [r5, #2]
 266 007c 2878     		ldrb	r0, [r5]	@ zero_extendqisi2
 267 007e FFF7FEFF 		bl	RTC_Bcd2ToByte
 268 0082 2870     		strb	r0, [r5]
 269 0084 DEE7     		b	.L21
 271              		.section	.text.HAL_RTCEx_SetTamper,"ax",%progbits
 272              		.align	1
 273              		.global	HAL_RTCEx_SetTamper
 274              		.syntax unified
 275              		.thumb
 276              		.thumb_func
 278              	HAL_RTCEx_SetTamper:
 279              		@ args = 0, pretend = 0, frame = 0
 280              		@ frame_needed = 0, uses_anonymous_args = 0
 281 0000 037F     		ldrb	r3, [r0, #28]	@ zero_extendqisi2
 282 0002 012B     		cmp	r3, #1
 283 0004 2CD0     		beq	.L28
 284 0006 10B5     		push	{r4, lr}
 285 0008 0246     		mov	r2, r0
 286 000a 0123     		movs	r3, #1
 287 000c 0377     		strb	r3, [r0, #28]
 288 000e 0223     		movs	r3, #2
 289 0010 4377     		strb	r3, [r0, #29]
 290 0012 D0F800C0 		ldr	ip, [r0]
 291 0016 DCF84000 		ldr	r0, [ip, #64]
 292 001a D1F800E0 		ldr	lr, [r1]
 293 001e 4EEA0000 		orr	r0, lr, r0
 294 0022 8B68     		ldr	r3, [r1, #8]
ARM GAS  C:\Users\Administrator\AppData\Local\Temp\ccjSWm6e.s 			page 6


 295 0024 022B     		cmp	r3, #2
 296 0026 18D0     		beq	.L33
 297 0028 20EA4E00 		bic	r0, r0, lr, lsl #1
 298              	.L27:
 299 002c 6FF3D010 		bfc	r0, #7, #10
 300 0030 CB68     		ldr	r3, [r1, #12]
 301 0032 0C69     		ldr	r4, [r1, #16]
 302 0034 2343     		orrs	r3, r3, r4
 303 0036 4C69     		ldr	r4, [r1, #20]
 304 0038 2343     		orrs	r3, r3, r4
 305 003a 8C69     		ldr	r4, [r1, #24]
 306 003c 2343     		orrs	r3, r3, r4
 307 003e 4C68     		ldr	r4, [r1, #4]
 308 0040 2343     		orrs	r3, r3, r4
 309 0042 C969     		ldr	r1, [r1, #28]
 310 0044 0B43     		orrs	r3, r3, r1
 311 0046 0343     		orrs	r3, r3, r0
 312 0048 23F00403 		bic	r3, r3, #4
 313 004c CCF84030 		str	r3, [ip, #64]
 314 0050 0123     		movs	r3, #1
 315 0052 5377     		strb	r3, [r2, #29]
 316 0054 0020     		movs	r0, #0
 317 0056 1077     		strb	r0, [r2, #28]
 318 0058 10BD     		pop	{r4, pc}
 319              	.L33:
 320 005a 40EA4E00 		orr	r0, r0, lr, lsl #1
 321 005e E5E7     		b	.L27
 322              	.L28:
 323 0060 0220     		movs	r0, #2
 324 0062 7047     		bx	lr
 326              		.section	.text.HAL_RTCEx_SetTamper_IT,"ax",%progbits
 327              		.align	1
 328              		.global	HAL_RTCEx_SetTamper_IT
 329              		.syntax unified
 330              		.thumb
 331              		.thumb_func
 333              	HAL_RTCEx_SetTamper_IT:
 334              		@ args = 0, pretend = 0, frame = 0
 335              		@ frame_needed = 0, uses_anonymous_args = 0
 336 0000 037F     		ldrb	r3, [r0, #28]	@ zero_extendqisi2
 337 0002 012B     		cmp	r3, #1
 338 0004 35D0     		beq	.L38
 339 0006 10B5     		push	{r4, lr}
 340 0008 0246     		mov	r2, r0
 341 000a 0123     		movs	r3, #1
 342 000c 0377     		strb	r3, [r0, #28]
 343 000e 0223     		movs	r3, #2
 344 0010 4377     		strb	r3, [r0, #29]
 345 0012 D0F800C0 		ldr	ip, [r0]
 346 0016 DCF84000 		ldr	r0, [ip, #64]
 347 001a D1F800E0 		ldr	lr, [r1]
 348 001e 4EEA0000 		orr	r0, lr, r0
 349 0022 8B68     		ldr	r3, [r1, #8]
 350 0024 022B     		cmp	r3, #2
 351 0026 21D0     		beq	.L43
 352 0028 20EA4E00 		bic	r0, r0, lr, lsl #1
 353              	.L37:
ARM GAS  C:\Users\Administrator\AppData\Local\Temp\ccjSWm6e.s 			page 7


 354 002c 6FF3D010 		bfc	r0, #7, #10
 355 0030 CB68     		ldr	r3, [r1, #12]
 356 0032 0C69     		ldr	r4, [r1, #16]
 357 0034 2343     		orrs	r3, r3, r4
 358 0036 4C69     		ldr	r4, [r1, #20]
 359 0038 2343     		orrs	r3, r3, r4
 360 003a 8C69     		ldr	r4, [r1, #24]
 361 003c 2343     		orrs	r3, r3, r4
 362 003e 4C68     		ldr	r4, [r1, #4]
 363 0040 2343     		orrs	r3, r3, r4
 364 0042 C969     		ldr	r1, [r1, #28]
 365 0044 0B43     		orrs	r3, r3, r1
 366 0046 0343     		orrs	r3, r3, r0
 367 0048 43F00403 		orr	r3, r3, #4
 368 004c CCF84030 		str	r3, [ip, #64]
 369 0050 094B     		ldr	r3, .L44
 370 0052 1968     		ldr	r1, [r3]
 371 0054 41F40011 		orr	r1, r1, #2097152
 372 0058 1960     		str	r1, [r3]
 373 005a 9968     		ldr	r1, [r3, #8]
 374 005c 41F40011 		orr	r1, r1, #2097152
 375 0060 9960     		str	r1, [r3, #8]
 376 0062 0123     		movs	r3, #1
 377 0064 5377     		strb	r3, [r2, #29]
 378 0066 0020     		movs	r0, #0
 379 0068 1077     		strb	r0, [r2, #28]
 380 006a 10BD     		pop	{r4, pc}
 381              	.L43:
 382 006c 40EA4E00 		orr	r0, r0, lr, lsl #1
 383 0070 DCE7     		b	.L37
 384              	.L38:
 385 0072 0220     		movs	r0, #2
 386 0074 7047     		bx	lr
 387              	.L45:
 388 0076 00BF     		.align	2
 389              	.L44:
 390 0078 003C0140 		.word	1073822720
 392              		.section	.text.HAL_RTCEx_DeactivateTamper,"ax",%progbits
 393              		.align	1
 394              		.global	HAL_RTCEx_DeactivateTamper
 395              		.syntax unified
 396              		.thumb
 397              		.thumb_func
 399              	HAL_RTCEx_DeactivateTamper:
 400              		@ args = 0, pretend = 0, frame = 0
 401              		@ frame_needed = 0, uses_anonymous_args = 0
 402              		@ link register save eliminated.
 403 0000 037F     		ldrb	r3, [r0, #28]	@ zero_extendqisi2
 404 0002 012B     		cmp	r3, #1
 405 0004 10D0     		beq	.L48
 406 0006 0122     		movs	r2, #1
 407 0008 0277     		strb	r2, [r0, #28]
 408 000a 0223     		movs	r3, #2
 409 000c 4377     		strb	r3, [r0, #29]
 410 000e D0F800C0 		ldr	ip, [r0]
 411 0012 DCF84030 		ldr	r3, [ip, #64]
 412 0016 23EA0103 		bic	r3, r3, r1
ARM GAS  C:\Users\Administrator\AppData\Local\Temp\ccjSWm6e.s 			page 8


 413 001a CCF84030 		str	r3, [ip, #64]
 414 001e 4277     		strb	r2, [r0, #29]
 415 0020 0023     		movs	r3, #0
 416 0022 0377     		strb	r3, [r0, #28]
 417 0024 1846     		mov	r0, r3
 418 0026 7047     		bx	lr
 419              	.L48:
 420 0028 0220     		movs	r0, #2
 421 002a 7047     		bx	lr
 423              		.section	.text.HAL_RTCEx_TimeStampEventCallback,"ax",%progbits
 424              		.align	1
 425              		.weak	HAL_RTCEx_TimeStampEventCallback
 426              		.syntax unified
 427              		.thumb
 428              		.thumb_func
 430              	HAL_RTCEx_TimeStampEventCallback:
 431              		@ args = 0, pretend = 0, frame = 0
 432              		@ frame_needed = 0, uses_anonymous_args = 0
 433              		@ link register save eliminated.
 434 0000 7047     		bx	lr
 436              		.section	.text.HAL_RTCEx_Tamper1EventCallback,"ax",%progbits
 437              		.align	1
 438              		.weak	HAL_RTCEx_Tamper1EventCallback
 439              		.syntax unified
 440              		.thumb
 441              		.thumb_func
 443              	HAL_RTCEx_Tamper1EventCallback:
 444              		@ args = 0, pretend = 0, frame = 0
 445              		@ frame_needed = 0, uses_anonymous_args = 0
 446              		@ link register save eliminated.
 447 0000 7047     		bx	lr
 449              		.section	.text.HAL_RTCEx_Tamper2EventCallback,"ax",%progbits
 450              		.align	1
 451              		.weak	HAL_RTCEx_Tamper2EventCallback
 452              		.syntax unified
 453              		.thumb
 454              		.thumb_func
 456              	HAL_RTCEx_Tamper2EventCallback:
 457              		@ args = 0, pretend = 0, frame = 0
 458              		@ frame_needed = 0, uses_anonymous_args = 0
 459              		@ link register save eliminated.
 460 0000 7047     		bx	lr
 462              		.section	.text.HAL_RTCEx_TamperTimeStampIRQHandler,"ax",%progbits
 463              		.align	1
 464              		.global	HAL_RTCEx_TamperTimeStampIRQHandler
 465              		.syntax unified
 466              		.thumb
 467              		.thumb_func
 469              	HAL_RTCEx_TamperTimeStampIRQHandler:
 470              		@ args = 0, pretend = 0, frame = 0
 471              		@ frame_needed = 0, uses_anonymous_args = 0
 472 0000 10B5     		push	{r4, lr}
 473 0002 0446     		mov	r4, r0
 474 0004 0368     		ldr	r3, [r0]
 475 0006 9A68     		ldr	r2, [r3, #8]
 476 0008 12F4004F 		tst	r2, #32768
 477 000c 03D0     		beq	.L53
ARM GAS  C:\Users\Administrator\AppData\Local\Temp\ccjSWm6e.s 			page 9


 478 000e DB68     		ldr	r3, [r3, #12]
 479 0010 13F4006F 		tst	r3, #2048
 480 0014 18D1     		bne	.L57
 481              	.L53:
 482 0016 2368     		ldr	r3, [r4]
 483 0018 1A6C     		ldr	r2, [r3, #64]
 484 001a 12F0040F 		tst	r2, #4
 485 001e 03D0     		beq	.L54
 486 0020 DB68     		ldr	r3, [r3, #12]
 487 0022 13F4005F 		tst	r3, #8192
 488 0026 18D1     		bne	.L58
 489              	.L54:
 490 0028 2368     		ldr	r3, [r4]
 491 002a 1A6C     		ldr	r2, [r3, #64]
 492 002c 12F0040F 		tst	r2, #4
 493 0030 03D0     		beq	.L55
 494 0032 DB68     		ldr	r3, [r3, #12]
 495 0034 13F4804F 		tst	r3, #16384
 496 0038 19D1     		bne	.L59
 497              	.L55:
 498 003a 124B     		ldr	r3, .L60
 499 003c 4FF40012 		mov	r2, #2097152
 500 0040 5A61     		str	r2, [r3, #20]
 501 0042 0123     		movs	r3, #1
 502 0044 6377     		strb	r3, [r4, #29]
 503 0046 10BD     		pop	{r4, pc}
 504              	.L57:
 505 0048 FFF7FEFF 		bl	HAL_RTCEx_TimeStampEventCallback
 506 004c 2268     		ldr	r2, [r4]
 507 004e D368     		ldr	r3, [r2, #12]
 508 0050 DBB2     		uxtb	r3, r3
 509 0052 63F40863 		orn	r3, r3, #2176
 510 0056 D360     		str	r3, [r2, #12]
 511 0058 DDE7     		b	.L53
 512              	.L58:
 513 005a 2046     		mov	r0, r4
 514 005c FFF7FEFF 		bl	HAL_RTCEx_Tamper1EventCallback
 515 0060 2268     		ldr	r2, [r4]
 516 0062 D368     		ldr	r3, [r2, #12]
 517 0064 DBB2     		uxtb	r3, r3
 518 0066 63F40253 		orn	r3, r3, #8320
 519 006a D360     		str	r3, [r2, #12]
 520 006c DCE7     		b	.L54
 521              	.L59:
 522 006e 2046     		mov	r0, r4
 523 0070 FFF7FEFF 		bl	HAL_RTCEx_Tamper2EventCallback
 524 0074 2268     		ldr	r2, [r4]
 525 0076 D368     		ldr	r3, [r2, #12]
 526 0078 DBB2     		uxtb	r3, r3
 527 007a 63F48143 		orn	r3, r3, #16512
 528 007e D360     		str	r3, [r2, #12]
 529 0080 DBE7     		b	.L55
 530              	.L61:
 531 0082 00BF     		.align	2
 532              	.L60:
 533 0084 003C0140 		.word	1073822720
 535              		.section	.text.HAL_RTCEx_PollForTimeStampEvent,"ax",%progbits
ARM GAS  C:\Users\Administrator\AppData\Local\Temp\ccjSWm6e.s 			page 10


 536              		.align	1
 537              		.global	HAL_RTCEx_PollForTimeStampEvent
 538              		.syntax unified
 539              		.thumb
 540              		.thumb_func
 542              	HAL_RTCEx_PollForTimeStampEvent:
 543              		@ args = 0, pretend = 0, frame = 0
 544              		@ frame_needed = 0, uses_anonymous_args = 0
 545 0000 70B5     		push	{r4, r5, r6, lr}
 546 0002 0546     		mov	r5, r0
 547 0004 0C46     		mov	r4, r1
 548 0006 FFF7FEFF 		bl	HAL_GetTick
 549 000a 0646     		mov	r6, r0
 550 000c 04E0     		b	.L63
 551              	.L64:
 552 000e 2B68     		ldr	r3, [r5]
 553 0010 DA68     		ldr	r2, [r3, #12]
 554 0012 12F4805F 		tst	r2, #4096
 555 0016 10D1     		bne	.L69
 556              	.L63:
 557 0018 2B68     		ldr	r3, [r5]
 558 001a DB68     		ldr	r3, [r3, #12]
 559 001c 13F4006F 		tst	r3, #2048
 560 0020 14D1     		bne	.L70
 561 0022 B4F1FF3F 		cmp	r4, #-1
 562 0026 F2D0     		beq	.L64
 563 0028 24B1     		cbz	r4, .L65
 564 002a FFF7FEFF 		bl	HAL_GetTick
 565 002e 831B     		subs	r3, r0, r6
 566 0030 A342     		cmp	r3, r4
 567 0032 ECD9     		bls	.L64
 568              	.L65:
 569 0034 0320     		movs	r0, #3
 570 0036 6877     		strb	r0, [r5, #29]
 571              	.L66:
 572 0038 70BD     		pop	{r4, r5, r6, pc}
 573              	.L69:
 574 003a DA68     		ldr	r2, [r3, #12]
 575 003c D2B2     		uxtb	r2, r2
 576 003e 62F48452 		orn	r2, r2, #4224
 577 0042 DA60     		str	r2, [r3, #12]
 578 0044 0423     		movs	r3, #4
 579 0046 6B77     		strb	r3, [r5, #29]
 580 0048 0120     		movs	r0, #1
 581 004a F5E7     		b	.L66
 582              	.L70:
 583 004c 0123     		movs	r3, #1
 584 004e 6B77     		strb	r3, [r5, #29]
 585 0050 0020     		movs	r0, #0
 586 0052 F1E7     		b	.L66
 588              		.section	.text.HAL_RTCEx_PollForTamper1Event,"ax",%progbits
 589              		.align	1
 590              		.global	HAL_RTCEx_PollForTamper1Event
 591              		.syntax unified
 592              		.thumb
 593              		.thumb_func
 595              	HAL_RTCEx_PollForTamper1Event:
ARM GAS  C:\Users\Administrator\AppData\Local\Temp\ccjSWm6e.s 			page 11


 596              		@ args = 0, pretend = 0, frame = 0
 597              		@ frame_needed = 0, uses_anonymous_args = 0
 598 0000 70B5     		push	{r4, r5, r6, lr}
 599 0002 0446     		mov	r4, r0
 600 0004 0D46     		mov	r5, r1
 601 0006 FFF7FEFF 		bl	HAL_GetTick
 602 000a 0646     		mov	r6, r0
 603              	.L73:
 604 000c 2368     		ldr	r3, [r4]
 605 000e DA68     		ldr	r2, [r3, #12]
 606 0010 12F4005F 		tst	r2, #8192
 607 0014 0BD1     		bne	.L78
 608 0016 B5F1FF3F 		cmp	r5, #-1
 609 001a F7D0     		beq	.L73
 610 001c 25B1     		cbz	r5, .L74
 611 001e FFF7FEFF 		bl	HAL_GetTick
 612 0022 801B     		subs	r0, r0, r6
 613 0024 A842     		cmp	r0, r5
 614 0026 F1D9     		bls	.L73
 615              	.L74:
 616 0028 0320     		movs	r0, #3
 617 002a 6077     		strb	r0, [r4, #29]
 618 002c 07E0     		b	.L75
 619              	.L78:
 620 002e DA68     		ldr	r2, [r3, #12]
 621 0030 D2B2     		uxtb	r2, r2
 622 0032 62F40252 		orn	r2, r2, #8320
 623 0036 DA60     		str	r2, [r3, #12]
 624 0038 0123     		movs	r3, #1
 625 003a 6377     		strb	r3, [r4, #29]
 626 003c 0020     		movs	r0, #0
 627              	.L75:
 628 003e 70BD     		pop	{r4, r5, r6, pc}
 630              		.section	.text.HAL_RTCEx_PollForTamper2Event,"ax",%progbits
 631              		.align	1
 632              		.global	HAL_RTCEx_PollForTamper2Event
 633              		.syntax unified
 634              		.thumb
 635              		.thumb_func
 637              	HAL_RTCEx_PollForTamper2Event:
 638              		@ args = 0, pretend = 0, frame = 0
 639              		@ frame_needed = 0, uses_anonymous_args = 0
 640 0000 70B5     		push	{r4, r5, r6, lr}
 641 0002 0446     		mov	r4, r0
 642 0004 0D46     		mov	r5, r1
 643 0006 FFF7FEFF 		bl	HAL_GetTick
 644 000a 0646     		mov	r6, r0
 645              	.L81:
 646 000c 2368     		ldr	r3, [r4]
 647 000e DA68     		ldr	r2, [r3, #12]
 648 0010 12F4804F 		tst	r2, #16384
 649 0014 0BD1     		bne	.L86
 650 0016 B5F1FF3F 		cmp	r5, #-1
 651 001a F7D0     		beq	.L81
 652 001c 25B1     		cbz	r5, .L82
 653 001e FFF7FEFF 		bl	HAL_GetTick
 654 0022 801B     		subs	r0, r0, r6
ARM GAS  C:\Users\Administrator\AppData\Local\Temp\ccjSWm6e.s 			page 12


 655 0024 A842     		cmp	r0, r5
 656 0026 F1D9     		bls	.L81
 657              	.L82:
 658 0028 0320     		movs	r0, #3
 659 002a 6077     		strb	r0, [r4, #29]
 660 002c 07E0     		b	.L83
 661              	.L86:
 662 002e DA68     		ldr	r2, [r3, #12]
 663 0030 D2B2     		uxtb	r2, r2
 664 0032 62F48142 		orn	r2, r2, #16512
 665 0036 DA60     		str	r2, [r3, #12]
 666 0038 0123     		movs	r3, #1
 667 003a 6377     		strb	r3, [r4, #29]
 668 003c 0020     		movs	r0, #0
 669              	.L83:
 670 003e 70BD     		pop	{r4, r5, r6, pc}
 672              		.section	.text.HAL_RTCEx_SetWakeUpTimer,"ax",%progbits
 673              		.align	1
 674              		.global	HAL_RTCEx_SetWakeUpTimer
 675              		.syntax unified
 676              		.thumb
 677              		.thumb_func
 679              	HAL_RTCEx_SetWakeUpTimer:
 680              		@ args = 0, pretend = 0, frame = 0
 681              		@ frame_needed = 0, uses_anonymous_args = 0
 682 0000 F8B5     		push	{r3, r4, r5, r6, r7, lr}
 683 0002 037F     		ldrb	r3, [r0, #28]	@ zero_extendqisi2
 684 0004 012B     		cmp	r3, #1
 685 0006 5FD0     		beq	.L94
 686 0008 0446     		mov	r4, r0
 687 000a 0E46     		mov	r6, r1
 688 000c 1746     		mov	r7, r2
 689 000e 0123     		movs	r3, #1
 690 0010 0377     		strb	r3, [r0, #28]
 691 0012 0223     		movs	r3, #2
 692 0014 4377     		strb	r3, [r0, #29]
 693 0016 0368     		ldr	r3, [r0]
 694 0018 CA22     		movs	r2, #202
 695 001a 5A62     		str	r2, [r3, #36]
 696 001c 0368     		ldr	r3, [r0]
 697 001e 5322     		movs	r2, #83
 698 0020 5A62     		str	r2, [r3, #36]
 699 0022 0368     		ldr	r3, [r0]
 700 0024 9B68     		ldr	r3, [r3, #8]
 701 0026 13F4806F 		tst	r3, #1024
 702 002a 15D0     		beq	.L89
 703 002c FFF7FEFF 		bl	HAL_GetTick
 704 0030 0546     		mov	r5, r0
 705              	.L90:
 706 0032 2368     		ldr	r3, [r4]
 707 0034 DB68     		ldr	r3, [r3, #12]
 708 0036 13F0040F 		tst	r3, #4
 709 003a 0DD0     		beq	.L89
 710 003c FFF7FEFF 		bl	HAL_GetTick
 711 0040 401B     		subs	r0, r0, r5
 712 0042 B0F57A7F 		cmp	r0, #1000
 713 0046 F4D9     		bls	.L90
ARM GAS  C:\Users\Administrator\AppData\Local\Temp\ccjSWm6e.s 			page 13


 714 0048 2368     		ldr	r3, [r4]
 715 004a FF22     		movs	r2, #255
 716 004c 5A62     		str	r2, [r3, #36]
 717 004e 0320     		movs	r0, #3
 718 0050 6077     		strb	r0, [r4, #29]
 719 0052 0023     		movs	r3, #0
 720 0054 2377     		strb	r3, [r4, #28]
 721 0056 36E0     		b	.L88
 722              	.L89:
 723 0058 2268     		ldr	r2, [r4]
 724 005a 9368     		ldr	r3, [r2, #8]
 725 005c 23F48063 		bic	r3, r3, #1024
 726 0060 9360     		str	r3, [r2, #8]
 727 0062 2268     		ldr	r2, [r4]
 728 0064 D368     		ldr	r3, [r2, #12]
 729 0066 DBB2     		uxtb	r3, r3
 730 0068 63F49063 		orn	r3, r3, #1152
 731 006c D360     		str	r3, [r2, #12]
 732 006e FFF7FEFF 		bl	HAL_GetTick
 733 0072 0546     		mov	r5, r0
 734              	.L92:
 735 0074 2368     		ldr	r3, [r4]
 736 0076 DA68     		ldr	r2, [r3, #12]
 737 0078 12F0040F 		tst	r2, #4
 738 007c 0DD1     		bne	.L96
 739 007e FFF7FEFF 		bl	HAL_GetTick
 740 0082 401B     		subs	r0, r0, r5
 741 0084 B0F57A7F 		cmp	r0, #1000
 742 0088 F4D9     		bls	.L92
 743 008a 2368     		ldr	r3, [r4]
 744 008c FF22     		movs	r2, #255
 745 008e 5A62     		str	r2, [r3, #36]
 746 0090 0320     		movs	r0, #3
 747 0092 6077     		strb	r0, [r4, #29]
 748 0094 0023     		movs	r3, #0
 749 0096 2377     		strb	r3, [r4, #28]
 750 0098 15E0     		b	.L88
 751              	.L96:
 752 009a 9A68     		ldr	r2, [r3, #8]
 753 009c 22F00702 		bic	r2, r2, #7
 754 00a0 9A60     		str	r2, [r3, #8]
 755 00a2 2268     		ldr	r2, [r4]
 756 00a4 9368     		ldr	r3, [r2, #8]
 757 00a6 3B43     		orrs	r3, r3, r7
 758 00a8 9360     		str	r3, [r2, #8]
 759 00aa 2368     		ldr	r3, [r4]
 760 00ac 5E61     		str	r6, [r3, #20]
 761 00ae 2268     		ldr	r2, [r4]
 762 00b0 9368     		ldr	r3, [r2, #8]
 763 00b2 43F48063 		orr	r3, r3, #1024
 764 00b6 9360     		str	r3, [r2, #8]
 765 00b8 2368     		ldr	r3, [r4]
 766 00ba FF22     		movs	r2, #255
 767 00bc 5A62     		str	r2, [r3, #36]
 768 00be 0123     		movs	r3, #1
 769 00c0 6377     		strb	r3, [r4, #29]
 770 00c2 0020     		movs	r0, #0
ARM GAS  C:\Users\Administrator\AppData\Local\Temp\ccjSWm6e.s 			page 14


 771 00c4 2077     		strb	r0, [r4, #28]
 772              	.L88:
 773 00c6 F8BD     		pop	{r3, r4, r5, r6, r7, pc}
 774              	.L94:
 775 00c8 0220     		movs	r0, #2
 776 00ca FCE7     		b	.L88
 778              		.section	.text.HAL_RTCEx_SetWakeUpTimer_IT,"ax",%progbits
 779              		.align	1
 780              		.global	HAL_RTCEx_SetWakeUpTimer_IT
 781              		.syntax unified
 782              		.thumb
 783              		.thumb_func
 785              	HAL_RTCEx_SetWakeUpTimer_IT:
 786              		@ args = 0, pretend = 0, frame = 8
 787              		@ frame_needed = 0, uses_anonymous_args = 0
 788 0000 10B5     		push	{r4, lr}
 789 0002 82B0     		sub	sp, sp, #8
 790 0004 0346     		mov	r3, r0
 791 0006 0C46     		mov	r4, r1
 792 0008 9646     		mov	lr, r2
 793 000a 3C4A     		ldr	r2, .L108
 794 000c 1068     		ldr	r0, [r2]
 795 000e 3C4A     		ldr	r2, .L108+4
 796 0010 A2FB0020 		umull	r2, r0, r2, r0
 797 0014 C00A     		lsrs	r0, r0, #11
 798 0016 4FF47A72 		mov	r2, #1000
 799 001a 00FB02F2 		mul	r2, r0, r2
 800 001e 0192     		str	r2, [sp, #4]
 801 0020 197F     		ldrb	r1, [r3, #28]	@ zero_extendqisi2
 802 0022 0129     		cmp	r1, #1
 803 0024 68D0     		beq	.L104
 804 0026 0121     		movs	r1, #1
 805 0028 1977     		strb	r1, [r3, #28]
 806 002a 0221     		movs	r1, #2
 807 002c 5977     		strb	r1, [r3, #29]
 808 002e 1968     		ldr	r1, [r3]
 809 0030 CA20     		movs	r0, #202
 810 0032 4862     		str	r0, [r1, #36]
 811 0034 1968     		ldr	r1, [r3]
 812 0036 5320     		movs	r0, #83
 813 0038 4862     		str	r0, [r1, #36]
 814 003a D3F800C0 		ldr	ip, [r3]
 815 003e DCF80810 		ldr	r1, [ip, #8]
 816 0042 11F4806F 		tst	r1, #1024
 817 0046 09D0     		beq	.L99
 818              	.L101:
 819 0048 0198     		ldr	r0, [sp, #4]
 820 004a 411E     		subs	r1, r0, #1
 821 004c 0191     		str	r1, [sp, #4]
 822 004e 0028     		cmp	r0, #0
 823 0050 41D0     		beq	.L106
 824 0052 DCF80C00 		ldr	r0, [ip, #12]
 825 0056 10F0040F 		tst	r0, #4
 826 005a F5D1     		bne	.L101
 827              	.L99:
 828 005c DCF80810 		ldr	r1, [ip, #8]
 829 0060 21F48061 		bic	r1, r1, #1024
ARM GAS  C:\Users\Administrator\AppData\Local\Temp\ccjSWm6e.s 			page 15


 830 0064 CCF80810 		str	r1, [ip, #8]
 831 0068 1868     		ldr	r0, [r3]
 832 006a C168     		ldr	r1, [r0, #12]
 833 006c C9B2     		uxtb	r1, r1
 834 006e 61F49061 		orn	r1, r1, #1152
 835 0072 C160     		str	r1, [r0, #12]
 836 0074 0192     		str	r2, [sp, #4]
 837              	.L103:
 838 0076 0198     		ldr	r0, [sp, #4]
 839 0078 421E     		subs	r2, r0, #1
 840 007a 0192     		str	r2, [sp, #4]
 841 007c 0028     		cmp	r0, #0
 842 007e 32D0     		beq	.L107
 843 0080 1868     		ldr	r0, [r3]
 844 0082 C268     		ldr	r2, [r0, #12]
 845 0084 12F0040F 		tst	r2, #4
 846 0088 F5D0     		beq	.L103
 847 008a 8268     		ldr	r2, [r0, #8]
 848 008c 22F00702 		bic	r2, r2, #7
 849 0090 8260     		str	r2, [r0, #8]
 850 0092 1968     		ldr	r1, [r3]
 851 0094 8A68     		ldr	r2, [r1, #8]
 852 0096 42EA0E02 		orr	r2, r2, lr
 853 009a 8A60     		str	r2, [r1, #8]
 854 009c 1A68     		ldr	r2, [r3]
 855 009e 5461     		str	r4, [r2, #20]
 856 00a0 184A     		ldr	r2, .L108+8
 857 00a2 1168     		ldr	r1, [r2]
 858 00a4 41F48001 		orr	r1, r1, #4194304
 859 00a8 1160     		str	r1, [r2]
 860 00aa 9168     		ldr	r1, [r2, #8]
 861 00ac 41F48001 		orr	r1, r1, #4194304
 862 00b0 9160     		str	r1, [r2, #8]
 863 00b2 1968     		ldr	r1, [r3]
 864 00b4 8A68     		ldr	r2, [r1, #8]
 865 00b6 42F48042 		orr	r2, r2, #16384
 866 00ba 8A60     		str	r2, [r1, #8]
 867 00bc 1968     		ldr	r1, [r3]
 868 00be 8A68     		ldr	r2, [r1, #8]
 869 00c0 42F48062 		orr	r2, r2, #1024
 870 00c4 8A60     		str	r2, [r1, #8]
 871 00c6 1A68     		ldr	r2, [r3]
 872 00c8 FF21     		movs	r1, #255
 873 00ca 5162     		str	r1, [r2, #36]
 874 00cc 0122     		movs	r2, #1
 875 00ce 5A77     		strb	r2, [r3, #29]
 876 00d0 0020     		movs	r0, #0
 877 00d2 1877     		strb	r0, [r3, #28]
 878 00d4 0EE0     		b	.L98
 879              	.L106:
 880 00d6 FF22     		movs	r2, #255
 881 00d8 CCF82420 		str	r2, [ip, #36]
 882 00dc 0320     		movs	r0, #3
 883 00de 5877     		strb	r0, [r3, #29]
 884 00e0 0022     		movs	r2, #0
 885 00e2 1A77     		strb	r2, [r3, #28]
 886 00e4 06E0     		b	.L98
ARM GAS  C:\Users\Administrator\AppData\Local\Temp\ccjSWm6e.s 			page 16


 887              	.L107:
 888 00e6 1A68     		ldr	r2, [r3]
 889 00e8 FF21     		movs	r1, #255
 890 00ea 5162     		str	r1, [r2, #36]
 891 00ec 0320     		movs	r0, #3
 892 00ee 5877     		strb	r0, [r3, #29]
 893 00f0 0022     		movs	r2, #0
 894 00f2 1A77     		strb	r2, [r3, #28]
 895              	.L98:
 896 00f4 02B0     		add	sp, sp, #8
 897              		@ sp needed
 898 00f6 10BD     		pop	{r4, pc}
 899              	.L104:
 900 00f8 0220     		movs	r0, #2
 901 00fa FBE7     		b	.L98
 902              	.L109:
 903              		.align	2
 904              	.L108:
 905 00fc 00000000 		.word	SystemCoreClock
 906 0100 D34D6210 		.word	274877907
 907 0104 003C0140 		.word	1073822720
 909              		.section	.text.HAL_RTCEx_DeactivateWakeUpTimer,"ax",%progbits
 910              		.align	1
 911              		.global	HAL_RTCEx_DeactivateWakeUpTimer
 912              		.syntax unified
 913              		.thumb
 914              		.thumb_func
 916              	HAL_RTCEx_DeactivateWakeUpTimer:
 917              		@ args = 0, pretend = 0, frame = 0
 918              		@ frame_needed = 0, uses_anonymous_args = 0
 919 0000 38B5     		push	{r3, r4, r5, lr}
 920 0002 037F     		ldrb	r3, [r0, #28]	@ zero_extendqisi2
 921 0004 012B     		cmp	r3, #1
 922 0006 31D0     		beq	.L114
 923 0008 0446     		mov	r4, r0
 924 000a 0123     		movs	r3, #1
 925 000c 0377     		strb	r3, [r0, #28]
 926 000e 0223     		movs	r3, #2
 927 0010 4377     		strb	r3, [r0, #29]
 928 0012 0368     		ldr	r3, [r0]
 929 0014 CA22     		movs	r2, #202
 930 0016 5A62     		str	r2, [r3, #36]
 931 0018 0368     		ldr	r3, [r0]
 932 001a 5322     		movs	r2, #83
 933 001c 5A62     		str	r2, [r3, #36]
 934 001e 0268     		ldr	r2, [r0]
 935 0020 9368     		ldr	r3, [r2, #8]
 936 0022 23F48063 		bic	r3, r3, #1024
 937 0026 9360     		str	r3, [r2, #8]
 938 0028 0268     		ldr	r2, [r0]
 939 002a 9368     		ldr	r3, [r2, #8]
 940 002c 23F48043 		bic	r3, r3, #16384
 941 0030 9360     		str	r3, [r2, #8]
 942 0032 FFF7FEFF 		bl	HAL_GetTick
 943 0036 0546     		mov	r5, r0
 944              	.L112:
 945 0038 2368     		ldr	r3, [r4]
ARM GAS  C:\Users\Administrator\AppData\Local\Temp\ccjSWm6e.s 			page 17


 946 003a DA68     		ldr	r2, [r3, #12]
 947 003c 12F0040F 		tst	r2, #4
 948 0040 0DD1     		bne	.L116
 949 0042 FFF7FEFF 		bl	HAL_GetTick
 950 0046 431B     		subs	r3, r0, r5
 951 0048 B3F57A7F 		cmp	r3, #1000
 952 004c F4D9     		bls	.L112
 953 004e 2368     		ldr	r3, [r4]
 954 0050 FF22     		movs	r2, #255
 955 0052 5A62     		str	r2, [r3, #36]
 956 0054 0320     		movs	r0, #3
 957 0056 6077     		strb	r0, [r4, #29]
 958 0058 0023     		movs	r3, #0
 959 005a 2377     		strb	r3, [r4, #28]
 960 005c 05E0     		b	.L111
 961              	.L116:
 962 005e FF22     		movs	r2, #255
 963 0060 5A62     		str	r2, [r3, #36]
 964 0062 0123     		movs	r3, #1
 965 0064 6377     		strb	r3, [r4, #29]
 966 0066 0020     		movs	r0, #0
 967 0068 2077     		strb	r0, [r4, #28]
 968              	.L111:
 969 006a 38BD     		pop	{r3, r4, r5, pc}
 970              	.L114:
 971 006c 0220     		movs	r0, #2
 972 006e FCE7     		b	.L111
 974              		.section	.text.HAL_RTCEx_GetWakeUpTimer,"ax",%progbits
 975              		.align	1
 976              		.global	HAL_RTCEx_GetWakeUpTimer
 977              		.syntax unified
 978              		.thumb
 979              		.thumb_func
 981              	HAL_RTCEx_GetWakeUpTimer:
 982              		@ args = 0, pretend = 0, frame = 0
 983              		@ frame_needed = 0, uses_anonymous_args = 0
 984              		@ link register save eliminated.
 985 0000 0368     		ldr	r3, [r0]
 986 0002 5869     		ldr	r0, [r3, #20]
 987 0004 80B2     		uxth	r0, r0
 988 0006 7047     		bx	lr
 990              		.section	.text.HAL_RTCEx_WakeUpTimerEventCallback,"ax",%progbits
 991              		.align	1
 992              		.weak	HAL_RTCEx_WakeUpTimerEventCallback
 993              		.syntax unified
 994              		.thumb
 995              		.thumb_func
 997              	HAL_RTCEx_WakeUpTimerEventCallback:
 998              		@ args = 0, pretend = 0, frame = 0
 999              		@ frame_needed = 0, uses_anonymous_args = 0
 1000              		@ link register save eliminated.
 1001 0000 7047     		bx	lr
 1003              		.section	.text.HAL_RTCEx_WakeUpTimerIRQHandler,"ax",%progbits
 1004              		.align	1
 1005              		.global	HAL_RTCEx_WakeUpTimerIRQHandler
 1006              		.syntax unified
 1007              		.thumb
ARM GAS  C:\Users\Administrator\AppData\Local\Temp\ccjSWm6e.s 			page 18


 1008              		.thumb_func
 1010              	HAL_RTCEx_WakeUpTimerIRQHandler:
 1011              		@ args = 0, pretend = 0, frame = 0
 1012              		@ frame_needed = 0, uses_anonymous_args = 0
 1013 0000 10B5     		push	{r4, lr}
 1014 0002 0446     		mov	r4, r0
 1015 0004 0368     		ldr	r3, [r0]
 1016 0006 DB68     		ldr	r3, [r3, #12]
 1017 0008 13F4806F 		tst	r3, #1024
 1018 000c 06D1     		bne	.L122
 1019              	.L120:
 1020 000e 084B     		ldr	r3, .L123
 1021 0010 4FF48002 		mov	r2, #4194304
 1022 0014 5A61     		str	r2, [r3, #20]
 1023 0016 0123     		movs	r3, #1
 1024 0018 6377     		strb	r3, [r4, #29]
 1025 001a 10BD     		pop	{r4, pc}
 1026              	.L122:
 1027 001c FFF7FEFF 		bl	HAL_RTCEx_WakeUpTimerEventCallback
 1028 0020 2268     		ldr	r2, [r4]
 1029 0022 D368     		ldr	r3, [r2, #12]
 1030 0024 DBB2     		uxtb	r3, r3
 1031 0026 63F49063 		orn	r3, r3, #1152
 1032 002a D360     		str	r3, [r2, #12]
 1033 002c EFE7     		b	.L120
 1034              	.L124:
 1035 002e 00BF     		.align	2
 1036              	.L123:
 1037 0030 003C0140 		.word	1073822720
 1039              		.section	.text.HAL_RTCEx_PollForWakeUpTimerEvent,"ax",%progbits
 1040              		.align	1
 1041              		.global	HAL_RTCEx_PollForWakeUpTimerEvent
 1042              		.syntax unified
 1043              		.thumb
 1044              		.thumb_func
 1046              	HAL_RTCEx_PollForWakeUpTimerEvent:
 1047              		@ args = 0, pretend = 0, frame = 0
 1048              		@ frame_needed = 0, uses_anonymous_args = 0
 1049 0000 70B5     		push	{r4, r5, r6, lr}
 1050 0002 0446     		mov	r4, r0
 1051 0004 0D46     		mov	r5, r1
 1052 0006 FFF7FEFF 		bl	HAL_GetTick
 1053 000a 0646     		mov	r6, r0
 1054              	.L127:
 1055 000c 2368     		ldr	r3, [r4]
 1056 000e DA68     		ldr	r2, [r3, #12]
 1057 0010 12F4806F 		tst	r2, #1024
 1058 0014 0BD1     		bne	.L132
 1059 0016 B5F1FF3F 		cmp	r5, #-1
 1060 001a F7D0     		beq	.L127
 1061 001c 25B1     		cbz	r5, .L128
 1062 001e FFF7FEFF 		bl	HAL_GetTick
 1063 0022 801B     		subs	r0, r0, r6
 1064 0024 A842     		cmp	r0, r5
 1065 0026 F1D9     		bls	.L127
 1066              	.L128:
 1067 0028 0320     		movs	r0, #3
ARM GAS  C:\Users\Administrator\AppData\Local\Temp\ccjSWm6e.s 			page 19


 1068 002a 6077     		strb	r0, [r4, #29]
 1069 002c 07E0     		b	.L129
 1070              	.L132:
 1071 002e DA68     		ldr	r2, [r3, #12]
 1072 0030 D2B2     		uxtb	r2, r2
 1073 0032 62F49062 		orn	r2, r2, #1152
 1074 0036 DA60     		str	r2, [r3, #12]
 1075 0038 0123     		movs	r3, #1
 1076 003a 6377     		strb	r3, [r4, #29]
 1077 003c 0020     		movs	r0, #0
 1078              	.L129:
 1079 003e 70BD     		pop	{r4, r5, r6, pc}
 1081              		.section	.text.HAL_RTCEx_BKUPWrite,"ax",%progbits
 1082              		.align	1
 1083              		.global	HAL_RTCEx_BKUPWrite
 1084              		.syntax unified
 1085              		.thumb
 1086              		.thumb_func
 1088              	HAL_RTCEx_BKUPWrite:
 1089              		@ args = 0, pretend = 0, frame = 0
 1090              		@ frame_needed = 0, uses_anonymous_args = 0
 1091              		@ link register save eliminated.
 1092 0000 0368     		ldr	r3, [r0]
 1093 0002 5033     		adds	r3, r3, #80
 1094 0004 43F82120 		str	r2, [r3, r1, lsl #2]
 1095 0008 7047     		bx	lr
 1097              		.section	.text.HAL_RTCEx_BKUPRead,"ax",%progbits
 1098              		.align	1
 1099              		.global	HAL_RTCEx_BKUPRead
 1100              		.syntax unified
 1101              		.thumb
 1102              		.thumb_func
 1104              	HAL_RTCEx_BKUPRead:
 1105              		@ args = 0, pretend = 0, frame = 0
 1106              		@ frame_needed = 0, uses_anonymous_args = 0
 1107              		@ link register save eliminated.
 1108 0000 0368     		ldr	r3, [r0]
 1109 0002 5033     		adds	r3, r3, #80
 1110 0004 53F82100 		ldr	r0, [r3, r1, lsl #2]
 1111 0008 7047     		bx	lr
 1113              		.section	.text.HAL_RTCEx_SetCoarseCalib,"ax",%progbits
 1114              		.align	1
 1115              		.global	HAL_RTCEx_SetCoarseCalib
 1116              		.syntax unified
 1117              		.thumb
 1118              		.thumb_func
 1120              	HAL_RTCEx_SetCoarseCalib:
 1121              		@ args = 0, pretend = 0, frame = 0
 1122              		@ frame_needed = 0, uses_anonymous_args = 0
 1123 0000 037F     		ldrb	r3, [r0, #28]	@ zero_extendqisi2
 1124 0002 012B     		cmp	r3, #1
 1125 0004 27D0     		beq	.L138
 1126 0006 70B5     		push	{r4, r5, r6, lr}
 1127 0008 0446     		mov	r4, r0
 1128 000a 0D46     		mov	r5, r1
 1129 000c 1646     		mov	r6, r2
 1130 000e 0123     		movs	r3, #1
ARM GAS  C:\Users\Administrator\AppData\Local\Temp\ccjSWm6e.s 			page 20


 1131 0010 0377     		strb	r3, [r0, #28]
 1132 0012 0223     		movs	r3, #2
 1133 0014 4377     		strb	r3, [r0, #29]
 1134 0016 0368     		ldr	r3, [r0]
 1135 0018 CA22     		movs	r2, #202
 1136 001a 5A62     		str	r2, [r3, #36]
 1137 001c 0368     		ldr	r3, [r0]
 1138 001e 5322     		movs	r2, #83
 1139 0020 5A62     		str	r2, [r3, #36]
 1140 0022 FFF7FEFF 		bl	RTC_EnterInitMode
 1141 0026 28B1     		cbz	r0, .L143
 1142              	.L137:
 1143 0028 2368     		ldr	r3, [r4]
 1144 002a FF22     		movs	r2, #255
 1145 002c 5A62     		str	r2, [r3, #36]
 1146 002e 0023     		movs	r3, #0
 1147 0030 2377     		strb	r3, [r4, #28]
 1148 0032 70BD     		pop	{r4, r5, r6, pc}
 1149              	.L143:
 1150 0034 2268     		ldr	r2, [r4]
 1151 0036 9368     		ldr	r3, [r2, #8]
 1152 0038 43F08003 		orr	r3, r3, #128
 1153 003c 9360     		str	r3, [r2, #8]
 1154 003e 2368     		ldr	r3, [r4]
 1155 0040 2946     		mov	r1, r5
 1156 0042 3143     		orrs	r1, r1, r6
 1157 0044 9961     		str	r1, [r3, #24]
 1158 0046 2046     		mov	r0, r4
 1159 0048 FFF7FEFF 		bl	RTC_ExitInitMode
 1160 004c 0028     		cmp	r0, #0
 1161 004e EBD1     		bne	.L137
 1162 0050 0123     		movs	r3, #1
 1163 0052 6377     		strb	r3, [r4, #29]
 1164 0054 E8E7     		b	.L137
 1165              	.L138:
 1166 0056 0220     		movs	r0, #2
 1167 0058 7047     		bx	lr
 1169              		.section	.text.HAL_RTCEx_DeactivateCoarseCalib,"ax",%progbits
 1170              		.align	1
 1171              		.global	HAL_RTCEx_DeactivateCoarseCalib
 1172              		.syntax unified
 1173              		.thumb
 1174              		.thumb_func
 1176              	HAL_RTCEx_DeactivateCoarseCalib:
 1177              		@ args = 0, pretend = 0, frame = 0
 1178              		@ frame_needed = 0, uses_anonymous_args = 0
 1179 0000 037F     		ldrb	r3, [r0, #28]	@ zero_extendqisi2
 1180 0002 012B     		cmp	r3, #1
 1181 0004 21D0     		beq	.L147
 1182 0006 10B5     		push	{r4, lr}
 1183 0008 0446     		mov	r4, r0
 1184 000a 0123     		movs	r3, #1
 1185 000c 0377     		strb	r3, [r0, #28]
 1186 000e 0223     		movs	r3, #2
 1187 0010 4377     		strb	r3, [r0, #29]
 1188 0012 0368     		ldr	r3, [r0]
 1189 0014 CA22     		movs	r2, #202
ARM GAS  C:\Users\Administrator\AppData\Local\Temp\ccjSWm6e.s 			page 21


 1190 0016 5A62     		str	r2, [r3, #36]
 1191 0018 0368     		ldr	r3, [r0]
 1192 001a 5322     		movs	r2, #83
 1193 001c 5A62     		str	r2, [r3, #36]
 1194 001e FFF7FEFF 		bl	RTC_EnterInitMode
 1195 0022 28B1     		cbz	r0, .L152
 1196              	.L146:
 1197 0024 2368     		ldr	r3, [r4]
 1198 0026 FF22     		movs	r2, #255
 1199 0028 5A62     		str	r2, [r3, #36]
 1200 002a 0023     		movs	r3, #0
 1201 002c 2377     		strb	r3, [r4, #28]
 1202 002e 10BD     		pop	{r4, pc}
 1203              	.L152:
 1204 0030 2268     		ldr	r2, [r4]
 1205 0032 9368     		ldr	r3, [r2, #8]
 1206 0034 23F08003 		bic	r3, r3, #128
 1207 0038 9360     		str	r3, [r2, #8]
 1208 003a 2046     		mov	r0, r4
 1209 003c FFF7FEFF 		bl	RTC_ExitInitMode
 1210 0040 0028     		cmp	r0, #0
 1211 0042 EFD1     		bne	.L146
 1212 0044 0123     		movs	r3, #1
 1213 0046 6377     		strb	r3, [r4, #29]
 1214 0048 ECE7     		b	.L146
 1215              	.L147:
 1216 004a 0220     		movs	r0, #2
 1217 004c 7047     		bx	lr
 1219              		.section	.text.HAL_RTCEx_SetSmoothCalib,"ax",%progbits
 1220              		.align	1
 1221              		.global	HAL_RTCEx_SetSmoothCalib
 1222              		.syntax unified
 1223              		.thumb
 1224              		.thumb_func
 1226              	HAL_RTCEx_SetSmoothCalib:
 1227              		@ args = 0, pretend = 0, frame = 0
 1228              		@ frame_needed = 0, uses_anonymous_args = 0
 1229 0000 2DE9F041 		push	{r4, r5, r6, r7, r8, lr}
 1230 0004 9846     		mov	r8, r3
 1231 0006 037F     		ldrb	r3, [r0, #28]	@ zero_extendqisi2
 1232 0008 012B     		cmp	r3, #1
 1233 000a 36D0     		beq	.L158
 1234 000c 0446     		mov	r4, r0
 1235 000e 0E46     		mov	r6, r1
 1236 0010 1746     		mov	r7, r2
 1237 0012 0123     		movs	r3, #1
 1238 0014 0377     		strb	r3, [r0, #28]
 1239 0016 0223     		movs	r3, #2
 1240 0018 4377     		strb	r3, [r0, #29]
 1241 001a 0368     		ldr	r3, [r0]
 1242 001c CA22     		movs	r2, #202
 1243 001e 5A62     		str	r2, [r3, #36]
 1244 0020 0368     		ldr	r3, [r0]
 1245 0022 5322     		movs	r2, #83
 1246 0024 5A62     		str	r2, [r3, #36]
 1247 0026 0368     		ldr	r3, [r0]
 1248 0028 DB68     		ldr	r3, [r3, #12]
ARM GAS  C:\Users\Administrator\AppData\Local\Temp\ccjSWm6e.s 			page 22


 1249 002a 13F4803F 		tst	r3, #65536
 1250 002e 0ED1     		bne	.L160
 1251              	.L155:
 1252 0030 3346     		mov	r3, r6
 1253 0032 3B43     		orrs	r3, r3, r7
 1254 0034 2268     		ldr	r2, [r4]
 1255 0036 4146     		mov	r1, r8
 1256 0038 0B43     		orrs	r3, r3, r1
 1257 003a D363     		str	r3, [r2, #60]
 1258 003c 2368     		ldr	r3, [r4]
 1259 003e FF22     		movs	r2, #255
 1260 0040 5A62     		str	r2, [r3, #36]
 1261 0042 0123     		movs	r3, #1
 1262 0044 6377     		strb	r3, [r4, #29]
 1263 0046 0020     		movs	r0, #0
 1264 0048 2077     		strb	r0, [r4, #28]
 1265              	.L154:
 1266 004a BDE8F081 		pop	{r4, r5, r6, r7, r8, pc}
 1267              	.L160:
 1268 004e FFF7FEFF 		bl	HAL_GetTick
 1269 0052 0546     		mov	r5, r0
 1270              	.L156:
 1271 0054 2368     		ldr	r3, [r4]
 1272 0056 D968     		ldr	r1, [r3, #12]
 1273 0058 11F4803F 		tst	r1, #65536
 1274 005c E8D0     		beq	.L155
 1275 005e FFF7FEFF 		bl	HAL_GetTick
 1276 0062 401B     		subs	r0, r0, r5
 1277 0064 B0F57A7F 		cmp	r0, #1000
 1278 0068 F4D9     		bls	.L156
 1279 006a 2368     		ldr	r3, [r4]
 1280 006c FF22     		movs	r2, #255
 1281 006e 5A62     		str	r2, [r3, #36]
 1282 0070 0320     		movs	r0, #3
 1283 0072 6077     		strb	r0, [r4, #29]
 1284 0074 0023     		movs	r3, #0
 1285 0076 2377     		strb	r3, [r4, #28]
 1286 0078 E7E7     		b	.L154
 1287              	.L158:
 1288 007a 0220     		movs	r0, #2
 1289 007c E5E7     		b	.L154
 1291              		.section	.text.HAL_RTCEx_SetSynchroShift,"ax",%progbits
 1292              		.align	1
 1293              		.global	HAL_RTCEx_SetSynchroShift
 1294              		.syntax unified
 1295              		.thumb
 1296              		.thumb_func
 1298              	HAL_RTCEx_SetSynchroShift:
 1299              		@ args = 0, pretend = 0, frame = 0
 1300              		@ frame_needed = 0, uses_anonymous_args = 0
 1301 0000 F8B5     		push	{r3, r4, r5, r6, r7, lr}
 1302 0002 037F     		ldrb	r3, [r0, #28]	@ zero_extendqisi2
 1303 0004 012B     		cmp	r3, #1
 1304 0006 4CD0     		beq	.L167
 1305 0008 0446     		mov	r4, r0
 1306 000a 0E46     		mov	r6, r1
 1307 000c 1746     		mov	r7, r2
ARM GAS  C:\Users\Administrator\AppData\Local\Temp\ccjSWm6e.s 			page 23


 1308 000e 0123     		movs	r3, #1
 1309 0010 0377     		strb	r3, [r0, #28]
 1310 0012 0223     		movs	r3, #2
 1311 0014 4377     		strb	r3, [r0, #29]
 1312 0016 0368     		ldr	r3, [r0]
 1313 0018 CA22     		movs	r2, #202
 1314 001a 5A62     		str	r2, [r3, #36]
 1315 001c 0368     		ldr	r3, [r0]
 1316 001e 5322     		movs	r2, #83
 1317 0020 5A62     		str	r2, [r3, #36]
 1318 0022 FFF7FEFF 		bl	HAL_GetTick
 1319 0026 0546     		mov	r5, r0
 1320              	.L163:
 1321 0028 2368     		ldr	r3, [r4]
 1322 002a D868     		ldr	r0, [r3, #12]
 1323 002c 10F0080F 		tst	r0, #8
 1324 0030 0DD0     		beq	.L169
 1325 0032 FFF7FEFF 		bl	HAL_GetTick
 1326 0036 431B     		subs	r3, r0, r5
 1327 0038 B3F57A7F 		cmp	r3, #1000
 1328 003c F4D9     		bls	.L163
 1329 003e 2368     		ldr	r3, [r4]
 1330 0040 FF22     		movs	r2, #255
 1331 0042 5A62     		str	r2, [r3, #36]
 1332 0044 0320     		movs	r0, #3
 1333 0046 6077     		strb	r0, [r4, #29]
 1334 0048 0023     		movs	r3, #0
 1335 004a 2377     		strb	r3, [r4, #28]
 1336              	.L162:
 1337 004c F8BD     		pop	{r3, r4, r5, r6, r7, pc}
 1338              	.L169:
 1339 004e 9A68     		ldr	r2, [r3, #8]
 1340 0050 12F0100F 		tst	r2, #16
 1341 0054 1DD1     		bne	.L165
 1342 0056 3A46     		mov	r2, r7
 1343 0058 3243     		orrs	r2, r2, r6
 1344 005a DA62     		str	r2, [r3, #44]
 1345 005c 2368     		ldr	r3, [r4]
 1346 005e 9B68     		ldr	r3, [r3, #8]
 1347 0060 13F0200F 		tst	r3, #32
 1348 0064 07D0     		beq	.L170
 1349              	.L166:
 1350 0066 2368     		ldr	r3, [r4]
 1351 0068 FF22     		movs	r2, #255
 1352 006a 5A62     		str	r2, [r3, #36]
 1353 006c 0123     		movs	r3, #1
 1354 006e 6377     		strb	r3, [r4, #29]
 1355 0070 0020     		movs	r0, #0
 1356 0072 2077     		strb	r0, [r4, #28]
 1357 0074 EAE7     		b	.L162
 1358              	.L170:
 1359 0076 2046     		mov	r0, r4
 1360 0078 FFF7FEFF 		bl	HAL_RTC_WaitForSynchro
 1361 007c 0028     		cmp	r0, #0
 1362 007e F2D0     		beq	.L166
 1363 0080 2368     		ldr	r3, [r4]
 1364 0082 FF22     		movs	r2, #255
ARM GAS  C:\Users\Administrator\AppData\Local\Temp\ccjSWm6e.s 			page 24


 1365 0084 5A62     		str	r2, [r3, #36]
 1366 0086 0423     		movs	r3, #4
 1367 0088 6377     		strb	r3, [r4, #29]
 1368 008a 0023     		movs	r3, #0
 1369 008c 2377     		strb	r3, [r4, #28]
 1370 008e 0120     		movs	r0, #1
 1371 0090 DCE7     		b	.L162
 1372              	.L165:
 1373 0092 FF22     		movs	r2, #255
 1374 0094 5A62     		str	r2, [r3, #36]
 1375 0096 0423     		movs	r3, #4
 1376 0098 6377     		strb	r3, [r4, #29]
 1377 009a 0023     		movs	r3, #0
 1378 009c 2377     		strb	r3, [r4, #28]
 1379 009e 0120     		movs	r0, #1
 1380 00a0 D4E7     		b	.L162
 1381              	.L167:
 1382 00a2 0220     		movs	r0, #2
 1383 00a4 D2E7     		b	.L162
 1385              		.section	.text.HAL_RTCEx_SetCalibrationOutPut,"ax",%progbits
 1386              		.align	1
 1387              		.global	HAL_RTCEx_SetCalibrationOutPut
 1388              		.syntax unified
 1389              		.thumb
 1390              		.thumb_func
 1392              	HAL_RTCEx_SetCalibrationOutPut:
 1393              		@ args = 0, pretend = 0, frame = 0
 1394              		@ frame_needed = 0, uses_anonymous_args = 0
 1395              		@ link register save eliminated.
 1396 0000 027F     		ldrb	r2, [r0, #28]	@ zero_extendqisi2
 1397 0002 012A     		cmp	r2, #1
 1398 0004 27D0     		beq	.L173
 1399 0006 10B4     		push	{r4}
 1400 0008 0346     		mov	r3, r0
 1401 000a 0120     		movs	r0, #1
 1402 000c 1877     		strb	r0, [r3, #28]
 1403 000e 0222     		movs	r2, #2
 1404 0010 5A77     		strb	r2, [r3, #29]
 1405 0012 CA22     		movs	r2, #202
 1406 0014 1C68     		ldr	r4, [r3]
 1407 0016 6262     		str	r2, [r4, #36]
 1408 0018 5322     		movs	r2, #83
 1409 001a 1C68     		ldr	r4, [r3]
 1410 001c 6262     		str	r2, [r4, #36]
 1411 001e D3F800C0 		ldr	ip, [r3]
 1412 0022 DCF80820 		ldr	r2, [ip, #8]
 1413 0026 22F40022 		bic	r2, r2, #524288
 1414 002a CCF80820 		str	r2, [ip, #8]
 1415 002e D3F800C0 		ldr	ip, [r3]
 1416 0032 DCF80820 		ldr	r2, [ip, #8]
 1417 0036 0A43     		orrs	r2, r2, r1
 1418 0038 CCF80820 		str	r2, [ip, #8]
 1419 003c 1968     		ldr	r1, [r3]
 1420 003e 8A68     		ldr	r2, [r1, #8]
 1421 0040 42F40002 		orr	r2, r2, #8388608
 1422 0044 8A60     		str	r2, [r1, #8]
 1423 0046 1A68     		ldr	r2, [r3]
ARM GAS  C:\Users\Administrator\AppData\Local\Temp\ccjSWm6e.s 			page 25


 1424 0048 FF21     		movs	r1, #255
 1425 004a 5162     		str	r1, [r2, #36]
 1426 004c 5877     		strb	r0, [r3, #29]
 1427 004e 0020     		movs	r0, #0
 1428 0050 1877     		strb	r0, [r3, #28]
 1429 0052 10BC     		pop	{r4}
 1430 0054 7047     		bx	lr
 1431              	.L173:
 1432 0056 0220     		movs	r0, #2
 1433 0058 7047     		bx	lr
 1435              		.section	.text.HAL_RTCEx_DeactivateCalibrationOutPut,"ax",%progbits
 1436              		.align	1
 1437              		.global	HAL_RTCEx_DeactivateCalibrationOutPut
 1438              		.syntax unified
 1439              		.thumb
 1440              		.thumb_func
 1442              	HAL_RTCEx_DeactivateCalibrationOutPut:
 1443              		@ args = 0, pretend = 0, frame = 0
 1444              		@ frame_needed = 0, uses_anonymous_args = 0
 1445              		@ link register save eliminated.
 1446 0000 037F     		ldrb	r3, [r0, #28]	@ zero_extendqisi2
 1447 0002 012B     		cmp	r3, #1
 1448 0004 16D0     		beq	.L180
 1449 0006 0122     		movs	r2, #1
 1450 0008 0277     		strb	r2, [r0, #28]
 1451 000a 0223     		movs	r3, #2
 1452 000c 4377     		strb	r3, [r0, #29]
 1453 000e 0368     		ldr	r3, [r0]
 1454 0010 CA21     		movs	r1, #202
 1455 0012 5962     		str	r1, [r3, #36]
 1456 0014 0368     		ldr	r3, [r0]
 1457 0016 5321     		movs	r1, #83
 1458 0018 5962     		str	r1, [r3, #36]
 1459 001a 0168     		ldr	r1, [r0]
 1460 001c 8B68     		ldr	r3, [r1, #8]
 1461 001e 23F40003 		bic	r3, r3, #8388608
 1462 0022 8B60     		str	r3, [r1, #8]
 1463 0024 0368     		ldr	r3, [r0]
 1464 0026 FF21     		movs	r1, #255
 1465 0028 5962     		str	r1, [r3, #36]
 1466 002a 4277     		strb	r2, [r0, #29]
 1467 002c 0023     		movs	r3, #0
 1468 002e 0377     		strb	r3, [r0, #28]
 1469 0030 1846     		mov	r0, r3
 1470 0032 7047     		bx	lr
 1471              	.L180:
 1472 0034 0220     		movs	r0, #2
 1473 0036 7047     		bx	lr
 1475              		.section	.text.HAL_RTCEx_SetRefClock,"ax",%progbits
 1476              		.align	1
 1477              		.global	HAL_RTCEx_SetRefClock
 1478              		.syntax unified
 1479              		.thumb
 1480              		.thumb_func
 1482              	HAL_RTCEx_SetRefClock:
 1483              		@ args = 0, pretend = 0, frame = 0
 1484              		@ frame_needed = 0, uses_anonymous_args = 0
ARM GAS  C:\Users\Administrator\AppData\Local\Temp\ccjSWm6e.s 			page 26


 1485 0000 037F     		ldrb	r3, [r0, #28]	@ zero_extendqisi2
 1486 0002 012B     		cmp	r3, #1
 1487 0004 21D0     		beq	.L184
 1488 0006 10B5     		push	{r4, lr}
 1489 0008 0446     		mov	r4, r0
 1490 000a 0123     		movs	r3, #1
 1491 000c 0377     		strb	r3, [r0, #28]
 1492 000e 0223     		movs	r3, #2
 1493 0010 4377     		strb	r3, [r0, #29]
 1494 0012 0368     		ldr	r3, [r0]
 1495 0014 CA22     		movs	r2, #202
 1496 0016 5A62     		str	r2, [r3, #36]
 1497 0018 0368     		ldr	r3, [r0]
 1498 001a 5322     		movs	r2, #83
 1499 001c 5A62     		str	r2, [r3, #36]
 1500 001e FFF7FEFF 		bl	RTC_EnterInitMode
 1501 0022 28B1     		cbz	r0, .L189
 1502              	.L183:
 1503 0024 2368     		ldr	r3, [r4]
 1504 0026 FF22     		movs	r2, #255
 1505 0028 5A62     		str	r2, [r3, #36]
 1506 002a 0023     		movs	r3, #0
 1507 002c 2377     		strb	r3, [r4, #28]
 1508 002e 10BD     		pop	{r4, pc}
 1509              	.L189:
 1510 0030 2268     		ldr	r2, [r4]
 1511 0032 9368     		ldr	r3, [r2, #8]
 1512 0034 43F01003 		orr	r3, r3, #16
 1513 0038 9360     		str	r3, [r2, #8]
 1514 003a 2046     		mov	r0, r4
 1515 003c FFF7FEFF 		bl	RTC_ExitInitMode
 1516 0040 0028     		cmp	r0, #0
 1517 0042 EFD1     		bne	.L183
 1518 0044 0123     		movs	r3, #1
 1519 0046 6377     		strb	r3, [r4, #29]
 1520 0048 ECE7     		b	.L183
 1521              	.L184:
 1522 004a 0220     		movs	r0, #2
 1523 004c 7047     		bx	lr
 1525              		.section	.text.HAL_RTCEx_DeactivateRefClock,"ax",%progbits
 1526              		.align	1
 1527              		.global	HAL_RTCEx_DeactivateRefClock
 1528              		.syntax unified
 1529              		.thumb
 1530              		.thumb_func
 1532              	HAL_RTCEx_DeactivateRefClock:
 1533              		@ args = 0, pretend = 0, frame = 0
 1534              		@ frame_needed = 0, uses_anonymous_args = 0
 1535 0000 037F     		ldrb	r3, [r0, #28]	@ zero_extendqisi2
 1536 0002 012B     		cmp	r3, #1
 1537 0004 21D0     		beq	.L193
 1538 0006 10B5     		push	{r4, lr}
 1539 0008 0446     		mov	r4, r0
 1540 000a 0123     		movs	r3, #1
 1541 000c 0377     		strb	r3, [r0, #28]
 1542 000e 0223     		movs	r3, #2
 1543 0010 4377     		strb	r3, [r0, #29]
ARM GAS  C:\Users\Administrator\AppData\Local\Temp\ccjSWm6e.s 			page 27


 1544 0012 0368     		ldr	r3, [r0]
 1545 0014 CA22     		movs	r2, #202
 1546 0016 5A62     		str	r2, [r3, #36]
 1547 0018 0368     		ldr	r3, [r0]
 1548 001a 5322     		movs	r2, #83
 1549 001c 5A62     		str	r2, [r3, #36]
 1550 001e FFF7FEFF 		bl	RTC_EnterInitMode
 1551 0022 28B1     		cbz	r0, .L198
 1552              	.L192:
 1553 0024 2368     		ldr	r3, [r4]
 1554 0026 FF22     		movs	r2, #255
 1555 0028 5A62     		str	r2, [r3, #36]
 1556 002a 0023     		movs	r3, #0
 1557 002c 2377     		strb	r3, [r4, #28]
 1558 002e 10BD     		pop	{r4, pc}
 1559              	.L198:
 1560 0030 2268     		ldr	r2, [r4]
 1561 0032 9368     		ldr	r3, [r2, #8]
 1562 0034 23F01003 		bic	r3, r3, #16
 1563 0038 9360     		str	r3, [r2, #8]
 1564 003a 2046     		mov	r0, r4
 1565 003c FFF7FEFF 		bl	RTC_ExitInitMode
 1566 0040 0028     		cmp	r0, #0
 1567 0042 EFD1     		bne	.L192
 1568 0044 0123     		movs	r3, #1
 1569 0046 6377     		strb	r3, [r4, #29]
 1570 0048 ECE7     		b	.L192
 1571              	.L193:
 1572 004a 0220     		movs	r0, #2
 1573 004c 7047     		bx	lr
 1575              		.section	.text.HAL_RTCEx_EnableBypassShadow,"ax",%progbits
 1576              		.align	1
 1577              		.global	HAL_RTCEx_EnableBypassShadow
 1578              		.syntax unified
 1579              		.thumb
 1580              		.thumb_func
 1582              	HAL_RTCEx_EnableBypassShadow:
 1583              		@ args = 0, pretend = 0, frame = 0
 1584              		@ frame_needed = 0, uses_anonymous_args = 0
 1585              		@ link register save eliminated.
 1586 0000 037F     		ldrb	r3, [r0, #28]	@ zero_extendqisi2
 1587 0002 012B     		cmp	r3, #1
 1588 0004 16D0     		beq	.L201
 1589 0006 0122     		movs	r2, #1
 1590 0008 0277     		strb	r2, [r0, #28]
 1591 000a 0223     		movs	r3, #2
 1592 000c 4377     		strb	r3, [r0, #29]
 1593 000e 0368     		ldr	r3, [r0]
 1594 0010 CA21     		movs	r1, #202
 1595 0012 5962     		str	r1, [r3, #36]
 1596 0014 0368     		ldr	r3, [r0]
 1597 0016 5321     		movs	r1, #83
 1598 0018 5962     		str	r1, [r3, #36]
 1599 001a 0168     		ldr	r1, [r0]
 1600 001c 8B68     		ldr	r3, [r1, #8]
 1601 001e 43F02003 		orr	r3, r3, #32
 1602 0022 8B60     		str	r3, [r1, #8]
ARM GAS  C:\Users\Administrator\AppData\Local\Temp\ccjSWm6e.s 			page 28


 1603 0024 0368     		ldr	r3, [r0]
 1604 0026 FF21     		movs	r1, #255
 1605 0028 5962     		str	r1, [r3, #36]
 1606 002a 4277     		strb	r2, [r0, #29]
 1607 002c 0023     		movs	r3, #0
 1608 002e 0377     		strb	r3, [r0, #28]
 1609 0030 1846     		mov	r0, r3
 1610 0032 7047     		bx	lr
 1611              	.L201:
 1612 0034 0220     		movs	r0, #2
 1613 0036 7047     		bx	lr
 1615              		.section	.text.HAL_RTCEx_DisableBypassShadow,"ax",%progbits
 1616              		.align	1
 1617              		.global	HAL_RTCEx_DisableBypassShadow
 1618              		.syntax unified
 1619              		.thumb
 1620              		.thumb_func
 1622              	HAL_RTCEx_DisableBypassShadow:
 1623              		@ args = 0, pretend = 0, frame = 0
 1624              		@ frame_needed = 0, uses_anonymous_args = 0
 1625              		@ link register save eliminated.
 1626 0000 037F     		ldrb	r3, [r0, #28]	@ zero_extendqisi2
 1627 0002 012B     		cmp	r3, #1
 1628 0004 16D0     		beq	.L204
 1629 0006 0122     		movs	r2, #1
 1630 0008 0277     		strb	r2, [r0, #28]
 1631 000a 0223     		movs	r3, #2
 1632 000c 4377     		strb	r3, [r0, #29]
 1633 000e 0368     		ldr	r3, [r0]
 1634 0010 CA21     		movs	r1, #202
 1635 0012 5962     		str	r1, [r3, #36]
 1636 0014 0368     		ldr	r3, [r0]
 1637 0016 5321     		movs	r1, #83
 1638 0018 5962     		str	r1, [r3, #36]
 1639 001a 0168     		ldr	r1, [r0]
 1640 001c 8B68     		ldr	r3, [r1, #8]
 1641 001e 03F0DF03 		and	r3, r3, #223
 1642 0022 8B60     		str	r3, [r1, #8]
 1643 0024 0368     		ldr	r3, [r0]
 1644 0026 FF21     		movs	r1, #255
 1645 0028 5962     		str	r1, [r3, #36]
 1646 002a 4277     		strb	r2, [r0, #29]
 1647 002c 0023     		movs	r3, #0
 1648 002e 0377     		strb	r3, [r0, #28]
 1649 0030 1846     		mov	r0, r3
 1650 0032 7047     		bx	lr
 1651              	.L204:
 1652 0034 0220     		movs	r0, #2
 1653 0036 7047     		bx	lr
 1655              		.section	.text.HAL_RTCEx_AlarmBEventCallback,"ax",%progbits
 1656              		.align	1
 1657              		.weak	HAL_RTCEx_AlarmBEventCallback
 1658              		.syntax unified
 1659              		.thumb
 1660              		.thumb_func
 1662              	HAL_RTCEx_AlarmBEventCallback:
 1663              		@ args = 0, pretend = 0, frame = 0
ARM GAS  C:\Users\Administrator\AppData\Local\Temp\ccjSWm6e.s 			page 29


 1664              		@ frame_needed = 0, uses_anonymous_args = 0
 1665              		@ link register save eliminated.
 1666 0000 7047     		bx	lr
 1668              		.section	.text.HAL_RTCEx_PollForAlarmBEvent,"ax",%progbits
 1669              		.align	1
 1670              		.global	HAL_RTCEx_PollForAlarmBEvent
 1671              		.syntax unified
 1672              		.thumb
 1673              		.thumb_func
 1675              	HAL_RTCEx_PollForAlarmBEvent:
 1676              		@ args = 0, pretend = 0, frame = 0
 1677              		@ frame_needed = 0, uses_anonymous_args = 0
 1678 0000 70B5     		push	{r4, r5, r6, lr}
 1679 0002 0446     		mov	r4, r0
 1680 0004 0D46     		mov	r5, r1
 1681 0006 FFF7FEFF 		bl	HAL_GetTick
 1682 000a 0646     		mov	r6, r0
 1683              	.L208:
 1684 000c 2368     		ldr	r3, [r4]
 1685 000e DA68     		ldr	r2, [r3, #12]
 1686 0010 12F4007F 		tst	r2, #512
 1687 0014 0BD1     		bne	.L213
 1688 0016 B5F1FF3F 		cmp	r5, #-1
 1689 001a F7D0     		beq	.L208
 1690 001c 25B1     		cbz	r5, .L209
 1691 001e FFF7FEFF 		bl	HAL_GetTick
 1692 0022 801B     		subs	r0, r0, r6
 1693 0024 A842     		cmp	r0, r5
 1694 0026 F1D9     		bls	.L208
 1695              	.L209:
 1696 0028 0320     		movs	r0, #3
 1697 002a 6077     		strb	r0, [r4, #29]
 1698 002c 07E0     		b	.L210
 1699              	.L213:
 1700 002e DA68     		ldr	r2, [r3, #12]
 1701 0030 D2B2     		uxtb	r2, r2
 1702 0032 62F42072 		orn	r2, r2, #640
 1703 0036 DA60     		str	r2, [r3, #12]
 1704 0038 0123     		movs	r3, #1
 1705 003a 6377     		strb	r3, [r4, #29]
 1706 003c 0020     		movs	r0, #0
 1707              	.L210:
 1708 003e 70BD     		pop	{r4, r5, r6, pc}
 1710              		.ident	"GCC: (xPack GNU Arm Embedded GCC x86_64) 15.2.1 20251203"
ARM GAS  C:\Users\Administrator\AppData\Local\Temp\ccjSWm6e.s 			page 30


DEFINED SYMBOLS
                            *ABS*:00000000 stm32f4xx_hal_rtc_ex.c
C:\Users\Administrator\AppData\Local\Temp\ccjSWm6e.s:18     .text.HAL_RTCEx_SetTimeStamp:00000000 $t
C:\Users\Administrator\AppData\Local\Temp\ccjSWm6e.s:24     .text.HAL_RTCEx_SetTimeStamp:00000000 HAL_RTCEx_SetTimeStamp
C:\Users\Administrator\AppData\Local\Temp\ccjSWm6e.s:82     .text.HAL_RTCEx_SetTimeStamp_IT:00000000 $t
C:\Users\Administrator\AppData\Local\Temp\ccjSWm6e.s:88     .text.HAL_RTCEx_SetTimeStamp_IT:00000000 HAL_RTCEx_SetTimeStamp_IT
C:\Users\Administrator\AppData\Local\Temp\ccjSWm6e.s:158    .text.HAL_RTCEx_SetTimeStamp_IT:000000a8 $d
C:\Users\Administrator\AppData\Local\Temp\ccjSWm6e.s:161    .text.HAL_RTCEx_DeactivateTimeStamp:00000000 $t
C:\Users\Administrator\AppData\Local\Temp\ccjSWm6e.s:167    .text.HAL_RTCEx_DeactivateTimeStamp:00000000 HAL_RTCEx_DeactivateTimeStamp
C:\Users\Administrator\AppData\Local\Temp\ccjSWm6e.s:206    .text.HAL_RTCEx_GetTimeStamp:00000000 $t
C:\Users\Administrator\AppData\Local\Temp\ccjSWm6e.s:212    .text.HAL_RTCEx_GetTimeStamp:00000000 HAL_RTCEx_GetTimeStamp
C:\Users\Administrator\AppData\Local\Temp\ccjSWm6e.s:272    .text.HAL_RTCEx_SetTamper:00000000 $t
C:\Users\Administrator\AppData\Local\Temp\ccjSWm6e.s:278    .text.HAL_RTCEx_SetTamper:00000000 HAL_RTCEx_SetTamper
C:\Users\Administrator\AppData\Local\Temp\ccjSWm6e.s:327    .text.HAL_RTCEx_SetTamper_IT:00000000 $t
C:\Users\Administrator\AppData\Local\Temp\ccjSWm6e.s:333    .text.HAL_RTCEx_SetTamper_IT:00000000 HAL_RTCEx_SetTamper_IT
C:\Users\Administrator\AppData\Local\Temp\ccjSWm6e.s:390    .text.HAL_RTCEx_SetTamper_IT:00000078 $d
C:\Users\Administrator\AppData\Local\Temp\ccjSWm6e.s:393    .text.HAL_RTCEx_DeactivateTamper:00000000 $t
C:\Users\Administrator\AppData\Local\Temp\ccjSWm6e.s:399    .text.HAL_RTCEx_DeactivateTamper:00000000 HAL_RTCEx_DeactivateTamper
C:\Users\Administrator\AppData\Local\Temp\ccjSWm6e.s:424    .text.HAL_RTCEx_TimeStampEventCallback:00000000 $t
C:\Users\Administrator\AppData\Local\Temp\ccjSWm6e.s:430    .text.HAL_RTCEx_TimeStampEventCallback:00000000 HAL_RTCEx_TimeStampEventCallback
C:\Users\Administrator\AppData\Local\Temp\ccjSWm6e.s:437    .text.HAL_RTCEx_Tamper1EventCallback:00000000 $t
C:\Users\Administrator\AppData\Local\Temp\ccjSWm6e.s:443    .text.HAL_RTCEx_Tamper1EventCallback:00000000 HAL_RTCEx_Tamper1EventCallback
C:\Users\Administrator\AppData\Local\Temp\ccjSWm6e.s:450    .text.HAL_RTCEx_Tamper2EventCallback:00000000 $t
C:\Users\Administrator\AppData\Local\Temp\ccjSWm6e.s:456    .text.HAL_RTCEx_Tamper2EventCallback:00000000 HAL_RTCEx_Tamper2EventCallback
C:\Users\Administrator\AppData\Local\Temp\ccjSWm6e.s:463    .text.HAL_RTCEx_TamperTimeStampIRQHandler:00000000 $t
C:\Users\Administrator\AppData\Local\Temp\ccjSWm6e.s:469    .text.HAL_RTCEx_TamperTimeStampIRQHandler:00000000 HAL_RTCEx_TamperTimeStampIRQHandler
C:\Users\Administrator\AppData\Local\Temp\ccjSWm6e.s:533    .text.HAL_RTCEx_TamperTimeStampIRQHandler:00000084 $d
C:\Users\Administrator\AppData\Local\Temp\ccjSWm6e.s:536    .text.HAL_RTCEx_PollForTimeStampEvent:00000000 $t
C:\Users\Administrator\AppData\Local\Temp\ccjSWm6e.s:542    .text.HAL_RTCEx_PollForTimeStampEvent:00000000 HAL_RTCEx_PollForTimeStampEvent
C:\Users\Administrator\AppData\Local\Temp\ccjSWm6e.s:589    .text.HAL_RTCEx_PollForTamper1Event:00000000 $t
C:\Users\Administrator\AppData\Local\Temp\ccjSWm6e.s:595    .text.HAL_RTCEx_PollForTamper1Event:00000000 HAL_RTCEx_PollForTamper1Event
C:\Users\Administrator\AppData\Local\Temp\ccjSWm6e.s:631    .text.HAL_RTCEx_PollForTamper2Event:00000000 $t
C:\Users\Administrator\AppData\Local\Temp\ccjSWm6e.s:637    .text.HAL_RTCEx_PollForTamper2Event:00000000 HAL_RTCEx_PollForTamper2Event
C:\Users\Administrator\AppData\Local\Temp\ccjSWm6e.s:673    .text.HAL_RTCEx_SetWakeUpTimer:00000000 $t
C:\Users\Administrator\AppData\Local\Temp\ccjSWm6e.s:679    .text.HAL_RTCEx_SetWakeUpTimer:00000000 HAL_RTCEx_SetWakeUpTimer
C:\Users\Administrator\AppData\Local\Temp\ccjSWm6e.s:779    .text.HAL_RTCEx_SetWakeUpTimer_IT:00000000 $t
C:\Users\Administrator\AppData\Local\Temp\ccjSWm6e.s:785    .text.HAL_RTCEx_SetWakeUpTimer_IT:00000000 HAL_RTCEx_SetWakeUpTimer_IT
C:\Users\Administrator\AppData\Local\Temp\ccjSWm6e.s:905    .text.HAL_RTCEx_SetWakeUpTimer_IT:000000fc $d
C:\Users\Administrator\AppData\Local\Temp\ccjSWm6e.s:910    .text.HAL_RTCEx_DeactivateWakeUpTimer:00000000 $t
C:\Users\Administrator\AppData\Local\Temp\ccjSWm6e.s:916    .text.HAL_RTCEx_DeactivateWakeUpTimer:00000000 HAL_RTCEx_DeactivateWakeUpTimer
C:\Users\Administrator\AppData\Local\Temp\ccjSWm6e.s:975    .text.HAL_RTCEx_GetWakeUpTimer:00000000 $t
C:\Users\Administrator\AppData\Local\Temp\ccjSWm6e.s:981    .text.HAL_RTCEx_GetWakeUpTimer:00000000 HAL_RTCEx_GetWakeUpTimer
C:\Users\Administrator\AppData\Local\Temp\ccjSWm6e.s:991    .text.HAL_RTCEx_WakeUpTimerEventCallback:00000000 $t
C:\Users\Administrator\AppData\Local\Temp\ccjSWm6e.s:997    .text.HAL_RTCEx_WakeUpTimerEventCallback:00000000 HAL_RTCEx_WakeUpTimerEventCallback
C:\Users\Administrator\AppData\Local\Temp\ccjSWm6e.s:1004   .text.HAL_RTCEx_WakeUpTimerIRQHandler:00000000 $t
C:\Users\Administrator\AppData\Local\Temp\ccjSWm6e.s:1010   .text.HAL_RTCEx_WakeUpTimerIRQHandler:00000000 HAL_RTCEx_WakeUpTimerIRQHandler
C:\Users\Administrator\AppData\Local\Temp\ccjSWm6e.s:1037   .text.HAL_RTCEx_WakeUpTimerIRQHandler:00000030 $d
C:\Users\Administrator\AppData\Local\Temp\ccjSWm6e.s:1040   .text.HAL_RTCEx_PollForWakeUpTimerEvent:00000000 $t
C:\Users\Administrator\AppData\Local\Temp\ccjSWm6e.s:1046   .text.HAL_RTCEx_PollForWakeUpTimerEvent:00000000 HAL_RTCEx_PollForWakeUpTimerEvent
C:\Users\Administrator\AppData\Local\Temp\ccjSWm6e.s:1082   .text.HAL_RTCEx_BKUPWrite:00000000 $t
C:\Users\Administrator\AppData\Local\Temp\ccjSWm6e.s:1088   .text.HAL_RTCEx_BKUPWrite:00000000 HAL_RTCEx_BKUPWrite
C:\Users\Administrator\AppData\Local\Temp\ccjSWm6e.s:1098   .text.HAL_RTCEx_BKUPRead:00000000 $t
C:\Users\Administrator\AppData\Local\Temp\ccjSWm6e.s:1104   .text.HAL_RTCEx_BKUPRead:00000000 HAL_RTCEx_BKUPRead
C:\Users\Administrator\AppData\Local\Temp\ccjSWm6e.s:1114   .text.HAL_RTCEx_SetCoarseCalib:00000000 $t
C:\Users\Administrator\AppData\Local\Temp\ccjSWm6e.s:1120   .text.HAL_RTCEx_SetCoarseCalib:00000000 HAL_RTCEx_SetCoarseCalib
C:\Users\Administrator\AppData\Local\Temp\ccjSWm6e.s:1170   .text.HAL_RTCEx_DeactivateCoarseCalib:00000000 $t
C:\Users\Administrator\AppData\Local\Temp\ccjSWm6e.s:1176   .text.HAL_RTCEx_DeactivateCoarseCalib:00000000 HAL_RTCEx_DeactivateCoarseCalib
ARM GAS  C:\Users\Administrator\AppData\Local\Temp\ccjSWm6e.s 			page 31


C:\Users\Administrator\AppData\Local\Temp\ccjSWm6e.s:1220   .text.HAL_RTCEx_SetSmoothCalib:00000000 $t
C:\Users\Administrator\AppData\Local\Temp\ccjSWm6e.s:1226   .text.HAL_RTCEx_SetSmoothCalib:00000000 HAL_RTCEx_SetSmoothCalib
C:\Users\Administrator\AppData\Local\Temp\ccjSWm6e.s:1292   .text.HAL_RTCEx_SetSynchroShift:00000000 $t
C:\Users\Administrator\AppData\Local\Temp\ccjSWm6e.s:1298   .text.HAL_RTCEx_SetSynchroShift:00000000 HAL_RTCEx_SetSynchroShift
C:\Users\Administrator\AppData\Local\Temp\ccjSWm6e.s:1386   .text.HAL_RTCEx_SetCalibrationOutPut:00000000 $t
C:\Users\Administrator\AppData\Local\Temp\ccjSWm6e.s:1392   .text.HAL_RTCEx_SetCalibrationOutPut:00000000 HAL_RTCEx_SetCalibrationOutPut
C:\Users\Administrator\AppData\Local\Temp\ccjSWm6e.s:1436   .text.HAL_RTCEx_DeactivateCalibrationOutPut:00000000 $t
C:\Users\Administrator\AppData\Local\Temp\ccjSWm6e.s:1442   .text.HAL_RTCEx_DeactivateCalibrationOutPut:00000000 HAL_RTCEx_DeactivateCalibrationOutPut
C:\Users\Administrator\AppData\Local\Temp\ccjSWm6e.s:1476   .text.HAL_RTCEx_SetRefClock:00000000 $t
C:\Users\Administrator\AppData\Local\Temp\ccjSWm6e.s:1482   .text.HAL_RTCEx_SetRefClock:00000000 HAL_RTCEx_SetRefClock
C:\Users\Administrator\AppData\Local\Temp\ccjSWm6e.s:1526   .text.HAL_RTCEx_DeactivateRefClock:00000000 $t
C:\Users\Administrator\AppData\Local\Temp\ccjSWm6e.s:1532   .text.HAL_RTCEx_DeactivateRefClock:00000000 HAL_RTCEx_DeactivateRefClock
C:\Users\Administrator\AppData\Local\Temp\ccjSWm6e.s:1576   .text.HAL_RTCEx_EnableBypassShadow:00000000 $t
C:\Users\Administrator\AppData\Local\Temp\ccjSWm6e.s:1582   .text.HAL_RTCEx_EnableBypassShadow:00000000 HAL_RTCEx_EnableBypassShadow
C:\Users\Administrator\AppData\Local\Temp\ccjSWm6e.s:1616   .text.HAL_RTCEx_DisableBypassShadow:00000000 $t
C:\Users\Administrator\AppData\Local\Temp\ccjSWm6e.s:1622   .text.HAL_RTCEx_DisableBypassShadow:00000000 HAL_RTCEx_DisableBypassShadow
C:\Users\Administrator\AppData\Local\Temp\ccjSWm6e.s:1656   .text.HAL_RTCEx_AlarmBEventCallback:00000000 $t
C:\Users\Administrator\AppData\Local\Temp\ccjSWm6e.s:1662   .text.HAL_RTCEx_AlarmBEventCallback:00000000 HAL_RTCEx_AlarmBEventCallback
C:\Users\Administrator\AppData\Local\Temp\ccjSWm6e.s:1669   .text.HAL_RTCEx_PollForAlarmBEvent:00000000 $t
C:\Users\Administrator\AppData\Local\Temp\ccjSWm6e.s:1675   .text.HAL_RTCEx_PollForAlarmBEvent:00000000 HAL_RTCEx_PollForAlarmBEvent

UNDEFINED SYMBOLS
RTC_Bcd2ToByte
HAL_GetTick
SystemCoreClock
RTC_EnterInitMode
RTC_ExitInitMode
HAL_RTC_WaitForSynchro
