ARM GAS  C:\Users\Administrator\AppData\Local\Temp\ccGwy8BP.s 			page 1


   1              		.cpu cortex-m4
   2              		.arch armv7e-m
   3              		.fpu fpv4-sp-d16
   4              		.eabi_attribute 27, 1
   5              		.eabi_attribute 28, 1
   6              		.eabi_attribute 20, 1
   7              		.eabi_attribute 21, 1
   8              		.eabi_attribute 23, 3
   9              		.eabi_attribute 24, 1
  10              		.eabi_attribute 25, 1
  11              		.eabi_attribute 26, 1
  12              		.eabi_attribute 30, 1
  13              		.eabi_attribute 34, 1
  14              		.eabi_attribute 18, 4
  15              		.file	"stm32f4xx_hal_msp.c"
  16              		.text
  17              		.section	.text.HAL_MspInit,"ax",%progbits
  18              		.align	1
  19              		.global	HAL_MspInit
  20              		.syntax unified
  21              		.thumb
  22              		.thumb_func
  24              	HAL_MspInit:
  25              		@ args = 0, pretend = 0, frame = 8
  26              		@ frame_needed = 0, uses_anonymous_args = 0
  27 0000 10B5     		push	{r4, lr}
  28 0002 82B0     		sub	sp, sp, #8
  29 0004 0024     		movs	r4, #0
  30 0006 0094     		str	r4, [sp]
  31 0008 114B     		ldr	r3, .L3
  32 000a 5A6C     		ldr	r2, [r3, #68]
  33 000c 42F48042 		orr	r2, r2, #16384
  34 0010 5A64     		str	r2, [r3, #68]
  35 0012 5A6C     		ldr	r2, [r3, #68]
  36 0014 02F48042 		and	r2, r2, #16384
  37 0018 0092     		str	r2, [sp]
  38 001a 009A     		ldr	r2, [sp]
  39 001c 0194     		str	r4, [sp, #4]
  40 001e 1A6C     		ldr	r2, [r3, #64]
  41 0020 42F08052 		orr	r2, r2, #268435456
  42 0024 1A64     		str	r2, [r3, #64]
  43 0026 1B6C     		ldr	r3, [r3, #64]
  44 0028 03F08053 		and	r3, r3, #268435456
  45 002c 0193     		str	r3, [sp, #4]
  46 002e 019B     		ldr	r3, [sp, #4]
  47 0030 2246     		mov	r2, r4
  48 0032 0F21     		movs	r1, #15
  49 0034 6FF00100 		mvn	r0, #1
  50 0038 FFF7FEFF 		bl	HAL_NVIC_SetPriority
  51 003c 2246     		mov	r2, r4
  52 003e 0621     		movs	r1, #6
  53 0040 0420     		movs	r0, #4
  54 0042 FFF7FEFF 		bl	HAL_NVIC_SetPriority
  55 0046 0420     		movs	r0, #4
  56 0048 FFF7FEFF 		bl	HAL_NVIC_EnableIRQ
  57 004c 02B0     		add	sp, sp, #8
  58              		@ sp needed
ARM GAS  C:\Users\Administrator\AppData\Local\Temp\ccGwy8BP.s 			page 2


  59 004e 10BD     		pop	{r4, pc}
  60              	.L4:
  61              		.align	2
  62              	.L3:
  63 0050 00380240 		.word	1073887232
  65              		.ident	"GCC: (xPack GNU Arm Embedded GCC x86_64) 15.2.1 20251203"
ARM GAS  C:\Users\Administrator\AppData\Local\Temp\ccGwy8BP.s 			page 3


DEFINED SYMBOLS
                            *ABS*:00000000 stm32f4xx_hal_msp.c
C:\Users\Administrator\AppData\Local\Temp\ccGwy8BP.s:18     .text.HAL_MspInit:00000000 $t
C:\Users\Administrator\AppData\Local\Temp\ccGwy8BP.s:24     .text.HAL_MspInit:00000000 HAL_MspInit
C:\Users\Administrator\AppData\Local\Temp\ccGwy8BP.s:63     .text.HAL_MspInit:00000050 $d

UNDEFINED SYMBOLS
HAL_NVIC_SetPriority
HAL_NVIC_EnableIRQ
