ARM GAS  C:\Users\Administrator\AppData\Local\Temp\ccQXuKrZ.s 			page 1


   1              		.cpu cortex-m4
   2              		.arch armv7e-m
   3              		.fpu fpv4-sp-d16
   4              		.eabi_attribute 27, 1
   5              		.eabi_attribute 28, 1
   6              		.eabi_attribute 20, 1
   7              		.eabi_attribute 21, 1
   8              		.eabi_attribute 23, 3
   9              		.eabi_attribute 24, 1
  10              		.eabi_attribute 25, 1
  11              		.eabi_attribute 26, 1
  12              		.eabi_attribute 30, 1
  13              		.eabi_attribute 34, 1
  14              		.eabi_attribute 18, 4
  15              		.file	"stm32f4xx_hal_pcd_ex.c"
  16              		.text
  17              		.section	.text.HAL_PCDEx_SetTxFiFo,"ax",%progbits
  18              		.align	1
  19              		.global	HAL_PCDEx_SetTxFiFo
  20              		.syntax unified
  21              		.thumb
  22              		.thumb_func
  24              	HAL_PCDEx_SetTxFiFo:
  25              		@ args = 0, pretend = 0, frame = 0
  26              		@ frame_needed = 0, uses_anonymous_args = 0
  27 0000 00B5     		push	{lr}
  28 0002 9646     		mov	lr, r2
  29 0004 0268     		ldr	r2, [r0]
  30 0006 506A     		ldr	r0, [r2, #36]
  31 0008 21B9     		cbnz	r1, .L2
  32 000a 40EA0E40 		orr	r0, r0, lr, lsl #16
  33 000e 9062     		str	r0, [r2, #40]
  34              	.L3:
  35 0010 0020     		movs	r0, #0
  36 0012 00BD     		pop	{pc}
  37              	.L2:
  38 0014 8C46     		mov	ip, r1
  39 0016 936A     		ldr	r3, [r2, #40]
  40 0018 00EB1340 		add	r0, r0, r3, lsr #16
  41 001c 0023     		movs	r3, #0
  42 001e 08E0     		b	.L4
  43              	.L5:
  44 0020 03F14001 		add	r1, r3, #64
  45 0024 02EB8101 		add	r1, r2, r1, lsl #2
  46 0028 4968     		ldr	r1, [r1, #4]
  47 002a 00EB1140 		add	r0, r0, r1, lsr #16
  48 002e 0133     		adds	r3, r3, #1
  49 0030 DBB2     		uxtb	r3, r3
  50              	.L4:
  51 0032 0CF1FF31 		add	r1, ip, #-1
  52 0036 8B42     		cmp	r3, r1
  53 0038 F2D3     		bcc	.L5
  54 003a 40EA0E40 		orr	r0, r0, lr, lsl #16
  55 003e 0CF13F01 		add	r1, ip, #63
  56 0042 02EB8102 		add	r2, r2, r1, lsl #2
  57 0046 5060     		str	r0, [r2, #4]
  58 0048 E2E7     		b	.L3
ARM GAS  C:\Users\Administrator\AppData\Local\Temp\ccQXuKrZ.s 			page 2


  60              		.section	.text.HAL_PCDEx_SetRxFiFo,"ax",%progbits
  61              		.align	1
  62              		.global	HAL_PCDEx_SetRxFiFo
  63              		.syntax unified
  64              		.thumb
  65              		.thumb_func
  67              	HAL_PCDEx_SetRxFiFo:
  68              		@ args = 0, pretend = 0, frame = 0
  69              		@ frame_needed = 0, uses_anonymous_args = 0
  70              		@ link register save eliminated.
  71 0000 0368     		ldr	r3, [r0]
  72 0002 5962     		str	r1, [r3, #36]
  73 0004 0020     		movs	r0, #0
  74 0006 7047     		bx	lr
  76              		.section	.text.HAL_PCDEx_LPM_Callback,"ax",%progbits
  77              		.align	1
  78              		.weak	HAL_PCDEx_LPM_Callback
  79              		.syntax unified
  80              		.thumb
  81              		.thumb_func
  83              	HAL_PCDEx_LPM_Callback:
  84              		@ args = 0, pretend = 0, frame = 0
  85              		@ frame_needed = 0, uses_anonymous_args = 0
  86              		@ link register save eliminated.
  87 0000 7047     		bx	lr
  89              		.section	.text.HAL_PCDEx_BCD_Callback,"ax",%progbits
  90              		.align	1
  91              		.weak	HAL_PCDEx_BCD_Callback
  92              		.syntax unified
  93              		.thumb
  94              		.thumb_func
  96              	HAL_PCDEx_BCD_Callback:
  97              		@ args = 0, pretend = 0, frame = 0
  98              		@ frame_needed = 0, uses_anonymous_args = 0
  99              		@ link register save eliminated.
 100 0000 7047     		bx	lr
 102              		.ident	"GCC: (xPack GNU Arm Embedded GCC x86_64) 15.2.1 20251203"
ARM GAS  C:\Users\Administrator\AppData\Local\Temp\ccQXuKrZ.s 			page 3


DEFINED SYMBOLS
                            *ABS*:00000000 stm32f4xx_hal_pcd_ex.c
C:\Users\Administrator\AppData\Local\Temp\ccQXuKrZ.s:18     .text.HAL_PCDEx_SetTxFiFo:00000000 $t
C:\Users\Administrator\AppData\Local\Temp\ccQXuKrZ.s:24     .text.HAL_PCDEx_SetTxFiFo:00000000 HAL_PCDEx_SetTxFiFo
C:\Users\Administrator\AppData\Local\Temp\ccQXuKrZ.s:61     .text.HAL_PCDEx_SetRxFiFo:00000000 $t
C:\Users\Administrator\AppData\Local\Temp\ccQXuKrZ.s:67     .text.HAL_PCDEx_SetRxFiFo:00000000 HAL_PCDEx_SetRxFiFo
C:\Users\Administrator\AppData\Local\Temp\ccQXuKrZ.s:77     .text.HAL_PCDEx_LPM_Callback:00000000 $t
C:\Users\Administrator\AppData\Local\Temp\ccQXuKrZ.s:83     .text.HAL_PCDEx_LPM_Callback:00000000 HAL_PCDEx_LPM_Callback
C:\Users\Administrator\AppData\Local\Temp\ccQXuKrZ.s:90     .text.HAL_PCDEx_BCD_Callback:00000000 $t
C:\Users\Administrator\AppData\Local\Temp\ccQXuKrZ.s:96     .text.HAL_PCDEx_BCD_Callback:00000000 HAL_PCDEx_BCD_Callback

NO UNDEFINED SYMBOLS
