ARM GAS  C:\Users\Administrator\AppData\Local\Temp\cctTL3Cw.s 			page 1


   1              		.cpu cortex-m4
   2              		.arch armv7e-m
   3              		.fpu fpv4-sp-d16
   4              		.eabi_attribute 27, 1
   5              		.eabi_attribute 28, 1
   6              		.eabi_attribute 20, 1
   7              		.eabi_attribute 21, 1
   8              		.eabi_attribute 23, 3
   9              		.eabi_attribute 24, 1
  10              		.eabi_attribute 25, 1
  11              		.eabi_attribute 26, 1
  12              		.eabi_attribute 30, 1
  13              		.eabi_attribute 34, 1
  14              		.eabi_attribute 18, 4
  15              		.file	"stm32f4xx_hal_timebase_tim.c"
  16              		.text
  17              		.section	.text.HAL_InitTick,"ax",%progbits
  18              		.align	1
  19              		.global	HAL_InitTick
  20              		.syntax unified
  21              		.thumb
  22              		.thumb_func
  24              	HAL_InitTick:
  25              		@ args = 0, pretend = 0, frame = 32
  26              		@ frame_needed = 0, uses_anonymous_args = 0
  27 0000 30B5     		push	{r4, r5, lr}
  28 0002 89B0     		sub	sp, sp, #36
  29 0004 0446     		mov	r4, r0
  30 0006 0023     		movs	r3, #0
  31 0008 0193     		str	r3, [sp, #4]
  32 000a 224B     		ldr	r3, .L9
  33 000c 1A6C     		ldr	r2, [r3, #64]
  34 000e 42F48072 		orr	r2, r2, #256
  35 0012 1A64     		str	r2, [r3, #64]
  36 0014 1B6C     		ldr	r3, [r3, #64]
  37 0016 03F48073 		and	r3, r3, #256
  38 001a 0193     		str	r3, [sp, #4]
  39 001c 019B     		ldr	r3, [sp, #4]
  40 001e 02A9     		add	r1, sp, #8
  41 0020 03A8     		add	r0, sp, #12
  42 0022 FFF7FEFF 		bl	HAL_RCC_GetClockConfig
  43 0026 069B     		ldr	r3, [sp, #24]
  44 0028 CBB9     		cbnz	r3, .L2
  45 002a FFF7FEFF 		bl	HAL_RCC_GetPCLK1Freq
  46 002e 0346     		mov	r3, r0
  47              	.L3:
  48 0030 194A     		ldr	r2, .L9+4
  49 0032 A2FB0323 		umull	r2, r3, r2, r3
  50 0036 9B0C     		lsrs	r3, r3, #18
  51 0038 013B     		subs	r3, r3, #1
  52 003a 1848     		ldr	r0, .L9+8
  53 003c 184A     		ldr	r2, .L9+12
  54 003e 0260     		str	r2, [r0]
  55 0040 40F2E732 		movw	r2, #999
  56 0044 C260     		str	r2, [r0, #12]
  57 0046 4360     		str	r3, [r0, #4]
  58 0048 0023     		movs	r3, #0
ARM GAS  C:\Users\Administrator\AppData\Local\Temp\cctTL3Cw.s 			page 2


  59 004a 0361     		str	r3, [r0, #16]
  60 004c 8360     		str	r3, [r0, #8]
  61 004e 8361     		str	r3, [r0, #24]
  62 0050 FFF7FEFF 		bl	HAL_TIM_Base_Init
  63 0054 0546     		mov	r5, r0
  64 0056 30B1     		cbz	r0, .L7
  65              	.L4:
  66 0058 2846     		mov	r0, r5
  67 005a 09B0     		add	sp, sp, #36
  68              		@ sp needed
  69 005c 30BD     		pop	{r4, r5, pc}
  70              	.L2:
  71 005e FFF7FEFF 		bl	HAL_RCC_GetPCLK1Freq
  72 0062 4300     		lsls	r3, r0, #1
  73 0064 E4E7     		b	.L3
  74              	.L7:
  75 0066 0D48     		ldr	r0, .L9+8
  76 0068 FFF7FEFF 		bl	HAL_TIM_Base_Start_IT
  77 006c 0546     		mov	r5, r0
  78 006e 0028     		cmp	r0, #0
  79 0070 F2D1     		bne	.L4
  80 0072 2D20     		movs	r0, #45
  81 0074 FFF7FEFF 		bl	HAL_NVIC_EnableIRQ
  82 0078 0F2C     		cmp	r4, #15
  83 007a 02D9     		bls	.L8
  84 007c 0123     		movs	r3, #1
  85 007e 1D46     		mov	r5, r3
  86 0080 EAE7     		b	.L4
  87              	.L8:
  88 0082 0022     		movs	r2, #0
  89 0084 2146     		mov	r1, r4
  90 0086 2D20     		movs	r0, #45
  91 0088 FFF7FEFF 		bl	HAL_NVIC_SetPriority
  92 008c 054B     		ldr	r3, .L9+16
  93 008e 1C60     		str	r4, [r3]
  94 0090 E2E7     		b	.L4
  95              	.L10:
  96 0092 00BF     		.align	2
  97              	.L9:
  98 0094 00380240 		.word	1073887232
  99 0098 83DE1B43 		.word	1125899907
 100 009c 00000000 		.word	htim14
 101 00a0 00200040 		.word	1073750016
 102 00a4 00000000 		.word	uwTickPrio
 104              		.section	.text.HAL_SuspendTick,"ax",%progbits
 105              		.align	1
 106              		.global	HAL_SuspendTick
 107              		.syntax unified
 108              		.thumb
 109              		.thumb_func
 111              	HAL_SuspendTick:
 112              		@ args = 0, pretend = 0, frame = 0
 113              		@ frame_needed = 0, uses_anonymous_args = 0
 114              		@ link register save eliminated.
 115 0000 034B     		ldr	r3, .L12
 116 0002 1A68     		ldr	r2, [r3]
 117 0004 D368     		ldr	r3, [r2, #12]
ARM GAS  C:\Users\Administrator\AppData\Local\Temp\cctTL3Cw.s 			page 3


 118 0006 23F00103 		bic	r3, r3, #1
 119 000a D360     		str	r3, [r2, #12]
 120 000c 7047     		bx	lr
 121              	.L13:
 122 000e 00BF     		.align	2
 123              	.L12:
 124 0010 00000000 		.word	htim14
 126              		.section	.text.HAL_ResumeTick,"ax",%progbits
 127              		.align	1
 128              		.global	HAL_ResumeTick
 129              		.syntax unified
 130              		.thumb
 131              		.thumb_func
 133              	HAL_ResumeTick:
 134              		@ args = 0, pretend = 0, frame = 0
 135              		@ frame_needed = 0, uses_anonymous_args = 0
 136              		@ link register save eliminated.
 137 0000 034B     		ldr	r3, .L15
 138 0002 1A68     		ldr	r2, [r3]
 139 0004 D368     		ldr	r3, [r2, #12]
 140 0006 43F00103 		orr	r3, r3, #1
 141 000a D360     		str	r3, [r2, #12]
 142 000c 7047     		bx	lr
 143              	.L16:
 144 000e 00BF     		.align	2
 145              	.L15:
 146 0010 00000000 		.word	htim14
 148              		.global	htim14
 149              		.section	.bss.htim14,"aw",%nobits
 150              		.align	2
 153              	htim14:
 154 0000 00000000 		.space	72
 154      00000000 
 154      00000000 
 154      00000000 
 154      00000000 
 155              		.ident	"GCC: (xPack GNU Arm Embedded GCC x86_64) 15.2.1 20251203"
ARM GAS  C:\Users\Administrator\AppData\Local\Temp\cctTL3Cw.s 			page 4


DEFINED SYMBOLS
                            *ABS*:00000000 stm32f4xx_hal_timebase_tim.c
C:\Users\Administrator\AppData\Local\Temp\cctTL3Cw.s:18     .text.HAL_InitTick:00000000 $t
C:\Users\Administrator\AppData\Local\Temp\cctTL3Cw.s:24     .text.HAL_InitTick:00000000 HAL_InitTick
C:\Users\Administrator\AppData\Local\Temp\cctTL3Cw.s:98     .text.HAL_InitTick:00000094 $d
C:\Users\Administrator\AppData\Local\Temp\cctTL3Cw.s:153    .bss.htim14:00000000 htim14
C:\Users\Administrator\AppData\Local\Temp\cctTL3Cw.s:105    .text.HAL_SuspendTick:00000000 $t
C:\Users\Administrator\AppData\Local\Temp\cctTL3Cw.s:111    .text.HAL_SuspendTick:00000000 HAL_SuspendTick
C:\Users\Administrator\AppData\Local\Temp\cctTL3Cw.s:124    .text.HAL_SuspendTick:00000010 $d
C:\Users\Administrator\AppData\Local\Temp\cctTL3Cw.s:127    .text.HAL_ResumeTick:00000000 $t
C:\Users\Administrator\AppData\Local\Temp\cctTL3Cw.s:133    .text.HAL_ResumeTick:00000000 HAL_ResumeTick
C:\Users\Administrator\AppData\Local\Temp\cctTL3Cw.s:146    .text.HAL_ResumeTick:00000010 $d
C:\Users\Administrator\AppData\Local\Temp\cctTL3Cw.s:150    .bss.htim14:00000000 $d

UNDEFINED SYMBOLS
HAL_RCC_GetClockConfig
HAL_RCC_GetPCLK1Freq
HAL_TIM_Base_Init
HAL_TIM_Base_Start_IT
HAL_NVIC_EnableIRQ
HAL_NVIC_SetPriority
uwTickPrio
