ARM GAS  C:\Users\Administrator\AppData\Local\Temp\cc54OuZ5.s 			page 1


   1              		.cpu cortex-m4
   2              		.arch armv7e-m
   3              		.fpu fpv4-sp-d16
   4              		.eabi_attribute 27, 1
   5              		.eabi_attribute 28, 1
   6              		.eabi_attribute 20, 1
   7              		.eabi_attribute 21, 1
   8              		.eabi_attribute 23, 3
   9              		.eabi_attribute 24, 1
  10              		.eabi_attribute 25, 1
  11              		.eabi_attribute 26, 1
  12              		.eabi_attribute 30, 1
  13              		.eabi_attribute 34, 1
  14              		.eabi_attribute 18, 4
  15              		.file	"tim.c"
  16              		.text
  17              		.section	.text.HAL_TIM_Base_MspInit,"ax",%progbits
  18              		.align	1
  19              		.global	HAL_TIM_Base_MspInit
  20              		.syntax unified
  21              		.thumb
  22              		.thumb_func
  24              	HAL_TIM_Base_MspInit:
  25              		@ args = 0, pretend = 0, frame = 24
  26              		@ frame_needed = 0, uses_anonymous_args = 0
  27 0000 00B5     		push	{lr}
  28 0002 87B0     		sub	sp, sp, #28
  29 0004 0368     		ldr	r3, [r0]
  30 0006 2C4A     		ldr	r2, .L12
  31 0008 9342     		cmp	r3, r2
  32 000a 18D0     		beq	.L8
  33 000c 2B4A     		ldr	r2, .L12+4
  34 000e 9342     		cmp	r3, r2
  35 0010 23D0     		beq	.L9
  36 0012 2B4A     		ldr	r2, .L12+8
  37 0014 9342     		cmp	r3, r2
  38 0016 2DD0     		beq	.L10
  39 0018 2A4A     		ldr	r2, .L12+12
  40 001a 9342     		cmp	r3, r2
  41 001c 37D0     		beq	.L11
  42 001e 2A4A     		ldr	r2, .L12+16
  43 0020 9342     		cmp	r3, r2
  44 0022 18D1     		bne	.L1
  45 0024 0023     		movs	r3, #0
  46 0026 0593     		str	r3, [sp, #20]
  47 0028 284B     		ldr	r3, .L12+20
  48 002a 5A6C     		ldr	r2, [r3, #68]
  49 002c 42F40032 		orr	r2, r2, #131072
  50 0030 5A64     		str	r2, [r3, #68]
  51 0032 5B6C     		ldr	r3, [r3, #68]
  52 0034 03F40033 		and	r3, r3, #131072
  53 0038 0593     		str	r3, [sp, #20]
  54 003a 059B     		ldr	r3, [sp, #20]
  55 003c 0BE0     		b	.L1
  56              	.L8:
  57 003e 0023     		movs	r3, #0
  58 0040 0193     		str	r3, [sp, #4]
ARM GAS  C:\Users\Administrator\AppData\Local\Temp\cc54OuZ5.s 			page 2


  59 0042 224B     		ldr	r3, .L12+20
  60 0044 5A6C     		ldr	r2, [r3, #68]
  61 0046 42F00102 		orr	r2, r2, #1
  62 004a 5A64     		str	r2, [r3, #68]
  63 004c 5B6C     		ldr	r3, [r3, #68]
  64 004e 03F00103 		and	r3, r3, #1
  65 0052 0193     		str	r3, [sp, #4]
  66 0054 019B     		ldr	r3, [sp, #4]
  67              	.L1:
  68 0056 07B0     		add	sp, sp, #28
  69              		@ sp needed
  70 0058 00BD     		pop	{pc}
  71              	.L9:
  72 005a 0023     		movs	r3, #0
  73 005c 0293     		str	r3, [sp, #8]
  74 005e 1B4B     		ldr	r3, .L12+20
  75 0060 1A6C     		ldr	r2, [r3, #64]
  76 0062 42F00402 		orr	r2, r2, #4
  77 0066 1A64     		str	r2, [r3, #64]
  78 0068 1B6C     		ldr	r3, [r3, #64]
  79 006a 03F00403 		and	r3, r3, #4
  80 006e 0293     		str	r3, [sp, #8]
  81 0070 029B     		ldr	r3, [sp, #8]
  82 0072 F0E7     		b	.L1
  83              	.L10:
  84 0074 0023     		movs	r3, #0
  85 0076 0393     		str	r3, [sp, #12]
  86 0078 144B     		ldr	r3, .L12+20
  87 007a 1A6C     		ldr	r2, [r3, #64]
  88 007c 42F00802 		orr	r2, r2, #8
  89 0080 1A64     		str	r2, [r3, #64]
  90 0082 1B6C     		ldr	r3, [r3, #64]
  91 0084 03F00803 		and	r3, r3, #8
  92 0088 0393     		str	r3, [sp, #12]
  93 008a 039B     		ldr	r3, [sp, #12]
  94 008c E3E7     		b	.L1
  95              	.L11:
  96 008e 0022     		movs	r2, #0
  97 0090 0492     		str	r2, [sp, #16]
  98 0092 0E4B     		ldr	r3, .L12+20
  99 0094 596C     		ldr	r1, [r3, #68]
 100 0096 41F00201 		orr	r1, r1, #2
 101 009a 5964     		str	r1, [r3, #68]
 102 009c 5B6C     		ldr	r3, [r3, #68]
 103 009e 03F00203 		and	r3, r3, #2
 104 00a2 0493     		str	r3, [sp, #16]
 105 00a4 049B     		ldr	r3, [sp, #16]
 106 00a6 0F21     		movs	r1, #15
 107 00a8 2D20     		movs	r0, #45
 108 00aa FFF7FEFF 		bl	HAL_NVIC_SetPriority
 109 00ae 2D20     		movs	r0, #45
 110 00b0 FFF7FEFF 		bl	HAL_NVIC_EnableIRQ
 111 00b4 CFE7     		b	.L1
 112              	.L13:
 113 00b6 00BF     		.align	2
 114              	.L12:
 115 00b8 00000140 		.word	1073807360
ARM GAS  C:\Users\Administrator\AppData\Local\Temp\cc54OuZ5.s 			page 3


 116 00bc 00080040 		.word	1073743872
 117 00c0 000C0040 		.word	1073744896
 118 00c4 00040140 		.word	1073808384
 119 00c8 00440140 		.word	1073824768
 120 00cc 00380240 		.word	1073887232
 122              		.section	.text.HAL_TIM_MspPostInit,"ax",%progbits
 123              		.align	1
 124              		.global	HAL_TIM_MspPostInit
 125              		.syntax unified
 126              		.thumb
 127              		.thumb_func
 129              	HAL_TIM_MspPostInit:
 130              		@ args = 0, pretend = 0, frame = 48
 131              		@ frame_needed = 0, uses_anonymous_args = 0
 132 0000 70B5     		push	{r4, r5, r6, lr}
 133 0002 8CB0     		sub	sp, sp, #48
 134 0004 0023     		movs	r3, #0
 135 0006 0793     		str	r3, [sp, #28]
 136 0008 0893     		str	r3, [sp, #32]
 137 000a 0993     		str	r3, [sp, #36]
 138 000c 0A93     		str	r3, [sp, #40]
 139 000e 0B93     		str	r3, [sp, #44]
 140 0010 0368     		ldr	r3, [r0]
 141 0012 514A     		ldr	r2, .L26
 142 0014 9342     		cmp	r3, r2
 143 0016 0DD0     		beq	.L21
 144 0018 504A     		ldr	r2, .L26+4
 145 001a 9342     		cmp	r3, r2
 146 001c 22D0     		beq	.L22
 147 001e 504A     		ldr	r2, .L26+8
 148 0020 9342     		cmp	r3, r2
 149 0022 3AD0     		beq	.L23
 150 0024 4F4A     		ldr	r2, .L26+12
 151 0026 9342     		cmp	r3, r2
 152 0028 51D0     		beq	.L24
 153 002a 4F4A     		ldr	r2, .L26+16
 154 002c 9342     		cmp	r3, r2
 155 002e 79D0     		beq	.L25
 156              	.L14:
 157 0030 0CB0     		add	sp, sp, #48
 158              		@ sp needed
 159 0032 70BD     		pop	{r4, r5, r6, pc}
 160              	.L21:
 161 0034 0023     		movs	r3, #0
 162 0036 0193     		str	r3, [sp, #4]
 163 0038 4C4B     		ldr	r3, .L26+20
 164 003a 1A6B     		ldr	r2, [r3, #48]
 165 003c 42F01002 		orr	r2, r2, #16
 166 0040 1A63     		str	r2, [r3, #48]
 167 0042 1B6B     		ldr	r3, [r3, #48]
 168 0044 03F01003 		and	r3, r3, #16
 169 0048 0193     		str	r3, [sp, #4]
 170 004a 019B     		ldr	r3, [sp, #4]
 171 004c 4FF4D443 		mov	r3, #27136
 172 0050 0793     		str	r3, [sp, #28]
 173 0052 0223     		movs	r3, #2
 174 0054 0893     		str	r3, [sp, #32]
ARM GAS  C:\Users\Administrator\AppData\Local\Temp\cc54OuZ5.s 			page 4


 175 0056 0123     		movs	r3, #1
 176 0058 0B93     		str	r3, [sp, #44]
 177 005a 07A9     		add	r1, sp, #28
 178 005c 4448     		ldr	r0, .L26+24
 179 005e FFF7FEFF 		bl	HAL_GPIO_Init
 180 0062 E5E7     		b	.L14
 181              	.L22:
 182 0064 0023     		movs	r3, #0
 183 0066 0293     		str	r3, [sp, #8]
 184 0068 404B     		ldr	r3, .L26+20
 185 006a 1A6B     		ldr	r2, [r3, #48]
 186 006c 42F00802 		orr	r2, r2, #8
 187 0070 1A63     		str	r2, [r3, #48]
 188 0072 1B6B     		ldr	r3, [r3, #48]
 189 0074 03F00803 		and	r3, r3, #8
 190 0078 0293     		str	r3, [sp, #8]
 191 007a 029B     		ldr	r3, [sp, #8]
 192 007c 4FF48043 		mov	r3, #16384
 193 0080 0793     		str	r3, [sp, #28]
 194 0082 0223     		movs	r3, #2
 195 0084 0893     		str	r3, [sp, #32]
 196 0086 0122     		movs	r2, #1
 197 0088 0992     		str	r2, [sp, #36]
 198 008a 0322     		movs	r2, #3
 199 008c 0A92     		str	r2, [sp, #40]
 200 008e 0B93     		str	r3, [sp, #44]
 201 0090 07A9     		add	r1, sp, #28
 202 0092 3848     		ldr	r0, .L26+28
 203 0094 FFF7FEFF 		bl	HAL_GPIO_Init
 204 0098 CAE7     		b	.L14
 205              	.L23:
 206 009a 0023     		movs	r3, #0
 207 009c 0393     		str	r3, [sp, #12]
 208 009e 334B     		ldr	r3, .L26+20
 209 00a0 1A6B     		ldr	r2, [r3, #48]
 210 00a2 42F08002 		orr	r2, r2, #128
 211 00a6 1A63     		str	r2, [r3, #48]
 212 00a8 1B6B     		ldr	r3, [r3, #48]
 213 00aa 03F08003 		and	r3, r3, #128
 214 00ae 0393     		str	r3, [sp, #12]
 215 00b0 039B     		ldr	r3, [sp, #12]
 216 00b2 4FF4E053 		mov	r3, #7168
 217 00b6 0793     		str	r3, [sp, #28]
 218 00b8 0223     		movs	r3, #2
 219 00ba 0893     		str	r3, [sp, #32]
 220 00bc 0122     		movs	r2, #1
 221 00be 0992     		str	r2, [sp, #36]
 222 00c0 0A93     		str	r3, [sp, #40]
 223 00c2 0B93     		str	r3, [sp, #44]
 224 00c4 07A9     		add	r1, sp, #28
 225 00c6 2C48     		ldr	r0, .L26+32
 226 00c8 FFF7FEFF 		bl	HAL_GPIO_Init
 227 00cc B0E7     		b	.L14
 228              	.L24:
 229 00ce 0024     		movs	r4, #0
 230 00d0 0494     		str	r4, [sp, #16]
 231 00d2 264B     		ldr	r3, .L26+20
ARM GAS  C:\Users\Administrator\AppData\Local\Temp\cc54OuZ5.s 			page 5


 232 00d4 1A6B     		ldr	r2, [r3, #48]
 233 00d6 42F48072 		orr	r2, r2, #256
 234 00da 1A63     		str	r2, [r3, #48]
 235 00dc 1A6B     		ldr	r2, [r3, #48]
 236 00de 02F48072 		and	r2, r2, #256
 237 00e2 0492     		str	r2, [sp, #16]
 238 00e4 049A     		ldr	r2, [sp, #16]
 239 00e6 0594     		str	r4, [sp, #20]
 240 00e8 1A6B     		ldr	r2, [r3, #48]
 241 00ea 42F00402 		orr	r2, r2, #4
 242 00ee 1A63     		str	r2, [r3, #48]
 243 00f0 1B6B     		ldr	r3, [r3, #48]
 244 00f2 03F00403 		and	r3, r3, #4
 245 00f6 0593     		str	r3, [sp, #20]
 246 00f8 059B     		ldr	r3, [sp, #20]
 247 00fa C023     		movs	r3, #192
 248 00fc 0793     		str	r3, [sp, #28]
 249 00fe 0225     		movs	r5, #2
 250 0100 0895     		str	r5, [sp, #32]
 251 0102 0326     		movs	r6, #3
 252 0104 0B96     		str	r6, [sp, #44]
 253 0106 07A9     		add	r1, sp, #28
 254 0108 1C48     		ldr	r0, .L26+36
 255 010a FFF7FEFF 		bl	HAL_GPIO_Init
 256 010e 4023     		movs	r3, #64
 257 0110 0793     		str	r3, [sp, #28]
 258 0112 0895     		str	r5, [sp, #32]
 259 0114 0994     		str	r4, [sp, #36]
 260 0116 0A94     		str	r4, [sp, #40]
 261 0118 0B96     		str	r6, [sp, #44]
 262 011a 07A9     		add	r1, sp, #28
 263 011c 1848     		ldr	r0, .L26+40
 264 011e FFF7FEFF 		bl	HAL_GPIO_Init
 265 0122 85E7     		b	.L14
 266              	.L25:
 267 0124 0023     		movs	r3, #0
 268 0126 0693     		str	r3, [sp, #24]
 269 0128 104B     		ldr	r3, .L26+20
 270 012a 1A6B     		ldr	r2, [r3, #48]
 271 012c 42F02002 		orr	r2, r2, #32
 272 0130 1A63     		str	r2, [r3, #48]
 273 0132 1B6B     		ldr	r3, [r3, #48]
 274 0134 03F02003 		and	r3, r3, #32
 275 0138 0693     		str	r3, [sp, #24]
 276 013a 069B     		ldr	r3, [sp, #24]
 277 013c 4023     		movs	r3, #64
 278 013e 0793     		str	r3, [sp, #28]
 279 0140 0223     		movs	r3, #2
 280 0142 0893     		str	r3, [sp, #32]
 281 0144 0122     		movs	r2, #1
 282 0146 0992     		str	r2, [sp, #36]
 283 0148 0A93     		str	r3, [sp, #40]
 284 014a 0323     		movs	r3, #3
 285 014c 0B93     		str	r3, [sp, #44]
 286 014e 07A9     		add	r1, sp, #28
 287 0150 0C48     		ldr	r0, .L26+44
 288 0152 FFF7FEFF 		bl	HAL_GPIO_Init
ARM GAS  C:\Users\Administrator\AppData\Local\Temp\cc54OuZ5.s 			page 6


 289 0156 6BE7     		b	.L14
 290              	.L27:
 291              		.align	2
 292              	.L26:
 293 0158 00000140 		.word	1073807360
 294 015c 00080040 		.word	1073743872
 295 0160 000C0040 		.word	1073744896
 296 0164 00040140 		.word	1073808384
 297 0168 00440140 		.word	1073824768
 298 016c 00380240 		.word	1073887232
 299 0170 00100240 		.word	1073876992
 300 0174 000C0240 		.word	1073875968
 301 0178 001C0240 		.word	1073880064
 302 017c 00200240 		.word	1073881088
 303 0180 00080240 		.word	1073874944
 304 0184 00140240 		.word	1073878016
 306              		.section	.text.MX_TIM1_Init,"ax",%progbits
 307              		.align	1
 308              		.global	MX_TIM1_Init
 309              		.syntax unified
 310              		.thumb
 311              		.thumb_func
 313              	MX_TIM1_Init:
 314              		@ args = 0, pretend = 0, frame = 88
 315              		@ frame_needed = 0, uses_anonymous_args = 0
 316 0000 10B5     		push	{r4, lr}
 317 0002 96B0     		sub	sp, sp, #88
 318 0004 0024     		movs	r4, #0
 319 0006 1294     		str	r4, [sp, #72]
 320 0008 1394     		str	r4, [sp, #76]
 321 000a 1494     		str	r4, [sp, #80]
 322 000c 1594     		str	r4, [sp, #84]
 323 000e 1094     		str	r4, [sp, #64]
 324 0010 1194     		str	r4, [sp, #68]
 325 0012 0994     		str	r4, [sp, #36]
 326 0014 0A94     		str	r4, [sp, #40]
 327 0016 0B94     		str	r4, [sp, #44]
 328 0018 0C94     		str	r4, [sp, #48]
 329 001a 0D94     		str	r4, [sp, #52]
 330 001c 0E94     		str	r4, [sp, #56]
 331 001e 0F94     		str	r4, [sp, #60]
 332 0020 2022     		movs	r2, #32
 333 0022 2146     		mov	r1, r4
 334 0024 01A8     		add	r0, sp, #4
 335 0026 FFF7FEFF 		bl	memset
 336 002a 3B48     		ldr	r0, .L48
 337 002c 3B4B     		ldr	r3, .L48+4
 338 002e 0360     		str	r3, [r0]
 339 0030 A723     		movs	r3, #167
 340 0032 4360     		str	r3, [r0, #4]
 341 0034 8460     		str	r4, [r0, #8]
 342 0036 44F61F63 		movw	r3, #19999
 343 003a C360     		str	r3, [r0, #12]
 344 003c 0461     		str	r4, [r0, #16]
 345 003e 4461     		str	r4, [r0, #20]
 346 0040 8461     		str	r4, [r0, #24]
 347 0042 FFF7FEFF 		bl	HAL_TIM_Base_Init
ARM GAS  C:\Users\Administrator\AppData\Local\Temp\cc54OuZ5.s 			page 7


 348 0046 0028     		cmp	r0, #0
 349 0048 4BD1     		bne	.L39
 350              	.L29:
 351 004a 4FF48053 		mov	r3, #4096
 352 004e 1293     		str	r3, [sp, #72]
 353 0050 12A9     		add	r1, sp, #72
 354 0052 3148     		ldr	r0, .L48
 355 0054 FFF7FEFF 		bl	HAL_TIM_ConfigClockSource
 356 0058 0028     		cmp	r0, #0
 357 005a 45D1     		bne	.L40
 358              	.L30:
 359 005c 2E48     		ldr	r0, .L48
 360 005e FFF7FEFF 		bl	HAL_TIM_PWM_Init
 361 0062 0028     		cmp	r0, #0
 362 0064 43D1     		bne	.L41
 363              	.L31:
 364 0066 0023     		movs	r3, #0
 365 0068 1093     		str	r3, [sp, #64]
 366 006a 1193     		str	r3, [sp, #68]
 367 006c 10A9     		add	r1, sp, #64
 368 006e 2A48     		ldr	r0, .L48
 369 0070 FFF7FEFF 		bl	HAL_TIMEx_MasterConfigSynchronization
 370 0074 0028     		cmp	r0, #0
 371 0076 3DD1     		bne	.L42
 372              	.L32:
 373 0078 6023     		movs	r3, #96
 374 007a 0993     		str	r3, [sp, #36]
 375 007c 0022     		movs	r2, #0
 376 007e 0A92     		str	r2, [sp, #40]
 377 0080 0B92     		str	r2, [sp, #44]
 378 0082 0C92     		str	r2, [sp, #48]
 379 0084 0D92     		str	r2, [sp, #52]
 380 0086 0E92     		str	r2, [sp, #56]
 381 0088 0F92     		str	r2, [sp, #60]
 382 008a 09A9     		add	r1, sp, #36
 383 008c 2248     		ldr	r0, .L48
 384 008e FFF7FEFF 		bl	HAL_TIM_PWM_ConfigChannel
 385 0092 0028     		cmp	r0, #0
 386 0094 31D1     		bne	.L43
 387              	.L33:
 388 0096 0422     		movs	r2, #4
 389 0098 09A9     		add	r1, sp, #36
 390 009a 1F48     		ldr	r0, .L48
 391 009c FFF7FEFF 		bl	HAL_TIM_PWM_ConfigChannel
 392 00a0 70BB     		cbnz	r0, .L44
 393              	.L34:
 394 00a2 0822     		movs	r2, #8
 395 00a4 09A9     		add	r1, sp, #36
 396 00a6 1C48     		ldr	r0, .L48
 397 00a8 FFF7FEFF 		bl	HAL_TIM_PWM_ConfigChannel
 398 00ac 58BB     		cbnz	r0, .L45
 399              	.L35:
 400 00ae 0C22     		movs	r2, #12
 401 00b0 09A9     		add	r1, sp, #36
 402 00b2 1948     		ldr	r0, .L48
 403 00b4 FFF7FEFF 		bl	HAL_TIM_PWM_ConfigChannel
 404 00b8 40BB     		cbnz	r0, .L46
ARM GAS  C:\Users\Administrator\AppData\Local\Temp\cc54OuZ5.s 			page 8


 405              	.L36:
 406 00ba 0023     		movs	r3, #0
 407 00bc 0193     		str	r3, [sp, #4]
 408 00be 0293     		str	r3, [sp, #8]
 409 00c0 0393     		str	r3, [sp, #12]
 410 00c2 0493     		str	r3, [sp, #16]
 411 00c4 0593     		str	r3, [sp, #20]
 412 00c6 4FF40052 		mov	r2, #8192
 413 00ca 0692     		str	r2, [sp, #24]
 414 00cc 0893     		str	r3, [sp, #32]
 415 00ce 01A9     		add	r1, sp, #4
 416 00d0 1148     		ldr	r0, .L48
 417 00d2 FFF7FEFF 		bl	HAL_TIMEx_ConfigBreakDeadTime
 418 00d6 E0B9     		cbnz	r0, .L47
 419              	.L37:
 420 00d8 0F48     		ldr	r0, .L48
 421 00da FFF7FEFF 		bl	HAL_TIM_MspPostInit
 422 00de 16B0     		add	sp, sp, #88
 423              		@ sp needed
 424 00e0 10BD     		pop	{r4, pc}
 425              	.L39:
 426 00e2 FFF7FEFF 		bl	Error_Handler
 427 00e6 B0E7     		b	.L29
 428              	.L40:
 429 00e8 FFF7FEFF 		bl	Error_Handler
 430 00ec B6E7     		b	.L30
 431              	.L41:
 432 00ee FFF7FEFF 		bl	Error_Handler
 433 00f2 B8E7     		b	.L31
 434              	.L42:
 435 00f4 FFF7FEFF 		bl	Error_Handler
 436 00f8 BEE7     		b	.L32
 437              	.L43:
 438 00fa FFF7FEFF 		bl	Error_Handler
 439 00fe CAE7     		b	.L33
 440              	.L44:
 441 0100 FFF7FEFF 		bl	Error_Handler
 442 0104 CDE7     		b	.L34
 443              	.L45:
 444 0106 FFF7FEFF 		bl	Error_Handler
 445 010a D0E7     		b	.L35
 446              	.L46:
 447 010c FFF7FEFF 		bl	Error_Handler
 448 0110 D3E7     		b	.L36
 449              	.L47:
 450 0112 FFF7FEFF 		bl	Error_Handler
 451 0116 DFE7     		b	.L37
 452              	.L49:
 453              		.align	2
 454              	.L48:
 455 0118 00000000 		.word	htim1
 456 011c 00000140 		.word	1073807360
 458              		.section	.text.MX_TIM4_Init,"ax",%progbits
 459              		.align	1
 460              		.global	MX_TIM4_Init
 461              		.syntax unified
 462              		.thumb
ARM GAS  C:\Users\Administrator\AppData\Local\Temp\cc54OuZ5.s 			page 9


 463              		.thumb_func
 465              	MX_TIM4_Init:
 466              		@ args = 0, pretend = 0, frame = 56
 467              		@ frame_needed = 0, uses_anonymous_args = 0
 468 0000 00B5     		push	{lr}
 469 0002 8FB0     		sub	sp, sp, #60
 470 0004 0023     		movs	r3, #0
 471 0006 0A93     		str	r3, [sp, #40]
 472 0008 0B93     		str	r3, [sp, #44]
 473 000a 0C93     		str	r3, [sp, #48]
 474 000c 0D93     		str	r3, [sp, #52]
 475 000e 0893     		str	r3, [sp, #32]
 476 0010 0993     		str	r3, [sp, #36]
 477 0012 0193     		str	r3, [sp, #4]
 478 0014 0293     		str	r3, [sp, #8]
 479 0016 0393     		str	r3, [sp, #12]
 480 0018 0493     		str	r3, [sp, #16]
 481 001a 0593     		str	r3, [sp, #20]
 482 001c 0693     		str	r3, [sp, #24]
 483 001e 0793     		str	r3, [sp, #28]
 484 0020 2048     		ldr	r0, .L62
 485 0022 214A     		ldr	r2, .L62+4
 486 0024 0260     		str	r2, [r0]
 487 0026 A722     		movs	r2, #167
 488 0028 4260     		str	r2, [r0, #4]
 489 002a 8360     		str	r3, [r0, #8]
 490 002c 4FF6FF72 		movw	r2, #65535
 491 0030 C260     		str	r2, [r0, #12]
 492 0032 0361     		str	r3, [r0, #16]
 493 0034 8361     		str	r3, [r0, #24]
 494 0036 FFF7FEFF 		bl	HAL_TIM_Base_Init
 495 003a 20BB     		cbnz	r0, .L57
 496              	.L51:
 497 003c 4FF48053 		mov	r3, #4096
 498 0040 0A93     		str	r3, [sp, #40]
 499 0042 0AA9     		add	r1, sp, #40
 500 0044 1748     		ldr	r0, .L62
 501 0046 FFF7FEFF 		bl	HAL_TIM_ConfigClockSource
 502 004a F8B9     		cbnz	r0, .L58
 503              	.L52:
 504 004c 1548     		ldr	r0, .L62
 505 004e FFF7FEFF 		bl	HAL_TIM_PWM_Init
 506 0052 F0B9     		cbnz	r0, .L59
 507              	.L53:
 508 0054 0023     		movs	r3, #0
 509 0056 0893     		str	r3, [sp, #32]
 510 0058 0993     		str	r3, [sp, #36]
 511 005a 08A9     		add	r1, sp, #32
 512 005c 1148     		ldr	r0, .L62
 513 005e FFF7FEFF 		bl	HAL_TIMEx_MasterConfigSynchronization
 514 0062 C8B9     		cbnz	r0, .L60
 515              	.L54:
 516 0064 6023     		movs	r3, #96
 517 0066 0193     		str	r3, [sp, #4]
 518 0068 0023     		movs	r3, #0
 519 006a 0293     		str	r3, [sp, #8]
 520 006c 0393     		str	r3, [sp, #12]
ARM GAS  C:\Users\Administrator\AppData\Local\Temp\cc54OuZ5.s 			page 10


 521 006e 0593     		str	r3, [sp, #20]
 522 0070 0822     		movs	r2, #8
 523 0072 01A9     		add	r1, sp, #4
 524 0074 0B48     		ldr	r0, .L62
 525 0076 FFF7FEFF 		bl	HAL_TIM_PWM_ConfigChannel
 526 007a 80B9     		cbnz	r0, .L61
 527              	.L55:
 528 007c 0948     		ldr	r0, .L62
 529 007e FFF7FEFF 		bl	HAL_TIM_MspPostInit
 530 0082 0FB0     		add	sp, sp, #60
 531              		@ sp needed
 532 0084 00BD     		pop	{pc}
 533              	.L57:
 534 0086 FFF7FEFF 		bl	Error_Handler
 535 008a D7E7     		b	.L51
 536              	.L58:
 537 008c FFF7FEFF 		bl	Error_Handler
 538 0090 DCE7     		b	.L52
 539              	.L59:
 540 0092 FFF7FEFF 		bl	Error_Handler
 541 0096 DDE7     		b	.L53
 542              	.L60:
 543 0098 FFF7FEFF 		bl	Error_Handler
 544 009c E2E7     		b	.L54
 545              	.L61:
 546 009e FFF7FEFF 		bl	Error_Handler
 547 00a2 EBE7     		b	.L55
 548              	.L63:
 549              		.align	2
 550              	.L62:
 551 00a4 00000000 		.word	htim4
 552 00a8 00080040 		.word	1073743872
 554              		.section	.text.MX_TIM5_Init,"ax",%progbits
 555              		.align	1
 556              		.global	MX_TIM5_Init
 557              		.syntax unified
 558              		.thumb
 559              		.thumb_func
 561              	MX_TIM5_Init:
 562              		@ args = 0, pretend = 0, frame = 56
 563              		@ frame_needed = 0, uses_anonymous_args = 0
 564 0000 00B5     		push	{lr}
 565 0002 8FB0     		sub	sp, sp, #60
 566 0004 0023     		movs	r3, #0
 567 0006 0A93     		str	r3, [sp, #40]
 568 0008 0B93     		str	r3, [sp, #44]
 569 000a 0C93     		str	r3, [sp, #48]
 570 000c 0D93     		str	r3, [sp, #52]
 571 000e 0893     		str	r3, [sp, #32]
 572 0010 0993     		str	r3, [sp, #36]
 573 0012 0193     		str	r3, [sp, #4]
 574 0014 0293     		str	r3, [sp, #8]
 575 0016 0393     		str	r3, [sp, #12]
 576 0018 0493     		str	r3, [sp, #16]
 577 001a 0593     		str	r3, [sp, #20]
 578 001c 0693     		str	r3, [sp, #24]
 579 001e 0793     		str	r3, [sp, #28]
ARM GAS  C:\Users\Administrator\AppData\Local\Temp\cc54OuZ5.s 			page 11


 580 0020 2948     		ldr	r0, .L80
 581 0022 2A4A     		ldr	r2, .L80+4
 582 0024 0260     		str	r2, [r0]
 583 0026 4360     		str	r3, [r0, #4]
 584 0028 8360     		str	r3, [r0, #8]
 585 002a 4FF6FF72 		movw	r2, #65535
 586 002e C260     		str	r2, [r0, #12]
 587 0030 0361     		str	r3, [r0, #16]
 588 0032 8361     		str	r3, [r0, #24]
 589 0034 FFF7FEFF 		bl	HAL_TIM_Base_Init
 590 0038 0028     		cmp	r0, #0
 591 003a 30D1     		bne	.L73
 592              	.L65:
 593 003c 4FF48053 		mov	r3, #4096
 594 0040 0A93     		str	r3, [sp, #40]
 595 0042 0AA9     		add	r1, sp, #40
 596 0044 2048     		ldr	r0, .L80
 597 0046 FFF7FEFF 		bl	HAL_TIM_ConfigClockSource
 598 004a 58BB     		cbnz	r0, .L74
 599              	.L66:
 600 004c 1E48     		ldr	r0, .L80
 601 004e FFF7FEFF 		bl	HAL_TIM_PWM_Init
 602 0052 50BB     		cbnz	r0, .L75
 603              	.L67:
 604 0054 0023     		movs	r3, #0
 605 0056 0893     		str	r3, [sp, #32]
 606 0058 0993     		str	r3, [sp, #36]
 607 005a 08A9     		add	r1, sp, #32
 608 005c 1A48     		ldr	r0, .L80
 609 005e FFF7FEFF 		bl	HAL_TIMEx_MasterConfigSynchronization
 610 0062 28BB     		cbnz	r0, .L76
 611              	.L68:
 612 0064 6023     		movs	r3, #96
 613 0066 0193     		str	r3, [sp, #4]
 614 0068 0022     		movs	r2, #0
 615 006a 0292     		str	r2, [sp, #8]
 616 006c 0392     		str	r2, [sp, #12]
 617 006e 0592     		str	r2, [sp, #20]
 618 0070 01A9     		add	r1, sp, #4
 619 0072 1548     		ldr	r0, .L80
 620 0074 FFF7FEFF 		bl	HAL_TIM_PWM_ConfigChannel
 621 0078 E8B9     		cbnz	r0, .L77
 622              	.L69:
 623 007a 0422     		movs	r2, #4
 624 007c 0DEB0201 		add	r1, sp, r2
 625 0080 1148     		ldr	r0, .L80
 626 0082 FFF7FEFF 		bl	HAL_TIM_PWM_ConfigChannel
 627 0086 C8B9     		cbnz	r0, .L78
 628              	.L70:
 629 0088 0822     		movs	r2, #8
 630 008a 01A9     		add	r1, sp, #4
 631 008c 0E48     		ldr	r0, .L80
 632 008e FFF7FEFF 		bl	HAL_TIM_PWM_ConfigChannel
 633 0092 B0B9     		cbnz	r0, .L79
 634              	.L71:
 635 0094 0C48     		ldr	r0, .L80
 636 0096 FFF7FEFF 		bl	HAL_TIM_MspPostInit
ARM GAS  C:\Users\Administrator\AppData\Local\Temp\cc54OuZ5.s 			page 12


 637 009a 0FB0     		add	sp, sp, #60
 638              		@ sp needed
 639 009c 00BD     		pop	{pc}
 640              	.L73:
 641 009e FFF7FEFF 		bl	Error_Handler
 642 00a2 CBE7     		b	.L65
 643              	.L74:
 644 00a4 FFF7FEFF 		bl	Error_Handler
 645 00a8 D0E7     		b	.L66
 646              	.L75:
 647 00aa FFF7FEFF 		bl	Error_Handler
 648 00ae D1E7     		b	.L67
 649              	.L76:
 650 00b0 FFF7FEFF 		bl	Error_Handler
 651 00b4 D6E7     		b	.L68
 652              	.L77:
 653 00b6 FFF7FEFF 		bl	Error_Handler
 654 00ba DEE7     		b	.L69
 655              	.L78:
 656 00bc FFF7FEFF 		bl	Error_Handler
 657 00c0 E2E7     		b	.L70
 658              	.L79:
 659 00c2 FFF7FEFF 		bl	Error_Handler
 660 00c6 E5E7     		b	.L71
 661              	.L81:
 662              		.align	2
 663              	.L80:
 664 00c8 00000000 		.word	htim5
 665 00cc 000C0040 		.word	1073744896
 667              		.section	.text.MX_TIM8_Init,"ax",%progbits
 668              		.align	1
 669              		.global	MX_TIM8_Init
 670              		.syntax unified
 671              		.thumb
 672              		.thumb_func
 674              	MX_TIM8_Init:
 675              		@ args = 0, pretend = 0, frame = 88
 676              		@ frame_needed = 0, uses_anonymous_args = 0
 677 0000 10B5     		push	{r4, lr}
 678 0002 96B0     		sub	sp, sp, #88
 679 0004 0024     		movs	r4, #0
 680 0006 1294     		str	r4, [sp, #72]
 681 0008 1394     		str	r4, [sp, #76]
 682 000a 1494     		str	r4, [sp, #80]
 683 000c 1594     		str	r4, [sp, #84]
 684 000e 1094     		str	r4, [sp, #64]
 685 0010 1194     		str	r4, [sp, #68]
 686 0012 0994     		str	r4, [sp, #36]
 687 0014 0A94     		str	r4, [sp, #40]
 688 0016 0B94     		str	r4, [sp, #44]
 689 0018 0C94     		str	r4, [sp, #48]
 690 001a 0D94     		str	r4, [sp, #52]
 691 001c 0E94     		str	r4, [sp, #56]
 692 001e 0F94     		str	r4, [sp, #60]
 693 0020 2022     		movs	r2, #32
 694 0022 2146     		mov	r1, r4
 695 0024 01A8     		add	r0, sp, #4
ARM GAS  C:\Users\Administrator\AppData\Local\Temp\cc54OuZ5.s 			page 13


 696 0026 FFF7FEFF 		bl	memset
 697 002a 3648     		ldr	r0, .L100
 698 002c 364B     		ldr	r3, .L100+4
 699 002e 0360     		str	r3, [r0]
 700 0030 A723     		movs	r3, #167
 701 0032 4360     		str	r3, [r0, #4]
 702 0034 8460     		str	r4, [r0, #8]
 703 0036 44F61F63 		movw	r3, #19999
 704 003a C360     		str	r3, [r0, #12]
 705 003c 0461     		str	r4, [r0, #16]
 706 003e 4461     		str	r4, [r0, #20]
 707 0040 8461     		str	r4, [r0, #24]
 708 0042 FFF7FEFF 		bl	HAL_TIM_Base_Init
 709 0046 0028     		cmp	r0, #0
 710 0048 43D1     		bne	.L92
 711              	.L83:
 712 004a 4FF48053 		mov	r3, #4096
 713 004e 1293     		str	r3, [sp, #72]
 714 0050 12A9     		add	r1, sp, #72
 715 0052 2C48     		ldr	r0, .L100
 716 0054 FFF7FEFF 		bl	HAL_TIM_ConfigClockSource
 717 0058 0028     		cmp	r0, #0
 718 005a 3DD1     		bne	.L93
 719              	.L84:
 720 005c 2948     		ldr	r0, .L100
 721 005e FFF7FEFF 		bl	HAL_TIM_OC_Init
 722 0062 0028     		cmp	r0, #0
 723 0064 3BD1     		bne	.L94
 724              	.L85:
 725 0066 0023     		movs	r3, #0
 726 0068 1093     		str	r3, [sp, #64]
 727 006a 1193     		str	r3, [sp, #68]
 728 006c 10A9     		add	r1, sp, #64
 729 006e 2548     		ldr	r0, .L100
 730 0070 FFF7FEFF 		bl	HAL_TIMEx_MasterConfigSynchronization
 731 0074 0028     		cmp	r0, #0
 732 0076 35D1     		bne	.L95
 733              	.L86:
 734 0078 0022     		movs	r2, #0
 735 007a 0992     		str	r2, [sp, #36]
 736 007c 0A92     		str	r2, [sp, #40]
 737 007e 0B92     		str	r2, [sp, #44]
 738 0080 0C92     		str	r2, [sp, #48]
 739 0082 0D92     		str	r2, [sp, #52]
 740 0084 0E92     		str	r2, [sp, #56]
 741 0086 0F92     		str	r2, [sp, #60]
 742 0088 09A9     		add	r1, sp, #36
 743 008a 1E48     		ldr	r0, .L100
 744 008c FFF7FEFF 		bl	HAL_TIM_OC_ConfigChannel
 745 0090 58BB     		cbnz	r0, .L96
 746              	.L87:
 747 0092 0422     		movs	r2, #4
 748 0094 09A9     		add	r1, sp, #36
 749 0096 1B48     		ldr	r0, .L100
 750 0098 FFF7FEFF 		bl	HAL_TIM_OC_ConfigChannel
 751 009c 40BB     		cbnz	r0, .L97
 752              	.L88:
ARM GAS  C:\Users\Administrator\AppData\Local\Temp\cc54OuZ5.s 			page 14


 753 009e 0822     		movs	r2, #8
 754 00a0 09A9     		add	r1, sp, #36
 755 00a2 1848     		ldr	r0, .L100
 756 00a4 FFF7FEFF 		bl	HAL_TIM_OC_ConfigChannel
 757 00a8 28BB     		cbnz	r0, .L98
 758              	.L89:
 759 00aa 0023     		movs	r3, #0
 760 00ac 0193     		str	r3, [sp, #4]
 761 00ae 0293     		str	r3, [sp, #8]
 762 00b0 0393     		str	r3, [sp, #12]
 763 00b2 0493     		str	r3, [sp, #16]
 764 00b4 0593     		str	r3, [sp, #20]
 765 00b6 4FF40052 		mov	r2, #8192
 766 00ba 0692     		str	r2, [sp, #24]
 767 00bc 0893     		str	r3, [sp, #32]
 768 00be 01A9     		add	r1, sp, #4
 769 00c0 1048     		ldr	r0, .L100
 770 00c2 FFF7FEFF 		bl	HAL_TIMEx_ConfigBreakDeadTime
 771 00c6 C8B9     		cbnz	r0, .L99
 772              	.L90:
 773 00c8 0E48     		ldr	r0, .L100
 774 00ca FFF7FEFF 		bl	HAL_TIM_MspPostInit
 775 00ce 16B0     		add	sp, sp, #88
 776              		@ sp needed
 777 00d0 10BD     		pop	{r4, pc}
 778              	.L92:
 779 00d2 FFF7FEFF 		bl	Error_Handler
 780 00d6 B8E7     		b	.L83
 781              	.L93:
 782 00d8 FFF7FEFF 		bl	Error_Handler
 783 00dc BEE7     		b	.L84
 784              	.L94:
 785 00de FFF7FEFF 		bl	Error_Handler
 786 00e2 C0E7     		b	.L85
 787              	.L95:
 788 00e4 FFF7FEFF 		bl	Error_Handler
 789 00e8 C6E7     		b	.L86
 790              	.L96:
 791 00ea FFF7FEFF 		bl	Error_Handler
 792 00ee D0E7     		b	.L87
 793              	.L97:
 794 00f0 FFF7FEFF 		bl	Error_Handler
 795 00f4 D3E7     		b	.L88
 796              	.L98:
 797 00f6 FFF7FEFF 		bl	Error_Handler
 798 00fa D6E7     		b	.L89
 799              	.L99:
 800 00fc FFF7FEFF 		bl	Error_Handler
 801 0100 E2E7     		b	.L90
 802              	.L101:
 803 0102 00BF     		.align	2
 804              	.L100:
 805 0104 00000000 		.word	htim8
 806 0108 00040140 		.word	1073808384
 808              		.section	.text.MX_TIM10_Init,"ax",%progbits
 809              		.align	1
 810              		.global	MX_TIM10_Init
ARM GAS  C:\Users\Administrator\AppData\Local\Temp\cc54OuZ5.s 			page 15


 811              		.syntax unified
 812              		.thumb
 813              		.thumb_func
 815              	MX_TIM10_Init:
 816              		@ args = 0, pretend = 0, frame = 32
 817              		@ frame_needed = 0, uses_anonymous_args = 0
 818 0000 00B5     		push	{lr}
 819 0002 89B0     		sub	sp, sp, #36
 820 0004 0023     		movs	r3, #0
 821 0006 0193     		str	r3, [sp, #4]
 822 0008 0293     		str	r3, [sp, #8]
 823 000a 0393     		str	r3, [sp, #12]
 824 000c 0493     		str	r3, [sp, #16]
 825 000e 0593     		str	r3, [sp, #20]
 826 0010 0693     		str	r3, [sp, #24]
 827 0012 0793     		str	r3, [sp, #28]
 828 0014 1548     		ldr	r0, .L110
 829 0016 164A     		ldr	r2, .L110+4
 830 0018 0260     		str	r2, [r0]
 831 001a A722     		movs	r2, #167
 832 001c 4260     		str	r2, [r0, #4]
 833 001e 8360     		str	r3, [r0, #8]
 834 0020 41F28732 		movw	r2, #4999
 835 0024 C260     		str	r2, [r0, #12]
 836 0026 0361     		str	r3, [r0, #16]
 837 0028 8361     		str	r3, [r0, #24]
 838 002a FFF7FEFF 		bl	HAL_TIM_Base_Init
 839 002e 98B9     		cbnz	r0, .L107
 840              	.L103:
 841 0030 0E48     		ldr	r0, .L110
 842 0032 FFF7FEFF 		bl	HAL_TIM_PWM_Init
 843 0036 90B9     		cbnz	r0, .L108
 844              	.L104:
 845 0038 6023     		movs	r3, #96
 846 003a 0193     		str	r3, [sp, #4]
 847 003c 0022     		movs	r2, #0
 848 003e 0292     		str	r2, [sp, #8]
 849 0040 0392     		str	r2, [sp, #12]
 850 0042 0592     		str	r2, [sp, #20]
 851 0044 01A9     		add	r1, sp, #4
 852 0046 0948     		ldr	r0, .L110
 853 0048 FFF7FEFF 		bl	HAL_TIM_PWM_ConfigChannel
 854 004c 50B9     		cbnz	r0, .L109
 855              	.L105:
 856 004e 0748     		ldr	r0, .L110
 857 0050 FFF7FEFF 		bl	HAL_TIM_MspPostInit
 858 0054 09B0     		add	sp, sp, #36
 859              		@ sp needed
 860 0056 00BD     		pop	{pc}
 861              	.L107:
 862 0058 FFF7FEFF 		bl	Error_Handler
 863 005c E8E7     		b	.L103
 864              	.L108:
 865 005e FFF7FEFF 		bl	Error_Handler
 866 0062 E9E7     		b	.L104
 867              	.L109:
 868 0064 FFF7FEFF 		bl	Error_Handler
ARM GAS  C:\Users\Administrator\AppData\Local\Temp\cc54OuZ5.s 			page 16


 869 0068 F1E7     		b	.L105
 870              	.L111:
 871 006a 00BF     		.align	2
 872              	.L110:
 873 006c 00000000 		.word	htim10
 874 0070 00440140 		.word	1073824768
 876              		.section	.text.HAL_TIM_Base_MspDeInit,"ax",%progbits
 877              		.align	1
 878              		.global	HAL_TIM_Base_MspDeInit
 879              		.syntax unified
 880              		.thumb
 881              		.thumb_func
 883              	HAL_TIM_Base_MspDeInit:
 884              		@ args = 0, pretend = 0, frame = 0
 885              		@ frame_needed = 0, uses_anonymous_args = 0
 886 0000 08B5     		push	{r3, lr}
 887 0002 0368     		ldr	r3, [r0]
 888 0004 1A4A     		ldr	r2, .L123
 889 0006 9342     		cmp	r3, r2
 890 0008 12D0     		beq	.L119
 891 000a 1A4A     		ldr	r2, .L123+4
 892 000c 9342     		cmp	r3, r2
 893 000e 16D0     		beq	.L120
 894 0010 194A     		ldr	r2, .L123+8
 895 0012 9342     		cmp	r3, r2
 896 0014 1AD0     		beq	.L121
 897 0016 194A     		ldr	r2, .L123+12
 898 0018 9342     		cmp	r3, r2
 899 001a 1ED0     		beq	.L122
 900 001c 184A     		ldr	r2, .L123+16
 901 001e 9342     		cmp	r3, r2
 902 0020 0CD1     		bne	.L112
 903 0022 02F57442 		add	r2, r2, #62464
 904 0026 536C     		ldr	r3, [r2, #68]
 905 0028 23F40033 		bic	r3, r3, #131072
 906 002c 5364     		str	r3, [r2, #68]
 907 002e 05E0     		b	.L112
 908              	.L119:
 909 0030 02F59C32 		add	r2, r2, #79872
 910 0034 536C     		ldr	r3, [r2, #68]
 911 0036 23F00103 		bic	r3, r3, #1
 912 003a 5364     		str	r3, [r2, #68]
 913              	.L112:
 914 003c 08BD     		pop	{r3, pc}
 915              	.L120:
 916 003e 02F50C32 		add	r2, r2, #143360
 917 0042 136C     		ldr	r3, [r2, #64]
 918 0044 23F00403 		bic	r3, r3, #4
 919 0048 1364     		str	r3, [r2, #64]
 920 004a F7E7     		b	.L112
 921              	.L121:
 922 004c 02F50B32 		add	r2, r2, #142336
 923 0050 136C     		ldr	r3, [r2, #64]
 924 0052 23F00803 		bic	r3, r3, #8
 925 0056 1364     		str	r3, [r2, #64]
 926 0058 F0E7     		b	.L112
 927              	.L122:
ARM GAS  C:\Users\Administrator\AppData\Local\Temp\cc54OuZ5.s 			page 17


 928 005a 02F59A32 		add	r2, r2, #78848
 929 005e 536C     		ldr	r3, [r2, #68]
 930 0060 23F00203 		bic	r3, r3, #2
 931 0064 5364     		str	r3, [r2, #68]
 932 0066 2D20     		movs	r0, #45
 933 0068 FFF7FEFF 		bl	HAL_NVIC_DisableIRQ
 934 006c E6E7     		b	.L112
 935              	.L124:
 936 006e 00BF     		.align	2
 937              	.L123:
 938 0070 00000140 		.word	1073807360
 939 0074 00080040 		.word	1073743872
 940 0078 000C0040 		.word	1073744896
 941 007c 00040140 		.word	1073808384
 942 0080 00440140 		.word	1073824768
 944              		.global	htim10
 945              		.section	.bss.htim10,"aw",%nobits
 946              		.align	2
 949              	htim10:
 950 0000 00000000 		.space	72
 950      00000000 
 950      00000000 
 950      00000000 
 950      00000000 
 951              		.global	htim8
 952              		.section	.bss.htim8,"aw",%nobits
 953              		.align	2
 956              	htim8:
 957 0000 00000000 		.space	72
 957      00000000 
 957      00000000 
 957      00000000 
 957      00000000 
 958              		.global	htim5
 959              		.section	.bss.htim5,"aw",%nobits
 960              		.align	2
 963              	htim5:
 964 0000 00000000 		.space	72
 964      00000000 
 964      00000000 
 964      00000000 
 964      00000000 
 965              		.global	htim4
 966              		.section	.bss.htim4,"aw",%nobits
 967              		.align	2
 970              	htim4:
 971 0000 00000000 		.space	72
 971      00000000 
 971      00000000 
 971      00000000 
 971      00000000 
 972              		.global	htim1
 973              		.section	.bss.htim1,"aw",%nobits
 974              		.align	2
 977              	htim1:
 978 0000 00000000 		.space	72
 978      00000000 
ARM GAS  C:\Users\Administrator\AppData\Local\Temp\cc54OuZ5.s 			page 18


 978      00000000 
 978      00000000 
 978      00000000 
 979              		.ident	"GCC: (xPack GNU Arm Embedded GCC x86_64) 15.2.1 20251203"
ARM GAS  C:\Users\Administrator\AppData\Local\Temp\cc54OuZ5.s 			page 19


DEFINED SYMBOLS
                            *ABS*:00000000 tim.c
C:\Users\Administrator\AppData\Local\Temp\cc54OuZ5.s:18     .text.HAL_TIM_Base_MspInit:00000000 $t
C:\Users\Administrator\AppData\Local\Temp\cc54OuZ5.s:24     .text.HAL_TIM_Base_MspInit:00000000 HAL_TIM_Base_MspInit
C:\Users\Administrator\AppData\Local\Temp\cc54OuZ5.s:115    .text.HAL_TIM_Base_MspInit:000000b8 $d
C:\Users\Administrator\AppData\Local\Temp\cc54OuZ5.s:123    .text.HAL_TIM_MspPostInit:00000000 $t
C:\Users\Administrator\AppData\Local\Temp\cc54OuZ5.s:129    .text.HAL_TIM_MspPostInit:00000000 HAL_TIM_MspPostInit
C:\Users\Administrator\AppData\Local\Temp\cc54OuZ5.s:293    .text.HAL_TIM_MspPostInit:00000158 $d
C:\Users\Administrator\AppData\Local\Temp\cc54OuZ5.s:307    .text.MX_TIM1_Init:00000000 $t
C:\Users\Administrator\AppData\Local\Temp\cc54OuZ5.s:313    .text.MX_TIM1_Init:00000000 MX_TIM1_Init
C:\Users\Administrator\AppData\Local\Temp\cc54OuZ5.s:455    .text.MX_TIM1_Init:00000118 $d
C:\Users\Administrator\AppData\Local\Temp\cc54OuZ5.s:977    .bss.htim1:00000000 htim1
C:\Users\Administrator\AppData\Local\Temp\cc54OuZ5.s:459    .text.MX_TIM4_Init:00000000 $t
C:\Users\Administrator\AppData\Local\Temp\cc54OuZ5.s:465    .text.MX_TIM4_Init:00000000 MX_TIM4_Init
C:\Users\Administrator\AppData\Local\Temp\cc54OuZ5.s:551    .text.MX_TIM4_Init:000000a4 $d
C:\Users\Administrator\AppData\Local\Temp\cc54OuZ5.s:970    .bss.htim4:00000000 htim4
C:\Users\Administrator\AppData\Local\Temp\cc54OuZ5.s:555    .text.MX_TIM5_Init:00000000 $t
C:\Users\Administrator\AppData\Local\Temp\cc54OuZ5.s:561    .text.MX_TIM5_Init:00000000 MX_TIM5_Init
C:\Users\Administrator\AppData\Local\Temp\cc54OuZ5.s:664    .text.MX_TIM5_Init:000000c8 $d
C:\Users\Administrator\AppData\Local\Temp\cc54OuZ5.s:963    .bss.htim5:00000000 htim5
C:\Users\Administrator\AppData\Local\Temp\cc54OuZ5.s:668    .text.MX_TIM8_Init:00000000 $t
C:\Users\Administrator\AppData\Local\Temp\cc54OuZ5.s:674    .text.MX_TIM8_Init:00000000 MX_TIM8_Init
C:\Users\Administrator\AppData\Local\Temp\cc54OuZ5.s:805    .text.MX_TIM8_Init:00000104 $d
C:\Users\Administrator\AppData\Local\Temp\cc54OuZ5.s:956    .bss.htim8:00000000 htim8
C:\Users\Administrator\AppData\Local\Temp\cc54OuZ5.s:809    .text.MX_TIM10_Init:00000000 $t
C:\Users\Administrator\AppData\Local\Temp\cc54OuZ5.s:815    .text.MX_TIM10_Init:00000000 MX_TIM10_Init
C:\Users\Administrator\AppData\Local\Temp\cc54OuZ5.s:873    .text.MX_TIM10_Init:0000006c $d
C:\Users\Administrator\AppData\Local\Temp\cc54OuZ5.s:949    .bss.htim10:00000000 htim10
C:\Users\Administrator\AppData\Local\Temp\cc54OuZ5.s:877    .text.HAL_TIM_Base_MspDeInit:00000000 $t
C:\Users\Administrator\AppData\Local\Temp\cc54OuZ5.s:883    .text.HAL_TIM_Base_MspDeInit:00000000 HAL_TIM_Base_MspDeInit
C:\Users\Administrator\AppData\Local\Temp\cc54OuZ5.s:938    .text.HAL_TIM_Base_MspDeInit:00000070 $d
C:\Users\Administrator\AppData\Local\Temp\cc54OuZ5.s:946    .bss.htim10:00000000 $d
C:\Users\Administrator\AppData\Local\Temp\cc54OuZ5.s:953    .bss.htim8:00000000 $d
C:\Users\Administrator\AppData\Local\Temp\cc54OuZ5.s:960    .bss.htim5:00000000 $d
C:\Users\Administrator\AppData\Local\Temp\cc54OuZ5.s:967    .bss.htim4:00000000 $d
C:\Users\Administrator\AppData\Local\Temp\cc54OuZ5.s:974    .bss.htim1:00000000 $d

UNDEFINED SYMBOLS
HAL_NVIC_SetPriority
HAL_NVIC_EnableIRQ
HAL_GPIO_Init
memset
HAL_TIM_Base_Init
HAL_TIM_ConfigClockSource
HAL_TIM_PWM_Init
HAL_TIMEx_MasterConfigSynchronization
HAL_TIM_PWM_ConfigChannel
HAL_TIMEx_ConfigBreakDeadTime
Error_Handler
HAL_TIM_OC_Init
HAL_TIM_OC_ConfigChannel
HAL_NVIC_DisableIRQ
