ARM GAS  C:\Users\Administrator\AppData\Local\Temp\ccilLYno.s 			page 1


   1              		.cpu cortex-m4
   2              		.arch armv7e-m
   3              		.fpu fpv4-sp-d16
   4              		.eabi_attribute 27, 1
   5              		.eabi_attribute 28, 1
   6              		.eabi_attribute 20, 1
   7              		.eabi_attribute 21, 1
   8              		.eabi_attribute 23, 3
   9              		.eabi_attribute 24, 1
  10              		.eabi_attribute 25, 1
  11              		.eabi_attribute 26, 1
  12              		.eabi_attribute 30, 1
  13              		.eabi_attribute 34, 1
  14              		.eabi_attribute 18, 4
  15              		.file	"usbd_ctlreq.c"
  16              		.text
  17              		.section	.text.USBD_GetLen,"ax",%progbits
  18              		.align	1
  19              		.syntax unified
  20              		.thumb
  21              		.thumb_func
  23              	USBD_GetLen:
  24              		@ args = 0, pretend = 0, frame = 0
  25              		@ frame_needed = 0, uses_anonymous_args = 0
  26              		@ link register save eliminated.
  27 0000 0346     		mov	r3, r0
  28 0002 0020     		movs	r0, #0
  29 0004 02E0     		b	.L2
  30              	.L3:
  31 0006 0130     		adds	r0, r0, #1
  32 0008 C0B2     		uxtb	r0, r0
  33 000a 0133     		adds	r3, r3, #1
  34              	.L2:
  35 000c 1A78     		ldrb	r2, [r3]	@ zero_extendqisi2
  36 000e 002A     		cmp	r2, #0
  37 0010 F9D1     		bne	.L3
  38 0012 7047     		bx	lr
  40              		.section	.text.USBD_ParseSetupRequest,"ax",%progbits
  41              		.align	1
  42              		.global	USBD_ParseSetupRequest
  43              		.syntax unified
  44              		.thumb
  45              		.thumb_func
  47              	USBD_ParseSetupRequest:
  48              		@ args = 0, pretend = 0, frame = 0
  49              		@ frame_needed = 0, uses_anonymous_args = 0
  50              		@ link register save eliminated.
  51 0000 0B78     		ldrb	r3, [r1]	@ zero_extendqisi2
  52 0002 0370     		strb	r3, [r0]
  53 0004 4B78     		ldrb	r3, [r1, #1]	@ zero_extendqisi2
  54 0006 4370     		strb	r3, [r0, #1]
  55 0008 8B78     		ldrb	r3, [r1, #2]	@ zero_extendqisi2
  56 000a CA78     		ldrb	r2, [r1, #3]	@ zero_extendqisi2
  57 000c 43EA0223 		orr	r3, r3, r2, lsl #8
  58 0010 4380     		strh	r3, [r0, #2]	@ movhi
  59 0012 0B79     		ldrb	r3, [r1, #4]	@ zero_extendqisi2
  60 0014 4A79     		ldrb	r2, [r1, #5]	@ zero_extendqisi2
ARM GAS  C:\Users\Administrator\AppData\Local\Temp\ccilLYno.s 			page 2


  61 0016 43EA0223 		orr	r3, r3, r2, lsl #8
  62 001a 8380     		strh	r3, [r0, #4]	@ movhi
  63 001c 8B79     		ldrb	r3, [r1, #6]	@ zero_extendqisi2
  64 001e CA79     		ldrb	r2, [r1, #7]	@ zero_extendqisi2
  65 0020 43EA0223 		orr	r3, r3, r2, lsl #8
  66 0024 C380     		strh	r3, [r0, #6]	@ movhi
  67 0026 7047     		bx	lr
  69              		.section	.text.USBD_CtlError,"ax",%progbits
  70              		.align	1
  71              		.global	USBD_CtlError
  72              		.syntax unified
  73              		.thumb
  74              		.thumb_func
  76              	USBD_CtlError:
  77              		@ args = 0, pretend = 0, frame = 0
  78              		@ frame_needed = 0, uses_anonymous_args = 0
  79 0000 10B5     		push	{r4, lr}
  80 0002 0446     		mov	r4, r0
  81 0004 8021     		movs	r1, #128
  82 0006 FFF7FEFF 		bl	USBD_LL_StallEP
  83 000a 0021     		movs	r1, #0
  84 000c 2046     		mov	r0, r4
  85 000e FFF7FEFF 		bl	USBD_LL_StallEP
  86 0012 10BD     		pop	{r4, pc}
  88              		.section	.text.USBD_GetDescriptor,"ax",%progbits
  89              		.align	1
  90              		.syntax unified
  91              		.thumb
  92              		.thumb_func
  94              	USBD_GetDescriptor:
  95              		@ args = 0, pretend = 0, frame = 8
  96              		@ frame_needed = 0, uses_anonymous_args = 0
  97 0000 30B5     		push	{r4, r5, lr}
  98 0002 83B0     		sub	sp, sp, #12
  99 0004 0446     		mov	r4, r0
 100 0006 0D46     		mov	r5, r1
 101 0008 0023     		movs	r3, #0
 102 000a ADF80630 		strh	r3, [sp, #6]	@ movhi
 103 000e 4A88     		ldrh	r2, [r1, #2]
 104 0010 130A     		lsrs	r3, r2, #8
 105 0012 032B     		cmp	r3, #3
 106 0014 47D0     		beq	.L8
 107 0016 12D9     		bls	.L39
 108 0018 062B     		cmp	r3, #6
 109 001a 00F0A080 		beq	.L13
 110 001e 072B     		cmp	r3, #7
 111 0020 40F0AC80 		bne	.L12
 112 0024 037C     		ldrb	r3, [r0, #16]	@ zero_extendqisi2
 113 0026 002B     		cmp	r3, #0
 114 0028 40F0A580 		bne	.L33
 115 002c D0F8B832 		ldr	r3, [r0, #696]
 116 0030 1B6B     		ldr	r3, [r3, #48]
 117 0032 0DF10600 		add	r0, sp, #6
 118 0036 9847     		blx	r3
 119 0038 0723     		movs	r3, #7
 120 003a 4370     		strb	r3, [r0, #1]
 121 003c 16E0     		b	.L15
ARM GAS  C:\Users\Administrator\AppData\Local\Temp\ccilLYno.s 			page 3


 122              	.L39:
 123 003e 012B     		cmp	r3, #1
 124 0040 0DD0     		beq	.L10
 125 0042 022B     		cmp	r3, #2
 126 0044 40F09A80 		bne	.L12
 127 0048 037C     		ldrb	r3, [r0, #16]	@ zero_extendqisi2
 128 004a 1BBB     		cbnz	r3, .L16
 129 004c D0F8B832 		ldr	r3, [r0, #696]
 130 0050 9B6A     		ldr	r3, [r3, #40]
 131 0052 0DF10600 		add	r0, sp, #6
 132 0056 9847     		blx	r3
 133 0058 0223     		movs	r3, #2
 134 005a 4370     		strb	r3, [r0, #1]
 135 005c 06E0     		b	.L15
 136              	.L10:
 137 005e D0F8B432 		ldr	r3, [r0, #692]
 138 0062 1B68     		ldr	r3, [r3]
 139 0064 0DF10601 		add	r1, sp, #6
 140 0068 007C     		ldrb	r0, [r0, #16]	@ zero_extendqisi2
 141 006a 9847     		blx	r3
 142              	.L15:
 143 006c EA88     		ldrh	r2, [r5, #6]
 144 006e 002A     		cmp	r2, #0
 145 0070 00F08E80 		beq	.L35
 146 0074 BDF80630 		ldrh	r3, [sp, #6]
 147 0078 002B     		cmp	r3, #0
 148 007a 00F08480 		beq	.L36
 149 007e 9A42     		cmp	r2, r3
 150 0080 28BF     		it	cs
 151 0082 1A46     		movcs	r2, r3
 152 0084 ADF80620 		strh	r2, [sp, #6]	@ movhi
 153 0088 0146     		mov	r1, r0
 154 008a 2046     		mov	r0, r4
 155 008c FFF7FEFF 		bl	USBD_CtlSendData
 156              	.L7:
 157 0090 03B0     		add	sp, sp, #12
 158              		@ sp needed
 159 0092 30BD     		pop	{r4, r5, pc}
 160              	.L16:
 161 0094 D0F8B832 		ldr	r3, [r0, #696]
 162 0098 DB6A     		ldr	r3, [r3, #44]
 163 009a 0DF10600 		add	r0, sp, #6
 164 009e 9847     		blx	r3
 165 00a0 0223     		movs	r3, #2
 166 00a2 4370     		strb	r3, [r0, #1]
 167 00a4 E2E7     		b	.L15
 168              	.L8:
 169 00a6 D2B2     		uxtb	r2, r2
 170 00a8 032A     		cmp	r2, #3
 171 00aa 38D0     		beq	.L17
 172 00ac 0ED8     		bhi	.L18
 173 00ae 012A     		cmp	r2, #1
 174 00b0 1DD0     		beq	.L19
 175 00b2 022A     		cmp	r2, #2
 176 00b4 27D0     		beq	.L20
 177 00b6 002A     		cmp	r2, #0
 178 00b8 4CD1     		bne	.L22
ARM GAS  C:\Users\Administrator\AppData\Local\Temp\ccilLYno.s 			page 4


 179 00ba D0F8B432 		ldr	r3, [r0, #692]
 180 00be 5B68     		ldr	r3, [r3, #4]
 181 00c0 93B1     		cbz	r3, .L25
 182 00c2 0DF10601 		add	r1, sp, #6
 183 00c6 007C     		ldrb	r0, [r0, #16]	@ zero_extendqisi2
 184 00c8 9847     		blx	r3
 185 00ca CFE7     		b	.L15
 186              	.L18:
 187 00cc 042A     		cmp	r2, #4
 188 00ce 32D0     		beq	.L23
 189 00d0 052A     		cmp	r2, #5
 190 00d2 3FD1     		bne	.L22
 191 00d4 D0F8B432 		ldr	r3, [r0, #692]
 192 00d8 9B69     		ldr	r3, [r3, #24]
 193 00da 002B     		cmp	r3, #0
 194 00dc 37D0     		beq	.L31
 195 00de 0DF10601 		add	r1, sp, #6
 196 00e2 007C     		ldrb	r0, [r0, #16]	@ zero_extendqisi2
 197 00e4 9847     		blx	r3
 198 00e6 C1E7     		b	.L15
 199              	.L25:
 200 00e8 FFF7FEFF 		bl	USBD_CtlError
 201 00ec D0E7     		b	.L7
 202              	.L19:
 203 00ee D0F8B432 		ldr	r3, [r0, #692]
 204 00f2 9B68     		ldr	r3, [r3, #8]
 205 00f4 23B1     		cbz	r3, .L27
 206 00f6 0DF10601 		add	r1, sp, #6
 207 00fa 007C     		ldrb	r0, [r0, #16]	@ zero_extendqisi2
 208 00fc 9847     		blx	r3
 209 00fe B5E7     		b	.L15
 210              	.L27:
 211 0100 FFF7FEFF 		bl	USBD_CtlError
 212 0104 C4E7     		b	.L7
 213              	.L20:
 214 0106 D0F8B432 		ldr	r3, [r0, #692]
 215 010a DB68     		ldr	r3, [r3, #12]
 216 010c 23B1     		cbz	r3, .L28
 217 010e 0DF10601 		add	r1, sp, #6
 218 0112 007C     		ldrb	r0, [r0, #16]	@ zero_extendqisi2
 219 0114 9847     		blx	r3
 220 0116 A9E7     		b	.L15
 221              	.L28:
 222 0118 FFF7FEFF 		bl	USBD_CtlError
 223 011c B8E7     		b	.L7
 224              	.L17:
 225 011e D0F8B432 		ldr	r3, [r0, #692]
 226 0122 1B69     		ldr	r3, [r3, #16]
 227 0124 23B1     		cbz	r3, .L29
 228 0126 0DF10601 		add	r1, sp, #6
 229 012a 007C     		ldrb	r0, [r0, #16]	@ zero_extendqisi2
 230 012c 9847     		blx	r3
 231 012e 9DE7     		b	.L15
 232              	.L29:
 233 0130 FFF7FEFF 		bl	USBD_CtlError
 234 0134 ACE7     		b	.L7
 235              	.L23:
ARM GAS  C:\Users\Administrator\AppData\Local\Temp\ccilLYno.s 			page 5


 236 0136 D0F8B432 		ldr	r3, [r0, #692]
 237 013a 5B69     		ldr	r3, [r3, #20]
 238 013c 23B1     		cbz	r3, .L30
 239 013e 0DF10601 		add	r1, sp, #6
 240 0142 007C     		ldrb	r0, [r0, #16]	@ zero_extendqisi2
 241 0144 9847     		blx	r3
 242 0146 91E7     		b	.L15
 243              	.L30:
 244 0148 FFF7FEFF 		bl	USBD_CtlError
 245 014c A0E7     		b	.L7
 246              	.L31:
 247 014e FFF7FEFF 		bl	USBD_CtlError
 248 0152 9DE7     		b	.L7
 249              	.L22:
 250 0154 2946     		mov	r1, r5
 251 0156 2046     		mov	r0, r4
 252 0158 FFF7FEFF 		bl	USBD_CtlError
 253 015c 98E7     		b	.L7
 254              	.L13:
 255 015e 037C     		ldrb	r3, [r0, #16]	@ zero_extendqisi2
 256 0160 33B9     		cbnz	r3, .L32
 257 0162 D0F8B832 		ldr	r3, [r0, #696]
 258 0166 5B6B     		ldr	r3, [r3, #52]
 259 0168 0DF10600 		add	r0, sp, #6
 260 016c 9847     		blx	r3
 261 016e 7DE7     		b	.L15
 262              	.L32:
 263 0170 FFF7FEFF 		bl	USBD_CtlError
 264 0174 8CE7     		b	.L7
 265              	.L33:
 266 0176 FFF7FEFF 		bl	USBD_CtlError
 267 017a 89E7     		b	.L7
 268              	.L12:
 269 017c 2946     		mov	r1, r5
 270 017e 2046     		mov	r0, r4
 271 0180 FFF7FEFF 		bl	USBD_CtlError
 272 0184 84E7     		b	.L7
 273              	.L36:
 274 0186 2946     		mov	r1, r5
 275 0188 2046     		mov	r0, r4
 276 018a FFF7FEFF 		bl	USBD_CtlError
 277 018e 7FE7     		b	.L7
 278              	.L35:
 279 0190 2046     		mov	r0, r4
 280 0192 FFF7FEFF 		bl	USBD_CtlSendStatus
 281 0196 7BE7     		b	.L7
 283              		.section	.text.USBD_SetAddress,"ax",%progbits
 284              		.align	1
 285              		.syntax unified
 286              		.thumb
 287              		.thumb_func
 289              	USBD_SetAddress:
 290              		@ args = 0, pretend = 0, frame = 0
 291              		@ frame_needed = 0, uses_anonymous_args = 0
 292 0000 38B5     		push	{r3, r4, r5, lr}
 293 0002 0446     		mov	r4, r0
 294 0004 8B88     		ldrh	r3, [r1, #4]
ARM GAS  C:\Users\Administrator\AppData\Local\Temp\ccilLYno.s 			page 6


 295 0006 03BB     		cbnz	r3, .L41
 296 0008 CB88     		ldrh	r3, [r1, #6]
 297 000a F3B9     		cbnz	r3, .L41
 298 000c 4B88     		ldrh	r3, [r1, #2]
 299 000e 7F2B     		cmp	r3, #127
 300 0010 1BD8     		bhi	.L41
 301 0012 03F07F03 		and	r3, r3, #127
 302 0016 1A46     		mov	r2, r3
 303 0018 90F89C32 		ldrb	r3, [r0, #668]	@ zero_extendqisi2
 304 001c 032B     		cmp	r3, #3
 305 001e 0DD0     		beq	.L46
 306 0020 1546     		mov	r5, r2
 307 0022 80F89E22 		strb	r2, [r0, #670]
 308 0026 1146     		mov	r1, r2
 309 0028 FFF7FEFF 		bl	USBD_LL_SetUSBAddress
 310 002c 2046     		mov	r0, r4
 311 002e FFF7FEFF 		bl	USBD_CtlSendStatus
 312 0032 35B1     		cbz	r5, .L44
 313 0034 0223     		movs	r3, #2
 314 0036 84F89C32 		strb	r3, [r4, #668]
 315 003a 09E0     		b	.L40
 316              	.L46:
 317 003c FFF7FEFF 		bl	USBD_CtlError
 318 0040 06E0     		b	.L40
 319              	.L44:
 320 0042 0123     		movs	r3, #1
 321 0044 84F89C32 		strb	r3, [r4, #668]
 322 0048 02E0     		b	.L40
 323              	.L41:
 324 004a 2046     		mov	r0, r4
 325 004c FFF7FEFF 		bl	USBD_CtlError
 326              	.L40:
 327 0050 38BD     		pop	{r3, r4, r5, pc}
 329              		.section	.text.USBD_SetConfig,"ax",%progbits
 330              		.align	1
 331              		.syntax unified
 332              		.thumb
 333              		.thumb_func
 335              	USBD_SetConfig:
 336              		@ args = 0, pretend = 0, frame = 0
 337              		@ frame_needed = 0, uses_anonymous_args = 0
 338 0000 70B5     		push	{r4, r5, r6, lr}
 339 0002 0446     		mov	r4, r0
 340 0004 0E46     		mov	r6, r1
 341 0006 4B88     		ldrh	r3, [r1, #2]
 342 0008 DDB2     		uxtb	r5, r3
 343 000a 324A     		ldr	r2, .L62
 344 000c 1570     		strb	r5, [r2]
 345 000e 012D     		cmp	r5, #1
 346 0010 11D8     		bhi	.L60
 347 0012 90F89C22 		ldrb	r2, [r0, #668]	@ zero_extendqisi2
 348 0016 D1B2     		uxtb	r1, r2
 349 0018 022A     		cmp	r2, #2
 350 001a 10D0     		beq	.L50
 351 001c 0329     		cmp	r1, #3
 352 001e 28D0     		beq	.L51
 353 0020 3146     		mov	r1, r6
ARM GAS  C:\Users\Administrator\AppData\Local\Temp\ccilLYno.s 			page 7


 354 0022 FFF7FEFF 		bl	USBD_CtlError
 355 0026 2B4B     		ldr	r3, .L62
 356 0028 1978     		ldrb	r1, [r3]	@ zero_extendqisi2
 357 002a 2046     		mov	r0, r4
 358 002c FFF7FEFF 		bl	USBD_ClrClassConfig
 359 0030 0325     		movs	r5, #3
 360              	.L49:
 361 0032 2846     		mov	r0, r5
 362 0034 70BD     		pop	{r4, r5, r6, pc}
 363              	.L60:
 364 0036 FFF7FEFF 		bl	USBD_CtlError
 365 003a 0325     		movs	r5, #3
 366 003c F9E7     		b	.L49
 367              	.L50:
 368 003e ADB1     		cbz	r5, .L53
 369 0040 DBB2     		uxtb	r3, r3
 370 0042 4360     		str	r3, [r0, #4]
 371 0044 2946     		mov	r1, r5
 372 0046 FFF7FEFF 		bl	USBD_SetClassConfig
 373 004a 0546     		mov	r5, r0
 374 004c 38B1     		cbz	r0, .L54
 375 004e 3146     		mov	r1, r6
 376 0050 2046     		mov	r0, r4
 377 0052 FFF7FEFF 		bl	USBD_CtlError
 378 0056 0223     		movs	r3, #2
 379 0058 84F89C32 		strb	r3, [r4, #668]
 380 005c E9E7     		b	.L49
 381              	.L54:
 382 005e 2046     		mov	r0, r4
 383 0060 FFF7FEFF 		bl	USBD_CtlSendStatus
 384 0064 0323     		movs	r3, #3
 385 0066 84F89C32 		strb	r3, [r4, #668]
 386 006a E2E7     		b	.L49
 387              	.L53:
 388 006c FFF7FEFF 		bl	USBD_CtlSendStatus
 389 0070 DFE7     		b	.L49
 390              	.L51:
 391 0072 D5B1     		cbz	r5, .L61
 392 0074 DBB2     		uxtb	r3, r3
 393 0076 4168     		ldr	r1, [r0, #4]
 394 0078 8B42     		cmp	r3, r1
 395 007a 26D0     		beq	.L56
 396 007c C9B2     		uxtb	r1, r1
 397 007e FFF7FEFF 		bl	USBD_ClrClassConfig
 398 0082 144B     		ldr	r3, .L62
 399 0084 1978     		ldrb	r1, [r3]	@ zero_extendqisi2
 400 0086 6160     		str	r1, [r4, #4]
 401 0088 2046     		mov	r0, r4
 402 008a FFF7FEFF 		bl	USBD_SetClassConfig
 403 008e 0546     		mov	r5, r0
 404 0090 B8B1     		cbz	r0, .L57
 405 0092 3146     		mov	r1, r6
 406 0094 2046     		mov	r0, r4
 407 0096 FFF7FEFF 		bl	USBD_CtlError
 408 009a 2179     		ldrb	r1, [r4, #4]	@ zero_extendqisi2
 409 009c 2046     		mov	r0, r4
 410 009e FFF7FEFF 		bl	USBD_ClrClassConfig
ARM GAS  C:\Users\Administrator\AppData\Local\Temp\ccilLYno.s 			page 8


 411 00a2 0223     		movs	r3, #2
 412 00a4 84F89C32 		strb	r3, [r4, #668]
 413 00a8 C3E7     		b	.L49
 414              	.L61:
 415 00aa 0222     		movs	r2, #2
 416 00ac 80F89C22 		strb	r2, [r0, #668]
 417 00b0 DBB2     		uxtb	r3, r3
 418 00b2 4360     		str	r3, [r0, #4]
 419 00b4 2946     		mov	r1, r5
 420 00b6 FFF7FEFF 		bl	USBD_ClrClassConfig
 421 00ba 2046     		mov	r0, r4
 422 00bc FFF7FEFF 		bl	USBD_CtlSendStatus
 423 00c0 B7E7     		b	.L49
 424              	.L57:
 425 00c2 2046     		mov	r0, r4
 426 00c4 FFF7FEFF 		bl	USBD_CtlSendStatus
 427 00c8 B3E7     		b	.L49
 428              	.L56:
 429 00ca FFF7FEFF 		bl	USBD_CtlSendStatus
 430 00ce 0025     		movs	r5, #0
 431 00d0 AFE7     		b	.L49
 432              	.L63:
 433 00d2 00BF     		.align	2
 434              	.L62:
 435 00d4 00000000 		.word	cfgidx.0
 437              		.section	.text.USBD_GetConfig,"ax",%progbits
 438              		.align	1
 439              		.syntax unified
 440              		.thumb
 441              		.thumb_func
 443              	USBD_GetConfig:
 444              		@ args = 0, pretend = 0, frame = 0
 445              		@ frame_needed = 0, uses_anonymous_args = 0
 446 0000 08B5     		push	{r3, lr}
 447 0002 CB88     		ldrh	r3, [r1, #6]
 448 0004 012B     		cmp	r3, #1
 449 0006 0BD1     		bne	.L72
 450 0008 90F89C32 		ldrb	r3, [r0, #668]	@ zero_extendqisi2
 451 000c DAB2     		uxtb	r2, r3
 452 000e 022B     		cmp	r3, #2
 453 0010 09D9     		bls	.L73
 454 0012 032A     		cmp	r2, #3
 455 0014 11D1     		bne	.L69
 456 0016 0122     		movs	r2, #1
 457 0018 011D     		adds	r1, r0, #4
 458 001a FFF7FEFF 		bl	USBD_CtlSendData
 459 001e 01E0     		b	.L64
 460              	.L72:
 461 0020 FFF7FEFF 		bl	USBD_CtlError
 462              	.L64:
 463 0024 08BD     		pop	{r3, pc}
 464              	.L73:
 465 0026 52B2     		sxtb	r2, r2
 466 0028 3AB1     		cbz	r2, .L69
 467 002a 0146     		mov	r1, r0
 468 002c 0023     		movs	r3, #0
 469 002e 41F8083F 		str	r3, [r1, #8]!
ARM GAS  C:\Users\Administrator\AppData\Local\Temp\ccilLYno.s 			page 9


 470 0032 0122     		movs	r2, #1
 471 0034 FFF7FEFF 		bl	USBD_CtlSendData
 472 0038 F4E7     		b	.L64
 473              	.L69:
 474 003a FFF7FEFF 		bl	USBD_CtlError
 475 003e F1E7     		b	.L64
 477              		.section	.text.USBD_GetStatus,"ax",%progbits
 478              		.align	1
 479              		.syntax unified
 480              		.thumb
 481              		.thumb_func
 483              	USBD_GetStatus:
 484              		@ args = 0, pretend = 0, frame = 0
 485              		@ frame_needed = 0, uses_anonymous_args = 0
 486 0000 08B5     		push	{r3, lr}
 487 0002 90F89C32 		ldrb	r3, [r0, #668]	@ zero_extendqisi2
 488 0006 013B     		subs	r3, r3, #1
 489 0008 022B     		cmp	r3, #2
 490 000a 12D8     		bhi	.L75
 491 000c CB88     		ldrh	r3, [r1, #6]
 492 000e 022B     		cmp	r3, #2
 493 0010 0CD1     		bne	.L80
 494 0012 0123     		movs	r3, #1
 495 0014 C360     		str	r3, [r0, #12]
 496 0016 D0F8A432 		ldr	r3, [r0, #676]
 497 001a 0BB1     		cbz	r3, .L78
 498 001c 0323     		movs	r3, #3
 499 001e C360     		str	r3, [r0, #12]
 500              	.L78:
 501 0020 0222     		movs	r2, #2
 502 0022 00F10C01 		add	r1, r0, #12
 503 0026 FFF7FEFF 		bl	USBD_CtlSendData
 504              	.L74:
 505 002a 08BD     		pop	{r3, pc}
 506              	.L80:
 507 002c FFF7FEFF 		bl	USBD_CtlError
 508 0030 FBE7     		b	.L74
 509              	.L75:
 510 0032 FFF7FEFF 		bl	USBD_CtlError
 511 0036 F8E7     		b	.L74
 513              		.section	.text.USBD_SetFeature,"ax",%progbits
 514              		.align	1
 515              		.syntax unified
 516              		.thumb
 517              		.thumb_func
 519              	USBD_SetFeature:
 520              		@ args = 0, pretend = 0, frame = 0
 521              		@ frame_needed = 0, uses_anonymous_args = 0
 522 0000 08B5     		push	{r3, lr}
 523 0002 4B88     		ldrh	r3, [r1, #2]
 524 0004 012B     		cmp	r3, #1
 525 0006 04D0     		beq	.L86
 526 0008 022B     		cmp	r3, #2
 527 000a 07D0     		beq	.L87
 528 000c FFF7FEFF 		bl	USBD_CtlError
 529              	.L81:
 530 0010 08BD     		pop	{r3, pc}
ARM GAS  C:\Users\Administrator\AppData\Local\Temp\ccilLYno.s 			page 10


 531              	.L86:
 532 0012 C0F8A432 		str	r3, [r0, #676]
 533 0016 FFF7FEFF 		bl	USBD_CtlSendStatus
 534 001a F9E7     		b	.L81
 535              	.L87:
 536 001c 8B88     		ldrh	r3, [r1, #4]
 537 001e 1B0A     		lsrs	r3, r3, #8
 538 0020 80F8A032 		strb	r3, [r0, #672]
 539 0024 FFF7FEFF 		bl	USBD_CtlSendStatus
 540 0028 F2E7     		b	.L81
 542              		.section	.text.USBD_ClrFeature,"ax",%progbits
 543              		.align	1
 544              		.syntax unified
 545              		.thumb
 546              		.thumb_func
 548              	USBD_ClrFeature:
 549              		@ args = 0, pretend = 0, frame = 0
 550              		@ frame_needed = 0, uses_anonymous_args = 0
 551 0000 08B5     		push	{r3, lr}
 552 0002 90F89C32 		ldrb	r3, [r0, #668]	@ zero_extendqisi2
 553 0006 013B     		subs	r3, r3, #1
 554 0008 022B     		cmp	r3, #2
 555 000a 09D8     		bhi	.L89
 556 000c 4B88     		ldrh	r3, [r1, #2]
 557 000e 012B     		cmp	r3, #1
 558 0010 00D0     		beq	.L92
 559              	.L88:
 560 0012 08BD     		pop	{r3, pc}
 561              	.L92:
 562 0014 0023     		movs	r3, #0
 563 0016 C0F8A432 		str	r3, [r0, #676]
 564 001a FFF7FEFF 		bl	USBD_CtlSendStatus
 565 001e F8E7     		b	.L88
 566              	.L89:
 567 0020 FFF7FEFF 		bl	USBD_CtlError
 568 0024 F5E7     		b	.L88
 570              		.section	.text.USBD_StdDevReq,"ax",%progbits
 571              		.align	1
 572              		.global	USBD_StdDevReq
 573              		.syntax unified
 574              		.thumb
 575              		.thumb_func
 577              	USBD_StdDevReq:
 578              		@ args = 0, pretend = 0, frame = 0
 579              		@ frame_needed = 0, uses_anonymous_args = 0
 580 0000 38B5     		push	{r3, r4, r5, lr}
 581 0002 0C78     		ldrb	r4, [r1]	@ zero_extendqisi2
 582 0004 04F06004 		and	r4, r4, #96
 583 0008 202C     		cmp	r4, #32
 584 000a 06D0     		beq	.L94
 585 000c 402C     		cmp	r4, #64
 586 000e 04D0     		beq	.L94
 587 0010 6CB1     		cbz	r4, .L95
 588 0012 FFF7FEFF 		bl	USBD_CtlError
 589 0016 0024     		movs	r4, #0
 590 0018 07E0     		b	.L97
 591              	.L94:
ARM GAS  C:\Users\Administrator\AppData\Local\Temp\ccilLYno.s 			page 11


 592 001a D0F8D432 		ldr	r3, [r0, #724]
 593 001e AE33     		adds	r3, r3, #174
 594 0020 50F82330 		ldr	r3, [r0, r3, lsl #2]
 595 0024 9B68     		ldr	r3, [r3, #8]
 596 0026 9847     		blx	r3
 597 0028 0446     		mov	r4, r0
 598              	.L97:
 599 002a 2046     		mov	r0, r4
 600 002c 38BD     		pop	{r3, r4, r5, pc}
 601              	.L95:
 602 002e 4B78     		ldrb	r3, [r1, #1]	@ zero_extendqisi2
 603 0030 1D46     		mov	r5, r3
 604 0032 052B     		cmp	r3, #5
 605 0034 12D0     		beq	.L98
 606 0036 08D8     		bhi	.L99
 607 0038 012B     		cmp	r3, #1
 608 003a 1CD0     		beq	.L100
 609 003c 032B     		cmp	r3, #3
 610 003e 17D0     		beq	.L101
 611 0040 E3B9     		cbnz	r3, .L103
 612 0042 FFF7FEFF 		bl	USBD_GetStatus
 613 0046 2C46     		mov	r4, r5
 614 0048 EFE7     		b	.L97
 615              	.L99:
 616 004a 082B     		cmp	r3, #8
 617 004c 0DD0     		beq	.L104
 618 004e 092B     		cmp	r3, #9
 619 0050 07D0     		beq	.L105
 620 0052 062B     		cmp	r3, #6
 621 0054 12D1     		bne	.L103
 622 0056 FFF7FEFF 		bl	USBD_GetDescriptor
 623 005a E6E7     		b	.L97
 624              	.L98:
 625 005c FFF7FEFF 		bl	USBD_SetAddress
 626 0060 E3E7     		b	.L97
 627              	.L105:
 628 0062 FFF7FEFF 		bl	USBD_SetConfig
 629 0066 0446     		mov	r4, r0
 630 0068 DFE7     		b	.L97
 631              	.L104:
 632 006a FFF7FEFF 		bl	USBD_GetConfig
 633 006e DCE7     		b	.L97
 634              	.L101:
 635 0070 FFF7FEFF 		bl	USBD_SetFeature
 636 0074 D9E7     		b	.L97
 637              	.L100:
 638 0076 FFF7FEFF 		bl	USBD_ClrFeature
 639 007a D6E7     		b	.L97
 640              	.L103:
 641 007c FFF7FEFF 		bl	USBD_CtlError
 642 0080 D3E7     		b	.L97
 644              		.section	.text.USBD_StdItfReq,"ax",%progbits
 645              		.align	1
 646              		.global	USBD_StdItfReq
 647              		.syntax unified
 648              		.thumb
 649              		.thumb_func
ARM GAS  C:\Users\Administrator\AppData\Local\Temp\ccilLYno.s 			page 12


 651              	USBD_StdItfReq:
 652              		@ args = 0, pretend = 0, frame = 0
 653              		@ frame_needed = 0, uses_anonymous_args = 0
 654 0000 70B5     		push	{r4, r5, r6, lr}
 655 0002 0546     		mov	r5, r0
 656 0004 0C46     		mov	r4, r1
 657 0006 0B78     		ldrb	r3, [r1]	@ zero_extendqisi2
 658 0008 03F06003 		and	r3, r3, #96
 659 000c 202B     		cmp	r3, #32
 660 000e 08D0     		beq	.L109
 661 0010 402B     		cmp	r3, #64
 662 0012 06D0     		beq	.L109
 663 0014 2BB1     		cbz	r3, .L109
 664 0016 FFF7FEFF 		bl	USBD_CtlError
 665 001a 0023     		movs	r3, #0
 666 001c 1E46     		mov	r6, r3
 667              	.L114:
 668 001e 3046     		mov	r0, r6
 669 0020 70BD     		pop	{r4, r5, r6, pc}
 670              	.L109:
 671 0022 95F89C32 		ldrb	r3, [r5, #668]	@ zero_extendqisi2
 672 0026 013B     		subs	r3, r3, #1
 673 0028 022B     		cmp	r3, #2
 674 002a 2AD8     		bhi	.L111
 675 002c 2179     		ldrb	r1, [r4, #4]	@ zero_extendqisi2
 676 002e 0129     		cmp	r1, #1
 677 0030 06D9     		bls	.L118
 678 0032 2146     		mov	r1, r4
 679 0034 2846     		mov	r0, r5
 680 0036 FFF7FEFF 		bl	USBD_CtlError
 681 003a 0023     		movs	r3, #0
 682 003c 1E46     		mov	r6, r3
 683 003e EEE7     		b	.L114
 684              	.L118:
 685 0040 2846     		mov	r0, r5
 686 0042 FFF7FEFF 		bl	USBD_CoreFindIF
 687 0046 0346     		mov	r3, r0
 688 0048 68B9     		cbnz	r0, .L115
 689 004a 00F1AE02 		add	r2, r0, #174
 690 004e 2846     		mov	r0, r5
 691 0050 55F82220 		ldr	r2, [r5, r2, lsl #2]
 692 0054 9168     		ldr	r1, [r2, #8]
 693 0056 89B1     		cbz	r1, .L116
 694 0058 C5F8D432 		str	r3, [r5, #724]
 695 005c 9368     		ldr	r3, [r2, #8]
 696 005e 2146     		mov	r1, r4
 697 0060 9847     		blx	r3
 698 0062 0646     		mov	r6, r0
 699 0064 01E0     		b	.L113
 700              	.L115:
 701 0066 0323     		movs	r3, #3
 702 0068 1E46     		mov	r6, r3
 703              	.L113:
 704 006a E388     		ldrh	r3, [r4, #6]
 705 006c 002B     		cmp	r3, #0
 706 006e D6D1     		bne	.L114
 707 0070 002E     		cmp	r6, #0
ARM GAS  C:\Users\Administrator\AppData\Local\Temp\ccilLYno.s 			page 13


 708 0072 D4D1     		bne	.L114
 709 0074 2846     		mov	r0, r5
 710 0076 FFF7FEFF 		bl	USBD_CtlSendStatus
 711 007a D0E7     		b	.L114
 712              	.L116:
 713 007c 0323     		movs	r3, #3
 714 007e 1E46     		mov	r6, r3
 715 0080 F3E7     		b	.L113
 716              	.L111:
 717 0082 2146     		mov	r1, r4
 718 0084 2846     		mov	r0, r5
 719 0086 FFF7FEFF 		bl	USBD_CtlError
 720 008a 0023     		movs	r3, #0
 721 008c 1E46     		mov	r6, r3
 722 008e C6E7     		b	.L114
 724              		.section	.text.USBD_StdEPReq,"ax",%progbits
 725              		.align	1
 726              		.global	USBD_StdEPReq
 727              		.syntax unified
 728              		.thumb
 729              		.thumb_func
 731              	USBD_StdEPReq:
 732              		@ args = 0, pretend = 0, frame = 0
 733              		@ frame_needed = 0, uses_anonymous_args = 0
 734 0000 2DE9F041 		push	{r4, r5, r6, r7, r8, lr}
 735 0004 0646     		mov	r6, r0
 736 0006 0D46     		mov	r5, r1
 737 0008 8B88     		ldrh	r3, [r1, #4]
 738 000a DAB2     		uxtb	r2, r3
 739 000c 1746     		mov	r7, r2
 740 000e 0C78     		ldrb	r4, [r1]	@ zero_extendqisi2
 741 0010 04F06004 		and	r4, r4, #96
 742 0014 202C     		cmp	r4, #32
 743 0016 08D0     		beq	.L120
 744 0018 402C     		cmp	r4, #64
 745 001a 06D0     		beq	.L120
 746 001c DCB1     		cbz	r4, .L121
 747 001e FFF7FEFF 		bl	USBD_CtlError
 748 0022 0024     		movs	r4, #0
 749              	.L123:
 750 0024 2046     		mov	r0, r4
 751 0026 BDE8F081 		pop	{r4, r5, r6, r7, r8, pc}
 752              	.L120:
 753 002a 3946     		mov	r1, r7
 754 002c 3046     		mov	r0, r6
 755 002e FFF7FEFF 		bl	USBD_CoreFindEP
 756 0032 0446     		mov	r4, r0
 757 0034 0028     		cmp	r0, #0
 758 0036 40F0FA80 		bne	.L152
 759 003a 3046     		mov	r0, r6
 760 003c C6F8D442 		str	r4, [r6, #724]
 761 0040 04F1AE03 		add	r3, r4, #174
 762 0044 56F82330 		ldr	r3, [r6, r3, lsl #2]
 763 0048 9B68     		ldr	r3, [r3, #8]
 764 004a 002B     		cmp	r3, #0
 765 004c EAD0     		beq	.L123
 766 004e 2946     		mov	r1, r5
ARM GAS  C:\Users\Administrator\AppData\Local\Temp\ccilLYno.s 			page 14


 767 0050 9847     		blx	r3
 768 0052 0446     		mov	r4, r0
 769 0054 E6E7     		b	.L123
 770              	.L121:
 771 0056 4A78     		ldrb	r2, [r1, #1]	@ zero_extendqisi2
 772 0058 9046     		mov	r8, r2
 773 005a 012A     		cmp	r2, #1
 774 005c 2FD0     		beq	.L124
 775 005e 032A     		cmp	r2, #3
 776 0060 04D0     		beq	.L125
 777 0062 002A     		cmp	r2, #0
 778 0064 69D0     		beq	.L126
 779 0066 FFF7FEFF 		bl	USBD_CtlError
 780 006a DBE7     		b	.L123
 781              	.L125:
 782 006c 90F89C32 		ldrb	r3, [r0, #668]	@ zero_extendqisi2
 783 0070 DAB2     		uxtb	r2, r3
 784 0072 022B     		cmp	r3, #2
 785 0074 04D0     		beq	.L128
 786 0076 032A     		cmp	r2, #3
 787 0078 12D0     		beq	.L129
 788 007a FFF7FEFF 		bl	USBD_CtlError
 789 007e D1E7     		b	.L123
 790              	.L128:
 791 0080 3946     		mov	r1, r7
 792 0082 0FB1     		cbz	r7, .L131
 793 0084 802F     		cmp	r7, #128
 794 0086 04D1     		bne	.L160
 795              	.L131:
 796 0088 2946     		mov	r1, r5
 797 008a 3046     		mov	r0, r6
 798 008c FFF7FEFF 		bl	USBD_CtlError
 799 0090 C8E7     		b	.L123
 800              	.L160:
 801 0092 FFF7FEFF 		bl	USBD_LL_StallEP
 802 0096 8021     		movs	r1, #128
 803 0098 3046     		mov	r0, r6
 804 009a FFF7FEFF 		bl	USBD_LL_StallEP
 805 009e C1E7     		b	.L123
 806              	.L129:
 807 00a0 4B88     		ldrh	r3, [r1, #2]
 808 00a2 23B9     		cbnz	r3, .L132
 809 00a4 1FB1     		cbz	r7, .L132
 810 00a6 802F     		cmp	r7, #128
 811 00a8 01D0     		beq	.L132
 812 00aa CB88     		ldrh	r3, [r1, #6]
 813 00ac 1BB1     		cbz	r3, .L161
 814              	.L132:
 815 00ae 3046     		mov	r0, r6
 816 00b0 FFF7FEFF 		bl	USBD_CtlSendStatus
 817 00b4 B6E7     		b	.L123
 818              	.L161:
 819 00b6 3946     		mov	r1, r7
 820 00b8 FFF7FEFF 		bl	USBD_LL_StallEP
 821 00bc F7E7     		b	.L132
 822              	.L124:
 823 00be 90F89C22 		ldrb	r2, [r0, #668]	@ zero_extendqisi2
ARM GAS  C:\Users\Administrator\AppData\Local\Temp\ccilLYno.s 			page 15


 824 00c2 D1B2     		uxtb	r1, r2
 825 00c4 022A     		cmp	r2, #2
 826 00c6 05D0     		beq	.L133
 827 00c8 0329     		cmp	r1, #3
 828 00ca 13D0     		beq	.L134
 829 00cc 2946     		mov	r1, r5
 830 00ce FFF7FEFF 		bl	USBD_CtlError
 831 00d2 A7E7     		b	.L123
 832              	.L133:
 833 00d4 3946     		mov	r1, r7
 834 00d6 0FB1     		cbz	r7, .L136
 835 00d8 802F     		cmp	r7, #128
 836 00da 04D1     		bne	.L162
 837              	.L136:
 838 00dc 2946     		mov	r1, r5
 839 00de 3046     		mov	r0, r6
 840 00e0 FFF7FEFF 		bl	USBD_CtlError
 841 00e4 9EE7     		b	.L123
 842              	.L162:
 843 00e6 FFF7FEFF 		bl	USBD_LL_StallEP
 844 00ea 8021     		movs	r1, #128
 845 00ec 3046     		mov	r0, r6
 846 00ee FFF7FEFF 		bl	USBD_LL_StallEP
 847 00f2 97E7     		b	.L123
 848              	.L134:
 849 00f4 6A88     		ldrh	r2, [r5, #2]
 850 00f6 002A     		cmp	r2, #0
 851 00f8 94D1     		bne	.L123
 852 00fa 13F07F0F 		tst	r3, #127
 853 00fe 18D1     		bne	.L163
 854              	.L137:
 855 0100 3046     		mov	r0, r6
 856 0102 FFF7FEFF 		bl	USBD_CtlSendStatus
 857 0106 3946     		mov	r1, r7
 858 0108 3046     		mov	r0, r6
 859 010a FFF7FEFF 		bl	USBD_CoreFindEP
 860 010e 0346     		mov	r3, r0
 861 0110 0028     		cmp	r0, #0
 862 0112 87D1     		bne	.L123
 863 0114 3046     		mov	r0, r6
 864 0116 C6F8D432 		str	r3, [r6, #724]
 865 011a 03F1AE02 		add	r2, r3, #174
 866 011e 56F82220 		ldr	r2, [r6, r2, lsl #2]
 867 0122 9268     		ldr	r2, [r2, #8]
 868 0124 002A     		cmp	r2, #0
 869 0126 00F08480 		beq	.L153
 870 012a 2946     		mov	r1, r5
 871 012c 9047     		blx	r2
 872 012e 0446     		mov	r4, r0
 873 0130 78E7     		b	.L123
 874              	.L163:
 875 0132 3946     		mov	r1, r7
 876 0134 FFF7FEFF 		bl	USBD_LL_ClearStallEP
 877 0138 E2E7     		b	.L137
 878              	.L126:
 879 013a 90F89C22 		ldrb	r2, [r0, #668]	@ zero_extendqisi2
 880 013e D1B2     		uxtb	r1, r2
ARM GAS  C:\Users\Administrator\AppData\Local\Temp\ccilLYno.s 			page 16


 881 0140 022A     		cmp	r2, #2
 882 0142 06D0     		beq	.L138
 883 0144 0329     		cmp	r1, #3
 884 0146 29D0     		beq	.L139
 885 0148 2946     		mov	r1, r5
 886 014a FFF7FEFF 		bl	USBD_CtlError
 887 014e 4446     		mov	r4, r8
 888 0150 68E7     		b	.L123
 889              	.L138:
 890 0152 0FB1     		cbz	r7, .L141
 891 0154 802F     		cmp	r7, #128
 892 0156 13D1     		bne	.L164
 893              	.L141:
 894 0158 13F0800F 		tst	r3, #128
 895 015c 15D1     		bne	.L165
 896 015e 03F07F03 		and	r3, r3, #127
 897 0162 03EB8303 		add	r3, r3, r3, lsl #2
 898 0166 9900     		lsls	r1, r3, #2
 899 0168 01F5A871 		add	r1, r1, #336
 900 016c 3144     		add	r1, r1, r6
 901 016e 0431     		adds	r1, r1, #4
 902              	.L143:
 903 0170 0023     		movs	r3, #0
 904 0172 0B60     		str	r3, [r1]
 905 0174 0222     		movs	r2, #2
 906 0176 3046     		mov	r0, r6
 907 0178 FFF7FEFF 		bl	USBD_CtlSendData
 908 017c 4446     		mov	r4, r8
 909 017e 51E7     		b	.L123
 910              	.L164:
 911 0180 2946     		mov	r1, r5
 912 0182 FFF7FEFF 		bl	USBD_CtlError
 913 0186 4446     		mov	r4, r8
 914 0188 4CE7     		b	.L123
 915              	.L165:
 916 018a 03F07F03 		and	r3, r3, #127
 917 018e 03EB8303 		add	r3, r3, r3, lsl #2
 918 0192 9900     		lsls	r1, r3, #2
 919 0194 1031     		adds	r1, r1, #16
 920 0196 3144     		add	r1, r1, r6
 921 0198 0431     		adds	r1, r1, #4
 922 019a E9E7     		b	.L143
 923              	.L139:
 924 019c 59B2     		sxtb	r1, r3
 925 019e 0029     		cmp	r1, #0
 926 01a0 1FDB     		blt	.L166
 927 01a2 03F00F02 		and	r2, r3, #15
 928 01a6 02EB8202 		add	r2, r2, r2, lsl #2
 929 01aa 00EB8202 		add	r2, r0, r2, lsl #2
 930 01ae B2F86421 		ldrh	r2, [r2, #356]
 931 01b2 22B3     		cbz	r2, .L167
 932              	.L145:
 933 01b4 0029     		cmp	r1, #0
 934 01b6 27DB     		blt	.L168
 935 01b8 03F07F03 		and	r3, r3, #127
 936 01bc 03EB8303 		add	r3, r3, r3, lsl #2
 937 01c0 9C00     		lsls	r4, r3, #2
ARM GAS  C:\Users\Administrator\AppData\Local\Temp\ccilLYno.s 			page 17


 938 01c2 04F5A874 		add	r4, r4, #336
 939 01c6 3444     		add	r4, r4, r6
 940 01c8 0434     		adds	r4, r4, #4
 941              	.L147:
 942 01ca 0FB1     		cbz	r7, .L148
 943 01cc 802F     		cmp	r7, #128
 944 01ce 24D1     		bne	.L149
 945              	.L148:
 946 01d0 0023     		movs	r3, #0
 947 01d2 2360     		str	r3, [r4]
 948              	.L150:
 949 01d4 0222     		movs	r2, #2
 950 01d6 2146     		mov	r1, r4
 951 01d8 3046     		mov	r0, r6
 952 01da FFF7FEFF 		bl	USBD_CtlSendData
 953 01de 4446     		mov	r4, r8
 954 01e0 20E7     		b	.L123
 955              	.L166:
 956 01e2 03F00F02 		and	r2, r3, #15
 957 01e6 02EB8202 		add	r2, r2, r2, lsl #2
 958 01ea 00EB8202 		add	r2, r0, r2, lsl #2
 959 01ee 928C     		ldrh	r2, [r2, #36]
 960 01f0 002A     		cmp	r2, #0
 961 01f2 DFD1     		bne	.L145
 962 01f4 2946     		mov	r1, r5
 963 01f6 FFF7FEFF 		bl	USBD_CtlError
 964 01fa 4446     		mov	r4, r8
 965 01fc 12E7     		b	.L123
 966              	.L167:
 967 01fe 2946     		mov	r1, r5
 968 0200 FFF7FEFF 		bl	USBD_CtlError
 969 0204 4446     		mov	r4, r8
 970 0206 0DE7     		b	.L123
 971              	.L168:
 972 0208 03F07F03 		and	r3, r3, #127
 973 020c 03EB8303 		add	r3, r3, r3, lsl #2
 974 0210 9C00     		lsls	r4, r3, #2
 975 0212 1034     		adds	r4, r4, #16
 976 0214 3444     		add	r4, r4, r6
 977 0216 0434     		adds	r4, r4, #4
 978 0218 D7E7     		b	.L147
 979              	.L149:
 980 021a 3946     		mov	r1, r7
 981 021c 3046     		mov	r0, r6
 982 021e FFF7FEFF 		bl	USBD_LL_IsStallEP
 983 0222 10B1     		cbz	r0, .L151
 984 0224 0123     		movs	r3, #1
 985 0226 2360     		str	r3, [r4]
 986 0228 D4E7     		b	.L150
 987              	.L151:
 988 022a 2060     		str	r0, [r4]
 989 022c D2E7     		b	.L150
 990              	.L152:
 991 022e 0024     		movs	r4, #0
 992 0230 F8E6     		b	.L123
 993              	.L153:
 994 0232 1C46     		mov	r4, r3
ARM GAS  C:\Users\Administrator\AppData\Local\Temp\ccilLYno.s 			page 18


 995 0234 F6E6     		b	.L123
 997              		.section	.text.USBD_GetString,"ax",%progbits
 998              		.align	1
 999              		.global	USBD_GetString
 1000              		.syntax unified
 1001              		.thumb
 1002              		.thumb_func
 1004              	USBD_GetString:
 1005              		@ args = 0, pretend = 0, frame = 0
 1006              		@ frame_needed = 0, uses_anonymous_args = 0
 1007 0000 D0B1     		cbz	r0, .L174
 1008 0002 70B5     		push	{r4, r5, r6, lr}
 1009 0004 0D46     		mov	r5, r1
 1010 0006 1646     		mov	r6, r2
 1011 0008 0446     		mov	r4, r0
 1012 000a FFF7FEFF 		bl	USBD_GetLen
 1013 000e 431C     		adds	r3, r0, #1
 1014 0010 5B00     		lsls	r3, r3, #1
 1015 0012 9BB2     		uxth	r3, r3
 1016 0014 3380     		strh	r3, [r6]	@ movhi
 1017 0016 2B70     		strb	r3, [r5]
 1018 0018 0323     		movs	r3, #3
 1019 001a 6B70     		strb	r3, [r5, #1]
 1020 001c 0223     		movs	r3, #2
 1021 001e 07E0     		b	.L171
 1022              	.L172:
 1023 0020 EA54     		strb	r2, [r5, r3]
 1024 0022 0134     		adds	r4, r4, #1
 1025 0024 5A1C     		adds	r2, r3, #1
 1026 0026 D2B2     		uxtb	r2, r2
 1027 0028 0021     		movs	r1, #0
 1028 002a A954     		strb	r1, [r5, r2]
 1029 002c 0233     		adds	r3, r3, #2
 1030 002e DBB2     		uxtb	r3, r3
 1031              	.L171:
 1032 0030 2278     		ldrb	r2, [r4]	@ zero_extendqisi2
 1033 0032 002A     		cmp	r2, #0
 1034 0034 F4D1     		bne	.L172
 1035 0036 70BD     		pop	{r4, r5, r6, pc}
 1036              	.L174:
 1037 0038 7047     		bx	lr
 1039              		.section	.bss.cfgidx.0,"aw",%nobits
 1042              	cfgidx.0:
 1043 0000 00       		.space	1
 1044              		.ident	"GCC: (xPack GNU Arm Embedded GCC x86_64) 15.2.1 20251203"
ARM GAS  C:\Users\Administrator\AppData\Local\Temp\ccilLYno.s 			page 19


DEFINED SYMBOLS
                            *ABS*:00000000 usbd_ctlreq.c
C:\Users\Administrator\AppData\Local\Temp\ccilLYno.s:18     .text.USBD_GetLen:00000000 $t
C:\Users\Administrator\AppData\Local\Temp\ccilLYno.s:23     .text.USBD_GetLen:00000000 USBD_GetLen
C:\Users\Administrator\AppData\Local\Temp\ccilLYno.s:41     .text.USBD_ParseSetupRequest:00000000 $t
C:\Users\Administrator\AppData\Local\Temp\ccilLYno.s:47     .text.USBD_ParseSetupRequest:00000000 USBD_ParseSetupRequest
C:\Users\Administrator\AppData\Local\Temp\ccilLYno.s:70     .text.USBD_CtlError:00000000 $t
C:\Users\Administrator\AppData\Local\Temp\ccilLYno.s:76     .text.USBD_CtlError:00000000 USBD_CtlError
C:\Users\Administrator\AppData\Local\Temp\ccilLYno.s:89     .text.USBD_GetDescriptor:00000000 $t
C:\Users\Administrator\AppData\Local\Temp\ccilLYno.s:94     .text.USBD_GetDescriptor:00000000 USBD_GetDescriptor
C:\Users\Administrator\AppData\Local\Temp\ccilLYno.s:284    .text.USBD_SetAddress:00000000 $t
C:\Users\Administrator\AppData\Local\Temp\ccilLYno.s:289    .text.USBD_SetAddress:00000000 USBD_SetAddress
C:\Users\Administrator\AppData\Local\Temp\ccilLYno.s:330    .text.USBD_SetConfig:00000000 $t
C:\Users\Administrator\AppData\Local\Temp\ccilLYno.s:335    .text.USBD_SetConfig:00000000 USBD_SetConfig
C:\Users\Administrator\AppData\Local\Temp\ccilLYno.s:435    .text.USBD_SetConfig:000000d4 $d
C:\Users\Administrator\AppData\Local\Temp\ccilLYno.s:1042   .bss.cfgidx.0:00000000 cfgidx.0
C:\Users\Administrator\AppData\Local\Temp\ccilLYno.s:438    .text.USBD_GetConfig:00000000 $t
C:\Users\Administrator\AppData\Local\Temp\ccilLYno.s:443    .text.USBD_GetConfig:00000000 USBD_GetConfig
C:\Users\Administrator\AppData\Local\Temp\ccilLYno.s:478    .text.USBD_GetStatus:00000000 $t
C:\Users\Administrator\AppData\Local\Temp\ccilLYno.s:483    .text.USBD_GetStatus:00000000 USBD_GetStatus
C:\Users\Administrator\AppData\Local\Temp\ccilLYno.s:514    .text.USBD_SetFeature:00000000 $t
C:\Users\Administrator\AppData\Local\Temp\ccilLYno.s:519    .text.USBD_SetFeature:00000000 USBD_SetFeature
C:\Users\Administrator\AppData\Local\Temp\ccilLYno.s:543    .text.USBD_ClrFeature:00000000 $t
C:\Users\Administrator\AppData\Local\Temp\ccilLYno.s:548    .text.USBD_ClrFeature:00000000 USBD_ClrFeature
C:\Users\Administrator\AppData\Local\Temp\ccilLYno.s:571    .text.USBD_StdDevReq:00000000 $t
C:\Users\Administrator\AppData\Local\Temp\ccilLYno.s:577    .text.USBD_StdDevReq:00000000 USBD_StdDevReq
C:\Users\Administrator\AppData\Local\Temp\ccilLYno.s:645    .text.USBD_StdItfReq:00000000 $t
C:\Users\Administrator\AppData\Local\Temp\ccilLYno.s:651    .text.USBD_StdItfReq:00000000 USBD_StdItfReq
C:\Users\Administrator\AppData\Local\Temp\ccilLYno.s:725    .text.USBD_StdEPReq:00000000 $t
C:\Users\Administrator\AppData\Local\Temp\ccilLYno.s:731    .text.USBD_StdEPReq:00000000 USBD_StdEPReq
C:\Users\Administrator\AppData\Local\Temp\ccilLYno.s:998    .text.USBD_GetString:00000000 $t
C:\Users\Administrator\AppData\Local\Temp\ccilLYno.s:1004   .text.USBD_GetString:00000000 USBD_GetString
C:\Users\Administrator\AppData\Local\Temp\ccilLYno.s:1043   .bss.cfgidx.0:00000000 $d

UNDEFINED SYMBOLS
USBD_LL_StallEP
USBD_CtlSendData
USBD_CtlSendStatus
USBD_LL_SetUSBAddress
USBD_ClrClassConfig
USBD_SetClassConfig
USBD_CoreFindIF
USBD_CoreFindEP
USBD_LL_ClearStallEP
USBD_LL_IsStallEP
