ARM GAS  C:\Users\Administrator\AppData\Local\Temp\ccah5Bob.s 			page 1


   1              		.cpu cortex-m4
   2              		.arch armv7e-m
   3              		.fpu fpv4-sp-d16
   4              		.eabi_attribute 27, 1
   5              		.eabi_attribute 28, 1
   6              		.eabi_attribute 20, 1
   7              		.eabi_attribute 21, 1
   8              		.eabi_attribute 23, 3
   9              		.eabi_attribute 24, 1
  10              		.eabi_attribute 25, 1
  11              		.eabi_attribute 26, 1
  12              		.eabi_attribute 30, 1
  13              		.eabi_attribute 34, 1
  14              		.eabi_attribute 18, 4
  15              		.file	"usbd_cdc.c"
  16              		.text
  17              		.section	.text.USBD_CDC_EP0_RxReady,"ax",%progbits
  18              		.align	1
  19              		.syntax unified
  20              		.thumb
  21              		.thumb_func
  23              	USBD_CDC_EP0_RxReady:
  24              		@ args = 0, pretend = 0, frame = 0
  25              		@ frame_needed = 0, uses_anonymous_args = 0
  26 0000 10B5     		push	{r4, lr}
  27 0002 D0F8D432 		ldr	r3, [r0, #724]
  28 0006 03F1B002 		add	r2, r3, #176
  29 000a 50F82240 		ldr	r4, [r0, r2, lsl #2]
  30 000e 8CB1     		cbz	r4, .L3
  31 0010 00EB8200 		add	r0, r0, r2, lsl #2
  32 0014 4368     		ldr	r3, [r0, #4]
  33 0016 7BB1     		cbz	r3, .L4
  34 0018 94F80002 		ldrb	r0, [r4, #512]	@ zero_extendqisi2
  35 001c FF28     		cmp	r0, #255
  36 001e 0DD0     		beq	.L5
  37 0020 9B68     		ldr	r3, [r3, #8]
  38 0022 94F80122 		ldrb	r2, [r4, #513]	@ zero_extendqisi2
  39 0026 2146     		mov	r1, r4
  40 0028 9847     		blx	r3
  41 002a FF23     		movs	r3, #255
  42 002c 84F80032 		strb	r3, [r4, #512]
  43 0030 0020     		movs	r0, #0
  44              	.L2:
  45 0032 10BD     		pop	{r4, pc}
  46              	.L3:
  47 0034 0320     		movs	r0, #3
  48 0036 FCE7     		b	.L2
  49              	.L4:
  50 0038 1846     		mov	r0, r3
  51 003a FAE7     		b	.L2
  52              	.L5:
  53 003c 0020     		movs	r0, #0
  54 003e F8E7     		b	.L2
  56              		.section	.text.USBD_CDC_GetDeviceQualifierDescriptor,"ax",%progbits
  57              		.align	1
  58              		.global	USBD_CDC_GetDeviceQualifierDescriptor
  59              		.syntax unified
ARM GAS  C:\Users\Administrator\AppData\Local\Temp\ccah5Bob.s 			page 2


  60              		.thumb
  61              		.thumb_func
  63              	USBD_CDC_GetDeviceQualifierDescriptor:
  64              		@ args = 0, pretend = 0, frame = 0
  65              		@ frame_needed = 0, uses_anonymous_args = 0
  66              		@ link register save eliminated.
  67 0000 0A23     		movs	r3, #10
  68 0002 0380     		strh	r3, [r0]	@ movhi
  69 0004 0048     		ldr	r0, .L8
  70 0006 7047     		bx	lr
  71              	.L9:
  72              		.align	2
  73              	.L8:
  74 0008 00000000 		.word	USBD_CDC_DeviceQualifierDesc
  76              		.section	.text.USBD_CDC_GetOtherSpeedCfgDesc,"ax",%progbits
  77              		.align	1
  78              		.syntax unified
  79              		.thumb
  80              		.thumb_func
  82              	USBD_CDC_GetOtherSpeedCfgDesc:
  83              		@ args = 0, pretend = 0, frame = 0
  84              		@ frame_needed = 0, uses_anonymous_args = 0
  85 0000 F8B5     		push	{r3, r4, r5, r6, r7, lr}
  86 0002 0746     		mov	r7, r0
  87 0004 0F4D     		ldr	r5, .L15
  88 0006 8221     		movs	r1, #130
  89 0008 2846     		mov	r0, r5
  90 000a FFF7FEFF 		bl	USBD_GetEpDesc
  91 000e 0646     		mov	r6, r0
  92 0010 0121     		movs	r1, #1
  93 0012 2846     		mov	r0, r5
  94 0014 FFF7FEFF 		bl	USBD_GetEpDesc
  95 0018 0446     		mov	r4, r0
  96 001a 8121     		movs	r1, #129
  97 001c 2846     		mov	r0, r5
  98 001e FFF7FEFF 		bl	USBD_GetEpDesc
  99 0022 0EB1     		cbz	r6, .L11
 100 0024 1022     		movs	r2, #16
 101 0026 B271     		strb	r2, [r6, #6]
 102              	.L11:
 103 0028 1CB1     		cbz	r4, .L12
 104 002a 4022     		movs	r2, #64
 105 002c 2271     		strb	r2, [r4, #4]
 106 002e 0022     		movs	r2, #0
 107 0030 6271     		strb	r2, [r4, #5]
 108              	.L12:
 109 0032 18B1     		cbz	r0, .L13
 110 0034 4022     		movs	r2, #64
 111 0036 0271     		strb	r2, [r0, #4]
 112 0038 0022     		movs	r2, #0
 113 003a 4271     		strb	r2, [r0, #5]
 114              	.L13:
 115 003c 4323     		movs	r3, #67
 116 003e 3B80     		strh	r3, [r7]	@ movhi
 117 0040 0048     		ldr	r0, .L15
 118 0042 F8BD     		pop	{r3, r4, r5, r6, r7, pc}
 119              	.L16:
ARM GAS  C:\Users\Administrator\AppData\Local\Temp\ccah5Bob.s 			page 3


 120              		.align	2
 121              	.L15:
 122 0044 00000000 		.word	USBD_CDC_CfgDesc
 124              		.section	.text.USBD_CDC_GetFSCfgDesc,"ax",%progbits
 125              		.align	1
 126              		.syntax unified
 127              		.thumb
 128              		.thumb_func
 130              	USBD_CDC_GetFSCfgDesc:
 131              		@ args = 0, pretend = 0, frame = 0
 132              		@ frame_needed = 0, uses_anonymous_args = 0
 133 0000 F8B5     		push	{r3, r4, r5, r6, r7, lr}
 134 0002 0746     		mov	r7, r0
 135 0004 0F4D     		ldr	r5, .L22
 136 0006 8221     		movs	r1, #130
 137 0008 2846     		mov	r0, r5
 138 000a FFF7FEFF 		bl	USBD_GetEpDesc
 139 000e 0646     		mov	r6, r0
 140 0010 0121     		movs	r1, #1
 141 0012 2846     		mov	r0, r5
 142 0014 FFF7FEFF 		bl	USBD_GetEpDesc
 143 0018 0446     		mov	r4, r0
 144 001a 8121     		movs	r1, #129
 145 001c 2846     		mov	r0, r5
 146 001e FFF7FEFF 		bl	USBD_GetEpDesc
 147 0022 0EB1     		cbz	r6, .L18
 148 0024 1022     		movs	r2, #16
 149 0026 B271     		strb	r2, [r6, #6]
 150              	.L18:
 151 0028 1CB1     		cbz	r4, .L19
 152 002a 4022     		movs	r2, #64
 153 002c 2271     		strb	r2, [r4, #4]
 154 002e 0022     		movs	r2, #0
 155 0030 6271     		strb	r2, [r4, #5]
 156              	.L19:
 157 0032 18B1     		cbz	r0, .L20
 158 0034 4022     		movs	r2, #64
 159 0036 0271     		strb	r2, [r0, #4]
 160 0038 0022     		movs	r2, #0
 161 003a 4271     		strb	r2, [r0, #5]
 162              	.L20:
 163 003c 4323     		movs	r3, #67
 164 003e 3B80     		strh	r3, [r7]	@ movhi
 165 0040 0048     		ldr	r0, .L22
 166 0042 F8BD     		pop	{r3, r4, r5, r6, r7, pc}
 167              	.L23:
 168              		.align	2
 169              	.L22:
 170 0044 00000000 		.word	USBD_CDC_CfgDesc
 172              		.section	.text.USBD_CDC_GetHSCfgDesc,"ax",%progbits
 173              		.align	1
 174              		.syntax unified
 175              		.thumb
 176              		.thumb_func
 178              	USBD_CDC_GetHSCfgDesc:
 179              		@ args = 0, pretend = 0, frame = 0
 180              		@ frame_needed = 0, uses_anonymous_args = 0
ARM GAS  C:\Users\Administrator\AppData\Local\Temp\ccah5Bob.s 			page 4


 181 0000 F8B5     		push	{r3, r4, r5, r6, r7, lr}
 182 0002 0746     		mov	r7, r0
 183 0004 0F4D     		ldr	r5, .L29
 184 0006 8221     		movs	r1, #130
 185 0008 2846     		mov	r0, r5
 186 000a FFF7FEFF 		bl	USBD_GetEpDesc
 187 000e 0646     		mov	r6, r0
 188 0010 0121     		movs	r1, #1
 189 0012 2846     		mov	r0, r5
 190 0014 FFF7FEFF 		bl	USBD_GetEpDesc
 191 0018 0446     		mov	r4, r0
 192 001a 8121     		movs	r1, #129
 193 001c 2846     		mov	r0, r5
 194 001e FFF7FEFF 		bl	USBD_GetEpDesc
 195 0022 0EB1     		cbz	r6, .L25
 196 0024 1022     		movs	r2, #16
 197 0026 B271     		strb	r2, [r6, #6]
 198              	.L25:
 199 0028 1CB1     		cbz	r4, .L26
 200 002a 0022     		movs	r2, #0
 201 002c 2271     		strb	r2, [r4, #4]
 202 002e 0222     		movs	r2, #2
 203 0030 6271     		strb	r2, [r4, #5]
 204              	.L26:
 205 0032 18B1     		cbz	r0, .L27
 206 0034 0022     		movs	r2, #0
 207 0036 0271     		strb	r2, [r0, #4]
 208 0038 0222     		movs	r2, #2
 209 003a 4271     		strb	r2, [r0, #5]
 210              	.L27:
 211 003c 4323     		movs	r3, #67
 212 003e 3B80     		strh	r3, [r7]	@ movhi
 213 0040 0048     		ldr	r0, .L29
 214 0042 F8BD     		pop	{r3, r4, r5, r6, r7, pc}
 215              	.L30:
 216              		.align	2
 217              	.L29:
 218 0044 00000000 		.word	USBD_CDC_CfgDesc
 220              		.section	.text.USBD_CDC_DataOut,"ax",%progbits
 221              		.align	1
 222              		.syntax unified
 223              		.thumb
 224              		.thumb_func
 226              	USBD_CDC_DataOut:
 227              		@ args = 0, pretend = 0, frame = 0
 228              		@ frame_needed = 0, uses_anonymous_args = 0
 229 0000 38B5     		push	{r3, r4, r5, lr}
 230 0002 D0F8D432 		ldr	r3, [r0, #724]
 231 0006 B033     		adds	r3, r3, #176
 232 0008 50F82350 		ldr	r5, [r0, r3, lsl #2]
 233 000c 95B1     		cbz	r5, .L33
 234 000e 0446     		mov	r4, r0
 235 0010 FFF7FEFF 		bl	USBD_LL_GetRxDataSize
 236 0014 C5F80C02 		str	r0, [r5, #524]
 237 0018 D4F8D432 		ldr	r3, [r4, #724]
 238 001c B033     		adds	r3, r3, #176
 239 001e 04EB8304 		add	r4, r4, r3, lsl #2
ARM GAS  C:\Users\Administrator\AppData\Local\Temp\ccah5Bob.s 			page 5


 240 0022 6368     		ldr	r3, [r4, #4]
 241 0024 DB68     		ldr	r3, [r3, #12]
 242 0026 05F50371 		add	r1, r5, #524
 243 002a D5F80402 		ldr	r0, [r5, #516]
 244 002e 9847     		blx	r3
 245 0030 0020     		movs	r0, #0
 246              	.L32:
 247 0032 38BD     		pop	{r3, r4, r5, pc}
 248              	.L33:
 249 0034 0320     		movs	r0, #3
 250 0036 FCE7     		b	.L32
 252              		.section	.text.USBD_CDC_DataIn,"ax",%progbits
 253              		.align	1
 254              		.syntax unified
 255              		.thumb
 256              		.thumb_func
 258              	USBD_CDC_DataIn:
 259              		@ args = 0, pretend = 0, frame = 0
 260              		@ frame_needed = 0, uses_anonymous_args = 0
 261 0000 10B5     		push	{r4, lr}
 262 0002 D0F8C8E2 		ldr	lr, [r0, #712]
 263 0006 D0F8D432 		ldr	r3, [r0, #724]
 264 000a B033     		adds	r3, r3, #176
 265 000c 50F823C0 		ldr	ip, [r0, r3, lsl #2]
 266 0010 BCF1000F 		cmp	ip, #0
 267 0014 2FD0     		beq	.L38
 268 0016 01F00F03 		and	r3, r1, #15
 269 001a 03EB8302 		add	r2, r3, r3, lsl #2
 270 001e 00EB8202 		add	r2, r0, r2, lsl #2
 271 0022 9269     		ldr	r2, [r2, #24]
 272 0024 52B1     		cbz	r2, .L37
 273 0026 03EBC304 		add	r4, r3, r3, lsl #3
 274 002a 0EEB840E 		add	lr, lr, r4, lsl #2
 275 002e DEF848E0 		ldr	lr, [lr, #72]
 276 0032 B2FBFEF4 		udiv	r4, r2, lr
 277 0036 0EFB1422 		mls	r2, lr, r4, r2
 278 003a 92B1     		cbz	r2, .L41
 279              	.L37:
 280 003c 0023     		movs	r3, #0
 281 003e CCF81432 		str	r3, [ip, #532]
 282 0042 D0F8D432 		ldr	r3, [r0, #724]
 283 0046 B033     		adds	r3, r3, #176
 284 0048 00EB8300 		add	r0, r0, r3, lsl #2
 285 004c 4368     		ldr	r3, [r0, #4]
 286 004e 1B69     		ldr	r3, [r3, #16]
 287 0050 9BB1     		cbz	r3, .L39
 288 0052 0A46     		mov	r2, r1
 289 0054 0CF50471 		add	r1, ip, #528
 290 0058 DCF80802 		ldr	r0, [ip, #520]
 291 005c 9847     		blx	r3
 292 005e 0020     		movs	r0, #0
 293              	.L36:
 294 0060 10BD     		pop	{r4, pc}
 295              	.L41:
 296 0062 03EB8303 		add	r3, r3, r3, lsl #2
 297 0066 00EB8303 		add	r3, r0, r3, lsl #2
 298 006a 9A61     		str	r2, [r3, #24]
ARM GAS  C:\Users\Administrator\AppData\Local\Temp\ccah5Bob.s 			page 6


 299 006c 1346     		mov	r3, r2
 300 006e FFF7FEFF 		bl	USBD_LL_Transmit
 301 0072 0020     		movs	r0, #0
 302 0074 F4E7     		b	.L36
 303              	.L38:
 304 0076 0320     		movs	r0, #3
 305 0078 F2E7     		b	.L36
 306              	.L39:
 307 007a 1846     		mov	r0, r3
 308 007c F0E7     		b	.L36
 310              		.section	.text.USBD_CDC_Setup,"ax",%progbits
 311              		.align	1
 312              		.syntax unified
 313              		.thumb
 314              		.thumb_func
 316              	USBD_CDC_Setup:
 317              		@ args = 0, pretend = 0, frame = 8
 318              		@ frame_needed = 0, uses_anonymous_args = 0
 319 0000 F0B5     		push	{r4, r5, r6, r7, lr}
 320 0002 83B0     		sub	sp, sp, #12
 321 0004 D0F8D432 		ldr	r3, [r0, #724]
 322 0008 03F1B002 		add	r2, r3, #176
 323 000c 50F82270 		ldr	r7, [r0, r2, lsl #2]
 324 0010 0022     		movs	r2, #0
 325 0012 8DF80720 		strb	r2, [sp, #7]
 326 0016 ADF80420 		strh	r2, [sp, #4]	@ movhi
 327 001a 002F     		cmp	r7, #0
 328 001c 76D0     		beq	.L56
 329 001e 0446     		mov	r4, r0
 330 0020 0D46     		mov	r5, r1
 331 0022 0978     		ldrb	r1, [r1]	@ zero_extendqisi2
 332 0024 11F06006 		ands	r6, r1, #96
 333 0028 33D0     		beq	.L44
 334 002a 202E     		cmp	r6, #32
 335 002c 67D1     		bne	.L45
 336 002e EA88     		ldrh	r2, [r5, #6]
 337 0030 2AB3     		cbz	r2, .L46
 338 0032 11F0800F 		tst	r1, #128
 339 0036 07D1     		bne	.L59
 340 0038 6B78     		ldrb	r3, [r5, #1]	@ zero_extendqisi2
 341 003a 87F80032 		strb	r3, [r7, #512]
 342 003e EA88     		ldrh	r2, [r5, #6]
 343 0040 3F2A     		cmp	r2, #63
 344 0042 13D8     		bhi	.L57
 345 0044 D2B2     		uxtb	r2, r2
 346 0046 12E0     		b	.L48
 347              	.L59:
 348 0048 B033     		adds	r3, r3, #176
 349 004a 00EB8303 		add	r3, r0, r3, lsl #2
 350 004e 5B68     		ldr	r3, [r3, #4]
 351 0050 9B68     		ldr	r3, [r3, #8]
 352 0052 3946     		mov	r1, r7
 353 0054 6878     		ldrb	r0, [r5, #1]	@ zero_extendqisi2
 354 0056 9847     		blx	r3
 355 0058 EA88     		ldrh	r2, [r5, #6]
 356 005a 072A     		cmp	r2, #7
 357 005c 28BF     		it	cs
ARM GAS  C:\Users\Administrator\AppData\Local\Temp\ccah5Bob.s 			page 7


 358 005e 0722     		movcs	r2, #7
 359 0060 3946     		mov	r1, r7
 360 0062 2046     		mov	r0, r4
 361 0064 FFF7FEFF 		bl	USBD_CtlSendData
 362 0068 0026     		movs	r6, #0
 363 006a 4CE0     		b	.L43
 364              	.L57:
 365 006c 4022     		movs	r2, #64
 366              	.L48:
 367 006e 87F80122 		strb	r2, [r7, #513]
 368 0072 3946     		mov	r1, r7
 369 0074 2046     		mov	r0, r4
 370 0076 FFF7FEFF 		bl	USBD_CtlPrepareRx
 371 007a 0026     		movs	r6, #0
 372 007c 43E0     		b	.L43
 373              	.L46:
 374 007e B033     		adds	r3, r3, #176
 375 0080 00EB8303 		add	r3, r0, r3, lsl #2
 376 0084 5B68     		ldr	r3, [r3, #4]
 377 0086 9B68     		ldr	r3, [r3, #8]
 378 0088 2946     		mov	r1, r5
 379 008a 6878     		ldrb	r0, [r5, #1]	@ zero_extendqisi2
 380 008c 9847     		blx	r3
 381 008e 0026     		movs	r6, #0
 382 0090 39E0     		b	.L43
 383              	.L44:
 384 0092 6F78     		ldrb	r7, [r5, #1]	@ zero_extendqisi2
 385 0094 0A2F     		cmp	r7, #10
 386 0096 23D0     		beq	.L49
 387 0098 08D8     		bhi	.L50
 388 009a 97B1     		cbz	r7, .L51
 389 009c 012F     		cmp	r7, #1
 390 009e 32D0     		beq	.L43
 391              	.L52:
 392 00a0 2946     		mov	r1, r5
 393 00a2 2046     		mov	r0, r4
 394 00a4 FFF7FEFF 		bl	USBD_CtlError
 395 00a8 0326     		movs	r6, #3
 396 00aa 2CE0     		b	.L43
 397              	.L50:
 398 00ac 0B2F     		cmp	r7, #11
 399 00ae F7D1     		bne	.L52
 400 00b0 90F89C32 		ldrb	r3, [r0, #668]	@ zero_extendqisi2
 401 00b4 032B     		cmp	r3, #3
 402 00b6 26D0     		beq	.L43
 403 00b8 2946     		mov	r1, r5
 404 00ba FFF7FEFF 		bl	USBD_CtlError
 405 00be 0326     		movs	r6, #3
 406 00c0 21E0     		b	.L43
 407              	.L51:
 408 00c2 90F89C32 		ldrb	r3, [r0, #668]	@ zero_extendqisi2
 409 00c6 032B     		cmp	r3, #3
 410 00c8 04D0     		beq	.L60
 411 00ca 2946     		mov	r1, r5
 412 00cc FFF7FEFF 		bl	USBD_CtlError
 413 00d0 0326     		movs	r6, #3
 414 00d2 18E0     		b	.L43
ARM GAS  C:\Users\Administrator\AppData\Local\Temp\ccah5Bob.s 			page 8


 415              	.L60:
 416 00d4 0222     		movs	r2, #2
 417 00d6 01A9     		add	r1, sp, #4
 418 00d8 FFF7FEFF 		bl	USBD_CtlSendData
 419 00dc 3E46     		mov	r6, r7
 420 00de 12E0     		b	.L43
 421              	.L49:
 422 00e0 90F89C32 		ldrb	r3, [r0, #668]	@ zero_extendqisi2
 423 00e4 032B     		cmp	r3, #3
 424 00e6 04D0     		beq	.L61
 425 00e8 2946     		mov	r1, r5
 426 00ea FFF7FEFF 		bl	USBD_CtlError
 427 00ee 0326     		movs	r6, #3
 428 00f0 09E0     		b	.L43
 429              	.L61:
 430 00f2 0122     		movs	r2, #1
 431 00f4 0DF10701 		add	r1, sp, #7
 432 00f8 FFF7FEFF 		bl	USBD_CtlSendData
 433 00fc 03E0     		b	.L43
 434              	.L45:
 435 00fe 2946     		mov	r1, r5
 436 0100 FFF7FEFF 		bl	USBD_CtlError
 437 0104 0326     		movs	r6, #3
 438              	.L43:
 439 0106 3046     		mov	r0, r6
 440 0108 03B0     		add	sp, sp, #12
 441              		@ sp needed
 442 010a F0BD     		pop	{r4, r5, r6, r7, pc}
 443              	.L56:
 444 010c 0326     		movs	r6, #3
 445 010e FAE7     		b	.L43
 447              		.section	.text.USBD_CDC_DeInit,"ax",%progbits
 448              		.align	1
 449              		.syntax unified
 450              		.thumb
 451              		.thumb_func
 453              	USBD_CDC_DeInit:
 454              		@ args = 0, pretend = 0, frame = 0
 455              		@ frame_needed = 0, uses_anonymous_args = 0
 456 0000 38B5     		push	{r3, r4, r5, lr}
 457 0002 0446     		mov	r4, r0
 458 0004 8121     		movs	r1, #129
 459 0006 FFF7FEFF 		bl	USBD_LL_CloseEP
 460 000a 0025     		movs	r5, #0
 461 000c 2587     		strh	r5, [r4, #56]	@ movhi
 462 000e 0121     		movs	r1, #1
 463 0010 2046     		mov	r0, r4
 464 0012 FFF7FEFF 		bl	USBD_LL_CloseEP
 465 0016 A4F87851 		strh	r5, [r4, #376]	@ movhi
 466 001a 8221     		movs	r1, #130
 467 001c 2046     		mov	r0, r4
 468 001e FFF7FEFF 		bl	USBD_LL_CloseEP
 469 0022 A4F84C50 		strh	r5, [r4, #76]	@ movhi
 470 0026 A4F84E50 		strh	r5, [r4, #78]	@ movhi
 471 002a D4F8D432 		ldr	r3, [r4, #724]
 472 002e 03F1B002 		add	r2, r3, #176
 473 0032 54F82220 		ldr	r2, [r4, r2, lsl #2]
ARM GAS  C:\Users\Administrator\AppData\Local\Temp\ccah5Bob.s 			page 9


 474 0036 9AB1     		cbz	r2, .L63
 475 0038 B033     		adds	r3, r3, #176
 476 003a 04EB8303 		add	r3, r4, r3, lsl #2
 477 003e 5B68     		ldr	r3, [r3, #4]
 478 0040 5B68     		ldr	r3, [r3, #4]
 479 0042 9847     		blx	r3
 480 0044 D4F8D432 		ldr	r3, [r4, #724]
 481 0048 B033     		adds	r3, r3, #176
 482 004a 54F82300 		ldr	r0, [r4, r3, lsl #2]
 483 004e FFF7FEFF 		bl	USBD_static_free
 484 0052 D4F8D432 		ldr	r3, [r4, #724]
 485 0056 B033     		adds	r3, r3, #176
 486 0058 44F82350 		str	r5, [r4, r3, lsl #2]
 487 005c C4F8BC52 		str	r5, [r4, #700]
 488              	.L63:
 489 0060 0020     		movs	r0, #0
 490 0062 38BD     		pop	{r3, r4, r5, pc}
 492              		.section	.text.USBD_CDC_Init,"ax",%progbits
 493              		.align	1
 494              		.syntax unified
 495              		.thumb
 496              		.thumb_func
 498              	USBD_CDC_Init:
 499              		@ args = 0, pretend = 0, frame = 0
 500              		@ frame_needed = 0, uses_anonymous_args = 0
 501 0000 70B5     		push	{r4, r5, r6, lr}
 502 0002 0446     		mov	r4, r0
 503 0004 4FF40770 		mov	r0, #540
 504 0008 FFF7FEFF 		bl	USBD_static_malloc
 505 000c 0028     		cmp	r0, #0
 506 000e 49D0     		beq	.L73
 507 0010 0546     		mov	r5, r0
 508 0012 4FF40772 		mov	r2, #540
 509 0016 0021     		movs	r1, #0
 510 0018 FFF7FEFF 		bl	memset
 511 001c D4F8D432 		ldr	r3, [r4, #724]
 512 0020 B033     		adds	r3, r3, #176
 513 0022 44F82350 		str	r5, [r4, r3, lsl #2]
 514 0026 C4F8BC52 		str	r5, [r4, #700]
 515 002a 237C     		ldrb	r3, [r4, #16]	@ zero_extendqisi2
 516 002c 002B     		cmp	r3, #0
 517 002e 40D1     		bne	.L68
 518 0030 4FF40073 		mov	r3, #512
 519 0034 0222     		movs	r2, #2
 520 0036 8121     		movs	r1, #129
 521 0038 2046     		mov	r0, r4
 522 003a FFF7FEFF 		bl	USBD_LL_OpenEP
 523 003e 0126     		movs	r6, #1
 524 0040 2687     		strh	r6, [r4, #56]	@ movhi
 525 0042 4FF40073 		mov	r3, #512
 526 0046 0222     		movs	r2, #2
 527 0048 3146     		mov	r1, r6
 528 004a 2046     		mov	r0, r4
 529 004c FFF7FEFF 		bl	USBD_LL_OpenEP
 530 0050 A4F87861 		strh	r6, [r4, #376]	@ movhi
 531 0054 1023     		movs	r3, #16
 532 0056 A4F84E30 		strh	r3, [r4, #78]	@ movhi
ARM GAS  C:\Users\Administrator\AppData\Local\Temp\ccah5Bob.s 			page 10


 533              	.L69:
 534 005a 0823     		movs	r3, #8
 535 005c 0322     		movs	r2, #3
 536 005e 8221     		movs	r1, #130
 537 0060 2046     		mov	r0, r4
 538 0062 FFF7FEFF 		bl	USBD_LL_OpenEP
 539 0066 0123     		movs	r3, #1
 540 0068 A4F84C30 		strh	r3, [r4, #76]	@ movhi
 541 006c 0026     		movs	r6, #0
 542 006e C5F80462 		str	r6, [r5, #516]
 543 0072 D4F8D432 		ldr	r3, [r4, #724]
 544 0076 B033     		adds	r3, r3, #176
 545 0078 04EB8303 		add	r3, r4, r3, lsl #2
 546 007c 5B68     		ldr	r3, [r3, #4]
 547 007e 1B68     		ldr	r3, [r3]
 548 0080 9847     		blx	r3
 549 0082 C5F81462 		str	r6, [r5, #532]
 550 0086 C5F81862 		str	r6, [r5, #536]
 551 008a D5F80422 		ldr	r2, [r5, #516]
 552 008e 5AB3     		cbz	r2, .L71
 553 0090 257C     		ldrb	r5, [r4, #16]	@ zero_extendqisi2
 554 0092 15BB     		cbnz	r5, .L70
 555 0094 4FF40073 		mov	r3, #512
 556 0098 0121     		movs	r1, #1
 557 009a 2046     		mov	r0, r4
 558 009c FFF7FEFF 		bl	USBD_LL_PrepareReceive
 559              	.L67:
 560 00a0 2846     		mov	r0, r5
 561 00a2 70BD     		pop	{r4, r5, r6, pc}
 562              	.L73:
 563 00a4 D4F8D432 		ldr	r3, [r4, #724]
 564 00a8 B033     		adds	r3, r3, #176
 565 00aa 44F82300 		str	r0, [r4, r3, lsl #2]
 566 00ae 0225     		movs	r5, #2
 567 00b0 F6E7     		b	.L67
 568              	.L68:
 569 00b2 4023     		movs	r3, #64
 570 00b4 0222     		movs	r2, #2
 571 00b6 8121     		movs	r1, #129
 572 00b8 2046     		mov	r0, r4
 573 00ba FFF7FEFF 		bl	USBD_LL_OpenEP
 574 00be 0126     		movs	r6, #1
 575 00c0 2687     		strh	r6, [r4, #56]	@ movhi
 576 00c2 4023     		movs	r3, #64
 577 00c4 0222     		movs	r2, #2
 578 00c6 3146     		mov	r1, r6
 579 00c8 2046     		mov	r0, r4
 580 00ca FFF7FEFF 		bl	USBD_LL_OpenEP
 581 00ce A4F87861 		strh	r6, [r4, #376]	@ movhi
 582 00d2 1023     		movs	r3, #16
 583 00d4 A4F84E30 		strh	r3, [r4, #78]	@ movhi
 584 00d8 BFE7     		b	.L69
 585              	.L70:
 586 00da 4023     		movs	r3, #64
 587 00dc 0121     		movs	r1, #1
 588 00de 2046     		mov	r0, r4
 589 00e0 FFF7FEFF 		bl	USBD_LL_PrepareReceive
ARM GAS  C:\Users\Administrator\AppData\Local\Temp\ccah5Bob.s 			page 11


 590 00e4 0025     		movs	r5, #0
 591 00e6 DBE7     		b	.L67
 592              	.L71:
 593 00e8 0225     		movs	r5, #2
 594 00ea D9E7     		b	.L67
 596              		.section	.text.USBD_CDC_RegisterInterface,"ax",%progbits
 597              		.align	1
 598              		.global	USBD_CDC_RegisterInterface
 599              		.syntax unified
 600              		.thumb
 601              		.thumb_func
 603              	USBD_CDC_RegisterInterface:
 604              		@ args = 0, pretend = 0, frame = 0
 605              		@ frame_needed = 0, uses_anonymous_args = 0
 606              		@ link register save eliminated.
 607 0000 39B1     		cbz	r1, .L76
 608 0002 D0F8D432 		ldr	r3, [r0, #724]
 609 0006 B033     		adds	r3, r3, #176
 610 0008 00EB8300 		add	r0, r0, r3, lsl #2
 611 000c 4160     		str	r1, [r0, #4]
 612 000e 0020     		movs	r0, #0
 613 0010 7047     		bx	lr
 614              	.L76:
 615 0012 0320     		movs	r0, #3
 616 0014 7047     		bx	lr
 618              		.section	.text.USBD_CDC_SetTxBuffer,"ax",%progbits
 619              		.align	1
 620              		.global	USBD_CDC_SetTxBuffer
 621              		.syntax unified
 622              		.thumb
 623              		.thumb_func
 625              	USBD_CDC_SetTxBuffer:
 626              		@ args = 0, pretend = 0, frame = 0
 627              		@ frame_needed = 0, uses_anonymous_args = 0
 628              		@ link register save eliminated.
 629 0000 D0F8D432 		ldr	r3, [r0, #724]
 630 0004 B033     		adds	r3, r3, #176
 631 0006 50F82330 		ldr	r3, [r0, r3, lsl #2]
 632 000a 2BB1     		cbz	r3, .L79
 633 000c C3F80812 		str	r1, [r3, #520]
 634 0010 C3F81022 		str	r2, [r3, #528]
 635 0014 0020     		movs	r0, #0
 636 0016 7047     		bx	lr
 637              	.L79:
 638 0018 0320     		movs	r0, #3
 639 001a 7047     		bx	lr
 641              		.section	.text.USBD_CDC_SetRxBuffer,"ax",%progbits
 642              		.align	1
 643              		.global	USBD_CDC_SetRxBuffer
 644              		.syntax unified
 645              		.thumb
 646              		.thumb_func
 648              	USBD_CDC_SetRxBuffer:
 649              		@ args = 0, pretend = 0, frame = 0
 650              		@ frame_needed = 0, uses_anonymous_args = 0
 651              		@ link register save eliminated.
 652 0000 D0F8D432 		ldr	r3, [r0, #724]
ARM GAS  C:\Users\Administrator\AppData\Local\Temp\ccah5Bob.s 			page 12


 653 0004 B033     		adds	r3, r3, #176
 654 0006 50F82330 		ldr	r3, [r0, r3, lsl #2]
 655 000a 1BB1     		cbz	r3, .L82
 656 000c C3F80412 		str	r1, [r3, #516]
 657 0010 0020     		movs	r0, #0
 658 0012 7047     		bx	lr
 659              	.L82:
 660 0014 0320     		movs	r0, #3
 661 0016 7047     		bx	lr
 663              		.section	.text.USBD_CDC_TransmitPacket,"ax",%progbits
 664              		.align	1
 665              		.global	USBD_CDC_TransmitPacket
 666              		.syntax unified
 667              		.thumb
 668              		.thumb_func
 670              	USBD_CDC_TransmitPacket:
 671              		@ args = 0, pretend = 0, frame = 0
 672              		@ frame_needed = 0, uses_anonymous_args = 0
 673 0000 08B5     		push	{r3, lr}
 674 0002 D0F8D432 		ldr	r3, [r0, #724]
 675 0006 B033     		adds	r3, r3, #176
 676 0008 50F82320 		ldr	r2, [r0, r3, lsl #2]
 677 000c 8AB1     		cbz	r2, .L85
 678 000e D2F81432 		ldr	r3, [r2, #532]
 679 0012 0BB1     		cbz	r3, .L88
 680 0014 0120     		movs	r0, #1
 681              	.L84:
 682 0016 08BD     		pop	{r3, pc}
 683              	.L88:
 684 0018 0123     		movs	r3, #1
 685 001a C2F81432 		str	r3, [r2, #532]
 686 001e D2F81032 		ldr	r3, [r2, #528]
 687 0022 C362     		str	r3, [r0, #44]
 688 0024 D2F80822 		ldr	r2, [r2, #520]
 689 0028 8121     		movs	r1, #129
 690 002a FFF7FEFF 		bl	USBD_LL_Transmit
 691 002e 0020     		movs	r0, #0
 692 0030 F1E7     		b	.L84
 693              	.L85:
 694 0032 0320     		movs	r0, #3
 695 0034 EFE7     		b	.L84
 697              		.section	.text.USBD_CDC_ReceivePacket,"ax",%progbits
 698              		.align	1
 699              		.global	USBD_CDC_ReceivePacket
 700              		.syntax unified
 701              		.thumb
 702              		.thumb_func
 704              	USBD_CDC_ReceivePacket:
 705              		@ args = 0, pretend = 0, frame = 0
 706              		@ frame_needed = 0, uses_anonymous_args = 0
 707 0000 10B5     		push	{r4, lr}
 708 0002 D0F8D432 		ldr	r3, [r0, #724]
 709 0006 B033     		adds	r3, r3, #176
 710 0008 50F82320 		ldr	r2, [r0, r3, lsl #2]
 711 000c 92B1     		cbz	r2, .L92
 712 000e 047C     		ldrb	r4, [r0, #16]	@ zero_extendqisi2
 713 0010 44B9     		cbnz	r4, .L91
ARM GAS  C:\Users\Administrator\AppData\Local\Temp\ccah5Bob.s 			page 13


 714 0012 4FF40073 		mov	r3, #512
 715 0016 D2F80422 		ldr	r2, [r2, #516]
 716 001a 0121     		movs	r1, #1
 717 001c FFF7FEFF 		bl	USBD_LL_PrepareReceive
 718              	.L90:
 719 0020 2046     		mov	r0, r4
 720 0022 10BD     		pop	{r4, pc}
 721              	.L91:
 722 0024 4023     		movs	r3, #64
 723 0026 D2F80422 		ldr	r2, [r2, #516]
 724 002a 0121     		movs	r1, #1
 725 002c FFF7FEFF 		bl	USBD_LL_PrepareReceive
 726 0030 0024     		movs	r4, #0
 727 0032 F5E7     		b	.L90
 728              	.L92:
 729 0034 0324     		movs	r4, #3
 730 0036 F3E7     		b	.L90
 732              		.section	.data.USBD_CDC_CfgDesc,"aw"
 733              		.align	2
 736              	USBD_CDC_CfgDesc:
 737 0000 09024300 		.ascii	"\011\002C\000\002\001\000\3002\011\004\000\000\001\002"
 737      020100C0 
 737      32090400 
 737      000102
 738 000f 02010005 		.ascii	"\002\001\000\005$\000\020\001\005$\001\000\001\004$"
 738      24001001 
 738      05240100 
 738      010424
 739 001e 02020524 		.ascii	"\002\002\005$\006\000\001\007\005\202\003\010\000\020"
 739      06000107 
 739      05820308 
 739      0010
 740 002c 09040100 		.ascii	"\011\004\001\000\002\012\000\000\000\007\005\001\002"
 740      020A0000 
 740      00070501 
 740      02
 741 0039 40000007 		.ascii	"@\000\000\007\005\201\002@\000\000"
 741      05810240 
 741      0000
 742              		.global	USBD_CDC
 743              		.section	.data.USBD_CDC,"aw"
 744              		.align	2
 747              	USBD_CDC:
 748 0000 00000000 		.word	USBD_CDC_Init
 749 0004 00000000 		.word	USBD_CDC_DeInit
 750 0008 00000000 		.word	USBD_CDC_Setup
 751 000c 00000000 		.word	0
 752 0010 00000000 		.word	USBD_CDC_EP0_RxReady
 753 0014 00000000 		.word	USBD_CDC_DataIn
 754 0018 00000000 		.word	USBD_CDC_DataOut
 755 001c 00000000 		.word	0
 756 0020 00000000 		.word	0
 757 0024 00000000 		.word	0
 758 0028 00000000 		.word	USBD_CDC_GetHSCfgDesc
 759 002c 00000000 		.word	USBD_CDC_GetFSCfgDesc
 760 0030 00000000 		.word	USBD_CDC_GetOtherSpeedCfgDesc
 761 0034 00000000 		.word	USBD_CDC_GetDeviceQualifierDescriptor
ARM GAS  C:\Users\Administrator\AppData\Local\Temp\ccah5Bob.s 			page 14


 762              		.section	.data.USBD_CDC_DeviceQualifierDesc,"aw"
 763              		.align	2
 766              	USBD_CDC_DeviceQualifierDesc:
 767 0000 0A060002 		.ascii	"\012\006\000\002\000\000\000@\001\000"
 767      00000040 
 767      0100
 768              		.ident	"GCC: (xPack GNU Arm Embedded GCC x86_64) 15.2.1 20251203"
ARM GAS  C:\Users\Administrator\AppData\Local\Temp\ccah5Bob.s 			page 15


DEFINED SYMBOLS
                            *ABS*:00000000 usbd_cdc.c
C:\Users\Administrator\AppData\Local\Temp\ccah5Bob.s:18     .text.USBD_CDC_EP0_RxReady:00000000 $t
C:\Users\Administrator\AppData\Local\Temp\ccah5Bob.s:23     .text.USBD_CDC_EP0_RxReady:00000000 USBD_CDC_EP0_RxReady
C:\Users\Administrator\AppData\Local\Temp\ccah5Bob.s:57     .text.USBD_CDC_GetDeviceQualifierDescriptor:00000000 $t
C:\Users\Administrator\AppData\Local\Temp\ccah5Bob.s:63     .text.USBD_CDC_GetDeviceQualifierDescriptor:00000000 USBD_CDC_GetDeviceQualifierDescriptor
C:\Users\Administrator\AppData\Local\Temp\ccah5Bob.s:74     .text.USBD_CDC_GetDeviceQualifierDescriptor:00000008 $d
C:\Users\Administrator\AppData\Local\Temp\ccah5Bob.s:766    .data.USBD_CDC_DeviceQualifierDesc:00000000 USBD_CDC_DeviceQualifierDesc
C:\Users\Administrator\AppData\Local\Temp\ccah5Bob.s:77     .text.USBD_CDC_GetOtherSpeedCfgDesc:00000000 $t
C:\Users\Administrator\AppData\Local\Temp\ccah5Bob.s:82     .text.USBD_CDC_GetOtherSpeedCfgDesc:00000000 USBD_CDC_GetOtherSpeedCfgDesc
C:\Users\Administrator\AppData\Local\Temp\ccah5Bob.s:122    .text.USBD_CDC_GetOtherSpeedCfgDesc:00000044 $d
C:\Users\Administrator\AppData\Local\Temp\ccah5Bob.s:736    .data.USBD_CDC_CfgDesc:00000000 USBD_CDC_CfgDesc
C:\Users\Administrator\AppData\Local\Temp\ccah5Bob.s:125    .text.USBD_CDC_GetFSCfgDesc:00000000 $t
C:\Users\Administrator\AppData\Local\Temp\ccah5Bob.s:130    .text.USBD_CDC_GetFSCfgDesc:00000000 USBD_CDC_GetFSCfgDesc
C:\Users\Administrator\AppData\Local\Temp\ccah5Bob.s:170    .text.USBD_CDC_GetFSCfgDesc:00000044 $d
C:\Users\Administrator\AppData\Local\Temp\ccah5Bob.s:173    .text.USBD_CDC_GetHSCfgDesc:00000000 $t
C:\Users\Administrator\AppData\Local\Temp\ccah5Bob.s:178    .text.USBD_CDC_GetHSCfgDesc:00000000 USBD_CDC_GetHSCfgDesc
C:\Users\Administrator\AppData\Local\Temp\ccah5Bob.s:218    .text.USBD_CDC_GetHSCfgDesc:00000044 $d
C:\Users\Administrator\AppData\Local\Temp\ccah5Bob.s:221    .text.USBD_CDC_DataOut:00000000 $t
C:\Users\Administrator\AppData\Local\Temp\ccah5Bob.s:226    .text.USBD_CDC_DataOut:00000000 USBD_CDC_DataOut
C:\Users\Administrator\AppData\Local\Temp\ccah5Bob.s:253    .text.USBD_CDC_DataIn:00000000 $t
C:\Users\Administrator\AppData\Local\Temp\ccah5Bob.s:258    .text.USBD_CDC_DataIn:00000000 USBD_CDC_DataIn
C:\Users\Administrator\AppData\Local\Temp\ccah5Bob.s:311    .text.USBD_CDC_Setup:00000000 $t
C:\Users\Administrator\AppData\Local\Temp\ccah5Bob.s:316    .text.USBD_CDC_Setup:00000000 USBD_CDC_Setup
C:\Users\Administrator\AppData\Local\Temp\ccah5Bob.s:448    .text.USBD_CDC_DeInit:00000000 $t
C:\Users\Administrator\AppData\Local\Temp\ccah5Bob.s:453    .text.USBD_CDC_DeInit:00000000 USBD_CDC_DeInit
C:\Users\Administrator\AppData\Local\Temp\ccah5Bob.s:493    .text.USBD_CDC_Init:00000000 $t
C:\Users\Administrator\AppData\Local\Temp\ccah5Bob.s:498    .text.USBD_CDC_Init:00000000 USBD_CDC_Init
C:\Users\Administrator\AppData\Local\Temp\ccah5Bob.s:597    .text.USBD_CDC_RegisterInterface:00000000 $t
C:\Users\Administrator\AppData\Local\Temp\ccah5Bob.s:603    .text.USBD_CDC_RegisterInterface:00000000 USBD_CDC_RegisterInterface
C:\Users\Administrator\AppData\Local\Temp\ccah5Bob.s:619    .text.USBD_CDC_SetTxBuffer:00000000 $t
C:\Users\Administrator\AppData\Local\Temp\ccah5Bob.s:625    .text.USBD_CDC_SetTxBuffer:00000000 USBD_CDC_SetTxBuffer
C:\Users\Administrator\AppData\Local\Temp\ccah5Bob.s:642    .text.USBD_CDC_SetRxBuffer:00000000 $t
C:\Users\Administrator\AppData\Local\Temp\ccah5Bob.s:648    .text.USBD_CDC_SetRxBuffer:00000000 USBD_CDC_SetRxBuffer
C:\Users\Administrator\AppData\Local\Temp\ccah5Bob.s:664    .text.USBD_CDC_TransmitPacket:00000000 $t
C:\Users\Administrator\AppData\Local\Temp\ccah5Bob.s:670    .text.USBD_CDC_TransmitPacket:00000000 USBD_CDC_TransmitPacket
C:\Users\Administrator\AppData\Local\Temp\ccah5Bob.s:698    .text.USBD_CDC_ReceivePacket:00000000 $t
C:\Users\Administrator\AppData\Local\Temp\ccah5Bob.s:704    .text.USBD_CDC_ReceivePacket:00000000 USBD_CDC_ReceivePacket
C:\Users\Administrator\AppData\Local\Temp\ccah5Bob.s:733    .data.USBD_CDC_CfgDesc:00000000 $d
C:\Users\Administrator\AppData\Local\Temp\ccah5Bob.s:747    .data.USBD_CDC:00000000 USBD_CDC
C:\Users\Administrator\AppData\Local\Temp\ccah5Bob.s:744    .data.USBD_CDC:00000000 $d
C:\Users\Administrator\AppData\Local\Temp\ccah5Bob.s:763    .data.USBD_CDC_DeviceQualifierDesc:00000000 $d

UNDEFINED SYMBOLS
USBD_GetEpDesc
USBD_LL_GetRxDataSize
USBD_LL_Transmit
USBD_CtlSendData
USBD_CtlPrepareRx
USBD_CtlError
USBD_LL_CloseEP
USBD_static_free
USBD_static_malloc
memset
USBD_LL_OpenEP
USBD_LL_PrepareReceive
